---------------------------------------------------------------
[ 2018-01-02T14:19:25+08:00 ] 127.0.0.8 127.0.0.1 GET /
[ info ] 127.0.0.8/ [运行时间：1.377079s][吞吐率：0.73req/s] [内存消耗：5,740.87kb] [文件加载：68]
[ info ] [ LANG ] D:\phpStudy\WWW\adminui\frame\lang\zh-cn.php
[ info ] [ ROUTE ] array (
  'type' => 'module',
  'module' => 
  array (
    0 => '',
    1 => NULL,
    2 => NULL,
  ),
)
[ info ] [ HEADER ] array (
  'accept-language' => 'zh-CN,zh;q=0.8',
  'accept-encoding' => 'gzip, deflate, br',
  'accept' => 'text/html,application/xhtml+xml,application/xml;q=0.9,image/webp,image/apng,*/*;q=0.8',
  'upgrade-insecure-requests' => '1',
  'user-agent' => 'Mozilla/5.0 (Windows NT 6.1; WOW64) AppleWebKit/537.36 (KHTML, like Gecko) Chrome/61.0.3163.100 Safari/537.36',
  'connection' => 'close',
  'host' => '127.0.0.8',
)
[ info ] [ PARAM ] array (
)
[ info ] [ SESSION ] INIT array (
  'id' => '',
  'var_session_id' => '',
  'prefix' => '',
  'type' => '',
  'auto_start' => true,
)
[ info ] [ LANG ] D:\phpStudy\WWW\adminui/application/common/lang/shop/zh-cn.php
[ info ] [ DB ] INIT mysql
[ info ] [ SESSION ] INIT array (
  'prefix' => 'shop',
)
[ info ] [ RUN ] app\shop\controller\Index->index[ D:\phpStudy\WWW\adminui\application\shop\controller\Index.php ]
[ info ] [ VIEW ] D:\phpStudy\WWW\adminui/public\theme\shop\default\index\index.html [ array (
  0 => 'module_name',
  1 => 'controller_name',
  2 => 'action_name',
  3 => 'public_path',
  4 => 'static_path',
  5 => 'web_public',
  6 => 'web_static',
  7 => 'js',
  8 => 'css',
  9 => 'img',
  10 => 'title',
  11 => 'admin_title',
  12 => 'nowpage',
  13 => 'upload',
  14 => 'public',
  15 => 'static',
  16 => 'links',
  17 => 'adv',
  18 => 'webInfo',
  19 => 'cate',
  20 => 'top_nav',
  21 => 'article',
  22 => 'recycle',
  23 => 'cates',
  24 => 'user_info',
) ]
[ info ] [ LOG ] INIT File
[ sql ] [ DB ] CONNECT:[ UseTime:0.001000s ] mysql:dbname=adminui;host=127.0.0.1;port=3306;charset=utf8
[ sql ] [ SQL ] SHOW COLUMNS FROM `ui_config` [ RunTime:0.033002s ]
[ sql ] [ SQL ] SELECT * FROM `ui_config` WHERE `ui_config`.`delete_time` IS NULL [ RunTime:0.001001s ]
[ sql ] [ SQL ] SHOW COLUMNS FROM `ui_city` [ RunTime:0.053003s ]
[ sql ] [ SQL ] SELECT * FROM `ui_city` WHERE  `pid` <> 0 [ RunTime:0.010000s ]
[ sql ] [ SQL ] SHOW COLUMNS FROM `ui_article_cate` [ RunTime:0.031002s ]
[ sql ] [ SQL ] SELECT `cate_id`,`cate_name` FROM `ui_article_cate` WHERE (  (  status = 1 and pid = 1 ) ) AND `ui_article_cate`.`delete_time` IS NULL ORDER BY cate_id asc LIMIT 6 [ RunTime:0.001000s ]
[ sql ] [ SQL ] SHOW COLUMNS FROM `ui_article` [ RunTime:0.032002s ]
[ sql ] [ SQL ] SELECT `article_title`,`href` FROM `ui_article` WHERE (  (  cate_id = 2 ) ) AND `ui_article`.`delete_time` IS NULL LIMIT 5 [ RunTime:0.006000s ]
[ sql ] [ SQL ] SELECT `article_title`,`href` FROM `ui_article` WHERE (  (  cate_id = 3 ) ) AND `ui_article`.`delete_time` IS NULL LIMIT 5 [ RunTime:0.000000s ]
[ sql ] [ SQL ] SELECT `article_title`,`href` FROM `ui_article` WHERE (  (  cate_id = 4 ) ) AND `ui_article`.`delete_time` IS NULL LIMIT 5 [ RunTime:0.000000s ]
[ sql ] [ SQL ] SELECT `article_title`,`href` FROM `ui_article` WHERE (  (  cate_id = 5 ) ) AND `ui_article`.`delete_time` IS NULL LIMIT 5 [ RunTime:0.000000s ]
[ sql ] [ SQL ] SELECT `article_title`,`href` FROM `ui_article` WHERE (  (  cate_id = 6 ) ) AND `ui_article`.`delete_time` IS NULL LIMIT 5 [ RunTime:0.000000s ]
[ sql ] [ SQL ] SELECT `article_title`,`href` FROM `ui_article` WHERE (  (  cate_id = 7 ) ) AND `ui_article`.`delete_time` IS NULL LIMIT 5 [ RunTime:0.000000s ]
[ sql ] [ SQL ] SHOW COLUMNS FROM `ui_adv` [ RunTime:0.055003s ]
[ sql ] [ SQL ] SELECT * FROM `ui_adv` WHERE (  (  pos_type = 'PC' ) ) AND `ui_adv`.`delete_time` IS NULL [ RunTime:0.006001s ]
[ sql ] [ SQL ] SHOW COLUMNS FROM `ui_advpos` [ RunTime:0.051003s ]
[ sql ] [ SQL ] SELECT `advpos_ename` FROM `ui_advpos` WHERE (  `advpos_id` = 8 ) AND `ui_advpos`.`delete_time` IS NULL LIMIT 1 [ RunTime:0.000000s ]
[ sql ] [ SQL ] SELECT `advpos_ename` FROM `ui_advpos` WHERE (  `advpos_id` = 8 ) AND `ui_advpos`.`delete_time` IS NULL LIMIT 1 [ RunTime:0.000000s ]
[ sql ] [ SQL ] SELECT `advpos_ename` FROM `ui_advpos` WHERE (  `advpos_id` = 8 ) AND `ui_advpos`.`delete_time` IS NULL LIMIT 1 [ RunTime:0.000000s ]
[ sql ] [ SQL ] SELECT `advpos_ename` FROM `ui_advpos` WHERE (  `advpos_id` = 8 ) AND `ui_advpos`.`delete_time` IS NULL LIMIT 1 [ RunTime:0.000000s ]
[ sql ] [ SQL ] SELECT `advpos_ename` FROM `ui_advpos` WHERE (  `advpos_id` = 8 ) AND `ui_advpos`.`delete_time` IS NULL LIMIT 1 [ RunTime:0.001000s ]
[ sql ] [ SQL ] SELECT `advpos_ename` FROM `ui_advpos` WHERE (  `advpos_id` = 9 ) AND `ui_advpos`.`delete_time` IS NULL LIMIT 1 [ RunTime:0.000000s ]
[ sql ] [ SQL ] SELECT `advpos_ename` FROM `ui_advpos` WHERE (  `advpos_id` = 9 ) AND `ui_advpos`.`delete_time` IS NULL LIMIT 1 [ RunTime:0.001000s ]
[ sql ] [ SQL ] SELECT `advpos_ename` FROM `ui_advpos` WHERE (  `advpos_id` = 9 ) AND `ui_advpos`.`delete_time` IS NULL LIMIT 1 [ RunTime:0.001000s ]
[ sql ] [ SQL ] SELECT `advpos_ename` FROM `ui_advpos` WHERE (  `advpos_id` = 10 ) AND `ui_advpos`.`delete_time` IS NULL LIMIT 1 [ RunTime:0.000000s ]
[ sql ] [ SQL ] SELECT `advpos_ename` FROM `ui_advpos` WHERE (  `advpos_id` = 11 ) AND `ui_advpos`.`delete_time` IS NULL LIMIT 1 [ RunTime:0.000000s ]
[ sql ] [ SQL ] SELECT `advpos_ename` FROM `ui_advpos` WHERE (  `advpos_id` = 12 ) AND `ui_advpos`.`delete_time` IS NULL LIMIT 1 [ RunTime:0.000000s ]
[ sql ] [ SQL ] SELECT `advpos_ename` FROM `ui_advpos` WHERE (  `advpos_id` = 6 ) AND `ui_advpos`.`delete_time` IS NULL LIMIT 1 [ RunTime:0.000000s ]
[ sql ] [ SQL ] SELECT `advpos_ename` FROM `ui_advpos` WHERE (  `advpos_id` = 2 ) AND `ui_advpos`.`delete_time` IS NULL LIMIT 1 [ RunTime:0.000000s ]
[ sql ] [ SQL ] SELECT `advpos_ename` FROM `ui_advpos` WHERE (  `advpos_id` = 5 ) AND `ui_advpos`.`delete_time` IS NULL LIMIT 1 [ RunTime:0.000000s ]
[ sql ] [ SQL ] SELECT `advpos_ename` FROM `ui_advpos` WHERE (  `advpos_id` = 8 ) AND `ui_advpos`.`delete_time` IS NULL LIMIT 1 [ RunTime:0.000000s ]
[ sql ] [ SQL ] SELECT `advpos_ename` FROM `ui_advpos` WHERE (  `advpos_id` = 13 ) AND `ui_advpos`.`delete_time` IS NULL LIMIT 1 [ RunTime:0.000000s ]
[ sql ] [ SQL ] SELECT `advpos_ename` FROM `ui_advpos` WHERE (  `advpos_id` = 14 ) AND `ui_advpos`.`delete_time` IS NULL LIMIT 1 [ RunTime:0.001000s ]
[ sql ] [ SQL ] SELECT `advpos_ename` FROM `ui_advpos` WHERE (  `advpos_id` = 15 ) AND `ui_advpos`.`delete_time` IS NULL LIMIT 1 [ RunTime:0.001000s ]
[ sql ] [ SQL ] SELECT `advpos_ename` FROM `ui_advpos` WHERE (  `advpos_id` = 16 ) AND `ui_advpos`.`delete_time` IS NULL LIMIT 1 [ RunTime:0.001000s ]
[ sql ] [ SQL ] SELECT `advpos_ename` FROM `ui_advpos` WHERE (  `advpos_id` = 8 ) AND `ui_advpos`.`delete_time` IS NULL LIMIT 1 [ RunTime:0.001000s ]
[ sql ] [ SQL ] SELECT `advpos_ename` FROM `ui_advpos` WHERE (  `advpos_id` = 11 ) AND `ui_advpos`.`delete_time` IS NULL LIMIT 1 [ RunTime:0.001000s ]
[ sql ] [ SQL ] SELECT `advpos_ename` FROM `ui_advpos` WHERE (  `advpos_id` = 2 ) AND `ui_advpos`.`delete_time` IS NULL LIMIT 1 [ RunTime:0.001000s ]
[ sql ] [ SQL ] SELECT `advpos_ename` FROM `ui_advpos` WHERE (  `advpos_id` = 2 ) AND `ui_advpos`.`delete_time` IS NULL LIMIT 1 [ RunTime:0.001000s ]
[ sql ] [ SQL ] SELECT `cate_id` FROM `ui_article_cate` WHERE (  (  cate_name = '网站备案' ) ) AND `ui_article_cate`.`delete_time` IS NULL LIMIT 1 [ RunTime:0.001000s ]
[ sql ] [ SQL ] SELECT `article_content` FROM `ui_article` WHERE (  (  cate_id = 8 ) ) AND `ui_article`.`delete_time` IS NULL LIMIT 1 [ RunTime:0.000000s ]
[ sql ] [ SQL ] SELECT `cate_id`,`cate_name` FROM `ui_article_cate` WHERE (  (  status = 1 and pid = 1 ) ) AND `ui_article_cate`.`delete_time` IS NULL ORDER BY cate_id asc LIMIT 6 [ RunTime:0.000000s ]
[ sql ] [ SQL ] SELECT `article_title`,`href` FROM `ui_article` WHERE (  (  cate_id = 2 ) ) AND `ui_article`.`delete_time` IS NULL LIMIT 5 [ RunTime:0.001000s ]
[ sql ] [ SQL ] SELECT `article_title`,`href` FROM `ui_article` WHERE (  (  cate_id = 3 ) ) AND `ui_article`.`delete_time` IS NULL LIMIT 5 [ RunTime:0.001001s ]
[ sql ] [ SQL ] SELECT `article_title`,`href` FROM `ui_article` WHERE (  (  cate_id = 4 ) ) AND `ui_article`.`delete_time` IS NULL LIMIT 5 [ RunTime:0.000000s ]
[ sql ] [ SQL ] SELECT `article_title`,`href` FROM `ui_article` WHERE (  (  cate_id = 5 ) ) AND `ui_article`.`delete_time` IS NULL LIMIT 5 [ RunTime:0.000000s ]
[ sql ] [ SQL ] SELECT `article_title`,`href` FROM `ui_article` WHERE (  (  cate_id = 6 ) ) AND `ui_article`.`delete_time` IS NULL LIMIT 5 [ RunTime:0.001000s ]
[ sql ] [ SQL ] SELECT `article_title`,`href` FROM `ui_article` WHERE (  (  cate_id = 7 ) ) AND `ui_article`.`delete_time` IS NULL LIMIT 5 [ RunTime:0.001000s ]
[ sql ] [ SQL ] SHOW COLUMNS FROM `ui_goods_cate` [ RunTime:0.052003s ]
[ sql ] [ SQL ] SELECT * FROM `ui_goods_cate` WHERE `ui_goods_cate`.`delete_time` IS NULL [ RunTime:0.015001s ]
[ sql ] [ SQL ] SELECT * FROM `ui_goods_cate` WHERE (  `is_show` = 1 ) AND `ui_goods_cate`.`delete_time` IS NULL ORDER BY sort asc [ RunTime:0.001000s ]
[ sql ] [ SQL ] SHOW COLUMNS FROM `ui_goods` [ RunTime:0.043003s ]
[ sql ] [ SQL ] SELECT * FROM `ui_goods` WHERE (  (  is_sale = 1 )  AND ( `cate_id1` = 1 OR `cate_id2` = 1 OR `cate_id3` = 1 ) ) AND `ui_goods`.`delete_time` IS NULL ORDER BY rand(),is_admin_recom desc LIMIT 8 [ RunTime:0.010000s ]
[ sql ] [ SQL ] SELECT * FROM `ui_goods` WHERE (  (  is_sale = 1 )  AND ( `cate_id1` = 1 OR `cate_id2` = 1 OR `cate_id3` = 1 ) ) AND `ui_goods`.`delete_time` IS NULL ORDER BY sale_count desc LIMIT 5 [ RunTime:0.000000s ]
[ sql ] [ SQL ] SHOW COLUMNS FROM `ui_cate_banner` [ RunTime:0.053003s ]
[ sql ] [ SQL ] SELECT * FROM `ui_cate_banner` WHERE (  `cate_id` = 1  AND `start_time` < 1514873964  AND `end_time` > 1514873964 ) AND `ui_cate_banner`.`delete_time` IS NULL LIMIT 1 [ RunTime:0.000000s ]
[ sql ] [ SQL ] SELECT * FROM `ui_goods` WHERE (  (  is_sale = 1 )  AND ( `cate_id1` = 20 OR `cate_id2` = 20 OR `cate_id3` = 20 ) ) AND `ui_goods`.`delete_time` IS NULL ORDER BY rand(),is_admin_recom desc LIMIT 8 [ RunTime:0.003000s ]
[ sql ] [ SQL ] SELECT * FROM `ui_goods` WHERE (  (  is_sale = 1 )  AND ( `cate_id1` = 20 OR `cate_id2` = 20 OR `cate_id3` = 20 ) ) AND `ui_goods`.`delete_time` IS NULL ORDER BY sale_count desc LIMIT 5 [ RunTime:0.000000s ]
[ sql ] [ SQL ] SELECT * FROM `ui_cate_banner` WHERE (  `cate_id` = 20  AND `start_time` < 1514873964  AND `end_time` > 1514873964 ) AND `ui_cate_banner`.`delete_time` IS NULL LIMIT 1 [ RunTime:0.000000s ]
[ sql ] [ SQL ] SELECT * FROM `ui_goods` WHERE (  (  is_sale = 1 )  AND ( `cate_id1` = 23 OR `cate_id2` = 23 OR `cate_id3` = 23 ) ) AND `ui_goods`.`delete_time` IS NULL ORDER BY rand(),is_admin_recom desc LIMIT 8 [ RunTime:0.003000s ]
[ sql ] [ SQL ] SELECT * FROM `ui_goods` WHERE (  (  is_sale = 1 )  AND ( `cate_id1` = 23 OR `cate_id2` = 23 OR `cate_id3` = 23 ) ) AND `ui_goods`.`delete_time` IS NULL ORDER BY sale_count desc LIMIT 5 [ RunTime:0.000000s ]
[ sql ] [ SQL ] SELECT * FROM `ui_cate_banner` WHERE (  `cate_id` = 23  AND `start_time` < 1514873964  AND `end_time` > 1514873964 ) AND `ui_cate_banner`.`delete_time` IS NULL LIMIT 1 [ RunTime:0.001000s ]
[ sql ] [ SQL ] SELECT * FROM `ui_goods` WHERE (  (  is_sale = 1 )  AND ( `cate_id1` = 10 OR `cate_id2` = 10 OR `cate_id3` = 10 ) ) AND `ui_goods`.`delete_time` IS NULL ORDER BY rand(),is_admin_recom desc LIMIT 8 [ RunTime:0.005001s ]
[ sql ] [ SQL ] SELECT * FROM `ui_goods` WHERE (  (  is_sale = 1 )  AND ( `cate_id1` = 10 OR `cate_id2` = 10 OR `cate_id3` = 10 ) ) AND `ui_goods`.`delete_time` IS NULL ORDER BY sale_count desc LIMIT 5 [ RunTime:0.000000s ]
[ sql ] [ SQL ] SELECT * FROM `ui_cate_banner` WHERE (  `cate_id` = 10  AND `start_time` < 1514873964  AND `end_time` > 1514873964 ) AND `ui_cate_banner`.`delete_time` IS NULL LIMIT 1 [ RunTime:0.000000s ]
[ sql ] [ SQL ] SHOW COLUMNS FROM `ui_nav` [ RunTime:0.036002s ]
[ sql ] [ SQL ] SELECT * FROM `ui_nav` WHERE (  (  `status`=1 AND `type`=1 ) ) AND `ui_nav`.`delete_time` IS NULL ORDER BY `sort` [ RunTime:0.000000s ]
[ sql ] [ SQL ] SHOW COLUMNS FROM `ui_order` [ RunTime:0.044003s ]
[ sql ] [ SQL ] SELECT `status` FROM `ui_order` WHERE (  `recycle` = '1'  AND `user_id` = 1 ) AND `ui_order`.`delete_time` IS NULL [ RunTime:0.001000s ]
[ sql ] [ SQL ] SELECT * FROM `ui_article` WHERE (  `status` = 1 ) AND `ui_article`.`delete_time` IS NULL [ RunTime:0.001000s ]
