---------------------------------------------------------------
[ 2017-09-22T16:23:32+08:00 ] 127.0.0.3 127.0.0.1 GET /
[ info ] 127.0.0.3/ [运行时间：1.678096s][吞吐率：0.60req/s] [内存消耗：5,645.34kb] [文件加载：68]
[ info ] [ LANG ] D:\phpStudy\WWW\adminui\frame\lang\zh-cn.php
[ info ] [ ROUTE ] array (
  'type' => 'module',
  'module' => 
  array (
    0 => '',
    1 => NULL,
    2 => NULL,
  ),
)
[ info ] [ HEADER ] array (
  'accept-language' => 'zh-CN,zh;q=0.8',
  'accept-encoding' => 'gzip, deflate, br',
  'accept' => 'text/html,application/xhtml+xml,application/xml;q=0.9,image/webp,image/apng,*/*;q=0.8',
  'user-agent' => 'Mozilla/5.0 (Windows NT 6.1; WOW64) AppleWebKit/537.36 (KHTML, like Gecko) Chrome/60.0.3112.113 Safari/537.36',
  'upgrade-insecure-requests' => '1',
  'connection' => 'close',
  'host' => '127.0.0.3',
)
[ info ] [ PARAM ] array (
)
[ info ] [ SESSION ] INIT array (
  'id' => '',
  'var_session_id' => '',
  'prefix' => '',
  'type' => '',
  'auto_start' => true,
)
[ info ] [ LANG ] D:\phpStudy\WWW\adminui/application/common/lang/shop/zh-cn.php
[ info ] [ DB ] INIT mysql
[ info ] [ SESSION ] INIT array (
  'prefix' => 'shop',
)
[ info ] [ RUN ] app\shop\controller\Index->index[ D:\phpStudy\WWW\adminui\application\shop\controller\Index.php ]
[ info ] [ VIEW ] D:\phpStudy\WWW\adminui/public\theme\shop\default\index\index.html [ array (
  0 => 'module_name',
  1 => 'controller_name',
  2 => 'action_name',
  3 => 'public_path',
  4 => 'static_path',
  5 => 'web_public',
  6 => 'web_static',
  7 => 'js',
  8 => 'css',
  9 => 'img',
  10 => 'title',
  11 => 'admin_title',
  12 => 'nowpage',
  13 => 'upload',
  14 => 'public',
  15 => 'static',
  16 => 'links',
  17 => 'adv',
  18 => 'webInfo',
  19 => 'cate',
  20 => 'top_nav',
  21 => 'article',
  22 => 'recycle',
  23 => 'cates',
  24 => 'user_info',
) ]
[ info ] [ LOG ] INIT File
[ sql ] [ DB ] CONNECT:[ UseTime:0.005000s ] mysql:dbname=adminui;host=192.168.124.222;port=3306;charset=utf8
[ sql ] [ SQL ] SHOW COLUMNS FROM `ui_config` [ RunTime:0.030002s ]
[ sql ] [ SQL ] SELECT * FROM `ui_config` WHERE `ui_config`.`delete_time` IS NULL [ RunTime:0.001000s ]
[ sql ] [ SQL ] SHOW COLUMNS FROM `ui_city` [ RunTime:0.011001s ]
[ sql ] [ SQL ] SELECT * FROM `ui_city` WHERE  `pid` <> 0 [ RunTime:0.021001s ]
[ sql ] [ SQL ] SHOW COLUMNS FROM `ui_article_cate` [ RunTime:0.031002s ]
[ sql ] [ SQL ] SELECT `cate_id`,`cate_name` FROM `ui_article_cate` WHERE (  (  status = 1 and pid = 1 ) ) AND `ui_article_cate`.`delete_time` IS NULL ORDER BY cate_id asc LIMIT 6 [ RunTime:0.001000s ]
[ sql ] [ SQL ] SHOW COLUMNS FROM `ui_article` [ RunTime:0.022002s ]
[ sql ] [ SQL ] SELECT `article_title`,`href` FROM `ui_article` WHERE (  (  cate_id = 2 ) ) AND `ui_article`.`delete_time` IS NULL LIMIT 5 [ RunTime:0.001000s ]
[ sql ] [ SQL ] SELECT `article_title`,`href` FROM `ui_article` WHERE (  (  cate_id = 3 ) ) AND `ui_article`.`delete_time` IS NULL LIMIT 5 [ RunTime:0.001000s ]
[ sql ] [ SQL ] SELECT `article_title`,`href` FROM `ui_article` WHERE (  (  cate_id = 4 ) ) AND `ui_article`.`delete_time` IS NULL LIMIT 5 [ RunTime:0.001000s ]
[ sql ] [ SQL ] SELECT `article_title`,`href` FROM `ui_article` WHERE (  (  cate_id = 5 ) ) AND `ui_article`.`delete_time` IS NULL LIMIT 5 [ RunTime:0.001000s ]
[ sql ] [ SQL ] SELECT `article_title`,`href` FROM `ui_article` WHERE (  (  cate_id = 6 ) ) AND `ui_article`.`delete_time` IS NULL LIMIT 5 [ RunTime:0.001000s ]
[ sql ] [ SQL ] SELECT `article_title`,`href` FROM `ui_article` WHERE (  (  cate_id = 7 ) ) AND `ui_article`.`delete_time` IS NULL LIMIT 5 [ RunTime:0.001000s ]
[ sql ] [ SQL ] SHOW COLUMNS FROM `ui_adv` [ RunTime:0.018001s ]
[ sql ] [ SQL ] SELECT * FROM `ui_adv` WHERE (  `start_time` <= 1506068611  AND `end_time` >= 1506068611  AND (  pos_type = 'PC' ) ) AND `ui_adv`.`delete_time` IS NULL [ RunTime:0.002000s ]
[ sql ] [ SQL ] SHOW COLUMNS FROM `ui_advpos` [ RunTime:0.031002s ]
[ sql ] [ SQL ] SELECT `advpos_ename` FROM `ui_advpos` WHERE (  `advpos_id` = 8 ) AND `ui_advpos`.`delete_time` IS NULL LIMIT 1 [ RunTime:0.001000s ]
[ sql ] [ SQL ] SELECT `advpos_ename` FROM `ui_advpos` WHERE (  `advpos_id` = 8 ) AND `ui_advpos`.`delete_time` IS NULL LIMIT 1 [ RunTime:0.001000s ]
[ sql ] [ SQL ] SELECT `advpos_ename` FROM `ui_advpos` WHERE (  `advpos_id` = 8 ) AND `ui_advpos`.`delete_time` IS NULL LIMIT 1 [ RunTime:0.001000s ]
[ sql ] [ SQL ] SELECT `advpos_ename` FROM `ui_advpos` WHERE (  `advpos_id` = 8 ) AND `ui_advpos`.`delete_time` IS NULL LIMIT 1 [ RunTime:0.001000s ]
[ sql ] [ SQL ] SELECT `advpos_ename` FROM `ui_advpos` WHERE (  `advpos_id` = 8 ) AND `ui_advpos`.`delete_time` IS NULL LIMIT 1 [ RunTime:0.001000s ]
[ sql ] [ SQL ] SELECT `advpos_ename` FROM `ui_advpos` WHERE (  `advpos_id` = 9 ) AND `ui_advpos`.`delete_time` IS NULL LIMIT 1 [ RunTime:0.001000s ]
[ sql ] [ SQL ] SELECT `advpos_ename` FROM `ui_advpos` WHERE (  `advpos_id` = 9 ) AND `ui_advpos`.`delete_time` IS NULL LIMIT 1 [ RunTime:0.001000s ]
[ sql ] [ SQL ] SELECT `advpos_ename` FROM `ui_advpos` WHERE (  `advpos_id` = 9 ) AND `ui_advpos`.`delete_time` IS NULL LIMIT 1 [ RunTime:0.001000s ]
[ sql ] [ SQL ] SELECT `advpos_ename` FROM `ui_advpos` WHERE (  `advpos_id` = 10 ) AND `ui_advpos`.`delete_time` IS NULL LIMIT 1 [ RunTime:0.001000s ]
[ sql ] [ SQL ] SELECT `advpos_ename` FROM `ui_advpos` WHERE (  `advpos_id` = 12 ) AND `ui_advpos`.`delete_time` IS NULL LIMIT 1 [ RunTime:0.001000s ]
[ sql ] [ SQL ] SELECT `advpos_ename` FROM `ui_advpos` WHERE (  `advpos_id` = 14 ) AND `ui_advpos`.`delete_time` IS NULL LIMIT 1 [ RunTime:0.001000s ]
[ sql ] [ SQL ] SELECT `advpos_ename` FROM `ui_advpos` WHERE (  `advpos_id` = 15 ) AND `ui_advpos`.`delete_time` IS NULL LIMIT 1 [ RunTime:0.002000s ]
[ sql ] [ SQL ] SELECT `advpos_ename` FROM `ui_advpos` WHERE (  `advpos_id` = 16 ) AND `ui_advpos`.`delete_time` IS NULL LIMIT 1 [ RunTime:0.001000s ]
[ sql ] [ SQL ] SELECT `advpos_ename` FROM `ui_advpos` WHERE (  `advpos_id` = 8 ) AND `ui_advpos`.`delete_time` IS NULL LIMIT 1 [ RunTime:0.001000s ]
[ sql ] [ SQL ] SELECT `advpos_ename` FROM `ui_advpos` WHERE (  `advpos_id` = 11 ) AND `ui_advpos`.`delete_time` IS NULL LIMIT 1 [ RunTime:0.001000s ]
[ sql ] [ SQL ] SELECT `advpos_ename` FROM `ui_advpos` WHERE (  `advpos_id` = 2 ) AND `ui_advpos`.`delete_time` IS NULL LIMIT 1 [ RunTime:0.001000s ]
[ sql ] [ SQL ] SELECT `advpos_ename` FROM `ui_advpos` WHERE (  `advpos_id` = 2 ) AND `ui_advpos`.`delete_time` IS NULL LIMIT 1 [ RunTime:0.001001s ]
[ sql ] [ SQL ] SELECT `cate_id` FROM `ui_article_cate` WHERE (  (  cate_name = '网站备案' ) ) AND `ui_article_cate`.`delete_time` IS NULL LIMIT 1 [ RunTime:0.001000s ]
[ sql ] [ SQL ] SELECT `article_content` FROM `ui_article` WHERE (  (  cate_id = 8 ) ) AND `ui_article`.`delete_time` IS NULL LIMIT 1 [ RunTime:0.002000s ]
[ sql ] [ SQL ] SELECT `cate_id`,`cate_name` FROM `ui_article_cate` WHERE (  (  status = 1 and pid = 1 ) ) AND `ui_article_cate`.`delete_time` IS NULL ORDER BY cate_id asc LIMIT 6 [ RunTime:0.002000s ]
[ sql ] [ SQL ] SELECT `article_title`,`href` FROM `ui_article` WHERE (  (  cate_id = 2 ) ) AND `ui_article`.`delete_time` IS NULL LIMIT 5 [ RunTime:0.001000s ]
[ sql ] [ SQL ] SELECT `article_title`,`href` FROM `ui_article` WHERE (  (  cate_id = 3 ) ) AND `ui_article`.`delete_time` IS NULL LIMIT 5 [ RunTime:0.001000s ]
[ sql ] [ SQL ] SELECT `article_title`,`href` FROM `ui_article` WHERE (  (  cate_id = 4 ) ) AND `ui_article`.`delete_time` IS NULL LIMIT 5 [ RunTime:0.001000s ]
[ sql ] [ SQL ] SELECT `article_title`,`href` FROM `ui_article` WHERE (  (  cate_id = 5 ) ) AND `ui_article`.`delete_time` IS NULL LIMIT 5 [ RunTime:0.001000s ]
[ sql ] [ SQL ] SELECT `article_title`,`href` FROM `ui_article` WHERE (  (  cate_id = 6 ) ) AND `ui_article`.`delete_time` IS NULL LIMIT 5 [ RunTime:0.001000s ]
[ sql ] [ SQL ] SELECT `article_title`,`href` FROM `ui_article` WHERE (  (  cate_id = 7 ) ) AND `ui_article`.`delete_time` IS NULL LIMIT 5 [ RunTime:0.001000s ]
[ sql ] [ SQL ] SHOW COLUMNS FROM `ui_goods_cate` [ RunTime:0.050003s ]
[ sql ] [ SQL ] SELECT * FROM `ui_goods_cate` WHERE `ui_goods_cate`.`delete_time` IS NULL [ RunTime:0.006000s ]
[ sql ] [ SQL ] SELECT * FROM `ui_goods_cate` WHERE (  `is_show` = 1 ) AND `ui_goods_cate`.`delete_time` IS NULL ORDER BY sort asc [ RunTime:0.002000s ]
[ sql ] [ SQL ] SHOW COLUMNS FROM `ui_goods` [ RunTime:0.032002s ]
[ sql ] [ SQL ] SELECT * FROM `ui_goods` WHERE (  (  is_sale = 1 )  AND ( `cate_id1` = 23 OR `cate_id2` = 23 OR `cate_id3` = 23 ) ) AND `ui_goods`.`delete_time` IS NULL ORDER BY rand(),is_admin_recom desc LIMIT 8 [ RunTime:0.014001s ]
[ sql ] [ SQL ] SELECT * FROM `ui_goods` WHERE (  (  is_sale = 1 )  AND ( `cate_id1` = 23 OR `cate_id2` = 23 OR `cate_id3` = 23 ) ) AND `ui_goods`.`delete_time` IS NULL ORDER BY sale_count desc LIMIT 5 [ RunTime:0.002000s ]
[ sql ] [ SQL ] SHOW COLUMNS FROM `ui_cate_banner` [ RunTime:0.017001s ]
[ sql ] [ SQL ] SELECT * FROM `ui_cate_banner` WHERE (  `cate_id` = 23  AND `start_time` < 1506068611  AND `end_time` > 1506068611 ) AND `ui_cate_banner`.`delete_time` IS NULL LIMIT 1 [ RunTime:0.001000s ]
[ sql ] [ SQL ] SELECT * FROM `ui_goods` WHERE (  (  is_sale = 1 )  AND ( `cate_id1` = 24 OR `cate_id2` = 24 OR `cate_id3` = 24 ) ) AND `ui_goods`.`delete_time` IS NULL ORDER BY rand(),is_admin_recom desc LIMIT 8 [ RunTime:0.007001s ]
[ sql ] [ SQL ] SELECT * FROM `ui_goods` WHERE (  (  is_sale = 1 )  AND ( `cate_id1` = 24 OR `cate_id2` = 24 OR `cate_id3` = 24 ) ) AND `ui_goods`.`delete_time` IS NULL ORDER BY sale_count desc LIMIT 5 [ RunTime:0.002000s ]
[ sql ] [ SQL ] SELECT * FROM `ui_cate_banner` WHERE (  `cate_id` = 24  AND `start_time` < 1506068612  AND `end_time` > 1506068612 ) AND `ui_cate_banner`.`delete_time` IS NULL LIMIT 1 [ RunTime:0.001000s ]
[ sql ] [ SQL ] SELECT * FROM `ui_goods` WHERE (  (  is_sale = 1 )  AND ( `cate_id1` = 20 OR `cate_id2` = 20 OR `cate_id3` = 20 ) ) AND `ui_goods`.`delete_time` IS NULL ORDER BY rand(),is_admin_recom desc LIMIT 8 [ RunTime:0.008001s ]
[ sql ] [ SQL ] SELECT * FROM `ui_goods` WHERE (  (  is_sale = 1 )  AND ( `cate_id1` = 20 OR `cate_id2` = 20 OR `cate_id3` = 20 ) ) AND `ui_goods`.`delete_time` IS NULL ORDER BY sale_count desc LIMIT 5 [ RunTime:0.002000s ]
[ sql ] [ SQL ] SELECT * FROM `ui_cate_banner` WHERE (  `cate_id` = 20  AND `start_time` < 1506068612  AND `end_time` > 1506068612 ) AND `ui_cate_banner`.`delete_time` IS NULL LIMIT 1 [ RunTime:0.001000s ]
[ sql ] [ SQL ] SELECT * FROM `ui_goods` WHERE (  (  is_sale = 1 )  AND ( `cate_id1` = 1 OR `cate_id2` = 1 OR `cate_id3` = 1 ) ) AND `ui_goods`.`delete_time` IS NULL ORDER BY rand(),is_admin_recom desc LIMIT 8 [ RunTime:0.009000s ]
[ sql ] [ SQL ] SELECT * FROM `ui_goods` WHERE (  (  is_sale = 1 )  AND ( `cate_id1` = 1 OR `cate_id2` = 1 OR `cate_id3` = 1 ) ) AND `ui_goods`.`delete_time` IS NULL ORDER BY sale_count desc LIMIT 5 [ RunTime:0.002000s ]
[ sql ] [ SQL ] SELECT * FROM `ui_cate_banner` WHERE (  `cate_id` = 1  AND `start_time` < 1506068612  AND `end_time` > 1506068612 ) AND `ui_cate_banner`.`delete_time` IS NULL LIMIT 1 [ RunTime:0.002001s ]
[ sql ] [ SQL ] SELECT * FROM `ui_goods` WHERE (  (  is_sale = 1 )  AND ( `cate_id1` = 10 OR `cate_id2` = 10 OR `cate_id3` = 10 ) ) AND `ui_goods`.`delete_time` IS NULL ORDER BY rand(),is_admin_recom desc LIMIT 8 [ RunTime:0.011000s ]
[ sql ] [ SQL ] SELECT * FROM `ui_goods` WHERE (  (  is_sale = 1 )  AND ( `cate_id1` = 10 OR `cate_id2` = 10 OR `cate_id3` = 10 ) ) AND `ui_goods`.`delete_time` IS NULL ORDER BY sale_count desc LIMIT 5 [ RunTime:0.002000s ]
[ sql ] [ SQL ] SELECT * FROM `ui_cate_banner` WHERE (  `cate_id` = 10  AND `start_time` < 1506068612  AND `end_time` > 1506068612 ) AND `ui_cate_banner`.`delete_time` IS NULL LIMIT 1 [ RunTime:0.002001s ]
[ sql ] [ SQL ] SHOW COLUMNS FROM `ui_nav` [ RunTime:0.022001s ]
[ sql ] [ SQL ] SELECT * FROM `ui_nav` WHERE (  (  `status`=1 AND `type`=1 ) ) AND `ui_nav`.`delete_time` IS NULL ORDER BY `sort` [ RunTime:0.002000s ]
[ sql ] [ SQL ] SHOW COLUMNS FROM `ui_order` [ RunTime:0.016001s ]
[ sql ] [ SQL ] SELECT `status` FROM `ui_order` WHERE (  `recycle` = '1'  AND `user_id` = 1 ) AND `ui_order`.`delete_time` IS NULL [ RunTime:0.001000s ]
[ sql ] [ SQL ] SELECT * FROM `ui_article` WHERE (  `status` = 1 ) AND `ui_article`.`delete_time` IS NULL [ RunTime:0.002000s ]
---------------------------------------------------------------
[ 2017-09-22T16:23:37+08:00 ] 127.0.0.3 127.0.0.1 GET /shop/seller_center/index.shtml
[ info ] 127.0.0.3/shop/seller_center/index.shtml [运行时间：0.707040s][吞吐率：1.41req/s] [内存消耗：6,119.73kb] [文件加载：66]
[ info ] [ LANG ] D:\phpStudy\WWW\adminui\frame\lang\zh-cn.php
[ info ] [ ROUTE ] array (
  'type' => 'module',
  'module' => 
  array (
    0 => 'shop',
    1 => 'seller_center',
    2 => 'index',
  ),
)
[ info ] [ HEADER ] array (
  'cookie' => 'PHPSESSID=85q12t6jkmpmtf9urpqbj60pa0; thinkphp_show_page_trace=0|0',
  'accept-language' => 'zh-CN,zh;q=0.8',
  'accept-encoding' => 'gzip, deflate, br',
  'referer' => 'http://127.0.0.3/',
  'accept' => 'text/html,application/xhtml+xml,application/xml;q=0.9,image/webp,image/apng,*/*;q=0.8',
  'user-agent' => 'Mozilla/5.0 (Windows NT 6.1; WOW64) AppleWebKit/537.36 (KHTML, like Gecko) Chrome/60.0.3112.113 Safari/537.36',
  'upgrade-insecure-requests' => '1',
  'connection' => 'close',
  'host' => '127.0.0.3',
)
[ info ] [ PARAM ] array (
)
[ info ] [ SESSION ] INIT array (
  'id' => '',
  'var_session_id' => '',
  'prefix' => '',
  'type' => '',
  'auto_start' => true,
)
[ info ] [ LANG ] D:\phpStudy\WWW\adminui/application/common/lang/shop/zh-cn.php
[ info ] [ DB ] INIT mysql
[ info ] [ SESSION ] INIT array (
  'prefix' => 'shop',
)
[ info ] [ RUN ] app\shop\controller\SellerCenter->index[ D:\phpStudy\WWW\adminui\application\shop\controller\SellerCenter.php ]
[ info ] [ VIEW ] D:\phpStudy\WWW\adminui/public\theme\shop\default\seller_center\index.html [ array (
  0 => 'module_name',
  1 => 'controller_name',
  2 => 'action_name',
  3 => 'public_path',
  4 => 'static_path',
  5 => 'web_public',
  6 => 'web_static',
  7 => 'js',
  8 => 'css',
  9 => 'img',
  10 => 'title',
  11 => 'admin_title',
  12 => 'nowpage',
  13 => 'upload',
  14 => 'public',
  15 => 'static',
  16 => 'links',
  17 => 'adv',
  18 => 'webInfo',
  19 => 'shop_info',
  20 => 'recycle',
  21 => 'article',
  22 => 'order_order',
  23 => 'shop_comment',
) ]
[ info ] [ LOG ] INIT File
[ sql ] [ DB ] CONNECT:[ UseTime:0.012001s ] mysql:dbname=adminui;host=192.168.124.222;port=3306;charset=utf8
[ sql ] [ SQL ] SHOW COLUMNS FROM `ui_config` [ RunTime:0.017001s ]
[ sql ] [ SQL ] SELECT * FROM `ui_config` WHERE `ui_config`.`delete_time` IS NULL [ RunTime:0.002000s ]
[ sql ] [ SQL ] SHOW COLUMNS FROM `ui_city` [ RunTime:0.017001s ]
[ sql ] [ SQL ] SELECT * FROM `ui_city` WHERE  `pid` <> 0 [ RunTime:0.021001s ]
[ sql ] [ SQL ] SHOW COLUMNS FROM `ui_article_cate` [ RunTime:0.022001s ]
[ sql ] [ SQL ] SELECT `cate_id`,`cate_name` FROM `ui_article_cate` WHERE (  (  status = 1 and pid = 1 ) ) AND `ui_article_cate`.`delete_time` IS NULL ORDER BY cate_id asc LIMIT 6 [ RunTime:0.002000s ]
[ sql ] [ SQL ] SHOW COLUMNS FROM `ui_article` [ RunTime:0.021002s ]
[ sql ] [ SQL ] SELECT `article_title`,`href` FROM `ui_article` WHERE (  (  cate_id = 2 ) ) AND `ui_article`.`delete_time` IS NULL LIMIT 5 [ RunTime:0.001000s ]
[ sql ] [ SQL ] SELECT `article_title`,`href` FROM `ui_article` WHERE (  (  cate_id = 3 ) ) AND `ui_article`.`delete_time` IS NULL LIMIT 5 [ RunTime:0.001000s ]
[ sql ] [ SQL ] SELECT `article_title`,`href` FROM `ui_article` WHERE (  (  cate_id = 4 ) ) AND `ui_article`.`delete_time` IS NULL LIMIT 5 [ RunTime:0.001000s ]
[ sql ] [ SQL ] SELECT `article_title`,`href` FROM `ui_article` WHERE (  (  cate_id = 5 ) ) AND `ui_article`.`delete_time` IS NULL LIMIT 5 [ RunTime:0.001000s ]
[ sql ] [ SQL ] SELECT `article_title`,`href` FROM `ui_article` WHERE (  (  cate_id = 6 ) ) AND `ui_article`.`delete_time` IS NULL LIMIT 5 [ RunTime:0.002000s ]
[ sql ] [ SQL ] SELECT `article_title`,`href` FROM `ui_article` WHERE (  (  cate_id = 7 ) ) AND `ui_article`.`delete_time` IS NULL LIMIT 5 [ RunTime:0.001000s ]
[ sql ] [ SQL ] SHOW COLUMNS FROM `ui_adv` [ RunTime:0.014001s ]
[ sql ] [ SQL ] SELECT * FROM `ui_adv` WHERE (  `start_time` <= 1506068616  AND `end_time` >= 1506068616  AND (  pos_type = 'PC' ) ) AND `ui_adv`.`delete_time` IS NULL [ RunTime:0.002000s ]
[ sql ] [ SQL ] SHOW COLUMNS FROM `ui_advpos` [ RunTime:0.010000s ]
[ sql ] [ SQL ] SELECT `advpos_ename` FROM `ui_advpos` WHERE (  `advpos_id` = 8 ) AND `ui_advpos`.`delete_time` IS NULL LIMIT 1 [ RunTime:0.001000s ]
[ sql ] [ SQL ] SELECT `advpos_ename` FROM `ui_advpos` WHERE (  `advpos_id` = 8 ) AND `ui_advpos`.`delete_time` IS NULL LIMIT 1 [ RunTime:0.001000s ]
[ sql ] [ SQL ] SELECT `advpos_ename` FROM `ui_advpos` WHERE (  `advpos_id` = 8 ) AND `ui_advpos`.`delete_time` IS NULL LIMIT 1 [ RunTime:0.001001s ]
[ sql ] [ SQL ] SELECT `advpos_ename` FROM `ui_advpos` WHERE (  `advpos_id` = 8 ) AND `ui_advpos`.`delete_time` IS NULL LIMIT 1 [ RunTime:0.001000s ]
[ sql ] [ SQL ] SELECT `advpos_ename` FROM `ui_advpos` WHERE (  `advpos_id` = 8 ) AND `ui_advpos`.`delete_time` IS NULL LIMIT 1 [ RunTime:0.001000s ]
[ sql ] [ SQL ] SELECT `advpos_ename` FROM `ui_advpos` WHERE (  `advpos_id` = 9 ) AND `ui_advpos`.`delete_time` IS NULL LIMIT 1 [ RunTime:0.000000s ]
[ sql ] [ SQL ] SELECT `advpos_ename` FROM `ui_advpos` WHERE (  `advpos_id` = 9 ) AND `ui_advpos`.`delete_time` IS NULL LIMIT 1 [ RunTime:0.001000s ]
[ sql ] [ SQL ] SELECT `advpos_ename` FROM `ui_advpos` WHERE (  `advpos_id` = 9 ) AND `ui_advpos`.`delete_time` IS NULL LIMIT 1 [ RunTime:0.001000s ]
[ sql ] [ SQL ] SELECT `advpos_ename` FROM `ui_advpos` WHERE (  `advpos_id` = 10 ) AND `ui_advpos`.`delete_time` IS NULL LIMIT 1 [ RunTime:0.001000s ]
[ sql ] [ SQL ] SELECT `advpos_ename` FROM `ui_advpos` WHERE (  `advpos_id` = 12 ) AND `ui_advpos`.`delete_time` IS NULL LIMIT 1 [ RunTime:0.002000s ]
[ sql ] [ SQL ] SELECT `advpos_ename` FROM `ui_advpos` WHERE (  `advpos_id` = 14 ) AND `ui_advpos`.`delete_time` IS NULL LIMIT 1 [ RunTime:0.002000s ]
[ sql ] [ SQL ] SELECT `advpos_ename` FROM `ui_advpos` WHERE (  `advpos_id` = 15 ) AND `ui_advpos`.`delete_time` IS NULL LIMIT 1 [ RunTime:0.001000s ]
[ sql ] [ SQL ] SELECT `advpos_ename` FROM `ui_advpos` WHERE (  `advpos_id` = 16 ) AND `ui_advpos`.`delete_time` IS NULL LIMIT 1 [ RunTime:0.001000s ]
[ sql ] [ SQL ] SELECT `advpos_ename` FROM `ui_advpos` WHERE (  `advpos_id` = 8 ) AND `ui_advpos`.`delete_time` IS NULL LIMIT 1 [ RunTime:0.001000s ]
[ sql ] [ SQL ] SELECT `advpos_ename` FROM `ui_advpos` WHERE (  `advpos_id` = 11 ) AND `ui_advpos`.`delete_time` IS NULL LIMIT 1 [ RunTime:0.001000s ]
[ sql ] [ SQL ] SELECT `advpos_ename` FROM `ui_advpos` WHERE (  `advpos_id` = 2 ) AND `ui_advpos`.`delete_time` IS NULL LIMIT 1 [ RunTime:0.001000s ]
[ sql ] [ SQL ] SELECT `advpos_ename` FROM `ui_advpos` WHERE (  `advpos_id` = 2 ) AND `ui_advpos`.`delete_time` IS NULL LIMIT 1 [ RunTime:0.001000s ]
[ sql ] [ SQL ] SELECT `cate_id` FROM `ui_article_cate` WHERE (  (  cate_name = '网站备案' ) ) AND `ui_article_cate`.`delete_time` IS NULL LIMIT 1 [ RunTime:0.001000s ]
[ sql ] [ SQL ] SELECT `article_content` FROM `ui_article` WHERE (  (  cate_id = 8 ) ) AND `ui_article`.`delete_time` IS NULL LIMIT 1 [ RunTime:0.001000s ]
[ sql ] [ SQL ] SHOW COLUMNS FROM `ui_shop` [ RunTime:0.058003s ]
[ sql ] [ SQL ] SELECT COUNT(*) AS tp_count FROM `ui_shop` WHERE (  (  user_id =1 ) ) AND `ui_shop`.`delete_time` IS NULL LIMIT 1 [ RunTime:0.001000s ]
[ sql ] [ SQL ] SELECT `shop_id` FROM `ui_shop` WHERE (  `user_id` = 1 ) AND `ui_shop`.`delete_time` IS NULL LIMIT 1 [ RunTime:0.001000s ]
[ sql ] [ SQL ] SELECT * FROM `ui_shop` WHERE (  `shop_id` = 1 ) AND `ui_shop`.`delete_time` IS NULL LIMIT 1 [ RunTime:0.002000s ]
[ sql ] [ SQL ] SHOW COLUMNS FROM `ui_user` [ RunTime:0.035002s ]
[ sql ] [ SQL ] SELECT * FROM `ui_user` WHERE (  `user_id` = 1 ) AND `ui_user`.`delete_time` IS NULL LIMIT 1 [ RunTime:0.001000s ]
[ sql ] [ SQL ] SELECT * FROM `ui_city` WHERE  `city_id` = 21 LIMIT 1 [ RunTime:0.001000s ]
[ sql ] [ SQL ] SELECT * FROM `ui_city` WHERE  `city_id` = 254 LIMIT 1 [ RunTime:0.002000s ]
[ sql ] [ SQL ] SELECT * FROM `ui_city` WHERE  `city_id` = 2461 LIMIT 1 [ RunTime:0.001000s ]
[ sql ] [ SQL ] SHOW COLUMNS FROM `ui_order` [ RunTime:0.010000s ]
[ sql ] [ SQL ] SELECT `status` FROM `ui_order` WHERE (  `recycle` = '1'  AND `user_id` = 1 ) AND `ui_order`.`delete_time` IS NULL [ RunTime:0.001000s ]
[ sql ] [ SQL ] SELECT * FROM `ui_order` WHERE (  `create_time` >= 1504195200  AND `shop_id` = 1 ) AND `ui_order`.`delete_time` IS NULL [ RunTime:0.001000s ]
[ sql ] [ SQL ] SHOW COLUMNS FROM `ui_goods_comment` [ RunTime:0.035002s ]
[ sql ] [ SQL ] SELECT * FROM `ui_goods_comment` WHERE (  `create_time` >= 1504195200  AND `shop_id` = 1 ) AND `ui_goods_comment`.`delete_time` IS NULL [ RunTime:0.001000s ]
[ sql ] [ SQL ] SELECT * FROM `ui_article` WHERE (  `status` = 1 ) AND `ui_article`.`delete_time` IS NULL [ RunTime:0.002000s ]
---------------------------------------------------------------
[ 2017-09-22T16:23:41+08:00 ] 127.0.0.3 127.0.0.1 GET /shop/seller_center/manage.shtml
[ info ] 127.0.0.3/shop/seller_center/manage.shtml [运行时间：0.607034s][吞吐率：1.65req/s] [内存消耗：6,187.02kb] [文件加载：69]
[ info ] [ LANG ] D:\phpStudy\WWW\adminui\frame\lang\zh-cn.php
[ info ] [ ROUTE ] array (
  'type' => 'module',
  'module' => 
  array (
    0 => 'shop',
    1 => 'seller_center',
    2 => 'manage',
  ),
)
[ info ] [ HEADER ] array (
  'cookie' => 'thinkphp_show_page_trace=0|0; PHPSESSID=85q12t6jkmpmtf9urpqbj60pa0; thinkphp_show_page_trace=0|0',
  'accept-language' => 'zh-CN,zh;q=0.8',
  'accept-encoding' => 'gzip, deflate, br',
  'referer' => 'http://127.0.0.3/shop/seller_center/index.shtml',
  'accept' => 'text/html,application/xhtml+xml,application/xml;q=0.9,image/webp,image/apng,*/*;q=0.8',
  'user-agent' => 'Mozilla/5.0 (Windows NT 6.1; WOW64) AppleWebKit/537.36 (KHTML, like Gecko) Chrome/60.0.3112.113 Safari/537.36',
  'upgrade-insecure-requests' => '1',
  'connection' => 'close',
  'host' => '127.0.0.3',
)
[ info ] [ PARAM ] array (
)
[ info ] [ SESSION ] INIT array (
  'id' => '',
  'var_session_id' => '',
  'prefix' => '',
  'type' => '',
  'auto_start' => true,
)
[ info ] [ LANG ] D:\phpStudy\WWW\adminui/application/common/lang/shop/zh-cn.php
[ info ] [ DB ] INIT mysql
[ info ] [ SESSION ] INIT array (
  'prefix' => 'shop',
)
[ info ] [ RUN ] app\shop\controller\SellerCenter->manage[ D:\phpStudy\WWW\adminui\application\shop\controller\SellerCenter.php ]
[ info ] [ VIEW ] D:\phpStudy\WWW\adminui/public\theme\shop\default\seller_center\manage.html [ array (
  0 => 'module_name',
  1 => 'controller_name',
  2 => 'action_name',
  3 => 'public_path',
  4 => 'static_path',
  5 => 'web_public',
  6 => 'web_static',
  7 => 'js',
  8 => 'css',
  9 => 'img',
  10 => 'title',
  11 => 'admin_title',
  12 => 'nowpage',
  13 => 'upload',
  14 => 'public',
  15 => 'static',
  16 => 'links',
  17 => 'adv',
  18 => 'webInfo',
  19 => 'data1',
  20 => 'data2',
  21 => 'data3',
  22 => 'data4',
  23 => 'data5',
  24 => 'comments',
  25 => 'id',
) ]
[ info ] [ LOG ] INIT File
[ sql ] [ DB ] CONNECT:[ UseTime:0.011001s ] mysql:dbname=adminui;host=192.168.124.222;port=3306;charset=utf8
[ sql ] [ SQL ] SHOW COLUMNS FROM `ui_config` [ RunTime:0.021001s ]
[ sql ] [ SQL ] SELECT * FROM `ui_config` WHERE `ui_config`.`delete_time` IS NULL [ RunTime:0.002000s ]
[ sql ] [ SQL ] SHOW COLUMNS FROM `ui_city` [ RunTime:0.016000s ]
[ sql ] [ SQL ] SELECT * FROM `ui_city` WHERE  `pid` <> 0 [ RunTime:0.021001s ]
[ sql ] [ SQL ] SHOW COLUMNS FROM `ui_article_cate` [ RunTime:0.018001s ]
[ sql ] [ SQL ] SELECT `cate_id`,`cate_name` FROM `ui_article_cate` WHERE (  (  status = 1 and pid = 1 ) ) AND `ui_article_cate`.`delete_time` IS NULL ORDER BY cate_id asc LIMIT 6 [ RunTime:0.001000s ]
[ sql ] [ SQL ] SHOW COLUMNS FROM `ui_article` [ RunTime:0.024002s ]
[ sql ] [ SQL ] SELECT `article_title`,`href` FROM `ui_article` WHERE (  (  cate_id = 2 ) ) AND `ui_article`.`delete_time` IS NULL LIMIT 5 [ RunTime:0.001000s ]
[ sql ] [ SQL ] SELECT `article_title`,`href` FROM `ui_article` WHERE (  (  cate_id = 3 ) ) AND `ui_article`.`delete_time` IS NULL LIMIT 5 [ RunTime:0.001000s ]
[ sql ] [ SQL ] SELECT `article_title`,`href` FROM `ui_article` WHERE (  (  cate_id = 4 ) ) AND `ui_article`.`delete_time` IS NULL LIMIT 5 [ RunTime:0.002000s ]
[ sql ] [ SQL ] SELECT `article_title`,`href` FROM `ui_article` WHERE (  (  cate_id = 5 ) ) AND `ui_article`.`delete_time` IS NULL LIMIT 5 [ RunTime:0.001000s ]
[ sql ] [ SQL ] SELECT `article_title`,`href` FROM `ui_article` WHERE (  (  cate_id = 6 ) ) AND `ui_article`.`delete_time` IS NULL LIMIT 5 [ RunTime:0.002000s ]
[ sql ] [ SQL ] SELECT `article_title`,`href` FROM `ui_article` WHERE (  (  cate_id = 7 ) ) AND `ui_article`.`delete_time` IS NULL LIMIT 5 [ RunTime:0.001000s ]
[ sql ] [ SQL ] SHOW COLUMNS FROM `ui_adv` [ RunTime:0.022001s ]
[ sql ] [ SQL ] SELECT * FROM `ui_adv` WHERE (  `start_time` <= 1506068621  AND `end_time` >= 1506068621  AND (  pos_type = 'PC' ) ) AND `ui_adv`.`delete_time` IS NULL [ RunTime:0.002000s ]
[ sql ] [ SQL ] SHOW COLUMNS FROM `ui_advpos` [ RunTime:0.013001s ]
[ sql ] [ SQL ] SELECT `advpos_ename` FROM `ui_advpos` WHERE (  `advpos_id` = 8 ) AND `ui_advpos`.`delete_time` IS NULL LIMIT 1 [ RunTime:0.002000s ]
[ sql ] [ SQL ] SELECT `advpos_ename` FROM `ui_advpos` WHERE (  `advpos_id` = 8 ) AND `ui_advpos`.`delete_time` IS NULL LIMIT 1 [ RunTime:0.001000s ]
[ sql ] [ SQL ] SELECT `advpos_ename` FROM `ui_advpos` WHERE (  `advpos_id` = 8 ) AND `ui_advpos`.`delete_time` IS NULL LIMIT 1 [ RunTime:0.001000s ]
[ sql ] [ SQL ] SELECT `advpos_ename` FROM `ui_advpos` WHERE (  `advpos_id` = 8 ) AND `ui_advpos`.`delete_time` IS NULL LIMIT 1 [ RunTime:0.001000s ]
[ sql ] [ SQL ] SELECT `advpos_ename` FROM `ui_advpos` WHERE (  `advpos_id` = 8 ) AND `ui_advpos`.`delete_time` IS NULL LIMIT 1 [ RunTime:0.001000s ]
[ sql ] [ SQL ] SELECT `advpos_ename` FROM `ui_advpos` WHERE (  `advpos_id` = 9 ) AND `ui_advpos`.`delete_time` IS NULL LIMIT 1 [ RunTime:0.001000s ]
[ sql ] [ SQL ] SELECT `advpos_ename` FROM `ui_advpos` WHERE (  `advpos_id` = 9 ) AND `ui_advpos`.`delete_time` IS NULL LIMIT 1 [ RunTime:0.001000s ]
[ sql ] [ SQL ] SELECT `advpos_ename` FROM `ui_advpos` WHERE (  `advpos_id` = 9 ) AND `ui_advpos`.`delete_time` IS NULL LIMIT 1 [ RunTime:0.001000s ]
[ sql ] [ SQL ] SELECT `advpos_ename` FROM `ui_advpos` WHERE (  `advpos_id` = 10 ) AND `ui_advpos`.`delete_time` IS NULL LIMIT 1 [ RunTime:0.001000s ]
[ sql ] [ SQL ] SELECT `advpos_ename` FROM `ui_advpos` WHERE (  `advpos_id` = 12 ) AND `ui_advpos`.`delete_time` IS NULL LIMIT 1 [ RunTime:0.001000s ]
[ sql ] [ SQL ] SELECT `advpos_ename` FROM `ui_advpos` WHERE (  `advpos_id` = 14 ) AND `ui_advpos`.`delete_time` IS NULL LIMIT 1 [ RunTime:0.001000s ]
[ sql ] [ SQL ] SELECT `advpos_ename` FROM `ui_advpos` WHERE (  `advpos_id` = 15 ) AND `ui_advpos`.`delete_time` IS NULL LIMIT 1 [ RunTime:0.002000s ]
[ sql ] [ SQL ] SELECT `advpos_ename` FROM `ui_advpos` WHERE (  `advpos_id` = 16 ) AND `ui_advpos`.`delete_time` IS NULL LIMIT 1 [ RunTime:0.002000s ]
[ sql ] [ SQL ] SELECT `advpos_ename` FROM `ui_advpos` WHERE (  `advpos_id` = 8 ) AND `ui_advpos`.`delete_time` IS NULL LIMIT 1 [ RunTime:0.002000s ]
[ sql ] [ SQL ] SELECT `advpos_ename` FROM `ui_advpos` WHERE (  `advpos_id` = 11 ) AND `ui_advpos`.`delete_time` IS NULL LIMIT 1 [ RunTime:0.002000s ]
[ sql ] [ SQL ] SELECT `advpos_ename` FROM `ui_advpos` WHERE (  `advpos_id` = 2 ) AND `ui_advpos`.`delete_time` IS NULL LIMIT 1 [ RunTime:0.001000s ]
[ sql ] [ SQL ] SELECT `advpos_ename` FROM `ui_advpos` WHERE (  `advpos_id` = 2 ) AND `ui_advpos`.`delete_time` IS NULL LIMIT 1 [ RunTime:0.001000s ]
[ sql ] [ SQL ] SELECT `cate_id` FROM `ui_article_cate` WHERE (  (  cate_name = '网站备案' ) ) AND `ui_article_cate`.`delete_time` IS NULL LIMIT 1 [ RunTime:0.001000s ]
[ sql ] [ SQL ] SELECT `article_content` FROM `ui_article` WHERE (  (  cate_id = 8 ) ) AND `ui_article`.`delete_time` IS NULL LIMIT 1 [ RunTime:0.001000s ]
[ sql ] [ SQL ] select (select count(*) from ui_goods_comment where user_id = 1 and create_time between 1505463821 and 1506068621 and score=1) as w,(select count(*) from ui_goods_comment where user_id = 1 and create_time between 1503390221 and 1506068621 and score=1) as m,(select count(*) from ui_goods_comment where user_id = 1 and create_time between 1490171021 and 1506068621 and score=1) as lm,(select count(*) from ui_goods_comment where user_id = 1 and score=1) as z ; [ RunTime:0.002000s ]
[ sql ] [ SQL ] select (select count(*) from ui_goods_comment where user_id = 1 and create_time between 1505463821 and 1506068621 and score=2) as w,(select count(*) from ui_goods_comment where user_id = 1 and create_time between 1503390221 and 1506068621 and score=2) as m,(select count(*) from ui_goods_comment where user_id = 1 and create_time between 1490171021 and 1506068621 and score=2) as lm,(select count(*) from ui_goods_comment where user_id = 1 and score=2) as z ; [ RunTime:0.001000s ]
[ sql ] [ SQL ] select (select count(*) from ui_goods_comment where user_id = 1 and create_time between 1505463821 and 1506068621 and score=3) as w,(select count(*) from ui_goods_comment where user_id = 1 and create_time between 1503390221 and 1506068621 and score=3) as m,(select count(*) from ui_goods_comment where user_id = 1 and create_time between 1490171021 and 1506068621 and score=3) as lm,(select count(*) from ui_goods_comment where user_id = 1 and score=3) as z ; [ RunTime:0.001000s ]
[ sql ] [ SQL ] select (select count(*) from ui_goods_comment where user_id =  1 and create_time between 1505463821 and 1506068621 and score=4) as w,(select count(*) from ui_goods_comment where user_id = 1 and create_time between 1503390221 and 1506068621 and score=4) as m,(select count(*) from ui_goods_comment where user_id = 1 and create_time between 1490171021 and 1506068621 and score=4) as lm,(select count(*) from ui_goods_comment where user_id = 1 and score=4) as z ; [ RunTime:0.002000s ]
[ sql ] [ SQL ] select (select count(*) from ui_goods_comment where user_id = 1 and create_time between 1505463821 and 1506068621 and score=5) as w,(select count(*) from ui_goods_comment where user_id = 1 and create_time between 1503390221 and 1506068621 and score=5) as m,(select count(*) from ui_goods_comment where user_id = 1 and create_time between 1490171021 and 1506068621 and score=5) as lm,(select count(*) from ui_goods_comment where user_id = 1 and score=5) as z ; [ RunTime:0.001000s ]
[ sql ] [ SQL ] SHOW COLUMNS FROM `ui_goods_comment` [ RunTime:0.012001s ]
[ sql ] [ SQL ] SELECT COUNT(*) AS tp_count FROM `ui_goods_comment` WHERE (  `user_id` = 1  AND `reply_id` = 0 ) AND `ui_goods_comment`.`delete_time` IS NULL LIMIT 1 [ RunTime:0.001000s ]
[ sql ] [ SQL ] SELECT * FROM `ui_goods_comment` WHERE (  `user_id` = 1  AND `reply_id` = 0 ) AND `ui_goods_comment`.`delete_time` IS NULL ORDER BY create_time desc LIMIT 0,1 [ RunTime:0.001000s ]
[ sql ] [ SQL ] SHOW COLUMNS FROM `ui_goods` [ RunTime:0.010000s ]
[ sql ] [ SQL ] SELECT * FROM `ui_goods` WHERE (  `goods_id` = 38 ) AND `ui_goods`.`delete_time` IS NULL LIMIT 1 [ RunTime:0.002000s ]
[ sql ] [ SQL ] SHOW COLUMNS FROM `ui_user` [ RunTime:0.010001s ]
[ sql ] [ SQL ] SELECT * FROM `ui_user` WHERE (  `user_id` = 1 ) AND `ui_user`.`delete_time` IS NULL LIMIT 1 [ RunTime:0.002000s ]
[ sql ] [ SQL ] SHOW COLUMNS FROM `ui_shop` [ RunTime:0.008001s ]
[ sql ] [ SQL ] SELECT * FROM `ui_shop` WHERE (  `shop_id` = 1 ) AND `ui_shop`.`delete_time` IS NULL LIMIT 1 [ RunTime:0.002000s ]
[ sql ] [ SQL ] SELECT `comment` FROM `ui_goods_comment` WHERE (  (  order_id = 873 and goods_id = 38 and reply_id = 1 ) ) AND `ui_goods_comment`.`delete_time` IS NULL LIMIT 1 [ RunTime:0.001000s ]
---------------------------------------------------------------
[ 2017-09-22T16:23:43+08:00 ] 127.0.0.3 127.0.0.1 GET /shop/seller_center/s_order.shtml
[ info ] 127.0.0.3/shop/seller_center/s_order.shtml [运行时间：0.652037s][吞吐率：1.53req/s] [内存消耗：6,220.30kb] [文件加载：70]
[ info ] [ LANG ] D:\phpStudy\WWW\adminui\frame\lang\zh-cn.php
[ info ] [ ROUTE ] array (
  'type' => 'module',
  'module' => 
  array (
    0 => 'shop',
    1 => 'seller_center',
    2 => 's_order',
  ),
)
[ info ] [ HEADER ] array (
  'cookie' => 'thinkphp_show_page_trace=0|0; PHPSESSID=85q12t6jkmpmtf9urpqbj60pa0; thinkphp_show_page_trace=0|0',
  'accept-language' => 'zh-CN,zh;q=0.8',
  'accept-encoding' => 'gzip, deflate, br',
  'referer' => 'http://127.0.0.3/shop/seller_center/manage.shtml',
  'accept' => 'text/html,application/xhtml+xml,application/xml;q=0.9,image/webp,image/apng,*/*;q=0.8',
  'user-agent' => 'Mozilla/5.0 (Windows NT 6.1; WOW64) AppleWebKit/537.36 (KHTML, like Gecko) Chrome/60.0.3112.113 Safari/537.36',
  'upgrade-insecure-requests' => '1',
  'connection' => 'close',
  'host' => '127.0.0.3',
)
[ info ] [ PARAM ] array (
)
[ info ] [ SESSION ] INIT array (
  'id' => '',
  'var_session_id' => '',
  'prefix' => '',
  'type' => '',
  'auto_start' => true,
)
[ info ] [ LANG ] D:\phpStudy\WWW\adminui/application/common/lang/shop/zh-cn.php
[ info ] [ DB ] INIT mysql
[ info ] [ SESSION ] INIT array (
  'prefix' => 'shop',
)
[ info ] [ RUN ] app\shop\controller\SellerCenter->s_order[ D:\phpStudy\WWW\adminui\application\shop\controller\SellerCenter.php ]
[ info ] [ VIEW ] D:\phpStudy\WWW\adminui/public\theme\shop\default\seller_center\s_order.html [ array (
  0 => 'module_name',
  1 => 'controller_name',
  2 => 'action_name',
  3 => 'public_path',
  4 => 'static_path',
  5 => 'web_public',
  6 => 'web_static',
  7 => 'js',
  8 => 'css',
  9 => 'img',
  10 => 'title',
  11 => 'admin_title',
  12 => 'nowpage',
  13 => 'upload',
  14 => 'public',
  15 => 'static',
  16 => 'links',
  17 => 'adv',
  18 => 'webInfo',
  19 => 'orders',
  20 => 'status',
) ]
[ info ] [ LOG ] INIT File
[ sql ] [ DB ] CONNECT:[ UseTime:0.002000s ] mysql:dbname=adminui;host=192.168.124.222;port=3306;charset=utf8
[ sql ] [ SQL ] SHOW COLUMNS FROM `ui_config` [ RunTime:0.018001s ]
[ sql ] [ SQL ] SELECT * FROM `ui_config` WHERE `ui_config`.`delete_time` IS NULL [ RunTime:0.002000s ]
[ sql ] [ SQL ] SHOW COLUMNS FROM `ui_city` [ RunTime:0.017001s ]
[ sql ] [ SQL ] SELECT * FROM `ui_city` WHERE  `pid` <> 0 [ RunTime:0.022002s ]
[ sql ] [ SQL ] SHOW COLUMNS FROM `ui_article_cate` [ RunTime:0.021002s ]
[ sql ] [ SQL ] SELECT `cate_id`,`cate_name` FROM `ui_article_cate` WHERE (  (  status = 1 and pid = 1 ) ) AND `ui_article_cate`.`delete_time` IS NULL ORDER BY cate_id asc LIMIT 6 [ RunTime:0.001000s ]
[ sql ] [ SQL ] SHOW COLUMNS FROM `ui_article` [ RunTime:0.017001s ]
[ sql ] [ SQL ] SELECT `article_title`,`href` FROM `ui_article` WHERE (  (  cate_id = 2 ) ) AND `ui_article`.`delete_time` IS NULL LIMIT 5 [ RunTime:0.002000s ]
[ sql ] [ SQL ] SELECT `article_title`,`href` FROM `ui_article` WHERE (  (  cate_id = 3 ) ) AND `ui_article`.`delete_time` IS NULL LIMIT 5 [ RunTime:0.001000s ]
[ sql ] [ SQL ] SELECT `article_title`,`href` FROM `ui_article` WHERE (  (  cate_id = 4 ) ) AND `ui_article`.`delete_time` IS NULL LIMIT 5 [ RunTime:0.002000s ]
[ sql ] [ SQL ] SELECT `article_title`,`href` FROM `ui_article` WHERE (  (  cate_id = 5 ) ) AND `ui_article`.`delete_time` IS NULL LIMIT 5 [ RunTime:0.001000s ]
[ sql ] [ SQL ] SELECT `article_title`,`href` FROM `ui_article` WHERE (  (  cate_id = 6 ) ) AND `ui_article`.`delete_time` IS NULL LIMIT 5 [ RunTime:0.001000s ]
[ sql ] [ SQL ] SELECT `article_title`,`href` FROM `ui_article` WHERE (  (  cate_id = 7 ) ) AND `ui_article`.`delete_time` IS NULL LIMIT 5 [ RunTime:0.001001s ]
[ sql ] [ SQL ] SHOW COLUMNS FROM `ui_adv` [ RunTime:0.017001s ]
[ sql ] [ SQL ] SELECT * FROM `ui_adv` WHERE (  `start_time` <= 1506068622  AND `end_time` >= 1506068622  AND (  pos_type = 'PC' ) ) AND `ui_adv`.`delete_time` IS NULL [ RunTime:0.001000s ]
[ sql ] [ SQL ] SHOW COLUMNS FROM `ui_advpos` [ RunTime:0.010001s ]
[ sql ] [ SQL ] SELECT `advpos_ename` FROM `ui_advpos` WHERE (  `advpos_id` = 8 ) AND `ui_advpos`.`delete_time` IS NULL LIMIT 1 [ RunTime:0.001000s ]
[ sql ] [ SQL ] SELECT `advpos_ename` FROM `ui_advpos` WHERE (  `advpos_id` = 8 ) AND `ui_advpos`.`delete_time` IS NULL LIMIT 1 [ RunTime:0.001000s ]
[ sql ] [ SQL ] SELECT `advpos_ename` FROM `ui_advpos` WHERE (  `advpos_id` = 8 ) AND `ui_advpos`.`delete_time` IS NULL LIMIT 1 [ RunTime:0.001000s ]
[ sql ] [ SQL ] SELECT `advpos_ename` FROM `ui_advpos` WHERE (  `advpos_id` = 8 ) AND `ui_advpos`.`delete_time` IS NULL LIMIT 1 [ RunTime:0.001000s ]
[ sql ] [ SQL ] SELECT `advpos_ename` FROM `ui_advpos` WHERE (  `advpos_id` = 8 ) AND `ui_advpos`.`delete_time` IS NULL LIMIT 1 [ RunTime:0.001000s ]
[ sql ] [ SQL ] SELECT `advpos_ename` FROM `ui_advpos` WHERE (  `advpos_id` = 9 ) AND `ui_advpos`.`delete_time` IS NULL LIMIT 1 [ RunTime:0.001000s ]
[ sql ] [ SQL ] SELECT `advpos_ename` FROM `ui_advpos` WHERE (  `advpos_id` = 9 ) AND `ui_advpos`.`delete_time` IS NULL LIMIT 1 [ RunTime:0.001000s ]
[ sql ] [ SQL ] SELECT `advpos_ename` FROM `ui_advpos` WHERE (  `advpos_id` = 9 ) AND `ui_advpos`.`delete_time` IS NULL LIMIT 1 [ RunTime:0.001000s ]
[ sql ] [ SQL ] SELECT `advpos_ename` FROM `ui_advpos` WHERE (  `advpos_id` = 10 ) AND `ui_advpos`.`delete_time` IS NULL LIMIT 1 [ RunTime:0.001000s ]
[ sql ] [ SQL ] SELECT `advpos_ename` FROM `ui_advpos` WHERE (  `advpos_id` = 12 ) AND `ui_advpos`.`delete_time` IS NULL LIMIT 1 [ RunTime:0.001001s ]
[ sql ] [ SQL ] SELECT `advpos_ename` FROM `ui_advpos` WHERE (  `advpos_id` = 14 ) AND `ui_advpos`.`delete_time` IS NULL LIMIT 1 [ RunTime:0.001000s ]
[ sql ] [ SQL ] SELECT `advpos_ename` FROM `ui_advpos` WHERE (  `advpos_id` = 15 ) AND `ui_advpos`.`delete_time` IS NULL LIMIT 1 [ RunTime:0.001000s ]
[ sql ] [ SQL ] SELECT `advpos_ename` FROM `ui_advpos` WHERE (  `advpos_id` = 16 ) AND `ui_advpos`.`delete_time` IS NULL LIMIT 1 [ RunTime:0.001000s ]
[ sql ] [ SQL ] SELECT `advpos_ename` FROM `ui_advpos` WHERE (  `advpos_id` = 8 ) AND `ui_advpos`.`delete_time` IS NULL LIMIT 1 [ RunTime:0.001000s ]
[ sql ] [ SQL ] SELECT `advpos_ename` FROM `ui_advpos` WHERE (  `advpos_id` = 11 ) AND `ui_advpos`.`delete_time` IS NULL LIMIT 1 [ RunTime:0.001000s ]
[ sql ] [ SQL ] SELECT `advpos_ename` FROM `ui_advpos` WHERE (  `advpos_id` = 2 ) AND `ui_advpos`.`delete_time` IS NULL LIMIT 1 [ RunTime:0.001000s ]
[ sql ] [ SQL ] SELECT `advpos_ename` FROM `ui_advpos` WHERE (  `advpos_id` = 2 ) AND `ui_advpos`.`delete_time` IS NULL LIMIT 1 [ RunTime:0.001000s ]
[ sql ] [ SQL ] SELECT `cate_id` FROM `ui_article_cate` WHERE (  (  cate_name = '网站备案' ) ) AND `ui_article_cate`.`delete_time` IS NULL LIMIT 1 [ RunTime:0.001000s ]
[ sql ] [ SQL ] SELECT `article_content` FROM `ui_article` WHERE (  (  cate_id = 8 ) ) AND `ui_article`.`delete_time` IS NULL LIMIT 1 [ RunTime:0.001001s ]
[ sql ] [ SQL ] SHOW COLUMNS FROM `ui_shop` [ RunTime:0.010000s ]
[ sql ] [ SQL ] SELECT `shop_id` FROM `ui_shop` WHERE (  `user_id` = 1 ) AND `ui_shop`.`delete_time` IS NULL LIMIT 1 [ RunTime:0.001000s ]
[ sql ] [ SQL ] SHOW COLUMNS FROM `ui_order` [ RunTime:0.011001s ]
[ sql ] [ SQL ] SELECT `order_id` FROM `ui_order` WHERE (  `shop_id` = 1  AND `recycle` = '1' ) AND `ui_order`.`delete_time` IS NULL [ RunTime:0.002000s ]
[ sql ] [ SQL ] SHOW COLUMNS FROM `ui_order_info` [ RunTime:0.087005s ]
[ sql ] [ SQL ] SELECT * FROM `ui_order_info` WHERE  `order_id` IN (873,876,875) [ RunTime:0.002000s ]
[ sql ] [ SQL ] SHOW COLUMNS FROM `ui_order_status` [ RunTime:0.032002s ]
[ sql ] [ SQL ] SELECT * FROM `ui_order_status` WHERE (  `status` = 1 ) AND `ui_order_status`.`delete_time` IS NULL ORDER BY `order` [ RunTime:0.002000s ]
[ sql ] [ SQL ] SELECT COUNT(*) AS tp_count FROM `ui_order` WHERE (  `shop_id` = 1  AND `recycle` = '1' ) AND `ui_order`.`delete_time` IS NULL LIMIT 1 [ RunTime:0.001000s ]
[ sql ] [ SQL ] SELECT * FROM `ui_order` WHERE (  `shop_id` = 1  AND `recycle` = '1' ) AND `ui_order`.`delete_time` IS NULL ORDER BY update_time desc LIMIT 0,1 [ RunTime:0.001000s ]
[ sql ] [ SQL ] SELECT * FROM `ui_shop` WHERE (  `shop_id` = 1 ) AND `ui_shop`.`delete_time` IS NULL LIMIT 1 [ RunTime:0.002000s ]
[ sql ] [ SQL ] SHOW COLUMNS FROM `ui_user` [ RunTime:0.009000s ]
[ sql ] [ SQL ] SELECT * FROM `ui_user` WHERE (  `user_id` = 1 ) AND `ui_user`.`delete_time` IS NULL LIMIT 1 [ RunTime:0.002000s ]
[ sql ] [ SQL ] SELECT * FROM `ui_city` WHERE  `city_id` = 18 LIMIT 1 [ RunTime:0.002001s ]
[ sql ] [ SQL ] SELECT * FROM `ui_city` WHERE  `city_id` = 214 LIMIT 1 [ RunTime:0.001000s ]
[ sql ] [ SQL ] SELECT * FROM `ui_city` WHERE  `city_id` = 2156 LIMIT 1 [ RunTime:0.002000s ]
---------------------------------------------------------------
[ 2017-09-22T16:23:57+08:00 ] 127.0.0.3 127.0.0.1 GET /shop/seller_center/index.shtml
[ info ] 127.0.0.3/shop/seller_center/index.shtml [运行时间：0.494029s][吞吐率：2.02req/s] [内存消耗：6,120.01kb] [文件加载：66]
[ info ] [ LANG ] D:\phpStudy\WWW\adminui\frame\lang\zh-cn.php
[ info ] [ ROUTE ] array (
  'type' => 'module',
  'module' => 
  array (
    0 => 'shop',
    1 => 'seller_center',
    2 => 'index',
  ),
)
[ info ] [ HEADER ] array (
  'cookie' => 'thinkphp_show_page_trace=0|0; PHPSESSID=85q12t6jkmpmtf9urpqbj60pa0; thinkphp_show_page_trace=0|0',
  'accept-language' => 'zh-CN,zh;q=0.8',
  'accept-encoding' => 'gzip, deflate, br',
  'referer' => 'http://127.0.0.3/shop/seller_center/s_order.shtml',
  'accept' => 'text/html,application/xhtml+xml,application/xml;q=0.9,image/webp,image/apng,*/*;q=0.8',
  'user-agent' => 'Mozilla/5.0 (Windows NT 6.1; WOW64) AppleWebKit/537.36 (KHTML, like Gecko) Chrome/60.0.3112.113 Safari/537.36',
  'upgrade-insecure-requests' => '1',
  'connection' => 'close',
  'host' => '127.0.0.3',
)
[ info ] [ PARAM ] array (
)
[ info ] [ SESSION ] INIT array (
  'id' => '',
  'var_session_id' => '',
  'prefix' => '',
  'type' => '',
  'auto_start' => true,
)
[ info ] [ LANG ] D:\phpStudy\WWW\adminui/application/common/lang/shop/zh-cn.php
[ info ] [ DB ] INIT mysql
[ info ] [ SESSION ] INIT array (
  'prefix' => 'shop',
)
[ info ] [ RUN ] app\shop\controller\SellerCenter->index[ D:\phpStudy\WWW\adminui\application\shop\controller\SellerCenter.php ]
[ info ] [ VIEW ] D:\phpStudy\WWW\adminui/public\theme\shop\default\seller_center\index.html [ array (
  0 => 'module_name',
  1 => 'controller_name',
  2 => 'action_name',
  3 => 'public_path',
  4 => 'static_path',
  5 => 'web_public',
  6 => 'web_static',
  7 => 'js',
  8 => 'css',
  9 => 'img',
  10 => 'title',
  11 => 'admin_title',
  12 => 'nowpage',
  13 => 'upload',
  14 => 'public',
  15 => 'static',
  16 => 'links',
  17 => 'adv',
  18 => 'webInfo',
  19 => 'shop_info',
  20 => 'recycle',
  21 => 'article',
  22 => 'order_order',
  23 => 'shop_comment',
) ]
[ info ] [ LOG ] INIT File
[ sql ] [ DB ] CONNECT:[ UseTime:0.005000s ] mysql:dbname=adminui;host=192.168.124.222;port=3306;charset=utf8
[ sql ] [ SQL ] SHOW COLUMNS FROM `ui_config` [ RunTime:0.017001s ]
[ sql ] [ SQL ] SELECT * FROM `ui_config` WHERE `ui_config`.`delete_time` IS NULL [ RunTime:0.002000s ]
[ sql ] [ SQL ] SHOW COLUMNS FROM `ui_city` [ RunTime:0.011001s ]
[ sql ] [ SQL ] SELECT * FROM `ui_city` WHERE  `pid` <> 0 [ RunTime:0.022001s ]
[ sql ] [ SQL ] SHOW COLUMNS FROM `ui_article_cate` [ RunTime:0.021001s ]
[ sql ] [ SQL ] SELECT `cate_id`,`cate_name` FROM `ui_article_cate` WHERE (  (  status = 1 and pid = 1 ) ) AND `ui_article_cate`.`delete_time` IS NULL ORDER BY cate_id asc LIMIT 6 [ RunTime:0.001000s ]
[ sql ] [ SQL ] SHOW COLUMNS FROM `ui_article` [ RunTime:0.017001s ]
[ sql ] [ SQL ] SELECT `article_title`,`href` FROM `ui_article` WHERE (  (  cate_id = 2 ) ) AND `ui_article`.`delete_time` IS NULL LIMIT 5 [ RunTime:0.001000s ]
[ sql ] [ SQL ] SELECT `article_title`,`href` FROM `ui_article` WHERE (  (  cate_id = 3 ) ) AND `ui_article`.`delete_time` IS NULL LIMIT 5 [ RunTime:0.001000s ]
[ sql ] [ SQL ] SELECT `article_title`,`href` FROM `ui_article` WHERE (  (  cate_id = 4 ) ) AND `ui_article`.`delete_time` IS NULL LIMIT 5 [ RunTime:0.001000s ]
[ sql ] [ SQL ] SELECT `article_title`,`href` FROM `ui_article` WHERE (  (  cate_id = 5 ) ) AND `ui_article`.`delete_time` IS NULL LIMIT 5 [ RunTime:0.002000s ]
[ sql ] [ SQL ] SELECT `article_title`,`href` FROM `ui_article` WHERE (  (  cate_id = 6 ) ) AND `ui_article`.`delete_time` IS NULL LIMIT 5 [ RunTime:0.002000s ]
[ sql ] [ SQL ] SELECT `article_title`,`href` FROM `ui_article` WHERE (  (  cate_id = 7 ) ) AND `ui_article`.`delete_time` IS NULL LIMIT 5 [ RunTime:0.002000s ]
[ sql ] [ SQL ] SHOW COLUMNS FROM `ui_adv` [ RunTime:0.014001s ]
[ sql ] [ SQL ] SELECT * FROM `ui_adv` WHERE (  `start_time` <= 1506068637  AND `end_time` >= 1506068637  AND (  pos_type = 'PC' ) ) AND `ui_adv`.`delete_time` IS NULL [ RunTime:0.001000s ]
[ sql ] [ SQL ] SHOW COLUMNS FROM `ui_advpos` [ RunTime:0.010000s ]
[ sql ] [ SQL ] SELECT `advpos_ename` FROM `ui_advpos` WHERE (  `advpos_id` = 8 ) AND `ui_advpos`.`delete_time` IS NULL LIMIT 1 [ RunTime:0.002000s ]
[ sql ] [ SQL ] SELECT `advpos_ename` FROM `ui_advpos` WHERE (  `advpos_id` = 8 ) AND `ui_advpos`.`delete_time` IS NULL LIMIT 1 [ RunTime:0.001000s ]
[ sql ] [ SQL ] SELECT `advpos_ename` FROM `ui_advpos` WHERE (  `advpos_id` = 8 ) AND `ui_advpos`.`delete_time` IS NULL LIMIT 1 [ RunTime:0.001001s ]
[ sql ] [ SQL ] SELECT `advpos_ename` FROM `ui_advpos` WHERE (  `advpos_id` = 8 ) AND `ui_advpos`.`delete_time` IS NULL LIMIT 1 [ RunTime:0.001000s ]
[ sql ] [ SQL ] SELECT `advpos_ename` FROM `ui_advpos` WHERE (  `advpos_id` = 8 ) AND `ui_advpos`.`delete_time` IS NULL LIMIT 1 [ RunTime:0.001000s ]
[ sql ] [ SQL ] SELECT `advpos_ename` FROM `ui_advpos` WHERE (  `advpos_id` = 9 ) AND `ui_advpos`.`delete_time` IS NULL LIMIT 1 [ RunTime:0.001000s ]
[ sql ] [ SQL ] SELECT `advpos_ename` FROM `ui_advpos` WHERE (  `advpos_id` = 9 ) AND `ui_advpos`.`delete_time` IS NULL LIMIT 1 [ RunTime:0.002000s ]
[ sql ] [ SQL ] SELECT `advpos_ename` FROM `ui_advpos` WHERE (  `advpos_id` = 9 ) AND `ui_advpos`.`delete_time` IS NULL LIMIT 1 [ RunTime:0.002000s ]
[ sql ] [ SQL ] SELECT `advpos_ename` FROM `ui_advpos` WHERE (  `advpos_id` = 10 ) AND `ui_advpos`.`delete_time` IS NULL LIMIT 1 [ RunTime:0.001000s ]
[ sql ] [ SQL ] SELECT `advpos_ename` FROM `ui_advpos` WHERE (  `advpos_id` = 12 ) AND `ui_advpos`.`delete_time` IS NULL LIMIT 1 [ RunTime:0.001000s ]
[ sql ] [ SQL ] SELECT `advpos_ename` FROM `ui_advpos` WHERE (  `advpos_id` = 14 ) AND `ui_advpos`.`delete_time` IS NULL LIMIT 1 [ RunTime:0.001000s ]
[ sql ] [ SQL ] SELECT `advpos_ename` FROM `ui_advpos` WHERE (  `advpos_id` = 15 ) AND `ui_advpos`.`delete_time` IS NULL LIMIT 1 [ RunTime:0.001001s ]
[ sql ] [ SQL ] SELECT `advpos_ename` FROM `ui_advpos` WHERE (  `advpos_id` = 16 ) AND `ui_advpos`.`delete_time` IS NULL LIMIT 1 [ RunTime:0.001000s ]
[ sql ] [ SQL ] SELECT `advpos_ename` FROM `ui_advpos` WHERE (  `advpos_id` = 8 ) AND `ui_advpos`.`delete_time` IS NULL LIMIT 1 [ RunTime:0.001000s ]
[ sql ] [ SQL ] SELECT `advpos_ename` FROM `ui_advpos` WHERE (  `advpos_id` = 11 ) AND `ui_advpos`.`delete_time` IS NULL LIMIT 1 [ RunTime:0.001000s ]
[ sql ] [ SQL ] SELECT `advpos_ename` FROM `ui_advpos` WHERE (  `advpos_id` = 2 ) AND `ui_advpos`.`delete_time` IS NULL LIMIT 1 [ RunTime:0.001000s ]
[ sql ] [ SQL ] SELECT `advpos_ename` FROM `ui_advpos` WHERE (  `advpos_id` = 2 ) AND `ui_advpos`.`delete_time` IS NULL LIMIT 1 [ RunTime:0.001000s ]
[ sql ] [ SQL ] SELECT `cate_id` FROM `ui_article_cate` WHERE (  (  cate_name = '网站备案' ) ) AND `ui_article_cate`.`delete_time` IS NULL LIMIT 1 [ RunTime:0.001000s ]
[ sql ] [ SQL ] SELECT `article_content` FROM `ui_article` WHERE (  (  cate_id = 8 ) ) AND `ui_article`.`delete_time` IS NULL LIMIT 1 [ RunTime:0.002000s ]
[ sql ] [ SQL ] SHOW COLUMNS FROM `ui_shop` [ RunTime:0.013001s ]
[ sql ] [ SQL ] SELECT COUNT(*) AS tp_count FROM `ui_shop` WHERE (  (  user_id =1 ) ) AND `ui_shop`.`delete_time` IS NULL LIMIT 1 [ RunTime:0.002000s ]
[ sql ] [ SQL ] SELECT `shop_id` FROM `ui_shop` WHERE (  `user_id` = 1 ) AND `ui_shop`.`delete_time` IS NULL LIMIT 1 [ RunTime:0.001000s ]
[ sql ] [ SQL ] SELECT * FROM `ui_shop` WHERE (  `shop_id` = 1 ) AND `ui_shop`.`delete_time` IS NULL LIMIT 1 [ RunTime:0.001000s ]
[ sql ] [ SQL ] SHOW COLUMNS FROM `ui_user` [ RunTime:0.012001s ]
[ sql ] [ SQL ] SELECT * FROM `ui_user` WHERE (  `user_id` = 1 ) AND `ui_user`.`delete_time` IS NULL LIMIT 1 [ RunTime:0.001000s ]
[ sql ] [ SQL ] SELECT * FROM `ui_city` WHERE  `city_id` = 21 LIMIT 1 [ RunTime:0.002000s ]
[ sql ] [ SQL ] SELECT * FROM `ui_city` WHERE  `city_id` = 254 LIMIT 1 [ RunTime:0.002000s ]
[ sql ] [ SQL ] SELECT * FROM `ui_city` WHERE  `city_id` = 2461 LIMIT 1 [ RunTime:0.002001s ]
[ sql ] [ SQL ] SHOW COLUMNS FROM `ui_order` [ RunTime:0.009000s ]
[ sql ] [ SQL ] SELECT `status` FROM `ui_order` WHERE (  `recycle` = '1'  AND `user_id` = 1 ) AND `ui_order`.`delete_time` IS NULL [ RunTime:0.002000s ]
[ sql ] [ SQL ] SELECT * FROM `ui_order` WHERE (  `create_time` >= 1504195200  AND `shop_id` = 1 ) AND `ui_order`.`delete_time` IS NULL [ RunTime:0.002001s ]
[ sql ] [ SQL ] SHOW COLUMNS FROM `ui_goods_comment` [ RunTime:0.009000s ]
[ sql ] [ SQL ] SELECT * FROM `ui_goods_comment` WHERE (  `create_time` >= 1504195200  AND `shop_id` = 1 ) AND `ui_goods_comment`.`delete_time` IS NULL [ RunTime:0.001000s ]
[ sql ] [ SQL ] SELECT * FROM `ui_article` WHERE (  `status` = 1 ) AND `ui_article`.`delete_time` IS NULL [ RunTime:0.003000s ]
---------------------------------------------------------------
[ 2017-09-22T16:23:58+08:00 ] 127.0.0.3 127.0.0.1 GET /shop/user_center/index.shtml
[ info ] 127.0.0.3/shop/user_center/index.shtml [运行时间：0.480028s][吞吐率：2.08req/s] [内存消耗：5,590.45kb] [文件加载：58]
[ info ] [ LANG ] D:\phpStudy\WWW\adminui\frame\lang\zh-cn.php
[ info ] [ ROUTE ] array (
  'type' => 'module',
  'module' => 
  array (
    0 => 'shop',
    1 => 'user_center',
    2 => 'index',
  ),
)
[ info ] [ HEADER ] array (
  'cookie' => 'PHPSESSID=85q12t6jkmpmtf9urpqbj60pa0; thinkphp_show_page_trace=0|0',
  'accept-language' => 'zh-CN,zh;q=0.8',
  'accept-encoding' => 'gzip, deflate, br',
  'referer' => 'http://127.0.0.3/shop/seller_center/index.shtml',
  'accept' => 'text/html,application/xhtml+xml,application/xml;q=0.9,image/webp,image/apng,*/*;q=0.8',
  'user-agent' => 'Mozilla/5.0 (Windows NT 6.1; WOW64) AppleWebKit/537.36 (KHTML, like Gecko) Chrome/60.0.3112.113 Safari/537.36',
  'upgrade-insecure-requests' => '1',
  'connection' => 'close',
  'host' => '127.0.0.3',
)
[ info ] [ PARAM ] array (
)
[ info ] [ SESSION ] INIT array (
  'id' => '',
  'var_session_id' => '',
  'prefix' => '',
  'type' => '',
  'auto_start' => true,
)
[ info ] [ LANG ] D:\phpStudy\WWW\adminui/application/common/lang/shop/zh-cn.php
[ info ] [ DB ] INIT mysql
[ info ] [ SESSION ] INIT array (
  'prefix' => 'shop',
)
[ info ] [ RUN ] app\shop\controller\UserCenter->index[ D:\phpStudy\WWW\adminui\application\shop\controller\UserCenter.php ]
[ info ] [ LOG ] INIT File
[ sql ] [ DB ] CONNECT:[ UseTime:0.010000s ] mysql:dbname=adminui;host=192.168.124.222;port=3306;charset=utf8
[ sql ] [ SQL ] SHOW COLUMNS FROM `ui_config` [ RunTime:0.017001s ]
[ sql ] [ SQL ] SELECT * FROM `ui_config` WHERE `ui_config`.`delete_time` IS NULL [ RunTime:0.002000s ]
[ sql ] [ SQL ] SHOW COLUMNS FROM `ui_city` [ RunTime:0.018001s ]
[ sql ] [ SQL ] SELECT * FROM `ui_city` WHERE  `pid` <> 0 [ RunTime:0.022001s ]
[ sql ] [ SQL ] SHOW COLUMNS FROM `ui_article_cate` [ RunTime:0.021002s ]
[ sql ] [ SQL ] SELECT `cate_id`,`cate_name` FROM `ui_article_cate` WHERE (  (  status = 1 and pid = 1 ) ) AND `ui_article_cate`.`delete_time` IS NULL ORDER BY cate_id asc LIMIT 6 [ RunTime:0.001000s ]
[ sql ] [ SQL ] SHOW COLUMNS FROM `ui_article` [ RunTime:0.017001s ]
[ sql ] [ SQL ] SELECT `article_title`,`href` FROM `ui_article` WHERE (  (  cate_id = 2 ) ) AND `ui_article`.`delete_time` IS NULL LIMIT 5 [ RunTime:0.001000s ]
[ sql ] [ SQL ] SELECT `article_title`,`href` FROM `ui_article` WHERE (  (  cate_id = 3 ) ) AND `ui_article`.`delete_time` IS NULL LIMIT 5 [ RunTime:0.001000s ]
[ sql ] [ SQL ] SELECT `article_title`,`href` FROM `ui_article` WHERE (  (  cate_id = 4 ) ) AND `ui_article`.`delete_time` IS NULL LIMIT 5 [ RunTime:0.001000s ]
[ sql ] [ SQL ] SELECT `article_title`,`href` FROM `ui_article` WHERE (  (  cate_id = 5 ) ) AND `ui_article`.`delete_time` IS NULL LIMIT 5 [ RunTime:0.001000s ]
[ sql ] [ SQL ] SELECT `article_title`,`href` FROM `ui_article` WHERE (  (  cate_id = 6 ) ) AND `ui_article`.`delete_time` IS NULL LIMIT 5 [ RunTime:0.001000s ]
[ sql ] [ SQL ] SELECT `article_title`,`href` FROM `ui_article` WHERE (  (  cate_id = 7 ) ) AND `ui_article`.`delete_time` IS NULL LIMIT 5 [ RunTime:0.001000s ]
[ sql ] [ SQL ] SHOW COLUMNS FROM `ui_adv` [ RunTime:0.017001s ]
[ sql ] [ SQL ] SELECT * FROM `ui_adv` WHERE (  `start_time` <= 1506068638  AND `end_time` >= 1506068638  AND (  pos_type = 'PC' ) ) AND `ui_adv`.`delete_time` IS NULL [ RunTime:0.001000s ]
[ sql ] [ SQL ] SHOW COLUMNS FROM `ui_advpos` [ RunTime:0.009000s ]
[ sql ] [ SQL ] SELECT `advpos_ename` FROM `ui_advpos` WHERE (  `advpos_id` = 8 ) AND `ui_advpos`.`delete_time` IS NULL LIMIT 1 [ RunTime:0.001001s ]
[ sql ] [ SQL ] SELECT `advpos_ename` FROM `ui_advpos` WHERE (  `advpos_id` = 8 ) AND `ui_advpos`.`delete_time` IS NULL LIMIT 1 [ RunTime:0.002000s ]
[ sql ] [ SQL ] SELECT `advpos_ename` FROM `ui_advpos` WHERE (  `advpos_id` = 8 ) AND `ui_advpos`.`delete_time` IS NULL LIMIT 1 [ RunTime:0.002000s ]
[ sql ] [ SQL ] SELECT `advpos_ename` FROM `ui_advpos` WHERE (  `advpos_id` = 8 ) AND `ui_advpos`.`delete_time` IS NULL LIMIT 1 [ RunTime:0.001000s ]
[ sql ] [ SQL ] SELECT `advpos_ename` FROM `ui_advpos` WHERE (  `advpos_id` = 8 ) AND `ui_advpos`.`delete_time` IS NULL LIMIT 1 [ RunTime:0.002000s ]
[ sql ] [ SQL ] SELECT `advpos_ename` FROM `ui_advpos` WHERE (  `advpos_id` = 9 ) AND `ui_advpos`.`delete_time` IS NULL LIMIT 1 [ RunTime:0.001000s ]
[ sql ] [ SQL ] SELECT `advpos_ename` FROM `ui_advpos` WHERE (  `advpos_id` = 9 ) AND `ui_advpos`.`delete_time` IS NULL LIMIT 1 [ RunTime:0.001000s ]
[ sql ] [ SQL ] SELECT `advpos_ename` FROM `ui_advpos` WHERE (  `advpos_id` = 9 ) AND `ui_advpos`.`delete_time` IS NULL LIMIT 1 [ RunTime:0.001001s ]
[ sql ] [ SQL ] SELECT `advpos_ename` FROM `ui_advpos` WHERE (  `advpos_id` = 10 ) AND `ui_advpos`.`delete_time` IS NULL LIMIT 1 [ RunTime:0.001000s ]
[ sql ] [ SQL ] SELECT `advpos_ename` FROM `ui_advpos` WHERE (  `advpos_id` = 12 ) AND `ui_advpos`.`delete_time` IS NULL LIMIT 1 [ RunTime:0.001000s ]
[ sql ] [ SQL ] SELECT `advpos_ename` FROM `ui_advpos` WHERE (  `advpos_id` = 14 ) AND `ui_advpos`.`delete_time` IS NULL LIMIT 1 [ RunTime:0.000000s ]
[ sql ] [ SQL ] SELECT `advpos_ename` FROM `ui_advpos` WHERE (  `advpos_id` = 15 ) AND `ui_advpos`.`delete_time` IS NULL LIMIT 1 [ RunTime:0.001000s ]
[ sql ] [ SQL ] SELECT `advpos_ename` FROM `ui_advpos` WHERE (  `advpos_id` = 16 ) AND `ui_advpos`.`delete_time` IS NULL LIMIT 1 [ RunTime:0.001000s ]
[ sql ] [ SQL ] SELECT `advpos_ename` FROM `ui_advpos` WHERE (  `advpos_id` = 8 ) AND `ui_advpos`.`delete_time` IS NULL LIMIT 1 [ RunTime:0.001000s ]
[ sql ] [ SQL ] SELECT `advpos_ename` FROM `ui_advpos` WHERE (  `advpos_id` = 11 ) AND `ui_advpos`.`delete_time` IS NULL LIMIT 1 [ RunTime:0.002000s ]
[ sql ] [ SQL ] SELECT `advpos_ename` FROM `ui_advpos` WHERE (  `advpos_id` = 2 ) AND `ui_advpos`.`delete_time` IS NULL LIMIT 1 [ RunTime:0.003000s ]
[ sql ] [ SQL ] SELECT `advpos_ename` FROM `ui_advpos` WHERE (  `advpos_id` = 2 ) AND `ui_advpos`.`delete_time` IS NULL LIMIT 1 [ RunTime:0.001001s ]
[ sql ] [ SQL ] SELECT `cate_id` FROM `ui_article_cate` WHERE (  (  cate_name = '网站备案' ) ) AND `ui_article_cate`.`delete_time` IS NULL LIMIT 1 [ RunTime:0.001000s ]
[ sql ] [ SQL ] SELECT `article_content` FROM `ui_article` WHERE (  (  cate_id = 8 ) ) AND `ui_article`.`delete_time` IS NULL LIMIT 1 [ RunTime:0.001000s ]
---------------------------------------------------------------
[ 2017-09-22T16:23:59+08:00 ] 127.0.0.3 127.0.0.1 GET /shop/user_center/u_order.shtml
[ info ] 127.0.0.3/shop/user_center/u_order.shtml [运行时间：0.588033s][吞吐率：1.70req/s] [内存消耗：6,187.95kb] [文件加载：69]
[ info ] [ LANG ] D:\phpStudy\WWW\adminui\frame\lang\zh-cn.php
[ info ] [ ROUTE ] array (
  'type' => 'module',
  'module' => 
  array (
    0 => 'shop',
    1 => 'user_center',
    2 => 'u_order',
  ),
)
[ info ] [ HEADER ] array (
  'cookie' => 'PHPSESSID=85q12t6jkmpmtf9urpqbj60pa0; thinkphp_show_page_trace=0|0',
  'accept-language' => 'zh-CN,zh;q=0.8',
  'accept-encoding' => 'gzip, deflate, br',
  'referer' => 'http://127.0.0.3/shop/seller_center/index.shtml',
  'accept' => 'text/html,application/xhtml+xml,application/xml;q=0.9,image/webp,image/apng,*/*;q=0.8',
  'user-agent' => 'Mozilla/5.0 (Windows NT 6.1; WOW64) AppleWebKit/537.36 (KHTML, like Gecko) Chrome/60.0.3112.113 Safari/537.36',
  'upgrade-insecure-requests' => '1',
  'connection' => 'close',
  'host' => '127.0.0.3',
)
[ info ] [ PARAM ] array (
)
[ info ] [ SESSION ] INIT array (
  'id' => '',
  'var_session_id' => '',
  'prefix' => '',
  'type' => '',
  'auto_start' => true,
)
[ info ] [ LANG ] D:\phpStudy\WWW\adminui/application/common/lang/shop/zh-cn.php
[ info ] [ DB ] INIT mysql
[ info ] [ SESSION ] INIT array (
  'prefix' => 'shop',
)
[ info ] [ RUN ] app\shop\controller\UserCenter->u_order[ D:\phpStudy\WWW\adminui\application\shop\controller\UserCenter.php ]
[ info ] [ VIEW ] D:\phpStudy\WWW\adminui/public\theme\shop\default\user_center\u_order.html [ array (
  0 => 'module_name',
  1 => 'controller_name',
  2 => 'action_name',
  3 => 'public_path',
  4 => 'static_path',
  5 => 'web_public',
  6 => 'web_static',
  7 => 'js',
  8 => 'css',
  9 => 'img',
  10 => 'title',
  11 => 'admin_title',
  12 => 'nowpage',
  13 => 'upload',
  14 => 'public',
  15 => 'static',
  16 => 'links',
  17 => 'adv',
  18 => 'webInfo',
  19 => 'orders',
  20 => 'id',
  21 => 'recycle',
) ]
[ info ] [ LOG ] INIT File
[ sql ] [ DB ] CONNECT:[ UseTime:0.010000s ] mysql:dbname=adminui;host=192.168.124.222;port=3306;charset=utf8
[ sql ] [ SQL ] SHOW COLUMNS FROM `ui_config` [ RunTime:0.022001s ]
[ sql ] [ SQL ] SELECT * FROM `ui_config` WHERE `ui_config`.`delete_time` IS NULL [ RunTime:0.002000s ]
[ sql ] [ SQL ] SHOW COLUMNS FROM `ui_city` [ RunTime:0.025001s ]
[ sql ] [ SQL ] SELECT * FROM `ui_city` WHERE  `pid` <> 0 [ RunTime:0.023001s ]
[ sql ] [ SQL ] SHOW COLUMNS FROM `ui_article_cate` [ RunTime:0.014000s ]
[ sql ] [ SQL ] SELECT `cate_id`,`cate_name` FROM `ui_article_cate` WHERE (  (  status = 1 and pid = 1 ) ) AND `ui_article_cate`.`delete_time` IS NULL ORDER BY cate_id asc LIMIT 6 [ RunTime:0.001000s ]
[ sql ] [ SQL ] SHOW COLUMNS FROM `ui_article` [ RunTime:0.014001s ]
[ sql ] [ SQL ] SELECT `article_title`,`href` FROM `ui_article` WHERE (  (  cate_id = 2 ) ) AND `ui_article`.`delete_time` IS NULL LIMIT 5 [ RunTime:0.002000s ]
[ sql ] [ SQL ] SELECT `article_title`,`href` FROM `ui_article` WHERE (  (  cate_id = 3 ) ) AND `ui_article`.`delete_time` IS NULL LIMIT 5 [ RunTime:0.003000s ]
[ sql ] [ SQL ] SELECT `article_title`,`href` FROM `ui_article` WHERE (  (  cate_id = 4 ) ) AND `ui_article`.`delete_time` IS NULL LIMIT 5 [ RunTime:0.003000s ]
[ sql ] [ SQL ] SELECT `article_title`,`href` FROM `ui_article` WHERE (  (  cate_id = 5 ) ) AND `ui_article`.`delete_time` IS NULL LIMIT 5 [ RunTime:0.003000s ]
[ sql ] [ SQL ] SELECT `article_title`,`href` FROM `ui_article` WHERE (  (  cate_id = 6 ) ) AND `ui_article`.`delete_time` IS NULL LIMIT 5 [ RunTime:0.003000s ]
[ sql ] [ SQL ] SELECT `article_title`,`href` FROM `ui_article` WHERE (  (  cate_id = 7 ) ) AND `ui_article`.`delete_time` IS NULL LIMIT 5 [ RunTime:0.002000s ]
[ sql ] [ SQL ] SHOW COLUMNS FROM `ui_adv` [ RunTime:0.013000s ]
[ sql ] [ SQL ] SELECT * FROM `ui_adv` WHERE (  `start_time` <= 1506068639  AND `end_time` >= 1506068639  AND (  pos_type = 'PC' ) ) AND `ui_adv`.`delete_time` IS NULL [ RunTime:0.003000s ]
[ sql ] [ SQL ] SHOW COLUMNS FROM `ui_advpos` [ RunTime:0.013000s ]
[ sql ] [ SQL ] SELECT `advpos_ename` FROM `ui_advpos` WHERE (  `advpos_id` = 8 ) AND `ui_advpos`.`delete_time` IS NULL LIMIT 1 [ RunTime:0.002001s ]
[ sql ] [ SQL ] SELECT `advpos_ename` FROM `ui_advpos` WHERE (  `advpos_id` = 8 ) AND `ui_advpos`.`delete_time` IS NULL LIMIT 1 [ RunTime:0.002000s ]
[ sql ] [ SQL ] SELECT `advpos_ename` FROM `ui_advpos` WHERE (  `advpos_id` = 8 ) AND `ui_advpos`.`delete_time` IS NULL LIMIT 1 [ RunTime:0.001000s ]
[ sql ] [ SQL ] SELECT `advpos_ename` FROM `ui_advpos` WHERE (  `advpos_id` = 8 ) AND `ui_advpos`.`delete_time` IS NULL LIMIT 1 [ RunTime:0.001000s ]
[ sql ] [ SQL ] SELECT `advpos_ename` FROM `ui_advpos` WHERE (  `advpos_id` = 8 ) AND `ui_advpos`.`delete_time` IS NULL LIMIT 1 [ RunTime:0.002000s ]
[ sql ] [ SQL ] SELECT `advpos_ename` FROM `ui_advpos` WHERE (  `advpos_id` = 9 ) AND `ui_advpos`.`delete_time` IS NULL LIMIT 1 [ RunTime:0.003000s ]
[ sql ] [ SQL ] SELECT `advpos_ename` FROM `ui_advpos` WHERE (  `advpos_id` = 9 ) AND `ui_advpos`.`delete_time` IS NULL LIMIT 1 [ RunTime:0.002000s ]
[ sql ] [ SQL ] SELECT `advpos_ename` FROM `ui_advpos` WHERE (  `advpos_id` = 9 ) AND `ui_advpos`.`delete_time` IS NULL LIMIT 1 [ RunTime:0.001000s ]
[ sql ] [ SQL ] SELECT `advpos_ename` FROM `ui_advpos` WHERE (  `advpos_id` = 10 ) AND `ui_advpos`.`delete_time` IS NULL LIMIT 1 [ RunTime:0.001000s ]
[ sql ] [ SQL ] SELECT `advpos_ename` FROM `ui_advpos` WHERE (  `advpos_id` = 12 ) AND `ui_advpos`.`delete_time` IS NULL LIMIT 1 [ RunTime:0.001000s ]
[ sql ] [ SQL ] SELECT `advpos_ename` FROM `ui_advpos` WHERE (  `advpos_id` = 14 ) AND `ui_advpos`.`delete_time` IS NULL LIMIT 1 [ RunTime:0.001000s ]
[ sql ] [ SQL ] SELECT `advpos_ename` FROM `ui_advpos` WHERE (  `advpos_id` = 15 ) AND `ui_advpos`.`delete_time` IS NULL LIMIT 1 [ RunTime:0.001000s ]
[ sql ] [ SQL ] SELECT `advpos_ename` FROM `ui_advpos` WHERE (  `advpos_id` = 16 ) AND `ui_advpos`.`delete_time` IS NULL LIMIT 1 [ RunTime:0.001000s ]
[ sql ] [ SQL ] SELECT `advpos_ename` FROM `ui_advpos` WHERE (  `advpos_id` = 8 ) AND `ui_advpos`.`delete_time` IS NULL LIMIT 1 [ RunTime:0.001000s ]
[ sql ] [ SQL ] SELECT `advpos_ename` FROM `ui_advpos` WHERE (  `advpos_id` = 11 ) AND `ui_advpos`.`delete_time` IS NULL LIMIT 1 [ RunTime:0.002000s ]
[ sql ] [ SQL ] SELECT `advpos_ename` FROM `ui_advpos` WHERE (  `advpos_id` = 2 ) AND `ui_advpos`.`delete_time` IS NULL LIMIT 1 [ RunTime:0.002000s ]
[ sql ] [ SQL ] SELECT `advpos_ename` FROM `ui_advpos` WHERE (  `advpos_id` = 2 ) AND `ui_advpos`.`delete_time` IS NULL LIMIT 1 [ RunTime:0.001000s ]
[ sql ] [ SQL ] SELECT `cate_id` FROM `ui_article_cate` WHERE (  (  cate_name = '网站备案' ) ) AND `ui_article_cate`.`delete_time` IS NULL LIMIT 1 [ RunTime:0.001001s ]
[ sql ] [ SQL ] SELECT `article_content` FROM `ui_article` WHERE (  (  cate_id = 8 ) ) AND `ui_article`.`delete_time` IS NULL LIMIT 1 [ RunTime:0.001000s ]
[ sql ] [ SQL ] SHOW COLUMNS FROM `ui_order` [ RunTime:0.017001s ]
[ sql ] [ SQL ] SELECT `status` FROM `ui_order` WHERE (  `recycle` = '1'  AND `user_id` = 1 ) AND `ui_order`.`delete_time` IS NULL [ RunTime:0.001000s ]
[ sql ] [ SQL ] SELECT `order_id` FROM `ui_order` WHERE (  `user_id` = 1  AND `recycle` = '1' ) AND `ui_order`.`delete_time` IS NULL [ RunTime:0.001000s ]
[ sql ] [ SQL ] SHOW COLUMNS FROM `ui_order_info` [ RunTime:0.017001s ]
[ sql ] [ SQL ] SELECT * FROM `ui_order_info` WHERE  `order_id` IN (873,876,875) [ RunTime:0.001000s ]
[ sql ] [ SQL ] SELECT COUNT(*) AS tp_count FROM `ui_order` WHERE (  `user_id` = 1  AND `recycle` = '1' ) AND `ui_order`.`delete_time` IS NULL LIMIT 1 [ RunTime:0.001000s ]
[ sql ] [ SQL ] SELECT * FROM `ui_order` WHERE (  `user_id` = 1  AND `recycle` = '1' ) AND `ui_order`.`delete_time` IS NULL ORDER BY update_time desc LIMIT 0,1 [ RunTime:0.001000s ]
[ sql ] [ SQL ] SHOW COLUMNS FROM `ui_shop` [ RunTime:0.017001s ]
[ sql ] [ SQL ] SELECT * FROM `ui_shop` WHERE (  `shop_id` = 1 ) AND `ui_shop`.`delete_time` IS NULL LIMIT 1 [ RunTime:0.001000s ]
[ sql ] [ SQL ] SHOW COLUMNS FROM `ui_user` [ RunTime:0.010000s ]
[ sql ] [ SQL ] SELECT * FROM `ui_user` WHERE (  `user_id` = 1 ) AND `ui_user`.`delete_time` IS NULL LIMIT 1 [ RunTime:0.001000s ]
[ sql ] [ SQL ] SELECT * FROM `ui_city` WHERE  `city_id` = 18 LIMIT 1 [ RunTime:0.001000s ]
[ sql ] [ SQL ] SELECT * FROM `ui_city` WHERE  `city_id` = 214 LIMIT 1 [ RunTime:0.001000s ]
[ sql ] [ SQL ] SELECT * FROM `ui_city` WHERE  `city_id` = 2156 LIMIT 1 [ RunTime:0.001000s ]
---------------------------------------------------------------
[ 2017-09-22T16:24:03+08:00 ] 127.0.0.3 127.0.0.1 GET /shop/user_center/u_order.shtml
[ info ] 127.0.0.3/shop/user_center/u_order.shtml [运行时间：0.518029s][吞吐率：1.93req/s] [内存消耗：6,187.91kb] [文件加载：69]
[ info ] [ LANG ] D:\phpStudy\WWW\adminui\frame\lang\zh-cn.php
[ info ] [ ROUTE ] array (
  'type' => 'module',
  'module' => 
  array (
    0 => 'shop',
    1 => 'user_center',
    2 => 'u_order',
  ),
)
[ info ] [ HEADER ] array (
  'cookie' => 'thinkphp_show_page_trace=0|0; PHPSESSID=85q12t6jkmpmtf9urpqbj60pa0; thinkphp_show_page_trace=0|0',
  'accept-language' => 'zh-CN,zh;q=0.8',
  'accept-encoding' => 'gzip, deflate, br',
  'referer' => 'http://127.0.0.3/shop/user_center/u_order.shtml',
  'accept' => 'text/html,application/xhtml+xml,application/xml;q=0.9,image/webp,image/apng,*/*;q=0.8',
  'user-agent' => 'Mozilla/5.0 (Windows NT 6.1; WOW64) AppleWebKit/537.36 (KHTML, like Gecko) Chrome/60.0.3112.113 Safari/537.36',
  'upgrade-insecure-requests' => '1',
  'connection' => 'close',
  'host' => '127.0.0.3',
)
[ info ] [ PARAM ] array (
)
[ info ] [ SESSION ] INIT array (
  'id' => '',
  'var_session_id' => '',
  'prefix' => '',
  'type' => '',
  'auto_start' => true,
)
[ info ] [ LANG ] D:\phpStudy\WWW\adminui/application/common/lang/shop/zh-cn.php
[ info ] [ DB ] INIT mysql
[ info ] [ SESSION ] INIT array (
  'prefix' => 'shop',
)
[ info ] [ RUN ] app\shop\controller\UserCenter->u_order[ D:\phpStudy\WWW\adminui\application\shop\controller\UserCenter.php ]
[ info ] [ VIEW ] D:\phpStudy\WWW\adminui/public\theme\shop\default\user_center\u_order.html [ array (
  0 => 'module_name',
  1 => 'controller_name',
  2 => 'action_name',
  3 => 'public_path',
  4 => 'static_path',
  5 => 'web_public',
  6 => 'web_static',
  7 => 'js',
  8 => 'css',
  9 => 'img',
  10 => 'title',
  11 => 'admin_title',
  12 => 'nowpage',
  13 => 'upload',
  14 => 'public',
  15 => 'static',
  16 => 'links',
  17 => 'adv',
  18 => 'webInfo',
  19 => 'orders',
  20 => 'id',
  21 => 'recycle',
) ]
[ info ] [ LOG ] INIT File
[ sql ] [ DB ] CONNECT:[ UseTime:0.002000s ] mysql:dbname=adminui;host=192.168.124.222;port=3306;charset=utf8
[ sql ] [ SQL ] SHOW COLUMNS FROM `ui_config` [ RunTime:0.026002s ]
[ sql ] [ SQL ] SELECT * FROM `ui_config` WHERE `ui_config`.`delete_time` IS NULL [ RunTime:0.002000s ]
[ sql ] [ SQL ] SHOW COLUMNS FROM `ui_city` [ RunTime:0.015001s ]
[ sql ] [ SQL ] SELECT * FROM `ui_city` WHERE  `pid` <> 0 [ RunTime:0.021001s ]
[ sql ] [ SQL ] SHOW COLUMNS FROM `ui_article_cate` [ RunTime:0.017001s ]
[ sql ] [ SQL ] SELECT `cate_id`,`cate_name` FROM `ui_article_cate` WHERE (  (  status = 1 and pid = 1 ) ) AND `ui_article_cate`.`delete_time` IS NULL ORDER BY cate_id asc LIMIT 6 [ RunTime:0.001000s ]
[ sql ] [ SQL ] SHOW COLUMNS FROM `ui_article` [ RunTime:0.018001s ]
[ sql ] [ SQL ] SELECT `article_title`,`href` FROM `ui_article` WHERE (  (  cate_id = 2 ) ) AND `ui_article`.`delete_time` IS NULL LIMIT 5 [ RunTime:0.001000s ]
[ sql ] [ SQL ] SELECT `article_title`,`href` FROM `ui_article` WHERE (  (  cate_id = 3 ) ) AND `ui_article`.`delete_time` IS NULL LIMIT 5 [ RunTime:0.001000s ]
[ sql ] [ SQL ] SELECT `article_title`,`href` FROM `ui_article` WHERE (  (  cate_id = 4 ) ) AND `ui_article`.`delete_time` IS NULL LIMIT 5 [ RunTime:0.001000s ]
[ sql ] [ SQL ] SELECT `article_title`,`href` FROM `ui_article` WHERE (  (  cate_id = 5 ) ) AND `ui_article`.`delete_time` IS NULL LIMIT 5 [ RunTime:0.001000s ]
[ sql ] [ SQL ] SELECT `article_title`,`href` FROM `ui_article` WHERE (  (  cate_id = 6 ) ) AND `ui_article`.`delete_time` IS NULL LIMIT 5 [ RunTime:0.002001s ]
[ sql ] [ SQL ] SELECT `article_title`,`href` FROM `ui_article` WHERE (  (  cate_id = 7 ) ) AND `ui_article`.`delete_time` IS NULL LIMIT 5 [ RunTime:0.001000s ]
[ sql ] [ SQL ] SHOW COLUMNS FROM `ui_adv` [ RunTime:0.017001s ]
[ sql ] [ SQL ] SELECT * FROM `ui_adv` WHERE (  `start_time` <= 1506068643  AND `end_time` >= 1506068643  AND (  pos_type = 'PC' ) ) AND `ui_adv`.`delete_time` IS NULL [ RunTime:0.001000s ]
[ sql ] [ SQL ] SHOW COLUMNS FROM `ui_advpos` [ RunTime:0.011001s ]
[ sql ] [ SQL ] SELECT `advpos_ename` FROM `ui_advpos` WHERE (  `advpos_id` = 8 ) AND `ui_advpos`.`delete_time` IS NULL LIMIT 1 [ RunTime:0.001000s ]
[ sql ] [ SQL ] SELECT `advpos_ename` FROM `ui_advpos` WHERE (  `advpos_id` = 8 ) AND `ui_advpos`.`delete_time` IS NULL LIMIT 1 [ RunTime:0.001000s ]
[ sql ] [ SQL ] SELECT `advpos_ename` FROM `ui_advpos` WHERE (  `advpos_id` = 8 ) AND `ui_advpos`.`delete_time` IS NULL LIMIT 1 [ RunTime:0.002000s ]
[ sql ] [ SQL ] SELECT `advpos_ename` FROM `ui_advpos` WHERE (  `advpos_id` = 8 ) AND `ui_advpos`.`delete_time` IS NULL LIMIT 1 [ RunTime:0.001000s ]
[ sql ] [ SQL ] SELECT `advpos_ename` FROM `ui_advpos` WHERE (  `advpos_id` = 8 ) AND `ui_advpos`.`delete_time` IS NULL LIMIT 1 [ RunTime:0.001000s ]
[ sql ] [ SQL ] SELECT `advpos_ename` FROM `ui_advpos` WHERE (  `advpos_id` = 9 ) AND `ui_advpos`.`delete_time` IS NULL LIMIT 1 [ RunTime:0.001000s ]
[ sql ] [ SQL ] SELECT `advpos_ename` FROM `ui_advpos` WHERE (  `advpos_id` = 9 ) AND `ui_advpos`.`delete_time` IS NULL LIMIT 1 [ RunTime:0.001000s ]
[ sql ] [ SQL ] SELECT `advpos_ename` FROM `ui_advpos` WHERE (  `advpos_id` = 9 ) AND `ui_advpos`.`delete_time` IS NULL LIMIT 1 [ RunTime:0.001001s ]
[ sql ] [ SQL ] SELECT `advpos_ename` FROM `ui_advpos` WHERE (  `advpos_id` = 10 ) AND `ui_advpos`.`delete_time` IS NULL LIMIT 1 [ RunTime:0.002000s ]
[ sql ] [ SQL ] SELECT `advpos_ename` FROM `ui_advpos` WHERE (  `advpos_id` = 12 ) AND `ui_advpos`.`delete_time` IS NULL LIMIT 1 [ RunTime:0.001000s ]
[ sql ] [ SQL ] SELECT `advpos_ename` FROM `ui_advpos` WHERE (  `advpos_id` = 14 ) AND `ui_advpos`.`delete_time` IS NULL LIMIT 1 [ RunTime:0.001000s ]
[ sql ] [ SQL ] SELECT `advpos_ename` FROM `ui_advpos` WHERE (  `advpos_id` = 15 ) AND `ui_advpos`.`delete_time` IS NULL LIMIT 1 [ RunTime:0.001000s ]
[ sql ] [ SQL ] SELECT `advpos_ename` FROM `ui_advpos` WHERE (  `advpos_id` = 16 ) AND `ui_advpos`.`delete_time` IS NULL LIMIT 1 [ RunTime:0.001000s ]
[ sql ] [ SQL ] SELECT `advpos_ename` FROM `ui_advpos` WHERE (  `advpos_id` = 8 ) AND `ui_advpos`.`delete_time` IS NULL LIMIT 1 [ RunTime:0.001000s ]
[ sql ] [ SQL ] SELECT `advpos_ename` FROM `ui_advpos` WHERE (  `advpos_id` = 11 ) AND `ui_advpos`.`delete_time` IS NULL LIMIT 1 [ RunTime:0.001000s ]
[ sql ] [ SQL ] SELECT `advpos_ename` FROM `ui_advpos` WHERE (  `advpos_id` = 2 ) AND `ui_advpos`.`delete_time` IS NULL LIMIT 1 [ RunTime:0.001000s ]
[ sql ] [ SQL ] SELECT `advpos_ename` FROM `ui_advpos` WHERE (  `advpos_id` = 2 ) AND `ui_advpos`.`delete_time` IS NULL LIMIT 1 [ RunTime:0.001000s ]
[ sql ] [ SQL ] SELECT `cate_id` FROM `ui_article_cate` WHERE (  (  cate_name = '网站备案' ) ) AND `ui_article_cate`.`delete_time` IS NULL LIMIT 1 [ RunTime:0.001000s ]
[ sql ] [ SQL ] SELECT `article_content` FROM `ui_article` WHERE (  (  cate_id = 8 ) ) AND `ui_article`.`delete_time` IS NULL LIMIT 1 [ RunTime:0.001000s ]
[ sql ] [ SQL ] SHOW COLUMNS FROM `ui_order` [ RunTime:0.010000s ]
[ sql ] [ SQL ] SELECT `status` FROM `ui_order` WHERE (  `recycle` = '1'  AND `user_id` = 1 ) AND `ui_order`.`delete_time` IS NULL [ RunTime:0.002001s ]
[ sql ] [ SQL ] SELECT `order_id` FROM `ui_order` WHERE (  `user_id` = 1  AND `recycle` = '1' ) AND `ui_order`.`delete_time` IS NULL [ RunTime:0.001000s ]
[ sql ] [ SQL ] SHOW COLUMNS FROM `ui_order_info` [ RunTime:0.009000s ]
[ sql ] [ SQL ] SELECT * FROM `ui_order_info` WHERE  `order_id` IN (873,876,875) [ RunTime:0.002000s ]
[ sql ] [ SQL ] SELECT COUNT(*) AS tp_count FROM `ui_order` WHERE (  `user_id` = 1  AND `recycle` = '1' ) AND `ui_order`.`delete_time` IS NULL LIMIT 1 [ RunTime:0.001000s ]
[ sql ] [ SQL ] SELECT * FROM `ui_order` WHERE (  `user_id` = 1  AND `recycle` = '1' ) AND `ui_order`.`delete_time` IS NULL ORDER BY update_time desc LIMIT 0,1 [ RunTime:0.001000s ]
[ sql ] [ SQL ] SHOW COLUMNS FROM `ui_shop` [ RunTime:0.009000s ]
[ sql ] [ SQL ] SELECT * FROM `ui_shop` WHERE (  `shop_id` = 1 ) AND `ui_shop`.`delete_time` IS NULL LIMIT 1 [ RunTime:0.002001s ]
[ sql ] [ SQL ] SHOW COLUMNS FROM `ui_user` [ RunTime:0.009000s ]
[ sql ] [ SQL ] SELECT * FROM `ui_user` WHERE (  `user_id` = 1 ) AND `ui_user`.`delete_time` IS NULL LIMIT 1 [ RunTime:0.002000s ]
[ sql ] [ SQL ] SELECT * FROM `ui_city` WHERE  `city_id` = 18 LIMIT 1 [ RunTime:0.002000s ]
[ sql ] [ SQL ] SELECT * FROM `ui_city` WHERE  `city_id` = 214 LIMIT 1 [ RunTime:0.001001s ]
[ sql ] [ SQL ] SELECT * FROM `ui_city` WHERE  `city_id` = 2156 LIMIT 1 [ RunTime:0.001000s ]
