---------------------------------------------------------------
[ 2017-09-29T17:53:01+08:00 ] 127.0.0.3 127.0.0.1 GET /
[ info ] 127.0.0.3/ [运行时间：1.469084s][吞吐率：0.68req/s] [内存消耗：5,646.24kb] [文件加载：68]
[ info ] [ LANG ] D:\phpStudy\WWW\adminui\frame\lang\zh-cn.php
[ info ] [ ROUTE ] array (
  'type' => 'module',
  'module' => 
  array (
    0 => '',
    1 => NULL,
    2 => NULL,
  ),
)
[ info ] [ HEADER ] array (
  'upgrade-insecure-requests' => '1',
  'connection' => 'close',
  'accept-encoding' => 'gzip, deflate',
  'accept-language' => 'zh-CN,zh;q=0.8,en-US;q=0.5,en;q=0.3',
  'accept' => 'text/html,application/xhtml+xml,application/xml;q=0.9,*/*;q=0.8',
  'user-agent' => 'Mozilla/5.0 (Windows NT 6.1; WOW64; rv:55.0) Gecko/20100101 Firefox/55.0',
  'host' => '127.0.0.3',
)
[ info ] [ PARAM ] array (
)
[ info ] [ SESSION ] INIT array (
  'id' => '',
  'var_session_id' => '',
  'prefix' => '',
  'type' => '',
  'auto_start' => true,
)
[ info ] [ LANG ] D:\phpStudy\WWW\adminui/application/common/lang/shop/zh-cn.php
[ info ] [ DB ] INIT mysql
[ info ] [ SESSION ] INIT array (
  'prefix' => 'shop',
)
[ info ] [ RUN ] app\shop\controller\Index->index[ D:\phpStudy\WWW\adminui\application\shop\controller\Index.php ]
[ info ] [ VIEW ] D:\phpStudy\WWW\adminui/public\theme\shop\default\index\index.html [ array (
  0 => 'module_name',
  1 => 'controller_name',
  2 => 'action_name',
  3 => 'public_path',
  4 => 'static_path',
  5 => 'web_public',
  6 => 'web_static',
  7 => 'js',
  8 => 'css',
  9 => 'img',
  10 => 'title',
  11 => 'admin_title',
  12 => 'nowpage',
  13 => 'upload',
  14 => 'public',
  15 => 'static',
  16 => 'links',
  17 => 'adv',
  18 => 'webInfo',
  19 => 'cate',
  20 => 'top_nav',
  21 => 'article',
  22 => 'recycle',
  23 => 'cates',
  24 => 'user_info',
) ]
[ info ] [ LOG ] INIT File
[ sql ] [ DB ] CONNECT:[ UseTime:0.004000s ] mysql:dbname=adminui;host=192.168.124.222;port=3306;charset=utf8
[ sql ] [ SQL ] SHOW COLUMNS FROM `ui_config` [ RunTime:0.031002s ]
[ sql ] [ SQL ] SELECT * FROM `ui_config` WHERE `ui_config`.`delete_time` IS NULL [ RunTime:0.002000s ]
[ sql ] [ SQL ] SHOW COLUMNS FROM `ui_city` [ RunTime:0.011000s ]
[ sql ] [ SQL ] SELECT * FROM `ui_city` WHERE  `pid` <> 0 [ RunTime:0.021001s ]
[ sql ] [ SQL ] SHOW COLUMNS FROM `ui_article_cate` [ RunTime:0.030002s ]
[ sql ] [ SQL ] SELECT `cate_id`,`cate_name` FROM `ui_article_cate` WHERE (  (  status = 1 and pid = 1 ) ) AND `ui_article_cate`.`delete_time` IS NULL ORDER BY cate_id asc LIMIT 6 [ RunTime:0.001000s ]
[ sql ] [ SQL ] SHOW COLUMNS FROM `ui_article` [ RunTime:0.019001s ]
[ sql ] [ SQL ] SELECT `article_title`,`href` FROM `ui_article` WHERE (  (  cate_id = 2 ) ) AND `ui_article`.`delete_time` IS NULL LIMIT 5 [ RunTime:0.001000s ]
[ sql ] [ SQL ] SELECT `article_title`,`href` FROM `ui_article` WHERE (  (  cate_id = 3 ) ) AND `ui_article`.`delete_time` IS NULL LIMIT 5 [ RunTime:0.001001s ]
[ sql ] [ SQL ] SELECT `article_title`,`href` FROM `ui_article` WHERE (  (  cate_id = 4 ) ) AND `ui_article`.`delete_time` IS NULL LIMIT 5 [ RunTime:0.001000s ]
[ sql ] [ SQL ] SELECT `article_title`,`href` FROM `ui_article` WHERE (  (  cate_id = 5 ) ) AND `ui_article`.`delete_time` IS NULL LIMIT 5 [ RunTime:0.001000s ]
[ sql ] [ SQL ] SELECT `article_title`,`href` FROM `ui_article` WHERE (  (  cate_id = 6 ) ) AND `ui_article`.`delete_time` IS NULL LIMIT 5 [ RunTime:0.001000s ]
[ sql ] [ SQL ] SELECT `article_title`,`href` FROM `ui_article` WHERE (  (  cate_id = 7 ) ) AND `ui_article`.`delete_time` IS NULL LIMIT 5 [ RunTime:0.001000s ]
[ sql ] [ SQL ] SHOW COLUMNS FROM `ui_adv` [ RunTime:0.016001s ]
[ sql ] [ SQL ] SELECT * FROM `ui_adv` WHERE (  `start_time` <= 1506678780  AND `end_time` >= 1506678780  AND (  pos_type = 'PC' ) ) AND `ui_adv`.`delete_time` IS NULL [ RunTime:0.002000s ]
[ sql ] [ SQL ] SHOW COLUMNS FROM `ui_advpos` [ RunTime:0.027002s ]
[ sql ] [ SQL ] SELECT `advpos_ename` FROM `ui_advpos` WHERE (  `advpos_id` = 8 ) AND `ui_advpos`.`delete_time` IS NULL LIMIT 1 [ RunTime:0.001000s ]
[ sql ] [ SQL ] SELECT `advpos_ename` FROM `ui_advpos` WHERE (  `advpos_id` = 8 ) AND `ui_advpos`.`delete_time` IS NULL LIMIT 1 [ RunTime:0.001000s ]
[ sql ] [ SQL ] SELECT `advpos_ename` FROM `ui_advpos` WHERE (  `advpos_id` = 8 ) AND `ui_advpos`.`delete_time` IS NULL LIMIT 1 [ RunTime:0.001000s ]
[ sql ] [ SQL ] SELECT `advpos_ename` FROM `ui_advpos` WHERE (  `advpos_id` = 8 ) AND `ui_advpos`.`delete_time` IS NULL LIMIT 1 [ RunTime:0.001000s ]
[ sql ] [ SQL ] SELECT `advpos_ename` FROM `ui_advpos` WHERE (  `advpos_id` = 8 ) AND `ui_advpos`.`delete_time` IS NULL LIMIT 1 [ RunTime:0.001000s ]
[ sql ] [ SQL ] SELECT `advpos_ename` FROM `ui_advpos` WHERE (  `advpos_id` = 9 ) AND `ui_advpos`.`delete_time` IS NULL LIMIT 1 [ RunTime:0.001000s ]
[ sql ] [ SQL ] SELECT `advpos_ename` FROM `ui_advpos` WHERE (  `advpos_id` = 9 ) AND `ui_advpos`.`delete_time` IS NULL LIMIT 1 [ RunTime:0.001000s ]
[ sql ] [ SQL ] SELECT `advpos_ename` FROM `ui_advpos` WHERE (  `advpos_id` = 9 ) AND `ui_advpos`.`delete_time` IS NULL LIMIT 1 [ RunTime:0.001000s ]
[ sql ] [ SQL ] SELECT `advpos_ename` FROM `ui_advpos` WHERE (  `advpos_id` = 10 ) AND `ui_advpos`.`delete_time` IS NULL LIMIT 1 [ RunTime:0.001000s ]
[ sql ] [ SQL ] SELECT `advpos_ename` FROM `ui_advpos` WHERE (  `advpos_id` = 12 ) AND `ui_advpos`.`delete_time` IS NULL LIMIT 1 [ RunTime:0.001000s ]
[ sql ] [ SQL ] SELECT `advpos_ename` FROM `ui_advpos` WHERE (  `advpos_id` = 14 ) AND `ui_advpos`.`delete_time` IS NULL LIMIT 1 [ RunTime:0.002000s ]
[ sql ] [ SQL ] SELECT `advpos_ename` FROM `ui_advpos` WHERE (  `advpos_id` = 15 ) AND `ui_advpos`.`delete_time` IS NULL LIMIT 1 [ RunTime:0.001000s ]
[ sql ] [ SQL ] SELECT `advpos_ename` FROM `ui_advpos` WHERE (  `advpos_id` = 16 ) AND `ui_advpos`.`delete_time` IS NULL LIMIT 1 [ RunTime:0.001000s ]
[ sql ] [ SQL ] SELECT `advpos_ename` FROM `ui_advpos` WHERE (  `advpos_id` = 8 ) AND `ui_advpos`.`delete_time` IS NULL LIMIT 1 [ RunTime:0.001000s ]
[ sql ] [ SQL ] SELECT `advpos_ename` FROM `ui_advpos` WHERE (  `advpos_id` = 11 ) AND `ui_advpos`.`delete_time` IS NULL LIMIT 1 [ RunTime:0.001000s ]
[ sql ] [ SQL ] SELECT `advpos_ename` FROM `ui_advpos` WHERE (  `advpos_id` = 2 ) AND `ui_advpos`.`delete_time` IS NULL LIMIT 1 [ RunTime:0.001000s ]
[ sql ] [ SQL ] SELECT `advpos_ename` FROM `ui_advpos` WHERE (  `advpos_id` = 2 ) AND `ui_advpos`.`delete_time` IS NULL LIMIT 1 [ RunTime:0.002000s ]
[ sql ] [ SQL ] SELECT `cate_id` FROM `ui_article_cate` WHERE (  (  cate_name = '网站备案' ) ) AND `ui_article_cate`.`delete_time` IS NULL LIMIT 1 [ RunTime:0.001000s ]
[ sql ] [ SQL ] SELECT `article_content` FROM `ui_article` WHERE (  (  cate_id = 8 ) ) AND `ui_article`.`delete_time` IS NULL LIMIT 1 [ RunTime:0.001000s ]
[ sql ] [ SQL ] SELECT `cate_id`,`cate_name` FROM `ui_article_cate` WHERE (  (  status = 1 and pid = 1 ) ) AND `ui_article_cate`.`delete_time` IS NULL ORDER BY cate_id asc LIMIT 6 [ RunTime:0.001000s ]
[ sql ] [ SQL ] SELECT `article_title`,`href` FROM `ui_article` WHERE (  (  cate_id = 2 ) ) AND `ui_article`.`delete_time` IS NULL LIMIT 5 [ RunTime:0.002000s ]
[ sql ] [ SQL ] SELECT `article_title`,`href` FROM `ui_article` WHERE (  (  cate_id = 3 ) ) AND `ui_article`.`delete_time` IS NULL LIMIT 5 [ RunTime:0.001000s ]
[ sql ] [ SQL ] SELECT `article_title`,`href` FROM `ui_article` WHERE (  (  cate_id = 4 ) ) AND `ui_article`.`delete_time` IS NULL LIMIT 5 [ RunTime:0.002001s ]
[ sql ] [ SQL ] SELECT `article_title`,`href` FROM `ui_article` WHERE (  (  cate_id = 5 ) ) AND `ui_article`.`delete_time` IS NULL LIMIT 5 [ RunTime:0.001000s ]
[ sql ] [ SQL ] SELECT `article_title`,`href` FROM `ui_article` WHERE (  (  cate_id = 6 ) ) AND `ui_article`.`delete_time` IS NULL LIMIT 5 [ RunTime:0.001000s ]
[ sql ] [ SQL ] SELECT `article_title`,`href` FROM `ui_article` WHERE (  (  cate_id = 7 ) ) AND `ui_article`.`delete_time` IS NULL LIMIT 5 [ RunTime:0.002000s ]
[ sql ] [ SQL ] SHOW COLUMNS FROM `ui_goods_cate` [ RunTime:0.032002s ]
[ sql ] [ SQL ] SELECT * FROM `ui_goods_cate` WHERE `ui_goods_cate`.`delete_time` IS NULL [ RunTime:0.006000s ]
[ sql ] [ SQL ] SELECT * FROM `ui_goods_cate` WHERE (  `is_show` = 1 ) AND `ui_goods_cate`.`delete_time` IS NULL ORDER BY sort asc [ RunTime:0.002000s ]
[ sql ] [ SQL ] SHOW COLUMNS FROM `ui_goods` [ RunTime:0.033002s ]
[ sql ] [ SQL ] SELECT * FROM `ui_goods` WHERE (  (  is_sale = 1 )  AND ( `cate_id1` = 23 OR `cate_id2` = 23 OR `cate_id3` = 23 ) ) AND `ui_goods`.`delete_time` IS NULL ORDER BY rand(),is_admin_recom desc LIMIT 8 [ RunTime:0.018001s ]
[ sql ] [ SQL ] SELECT * FROM `ui_goods` WHERE (  (  is_sale = 1 )  AND ( `cate_id1` = 23 OR `cate_id2` = 23 OR `cate_id3` = 23 ) ) AND `ui_goods`.`delete_time` IS NULL ORDER BY sale_count desc LIMIT 5 [ RunTime:0.002000s ]
[ sql ] [ SQL ] SHOW COLUMNS FROM `ui_cate_banner` [ RunTime:0.015001s ]
[ sql ] [ SQL ] SELECT * FROM `ui_cate_banner` WHERE (  `cate_id` = 23  AND `start_time` < 1506678780  AND `end_time` > 1506678780 ) AND `ui_cate_banner`.`delete_time` IS NULL LIMIT 1 [ RunTime:0.001000s ]
[ sql ] [ SQL ] SELECT * FROM `ui_goods` WHERE (  (  is_sale = 1 )  AND ( `cate_id1` = 24 OR `cate_id2` = 24 OR `cate_id3` = 24 ) ) AND `ui_goods`.`delete_time` IS NULL ORDER BY rand(),is_admin_recom desc LIMIT 8 [ RunTime:0.004000s ]
[ sql ] [ SQL ] SELECT * FROM `ui_goods` WHERE (  (  is_sale = 1 )  AND ( `cate_id1` = 24 OR `cate_id2` = 24 OR `cate_id3` = 24 ) ) AND `ui_goods`.`delete_time` IS NULL ORDER BY sale_count desc LIMIT 5 [ RunTime:0.002001s ]
[ sql ] [ SQL ] SELECT * FROM `ui_cate_banner` WHERE (  `cate_id` = 24  AND `start_time` < 1506678780  AND `end_time` > 1506678780 ) AND `ui_cate_banner`.`delete_time` IS NULL LIMIT 1 [ RunTime:0.002000s ]
[ sql ] [ SQL ] SELECT * FROM `ui_goods` WHERE (  (  is_sale = 1 )  AND ( `cate_id1` = 20 OR `cate_id2` = 20 OR `cate_id3` = 20 ) ) AND `ui_goods`.`delete_time` IS NULL ORDER BY rand(),is_admin_recom desc LIMIT 8 [ RunTime:0.005000s ]
[ sql ] [ SQL ] SELECT * FROM `ui_goods` WHERE (  (  is_sale = 1 )  AND ( `cate_id1` = 20 OR `cate_id2` = 20 OR `cate_id3` = 20 ) ) AND `ui_goods`.`delete_time` IS NULL ORDER BY sale_count desc LIMIT 5 [ RunTime:0.002000s ]
[ sql ] [ SQL ] SELECT * FROM `ui_cate_banner` WHERE (  `cate_id` = 20  AND `start_time` < 1506678780  AND `end_time` > 1506678780 ) AND `ui_cate_banner`.`delete_time` IS NULL LIMIT 1 [ RunTime:0.001000s ]
[ sql ] [ SQL ] SELECT * FROM `ui_goods` WHERE (  (  is_sale = 1 )  AND ( `cate_id1` = 1 OR `cate_id2` = 1 OR `cate_id3` = 1 ) ) AND `ui_goods`.`delete_time` IS NULL ORDER BY rand(),is_admin_recom desc LIMIT 8 [ RunTime:0.009001s ]
[ sql ] [ SQL ] SELECT * FROM `ui_goods` WHERE (  (  is_sale = 1 )  AND ( `cate_id1` = 1 OR `cate_id2` = 1 OR `cate_id3` = 1 ) ) AND `ui_goods`.`delete_time` IS NULL ORDER BY sale_count desc LIMIT 5 [ RunTime:0.002000s ]
[ sql ] [ SQL ] SELECT * FROM `ui_cate_banner` WHERE (  `cate_id` = 1  AND `start_time` < 1506678780  AND `end_time` > 1506678780 ) AND `ui_cate_banner`.`delete_time` IS NULL LIMIT 1 [ RunTime:0.002000s ]
[ sql ] [ SQL ] SELECT * FROM `ui_goods` WHERE (  (  is_sale = 1 )  AND ( `cate_id1` = 10 OR `cate_id2` = 10 OR `cate_id3` = 10 ) ) AND `ui_goods`.`delete_time` IS NULL ORDER BY rand(),is_admin_recom desc LIMIT 8 [ RunTime:0.010001s ]
[ sql ] [ SQL ] SELECT * FROM `ui_goods` WHERE (  (  is_sale = 1 )  AND ( `cate_id1` = 10 OR `cate_id2` = 10 OR `cate_id3` = 10 ) ) AND `ui_goods`.`delete_time` IS NULL ORDER BY sale_count desc LIMIT 5 [ RunTime:0.002000s ]
[ sql ] [ SQL ] SELECT * FROM `ui_cate_banner` WHERE (  `cate_id` = 10  AND `start_time` < 1506678780  AND `end_time` > 1506678780 ) AND `ui_cate_banner`.`delete_time` IS NULL LIMIT 1 [ RunTime:0.001000s ]
[ sql ] [ SQL ] SHOW COLUMNS FROM `ui_nav` [ RunTime:0.015001s ]
[ sql ] [ SQL ] SELECT * FROM `ui_nav` WHERE (  (  `status`=1 AND `type`=1 ) ) AND `ui_nav`.`delete_time` IS NULL ORDER BY `sort` [ RunTime:0.002000s ]
[ sql ] [ SQL ] SHOW COLUMNS FROM `ui_order` [ RunTime:0.016001s ]
[ sql ] [ SQL ] SELECT `status` FROM `ui_order` WHERE (  `recycle` = '1'  AND `user_id` = 1 ) AND `ui_order`.`delete_time` IS NULL [ RunTime:0.001000s ]
[ sql ] [ SQL ] SELECT * FROM `ui_article` WHERE (  `status` = 1 ) AND `ui_article`.`delete_time` IS NULL [ RunTime:0.003000s ]
---------------------------------------------------------------
[ 2017-09-29T17:53:06+08:00 ] 127.0.0.3 127.0.0.1 GET /admin
[ info ] 127.0.0.3/admin [运行时间：0.428025s][吞吐率：2.34req/s] [内存消耗：5,246.58kb] [文件加载：51]
[ info ] [ LANG ] D:\phpStudy\WWW\adminui\frame\lang\zh-cn.php
[ info ] [ ROUTE ] array (
  'type' => 'module',
  'module' => 
  array (
    0 => 'admin',
    1 => NULL,
    2 => NULL,
  ),
)
[ info ] [ HEADER ] array (
  'upgrade-insecure-requests' => '1',
  'connection' => 'close',
  'cookie' => 'PHPSESSID=eq8l0cld7tvfi3q8qfm54qpnl3; thinkphp_show_page_trace=0|0',
  'accept-encoding' => 'gzip, deflate',
  'accept-language' => 'zh-CN,zh;q=0.8,en-US;q=0.5,en;q=0.3',
  'accept' => 'text/html,application/xhtml+xml,application/xml;q=0.9,*/*;q=0.8',
  'user-agent' => 'Mozilla/5.0 (Windows NT 6.1; WOW64; rv:55.0) Gecko/20100101 Firefox/55.0',
  'host' => '127.0.0.3',
)
[ info ] [ PARAM ] array (
)
[ info ] [ DB ] INIT mysql
[ info ] [ SESSION ] INIT array (
  'prefix' => 'admin',
)
[ info ] [ LOG ] INIT File
[ sql ] [ DB ] CONNECT:[ UseTime:0.010000s ] mysql:dbname=adminui;host=192.168.124.222;port=3306;charset=utf8
[ sql ] [ SQL ] SHOW COLUMNS FROM `ui_config` [ RunTime:0.058004s ]
[ sql ] [ SQL ] SELECT * FROM `ui_config` WHERE `ui_config`.`delete_time` IS NULL [ RunTime:0.002000s ]
[ sql ] [ SQL ] SHOW COLUMNS FROM `ui_city` [ RunTime:0.018001s ]
[ sql ] [ SQL ] SELECT * FROM `ui_city` WHERE  `pid` <> 0 [ RunTime:0.021001s ]
[ sql ] [ SQL ] SHOW COLUMNS FROM `ui_menu` [ RunTime:0.032001s ]
[ sql ] [ SQL ] SELECT * FROM `ui_menu` WHERE (  `url` = '/admin/index/index.shtml' ) AND `ui_menu`.`delete_time` IS NULL LIMIT 1 [ RunTime:0.002000s ]
[ sql ] [ SQL ] SELECT * FROM `ui_menu` WHERE (  `menu_id` = 0 ) AND `ui_menu`.`delete_time` IS NULL LIMIT 1 [ RunTime:0.001000s ]
---------------------------------------------------------------
[ 2017-09-29T17:53:06+08:00 ] 127.0.0.3 127.0.0.1 GET /admin/publics/login.shtml
[ info ] 127.0.0.3/admin/publics/login.shtml [运行时间：0.407023s][吞吐率：2.46req/s] [内存消耗：5,407.98kb] [文件加载：55]
[ info ] [ LANG ] D:\phpStudy\WWW\adminui\frame\lang\zh-cn.php
[ info ] [ ROUTE ] array (
  'type' => 'module',
  'module' => 
  array (
    0 => 'admin',
    1 => 'publics',
    2 => 'login',
  ),
)
[ info ] [ HEADER ] array (
  'upgrade-insecure-requests' => '1',
  'connection' => 'close',
  'cookie' => 'PHPSESSID=eq8l0cld7tvfi3q8qfm54qpnl3; thinkphp_show_page_trace=0|0',
  'accept-encoding' => 'gzip, deflate',
  'accept-language' => 'zh-CN,zh;q=0.8,en-US;q=0.5,en;q=0.3',
  'accept' => 'text/html,application/xhtml+xml,application/xml;q=0.9,*/*;q=0.8',
  'user-agent' => 'Mozilla/5.0 (Windows NT 6.1; WOW64; rv:55.0) Gecko/20100101 Firefox/55.0',
  'host' => '127.0.0.3',
)
[ info ] [ PARAM ] array (
)
[ info ] [ DB ] INIT mysql
[ info ] [ SESSION ] INIT array (
  'prefix' => 'admin',
)
[ info ] [ RUN ] app\admin\controller\Publics->login[ D:\phpStudy\WWW\adminui\application\admin\controller\Publics.php ]
[ info ] [ VIEW ] D:\phpStudy\WWW\adminui/public\theme\admin\publics\login.html [ array (
  0 => 'module_name',
  1 => 'controller_name',
  2 => 'action_name',
  3 => 'public_path',
  4 => 'static_path',
  5 => 'web_public',
  6 => 'web_static',
  7 => 'js',
  8 => 'css',
  9 => 'img',
  10 => 'title',
  11 => 'admin_title',
  12 => 'nowpage',
  13 => 'upload',
  14 => 'menu',
) ]
[ info ] [ LOG ] INIT File
[ sql ] [ DB ] CONNECT:[ UseTime:0.011000s ] mysql:dbname=adminui;host=192.168.124.222;port=3306;charset=utf8
[ sql ] [ SQL ] SHOW COLUMNS FROM `ui_config` [ RunTime:0.022002s ]
[ sql ] [ SQL ] SELECT * FROM `ui_config` WHERE `ui_config`.`delete_time` IS NULL [ RunTime:0.002000s ]
[ sql ] [ SQL ] SHOW COLUMNS FROM `ui_city` [ RunTime:0.017001s ]
[ sql ] [ SQL ] SELECT * FROM `ui_city` WHERE  `pid` <> 0 [ RunTime:0.021001s ]
[ sql ] [ SQL ] SHOW COLUMNS FROM `ui_menu` [ RunTime:0.018001s ]
[ sql ] [ SQL ] SELECT * FROM `ui_menu` WHERE (  `url` = '/admin/publics/login.shtml' ) AND `ui_menu`.`delete_time` IS NULL LIMIT 1 [ RunTime:0.002000s ]
---------------------------------------------------------------
[ 2017-09-29T17:53:12+08:00 ] 127.0.0.3 127.0.0.1 POST /admin/publics/login.shtml
[ info ] 127.0.0.3/admin/publics/login.shtml [运行时间：0.364021s][吞吐率：2.75req/s] [内存消耗：2,297.34kb] [文件加载：52]
[ info ] [ LANG ] D:\phpStudy\WWW\adminui\frame\lang\zh-cn.php
[ info ] [ ROUTE ] array (
  'type' => 'module',
  'module' => 
  array (
    0 => 'admin',
    1 => 'publics',
    2 => 'login',
  ),
)
[ info ] [ HEADER ] array (
  'connection' => 'close',
  'cookie' => 'thinkphp_show_page_trace=0|0; PHPSESSID=eq8l0cld7tvfi3q8qfm54qpnl3; thinkphp_show_page_trace=0|0',
  'content-length' => '30',
  'x-requested-with' => 'XMLHttpRequest',
  'content-type' => 'application/x-www-form-urlencoded; charset=UTF-8',
  'referer' => 'http://127.0.0.3/admin/publics/login.shtml',
  'accept-encoding' => 'gzip, deflate',
  'accept-language' => 'zh-CN,zh;q=0.8,en-US;q=0.5,en;q=0.3',
  'accept' => 'application/json, text/javascript, */*; q=0.01',
  'user-agent' => 'Mozilla/5.0 (Windows NT 6.1; WOW64; rv:55.0) Gecko/20100101 Firefox/55.0',
  'host' => '127.0.0.3',
)
[ info ] [ PARAM ] array (
  'username' => 'admin',
  'password' => '123456',
)
[ info ] [ SESSION ] INIT array (
  'prefix' => 'admin',
)
[ info ] [ DB ] INIT mysql
[ info ] [ RUN ] app\admin\controller\Publics->login[ D:\phpStudy\WWW\adminui\application\admin\controller\Publics.php ]
[ info ] [ CACHE ] INIT File
[ info ] [ LOG ] INIT File
[ sql ] [ DB ] CONNECT:[ UseTime:0.012001s ] mysql:dbname=adminui;host=192.168.124.222;port=3306;charset=utf8
[ sql ] [ SQL ] SHOW COLUMNS FROM `ui_menu` [ RunTime:0.021002s ]
[ sql ] [ SQL ] SELECT * FROM `ui_menu` WHERE (  `url` = '/admin/publics/login.shtml' ) AND `ui_menu`.`delete_time` IS NULL LIMIT 1 [ RunTime:0.001000s ]
[ sql ] [ SQL ] SHOW COLUMNS FROM `ui_admin` [ RunTime:0.032001s ]
[ sql ] [ SQL ] SELECT * FROM `ui_admin` WHERE (  `account` = 'admin' ) AND `ui_admin`.`delete_time` IS NULL LIMIT 1 [ RunTime:0.002001s ]
[ sql ] [ SQL ] SHOW COLUMNS FROM `ui_auth_group` [ RunTime:0.030002s ]
[ sql ] [ SQL ] SELECT `status` FROM `ui_auth_group` WHERE (  `group_id` = 1 ) AND `ui_auth_group`.`delete_time` IS NULL LIMIT 1 [ RunTime:0.001000s ]
[ sql ] [ SQL ] UPDATE `ui_admin`  SET `last_login_time`=1506678791,`last_login_ip`='127.0.0.1',`login_status`=1,`update_time`=1506678791  WHERE (  `admin_id` = 1 ) AND `ui_admin`.`delete_time` IS NULL [ RunTime:0.001000s ]
[ sql ] [ SQL ] SELECT * FROM `ui_admin` WHERE (  `account` = 'admin' ) AND `ui_admin`.`delete_time` IS NULL LIMIT 1 [ RunTime:0.002000s ]
[ sql ] [ SQL ] SHOW COLUMNS FROM `ui_log` [ RunTime:0.022001s ]
[ sql ] [ SQL ] INSERT INTO `ui_log` (`admin_id` , `module` , `controller` , `action` , `data_id` , `des` , `create_time` , `update_time`) VALUES (1 , 'admin' , 'Publics' , 'login' , 'admin' , '登录系统' , 1506678791 , 1506678791) [ RunTime:0.001000s ]
---------------------------------------------------------------
[ 2017-09-29T17:53:13+08:00 ] 127.0.0.3 127.0.0.1 GET /admin/index/index.shtml
[ info ] 127.0.0.3/admin/index/index.shtml [运行时间：0.471027s][吞吐率：2.12req/s] [内存消耗：2,701.18kb] [文件加载：59]
[ info ] [ LANG ] D:\phpStudy\WWW\adminui\frame\lang\zh-cn.php
[ info ] [ ROUTE ] array (
  'type' => 'module',
  'module' => 
  array (
    0 => 'admin',
    1 => 'index',
    2 => 'index',
  ),
)
[ info ] [ HEADER ] array (
  'upgrade-insecure-requests' => '1',
  'connection' => 'close',
  'cookie' => 'PHPSESSID=eq8l0cld7tvfi3q8qfm54qpnl3; thinkphp_show_page_trace=0|0',
  'referer' => 'http://127.0.0.3/admin/publics/login.shtml',
  'accept-encoding' => 'gzip, deflate',
  'accept-language' => 'zh-CN,zh;q=0.8,en-US;q=0.5,en;q=0.3',
  'accept' => 'text/html,application/xhtml+xml,application/xml;q=0.9,*/*;q=0.8',
  'user-agent' => 'Mozilla/5.0 (Windows NT 6.1; WOW64; rv:55.0) Gecko/20100101 Firefox/55.0',
  'host' => '127.0.0.3',
)
[ info ] [ PARAM ] array (
)
[ info ] [ DB ] INIT mysql
[ info ] [ SESSION ] INIT array (
  'prefix' => 'admin',
)
[ info ] [ RUN ] app\admin\controller\Index->index[ D:\phpStudy\WWW\adminui\application\admin\controller\Index.php ]
[ info ] [ VIEW ] D:\phpStudy\WWW\adminui/public\theme\admin\index\index.html [ array (
  0 => 'module_name',
  1 => 'controller_name',
  2 => 'action_name',
  3 => 'public_path',
  4 => 'static_path',
  5 => 'web_public',
  6 => 'web_static',
  7 => 'js',
  8 => 'css',
  9 => 'img',
  10 => 'title',
  11 => 'admin_title',
  12 => 'nowpage',
  13 => 'upload',
  14 => 'menu',
  15 => 'menus',
  16 => 'headimg',
) ]
[ info ] [ LOG ] INIT File
[ sql ] [ DB ] CONNECT:[ UseTime:0.011000s ] mysql:dbname=adminui;host=192.168.124.222;port=3306;charset=utf8
[ sql ] [ SQL ] SHOW COLUMNS FROM `ui_config` [ RunTime:0.022002s ]
[ sql ] [ SQL ] SELECT * FROM `ui_config` WHERE `ui_config`.`delete_time` IS NULL [ RunTime:0.002000s ]
[ sql ] [ SQL ] SHOW COLUMNS FROM `ui_city` [ RunTime:0.017001s ]
[ sql ] [ SQL ] SELECT * FROM `ui_city` WHERE  `pid` <> 0 [ RunTime:0.021001s ]
[ sql ] [ SQL ] SHOW COLUMNS FROM `ui_menu` [ RunTime:0.018001s ]
[ sql ] [ SQL ] SELECT * FROM `ui_menu` WHERE (  `url` = '/admin/index/index.shtml' ) AND `ui_menu`.`delete_time` IS NULL LIMIT 1 [ RunTime:0.001000s ]
[ sql ] [ SQL ] SELECT * FROM `ui_menu` WHERE (  `menu_id` = 0 ) AND `ui_menu`.`delete_time` IS NULL LIMIT 1 [ RunTime:0.001000s ]
[ sql ] [ SQL ] SHOW COLUMNS FROM `ui_admin` [ RunTime:0.017001s ]
[ sql ] [ SQL ] SELECT * FROM `ui_admin` WHERE (  `admin_id` = 1 ) AND `ui_admin`.`delete_time` IS NULL LIMIT 1 [ RunTime:0.001000s ]
[ sql ] [ SQL ] SELECT `menu_id` FROM `ui_menu` WHERE `ui_menu`.`delete_time` IS NULL [ RunTime:0.002000s ]
[ sql ] [ SQL ] SELECT `menu_id`,`module`,`controller`,`action` FROM `ui_menu` WHERE (  `menu_id` IN (1,2,3,4,5,12,13,45,62,63,64,68,69,72,74,75,76,77,78,80,81,82,83,84,85,86,87,88,89,90,91,92,93,94,95,96,97,98,99,100,101,102,103,104,105,106,107,108,109,110,111,112,113,114,115,116,117,118,119,120,121,122,123,124,125,126,127,128,129,130,131,132,133,134,135,136,137,138,139,140,141,142,143,144,145,146,147,148,149,150,151,152,153,154,155,156,157,158,159,160,162,163,164,165,166,167,168,169,170,171,172,173,174,175,176,177,178,179,180,181,182,183,184,185,186,190,191,192,193,194,195,196,197,198,199,200,205,206,207,208,209,213,214,215,217,218,219,221,222,223,224,225,226,227,228,229,230,231,232,233,234,235,236) ) AND `ui_menu`.`delete_time` IS NULL [ RunTime:0.003000s ]
[ sql ] [ SQL ] SELECT `pid` FROM `ui_menu` WHERE (  `menu_id` IN (1,2,3,4,5,12,13,45,62,63,64,68,69,72,74,75,76,77,78,80,81,82,83,84,85,86,87,88,89,90,91,92,93,94,95,96,97,98,99,100,101,102,103,104,105,106,107,108,109,110,111,112,113,114,115,116,117,118,119,120,121,122,123,124,125,126,127,128,129,130,131,132,133,134,135,136,137,138,139,140,141,142,143,144,145,146,147,148,149,150,151,152,153,154,155,156,157,158,159,160,162,163,164,165,166,167,168,169,170,171,172,173,174,175,176,177,178,179,180,181,182,183,184,185,186,190,191,192,193,194,195,196,197,198,199,200,205,206,207,208,209,213,214,215,217,218,219,221,222,223,224,225,226,227,228,229,230,231,232,233,234,235,236)  AND `status` = 1  AND `pid` <> 0 ) AND `ui_menu`.`delete_time` IS NULL [ RunTime:0.003000s ]
[ sql ] [ SQL ] SELECT `pid` FROM `ui_menu` WHERE (  `menu_id` IN (1,5,45,83,74,205,88,98,100)  AND `status` = 1  AND `pid` <> 0 ) AND `ui_menu`.`delete_time` IS NULL [ RunTime:0.001000s ]
[ sql ] [ SQL ] SELECT `pid` FROM `ui_menu` WHERE (  `menu_id` IN (74)  AND `status` = 1  AND `pid` <> 0 ) AND `ui_menu`.`delete_time` IS NULL [ RunTime:0.001000s ]
[ sql ] [ SQL ] SELECT * FROM `ui_menu` WHERE (  `menu_id` IN (1,2,3,4,5,12,13,45,62,63,64,68,69,72,74,75,76,77,78,80,81,82,83,84,85,86,87,88,89,90,91,92,93,94,95,96,97,98,99,100,101,102,103,104,105,106,107,108,109,110,111,112,113,114,115,116,117,118,119,120,121,122,123,124,125,126,127,128,129,130,131,132,133,134,135,136,137,138,139,140,141,142,143,144,145,146,147,148,149,150,151,152,153,154,155,156,157,158,159,160,162,163,164,165,166,167,168,169,170,171,172,173,174,175,176,177,178,179,180,181,182,183,184,185,186,190,191,192,193,194,195,196,197,198,199,200,205,206,207,208,209,213,214,215,217,218,219,221,222,223,224,225,226,227,228,229,230,231,232,233,234,235,236)  AND `status` = 1 ) AND `ui_menu`.`delete_time` IS NULL ORDER BY `sort`  asc [ RunTime:0.004000s ]
[ sql ] [ SQL ] SHOW COLUMNS FROM `ui_auth_group` [ RunTime:0.017001s ]
[ sql ] [ SQL ] SELECT `group_name` FROM `ui_auth_group` WHERE (  `group_id` = 1 ) AND `ui_auth_group`.`delete_time` IS NULL LIMIT 1 [ RunTime:0.002000s ]
---------------------------------------------------------------
[ 2017-09-29T17:53:14+08:00 ] 127.0.0.3 127.0.0.1 GET /admin/index/main.shtml
[ info ] 127.0.0.3/admin/index/main.shtml [运行时间：0.356020s][吞吐率：2.81req/s] [内存消耗：5,357.23kb] [文件加载：53]
[ info ] [ LANG ] D:\phpStudy\WWW\adminui\frame\lang\zh-cn.php
[ info ] [ ROUTE ] array (
  'type' => 'module',
  'module' => 
  array (
    0 => 'admin',
    1 => 'index',
    2 => 'main',
  ),
)
[ info ] [ HEADER ] array (
  'upgrade-insecure-requests' => '1',
  'connection' => 'close',
  'cookie' => 'thinkphp_show_page_trace=0|0; PHPSESSID=eq8l0cld7tvfi3q8qfm54qpnl3; thinkphp_show_page_trace=0|0',
  'referer' => 'http://127.0.0.3/admin/index/index.shtml',
  'accept-encoding' => 'gzip, deflate',
  'accept-language' => 'zh-CN,zh;q=0.8,en-US;q=0.5,en;q=0.3',
  'accept' => 'text/html,application/xhtml+xml,application/xml;q=0.9,*/*;q=0.8',
  'user-agent' => 'Mozilla/5.0 (Windows NT 6.1; WOW64; rv:55.0) Gecko/20100101 Firefox/55.0',
  'host' => '127.0.0.3',
)
[ info ] [ PARAM ] array (
)
[ info ] [ DB ] INIT mysql
[ info ] [ SESSION ] INIT array (
  'prefix' => 'admin',
)
[ info ] [ RUN ] app\admin\controller\Index->main[ D:\phpStudy\WWW\adminui\application\admin\controller\Index.php ]
[ info ] [ LOG ] INIT File
[ sql ] [ DB ] CONNECT:[ UseTime:0.002000s ] mysql:dbname=adminui;host=192.168.124.222;port=3306;charset=utf8
[ sql ] [ SQL ] SHOW COLUMNS FROM `ui_config` [ RunTime:0.014001s ]
[ sql ] [ SQL ] SELECT * FROM `ui_config` WHERE `ui_config`.`delete_time` IS NULL [ RunTime:0.002000s ]
[ sql ] [ SQL ] SHOW COLUMNS FROM `ui_city` [ RunTime:0.013001s ]
[ sql ] [ SQL ] SELECT * FROM `ui_city` WHERE  `pid` <> 0 [ RunTime:0.021001s ]
[ sql ] [ SQL ] SHOW COLUMNS FROM `ui_menu` [ RunTime:0.024002s ]
[ sql ] [ SQL ] SELECT * FROM `ui_menu` WHERE (  `url` = '/admin/index/main.shtml' ) AND `ui_menu`.`delete_time` IS NULL LIMIT 1 [ RunTime:0.002000s ]
[ sql ] [ SQL ] SHOW COLUMNS FROM `ui_admin` [ RunTime:0.017001s ]
[ sql ] [ SQL ] SELECT * FROM `ui_admin` WHERE (  `admin_id` = 1 ) AND `ui_admin`.`delete_time` IS NULL LIMIT 1 [ RunTime:0.001000s ]
---------------------------------------------------------------
[ 2017-09-29T17:53:14+08:00 ] 127.0.0.3 127.0.0.1 POST /admin/index/isuniquelogin.shtml
[ info ] 127.0.0.3/admin/index/isuniquelogin.shtml [运行时间：0.097005s][吞吐率：10.31req/s] [内存消耗：2,137.74kb] [文件加载：46]
[ info ] [ LANG ] D:\phpStudy\WWW\adminui\frame\lang\zh-cn.php
[ info ] [ ROUTE ] array (
  'type' => 'module',
  'module' => 
  array (
    0 => 'admin',
    1 => 'index',
    2 => 'isuniquelogin',
  ),
)
[ info ] [ HEADER ] array (
  'content-length' => '0',
  'connection' => 'close',
  'cookie' => 'thinkphp_show_page_trace=0|0; PHPSESSID=eq8l0cld7tvfi3q8qfm54qpnl3; thinkphp_show_page_trace=0|0',
  'x-requested-with' => 'XMLHttpRequest',
  'referer' => 'http://127.0.0.3/admin/index/index.shtml',
  'accept-encoding' => 'gzip, deflate',
  'accept-language' => 'zh-CN,zh;q=0.8,en-US;q=0.5,en;q=0.3',
  'accept' => 'application/json, text/javascript, */*; q=0.01',
  'user-agent' => 'Mozilla/5.0 (Windows NT 6.1; WOW64; rv:55.0) Gecko/20100101 Firefox/55.0',
  'host' => '127.0.0.3',
)
[ info ] [ PARAM ] array (
)
[ info ] [ SESSION ] INIT array (
  'prefix' => 'admin',
)
[ info ] [ DB ] INIT mysql
[ info ] [ RUN ] app\admin\controller\Index->isUniqueLogin[ D:\phpStudy\WWW\adminui\application\admin\controller\Index.php ]
[ info ] [ LOG ] INIT File
[ sql ] [ DB ] CONNECT:[ UseTime:0.011001s ] mysql:dbname=adminui;host=192.168.124.222;port=3306;charset=utf8
[ sql ] [ SQL ] SHOW COLUMNS FROM `ui_menu` [ RunTime:0.014001s ]
[ sql ] [ SQL ] SELECT * FROM `ui_menu` WHERE (  `url` = '/admin/index/isuniquelogin.shtml' ) AND `ui_menu`.`delete_time` IS NULL LIMIT 1 [ RunTime:0.001000s ]
[ sql ] [ SQL ] SHOW COLUMNS FROM `ui_admin` [ RunTime:0.014001s ]
[ sql ] [ SQL ] SELECT * FROM `ui_admin` WHERE (  `admin_id` = 1 ) AND `ui_admin`.`delete_time` IS NULL LIMIT 1 [ RunTime:0.002000s ]
[ sql ] [ SQL ] SELECT * FROM `ui_admin` WHERE (  `admin_id` = 1 ) AND `ui_admin`.`delete_time` IS NULL LIMIT 1 [ RunTime:0.001000s ]
---------------------------------------------------------------
[ 2017-09-29T17:53:16+08:00 ] 127.0.0.3 127.0.0.1 GET /admin/users/index.shtml
[ info ] 127.0.0.3/admin/users/index.shtml [运行时间：0.525030s][吞吐率：1.90req/s] [内存消耗：5,687.95kb] [文件加载：61]
[ info ] [ LANG ] D:\phpStudy\WWW\adminui\frame\lang\zh-cn.php
[ info ] [ ROUTE ] array (
  'type' => 'module',
  'module' => 
  array (
    0 => 'admin',
    1 => 'users',
    2 => 'index',
  ),
)
[ info ] [ HEADER ] array (
  'upgrade-insecure-requests' => '1',
  'connection' => 'close',
  'cookie' => 'PHPSESSID=eq8l0cld7tvfi3q8qfm54qpnl3; thinkphp_show_page_trace=0|0',
  'referer' => 'http://127.0.0.3/admin/index/index.shtml',
  'accept-encoding' => 'gzip, deflate',
  'accept-language' => 'zh-CN,zh;q=0.8,en-US;q=0.5,en;q=0.3',
  'accept' => 'text/html,application/xhtml+xml,application/xml;q=0.9,*/*;q=0.8',
  'user-agent' => 'Mozilla/5.0 (Windows NT 6.1; WOW64; rv:55.0) Gecko/20100101 Firefox/55.0',
  'host' => '127.0.0.3',
)
[ info ] [ PARAM ] array (
)
[ info ] [ DB ] INIT mysql
[ info ] [ SESSION ] INIT array (
  'prefix' => 'admin',
)
[ info ] [ RUN ] app\admin\controller\Users->index[ D:\phpStudy\WWW\adminui\application\admin\controller\Users.php ]
[ info ] [ VIEW ] D:\phpStudy\WWW\adminui/public\theme\admin\users\index.html [ array (
  0 => 'module_name',
  1 => 'controller_name',
  2 => 'action_name',
  3 => 'public_path',
  4 => 'static_path',
  5 => 'web_public',
  6 => 'web_static',
  7 => 'js',
  8 => 'css',
  9 => 'img',
  10 => 'title',
  11 => 'admin_title',
  12 => 'nowpage',
  13 => 'upload',
  14 => 'menu',
  15 => 'lists',
  16 => 'type',
) ]
[ info ] [ LOG ] INIT File
[ sql ] [ DB ] CONNECT:[ UseTime:0.012001s ] mysql:dbname=adminui;host=192.168.124.222;port=3306;charset=utf8
[ sql ] [ SQL ] SHOW COLUMNS FROM `ui_config` [ RunTime:0.021001s ]
[ sql ] [ SQL ] SELECT * FROM `ui_config` WHERE `ui_config`.`delete_time` IS NULL [ RunTime:0.002000s ]
[ sql ] [ SQL ] SHOW COLUMNS FROM `ui_city` [ RunTime:0.017001s ]
[ sql ] [ SQL ] SELECT * FROM `ui_city` WHERE  `pid` <> 0 [ RunTime:0.021002s ]
[ sql ] [ SQL ] SHOW COLUMNS FROM `ui_menu` [ RunTime:0.017001s ]
[ sql ] [ SQL ] SELECT * FROM `ui_menu` WHERE (  `url` = '/admin/users/index.shtml' ) AND `ui_menu`.`delete_time` IS NULL LIMIT 1 [ RunTime:0.001000s ]
[ sql ] [ SQL ] SELECT * FROM `ui_menu` WHERE (  `menu_id` = 5 ) AND `ui_menu`.`delete_time` IS NULL LIMIT 1 [ RunTime:0.001000s ]
[ sql ] [ SQL ] SHOW COLUMNS FROM `ui_admin` [ RunTime:0.015001s ]
[ sql ] [ SQL ] SELECT * FROM `ui_admin` WHERE (  `admin_id` = 1 ) AND `ui_admin`.`delete_time` IS NULL LIMIT 1 [ RunTime:0.001000s ]
[ sql ] [ SQL ] SHOW COLUMNS FROM `ui_user` [ RunTime:0.026002s ]
[ sql ] [ SQL ] SELECT COUNT(*) AS tp_count FROM `ui_user` WHERE `ui_user`.`delete_time` IS NULL LIMIT 1 [ RunTime:0.001000s ]
[ sql ] [ SQL ] SELECT * FROM `ui_user` WHERE `ui_user`.`delete_time` IS NULL ORDER BY user_id desc LIMIT 0,15 [ RunTime:0.002000s ]
---------------------------------------------------------------
[ 2017-09-29T17:53:18+08:00 ] 127.0.0.3 127.0.0.1 GET /admin/mallconfig/index.shtml
[ info ] 127.0.0.3/admin/mallconfig/index.shtml [运行时间：0.434025s][吞吐率：2.30req/s] [内存消耗：5,557.52kb] [文件加载：57]
[ info ] [ LANG ] D:\phpStudy\WWW\adminui\frame\lang\zh-cn.php
[ info ] [ ROUTE ] array (
  'type' => 'module',
  'module' => 
  array (
    0 => 'admin',
    1 => 'mallconfig',
    2 => 'index',
  ),
)
[ info ] [ HEADER ] array (
  'upgrade-insecure-requests' => '1',
  'connection' => 'close',
  'cookie' => 'PHPSESSID=eq8l0cld7tvfi3q8qfm54qpnl3; thinkphp_show_page_trace=0|0',
  'referer' => 'http://127.0.0.3/admin/index/index.shtml',
  'accept-encoding' => 'gzip, deflate',
  'accept-language' => 'zh-CN,zh;q=0.8,en-US;q=0.5,en;q=0.3',
  'accept' => 'text/html,application/xhtml+xml,application/xml;q=0.9,*/*;q=0.8',
  'user-agent' => 'Mozilla/5.0 (Windows NT 6.1; WOW64; rv:55.0) Gecko/20100101 Firefox/55.0',
  'host' => '127.0.0.3',
)
[ info ] [ PARAM ] array (
)
[ info ] [ DB ] INIT mysql
[ info ] [ SESSION ] INIT array (
  'prefix' => 'admin',
)
[ info ] [ RUN ] app\admin\controller\Mallconfig->index[ D:\phpStudy\WWW\adminui\application\admin\controller\Mallconfig.php ]
[ info ] [ VIEW ] D:\phpStudy\WWW\adminui/public\theme\admin\mallconfig\index.html [ array (
  0 => 'module_name',
  1 => 'controller_name',
  2 => 'action_name',
  3 => 'public_path',
  4 => 'static_path',
  5 => 'web_public',
  6 => 'web_static',
  7 => 'js',
  8 => 'css',
  9 => 'img',
  10 => 'title',
  11 => 'admin_title',
  12 => 'nowpage',
  13 => 'upload',
  14 => 'menu',
  15 => 'configs',
  16 => 'name',
) ]
[ info ] [ LOG ] INIT File
[ sql ] [ DB ] CONNECT:[ UseTime:0.011000s ] mysql:dbname=adminui;host=192.168.124.222;port=3306;charset=utf8
[ sql ] [ SQL ] SHOW COLUMNS FROM `ui_config` [ RunTime:0.013000s ]
[ sql ] [ SQL ] SELECT * FROM `ui_config` WHERE `ui_config`.`delete_time` IS NULL [ RunTime:0.004001s ]
[ sql ] [ SQL ] SHOW COLUMNS FROM `ui_city` [ RunTime:0.011001s ]
[ sql ] [ SQL ] SELECT * FROM `ui_city` WHERE  `pid` <> 0 [ RunTime:0.021001s ]
[ sql ] [ SQL ] SHOW COLUMNS FROM `ui_menu` [ RunTime:0.014001s ]
[ sql ] [ SQL ] SELECT * FROM `ui_menu` WHERE (  `url` = '/admin/mallconfig/index.shtml' ) AND `ui_menu`.`delete_time` IS NULL LIMIT 1 [ RunTime:0.001000s ]
[ sql ] [ SQL ] SELECT * FROM `ui_menu` WHERE (  `menu_id` = 74 ) AND `ui_menu`.`delete_time` IS NULL LIMIT 1 [ RunTime:0.001000s ]
[ sql ] [ SQL ] SHOW COLUMNS FROM `ui_admin` [ RunTime:0.017001s ]
[ sql ] [ SQL ] SELECT * FROM `ui_admin` WHERE (  `admin_id` = 1 ) AND `ui_admin`.`delete_time` IS NULL LIMIT 1 [ RunTime:0.001000s ]
[ sql ] [ SQL ] SELECT * FROM `ui_config` WHERE `ui_config`.`delete_time` IS NULL ORDER BY `sort` [ RunTime:0.002000s ]
---------------------------------------------------------------
[ 2017-09-29T17:53:20+08:00 ] 127.0.0.3 127.0.0.1 GET /admin/orders/index.shtml
[ info ] 127.0.0.3/admin/orders/index.shtml [运行时间：0.546031s][吞吐率：1.83req/s] [内存消耗：5,991.95kb] [文件加载：67]
[ info ] [ LANG ] D:\phpStudy\WWW\adminui\frame\lang\zh-cn.php
[ info ] [ ROUTE ] array (
  'type' => 'module',
  'module' => 
  array (
    0 => 'admin',
    1 => 'orders',
    2 => 'index',
  ),
)
[ info ] [ HEADER ] array (
  'upgrade-insecure-requests' => '1',
  'connection' => 'close',
  'cookie' => 'PHPSESSID=eq8l0cld7tvfi3q8qfm54qpnl3; thinkphp_show_page_trace=0|0',
  'referer' => 'http://127.0.0.3/admin/index/index.shtml',
  'accept-encoding' => 'gzip, deflate',
  'accept-language' => 'zh-CN,zh;q=0.8,en-US;q=0.5,en;q=0.3',
  'accept' => 'text/html,application/xhtml+xml,application/xml;q=0.9,*/*;q=0.8',
  'user-agent' => 'Mozilla/5.0 (Windows NT 6.1; WOW64; rv:55.0) Gecko/20100101 Firefox/55.0',
  'host' => '127.0.0.3',
)
[ info ] [ PARAM ] array (
)
[ info ] [ DB ] INIT mysql
[ info ] [ SESSION ] INIT array (
  'prefix' => 'admin',
)
[ info ] [ RUN ] app\admin\controller\Orders->index[ D:\phpStudy\WWW\adminui\application\admin\controller\Orders.php ]
[ info ] [ VIEW ] D:\phpStudy\WWW\adminui/public\theme\admin\orders\index.html [ array (
  0 => 'module_name',
  1 => 'controller_name',
  2 => 'action_name',
  3 => 'public_path',
  4 => 'static_path',
  5 => 'web_public',
  6 => 'web_static',
  7 => 'js',
  8 => 'css',
  9 => 'img',
  10 => 'title',
  11 => 'admin_title',
  12 => 'nowpage',
  13 => 'upload',
  14 => 'menu',
  15 => 'orders',
  16 => 'size',
  17 => 'status',
) ]
[ info ] [ LOG ] INIT File
[ sql ] [ DB ] CONNECT:[ UseTime:0.011001s ] mysql:dbname=adminui;host=192.168.124.222;port=3306;charset=utf8
[ sql ] [ SQL ] SHOW COLUMNS FROM `ui_config` [ RunTime:0.022001s ]
[ sql ] [ SQL ] SELECT * FROM `ui_config` WHERE `ui_config`.`delete_time` IS NULL [ RunTime:0.001000s ]
[ sql ] [ SQL ] SHOW COLUMNS FROM `ui_city` [ RunTime:0.017001s ]
[ sql ] [ SQL ] SELECT * FROM `ui_city` WHERE  `pid` <> 0 [ RunTime:0.021001s ]
[ sql ] [ SQL ] SHOW COLUMNS FROM `ui_menu` [ RunTime:0.018001s ]
[ sql ] [ SQL ] SELECT * FROM `ui_menu` WHERE (  `url` = '/admin/orders/index.shtml' ) AND `ui_menu`.`delete_time` IS NULL LIMIT 1 [ RunTime:0.001000s ]
[ sql ] [ SQL ] SELECT * FROM `ui_menu` WHERE (  `menu_id` = 98 ) AND `ui_menu`.`delete_time` IS NULL LIMIT 1 [ RunTime:0.001000s ]
[ sql ] [ SQL ] SHOW COLUMNS FROM `ui_admin` [ RunTime:0.017001s ]
[ sql ] [ SQL ] SELECT * FROM `ui_admin` WHERE (  `admin_id` = 1 ) AND `ui_admin`.`delete_time` IS NULL LIMIT 1 [ RunTime:0.001000s ]
[ sql ] [ SQL ] SHOW COLUMNS FROM `ui_order` [ RunTime:0.018001s ]
[ sql ] [ SQL ] SELECT COUNT(*) AS tp_count FROM `ui_order` WHERE `ui_order`.`delete_time` IS NULL LIMIT 1 [ RunTime:0.002000s ]
[ sql ] [ SQL ] SELECT * FROM `ui_order` WHERE `ui_order`.`delete_time` IS NULL ORDER BY update_time desc LIMIT 0,15 [ RunTime:0.002000s ]
[ sql ] [ SQL ] SHOW COLUMNS FROM `ui_shop` [ RunTime:0.021002s ]
[ sql ] [ SQL ] SELECT * FROM `ui_shop` WHERE (  `shop_id` = 1 ) AND `ui_shop`.`delete_time` IS NULL LIMIT 1 [ RunTime:0.001000s ]
[ sql ] [ SQL ] SHOW COLUMNS FROM `ui_user` [ RunTime:0.014000s ]
[ sql ] [ SQL ] SELECT * FROM `ui_user` WHERE (  `user_id` = 1 ) AND `ui_user`.`delete_time` IS NULL LIMIT 1 [ RunTime:0.002000s ]
[ sql ] [ SQL ] SELECT * FROM `ui_city` WHERE  `city_id` = 18 LIMIT 1 [ RunTime:0.001000s ]
[ sql ] [ SQL ] SELECT * FROM `ui_city` WHERE  `city_id` = 214 LIMIT 1 [ RunTime:0.001000s ]
[ sql ] [ SQL ] SELECT * FROM `ui_city` WHERE  `city_id` = 2156 LIMIT 1 [ RunTime:0.001000s ]
[ sql ] [ SQL ] SELECT * FROM `ui_shop` WHERE (  `shop_id` = 1 ) AND `ui_shop`.`delete_time` IS NULL LIMIT 1 [ RunTime:0.001000s ]
[ sql ] [ SQL ] SELECT * FROM `ui_user` WHERE (  `user_id` = 1 ) AND `ui_user`.`delete_time` IS NULL LIMIT 1 [ RunTime:0.002000s ]
[ sql ] [ SQL ] SELECT * FROM `ui_city` WHERE  `city_id` = 2 LIMIT 1 [ RunTime:0.001000s ]
[ sql ] [ SQL ] SELECT * FROM `ui_city` WHERE  `city_id` = 33 LIMIT 1 [ RunTime:0.002000s ]
[ sql ] [ SQL ] SELECT * FROM `ui_city` WHERE  `city_id` = 379 LIMIT 1 [ RunTime:0.001000s ]
[ sql ] [ SQL ] SELECT * FROM `ui_shop` WHERE (  `shop_id` = 1 ) AND `ui_shop`.`delete_time` IS NULL LIMIT 1 [ RunTime:0.002001s ]
[ sql ] [ SQL ] SELECT * FROM `ui_user` WHERE (  `user_id` = 1 ) AND `ui_user`.`delete_time` IS NULL LIMIT 1 [ RunTime:0.002000s ]
[ sql ] [ SQL ] SELECT * FROM `ui_city` WHERE  `city_id` = 3 LIMIT 1 [ RunTime:0.001000s ]
[ sql ] [ SQL ] SELECT * FROM `ui_city` WHERE  `city_id` = 35 LIMIT 1 [ RunTime:0.001000s ]
[ sql ] [ SQL ] SELECT * FROM `ui_city` WHERE  `city_id` = 397 LIMIT 1 [ RunTime:0.001000s ]
[ sql ] [ SQL ] SHOW COLUMNS FROM `ui_order_status` [ RunTime:0.024001s ]
[ sql ] [ SQL ] SELECT * FROM `ui_order_status` WHERE (  `status` = 1 ) AND `ui_order_status`.`delete_time` IS NULL [ RunTime:0.001000s ]
---------------------------------------------------------------
[ 2017-09-29T17:53:24+08:00 ] 127.0.0.3 127.0.0.1 GET /admin/good/index.shtml
[ info ] 127.0.0.3/admin/good/index.shtml [运行时间：0.649037s][吞吐率：1.54req/s] [内存消耗：6,515.53kb] [文件加载：67]
[ info ] [ LANG ] D:\phpStudy\WWW\adminui\frame\lang\zh-cn.php
[ info ] [ ROUTE ] array (
  'type' => 'module',
  'module' => 
  array (
    0 => 'admin',
    1 => 'good',
    2 => 'index',
  ),
)
[ info ] [ HEADER ] array (
  'upgrade-insecure-requests' => '1',
  'connection' => 'close',
  'cookie' => 'PHPSESSID=eq8l0cld7tvfi3q8qfm54qpnl3; thinkphp_show_page_trace=0|0',
  'referer' => 'http://127.0.0.3/admin/index/index.shtml',
  'accept-encoding' => 'gzip, deflate',
  'accept-language' => 'zh-CN,zh;q=0.8,en-US;q=0.5,en;q=0.3',
  'accept' => 'text/html,application/xhtml+xml,application/xml;q=0.9,*/*;q=0.8',
  'user-agent' => 'Mozilla/5.0 (Windows NT 6.1; WOW64; rv:55.0) Gecko/20100101 Firefox/55.0',
  'host' => '127.0.0.3',
)
[ info ] [ PARAM ] array (
)
[ info ] [ DB ] INIT mysql
[ info ] [ SESSION ] INIT array (
  'prefix' => 'admin',
)
[ info ] [ RUN ] app\admin\controller\Good->index[ D:\phpStudy\WWW\adminui\application\admin\controller\Good.php ]
[ info ] [ VIEW ] D:\phpStudy\WWW\adminui/public\theme\admin\good\index.html [ array (
  0 => 'module_name',
  1 => 'controller_name',
  2 => 'action_name',
  3 => 'public_path',
  4 => 'static_path',
  5 => 'web_public',
  6 => 'web_static',
  7 => 'js',
  8 => 'css',
  9 => 'img',
  10 => 'title',
  11 => 'admin_title',
  12 => 'nowpage',
  13 => 'upload',
  14 => 'menu',
  15 => 'goods',
  16 => 'brands',
  17 => 'cates',
) ]
[ info ] [ LOG ] INIT File
[ sql ] [ DB ] CONNECT:[ UseTime:0.011001s ] mysql:dbname=adminui;host=192.168.124.222;port=3306;charset=utf8
[ sql ] [ SQL ] SHOW COLUMNS FROM `ui_config` [ RunTime:0.022001s ]
[ sql ] [ SQL ] SELECT * FROM `ui_config` WHERE `ui_config`.`delete_time` IS NULL [ RunTime:0.002000s ]
[ sql ] [ SQL ] SHOW COLUMNS FROM `ui_city` [ RunTime:0.017001s ]
[ sql ] [ SQL ] SELECT * FROM `ui_city` WHERE  `pid` <> 0 [ RunTime:0.021002s ]
[ sql ] [ SQL ] SHOW COLUMNS FROM `ui_menu` [ RunTime:0.018001s ]
[ sql ] [ SQL ] SELECT * FROM `ui_menu` WHERE (  `url` = '/admin/good/index.shtml' ) AND `ui_menu`.`delete_time` IS NULL LIMIT 1 [ RunTime:0.002000s ]
[ sql ] [ SQL ] SELECT * FROM `ui_menu` WHERE (  `menu_id` = 100 ) AND `ui_menu`.`delete_time` IS NULL LIMIT 1 [ RunTime:0.001000s ]
[ sql ] [ SQL ] SHOW COLUMNS FROM `ui_admin` [ RunTime:0.017001s ]
[ sql ] [ SQL ] SELECT * FROM `ui_admin` WHERE (  `admin_id` = 1 ) AND `ui_admin`.`delete_time` IS NULL LIMIT 1 [ RunTime:0.001000s ]
[ sql ] [ SQL ] SHOW COLUMNS FROM `ui_goods_brand` [ RunTime:0.050003s ]
[ sql ] [ SQL ] SELECT * FROM `ui_goods_brand` WHERE `ui_goods_brand`.`delete_time` IS NULL [ RunTime:0.001000s ]
[ sql ] [ SQL ] SHOW COLUMNS FROM `ui_goods_cate` [ RunTime:0.011001s ]
[ sql ] [ SQL ] SELECT * FROM `ui_goods_cate` WHERE (  `pid` = 0 ) AND `ui_goods_cate`.`delete_time` IS NULL [ RunTime:0.002000s ]
[ sql ] [ SQL ] SHOW COLUMNS FROM `ui_goods` [ RunTime:0.009001s ]
[ sql ] [ SQL ] SELECT COUNT(*) AS tp_count FROM `ui_goods` WHERE (  `is_check` = 1 ) AND `ui_goods`.`delete_time` IS NULL LIMIT 1 [ RunTime:0.001000s ]
[ sql ] [ SQL ] SELECT * FROM `ui_goods` WHERE (  `is_check` = 1 ) AND `ui_goods`.`delete_time` IS NULL LIMIT 0,15 [ RunTime:0.002000s ]
[ sql ] [ SQL ] SELECT * FROM `ui_goods_brand` WHERE (  `brand_id` = 0 ) AND `ui_goods_brand`.`delete_time` IS NULL LIMIT 1 [ RunTime:0.002001s ]
[ sql ] [ SQL ] SELECT * FROM `ui_goods_cate` WHERE (  `cate_id` = 10 ) AND `ui_goods_cate`.`delete_time` IS NULL LIMIT 1 [ RunTime:0.002000s ]
[ sql ] [ SQL ] SELECT * FROM `ui_goods_cate` WHERE (  `cate_id` = 14 ) AND `ui_goods_cate`.`delete_time` IS NULL LIMIT 1 [ RunTime:0.001000s ]
[ sql ] [ SQL ] SHOW COLUMNS FROM `ui_shop` [ RunTime:0.008000s ]
[ sql ] [ SQL ] SELECT * FROM `ui_shop` WHERE (  `shop_id` = 1 ) AND `ui_shop`.`delete_time` IS NULL LIMIT 1 [ RunTime:0.002001s ]
[ sql ] [ SQL ] SELECT * FROM `ui_goods_brand` WHERE (  `brand_id` = 0 ) AND `ui_goods_brand`.`delete_time` IS NULL LIMIT 1 [ RunTime:0.001000s ]
[ sql ] [ SQL ] SELECT * FROM `ui_goods_cate` WHERE (  `cate_id` = 10 ) AND `ui_goods_cate`.`delete_time` IS NULL LIMIT 1 [ RunTime:0.001000s ]
[ sql ] [ SQL ] SELECT * FROM `ui_goods_cate` WHERE (  `cate_id` = 185 ) AND `ui_goods_cate`.`delete_time` IS NULL LIMIT 1 [ RunTime:0.001000s ]
[ sql ] [ SQL ] SELECT * FROM `ui_shop` WHERE (  `shop_id` = 1 ) AND `ui_shop`.`delete_time` IS NULL LIMIT 1 [ RunTime:0.002000s ]
[ sql ] [ SQL ] SELECT * FROM `ui_goods_brand` WHERE (  `brand_id` = 0 ) AND `ui_goods_brand`.`delete_time` IS NULL LIMIT 1 [ RunTime:0.001000s ]
[ sql ] [ SQL ] SELECT * FROM `ui_goods_cate` WHERE (  `cate_id` = 10 ) AND `ui_goods_cate`.`delete_time` IS NULL LIMIT 1 [ RunTime:0.001000s ]
[ sql ] [ SQL ] SELECT * FROM `ui_goods_cate` WHERE (  `cate_id` = 14 ) AND `ui_goods_cate`.`delete_time` IS NULL LIMIT 1 [ RunTime:0.001000s ]
[ sql ] [ SQL ] SELECT * FROM `ui_shop` WHERE (  `shop_id` = 1 ) AND `ui_shop`.`delete_time` IS NULL LIMIT 1 [ RunTime:0.002000s ]
[ sql ] [ SQL ] SELECT * FROM `ui_goods_brand` WHERE (  `brand_id` = 3 ) AND `ui_goods_brand`.`delete_time` IS NULL LIMIT 1 [ RunTime:0.001000s ]
[ sql ] [ SQL ] SELECT * FROM `ui_goods_cate` WHERE (  `cate_id` = 1 ) AND `ui_goods_cate`.`delete_time` IS NULL LIMIT 1 [ RunTime:0.001000s ]
[ sql ] [ SQL ] SELECT * FROM `ui_goods_cate` WHERE (  `cate_id` = 5 ) AND `ui_goods_cate`.`delete_time` IS NULL LIMIT 1 [ RunTime:0.001001s ]
[ sql ] [ SQL ] SELECT * FROM `ui_shop` WHERE (  `shop_id` = 1 ) AND `ui_shop`.`delete_time` IS NULL LIMIT 1 [ RunTime:0.001000s ]
[ sql ] [ SQL ] SELECT * FROM `ui_goods_brand` WHERE (  `brand_id` = 2 ) AND `ui_goods_brand`.`delete_time` IS NULL LIMIT 1 [ RunTime:0.001000s ]
[ sql ] [ SQL ] SELECT * FROM `ui_goods_cate` WHERE (  `cate_id` = 1 ) AND `ui_goods_cate`.`delete_time` IS NULL LIMIT 1 [ RunTime:0.001000s ]
[ sql ] [ SQL ] SELECT * FROM `ui_goods_cate` WHERE (  `cate_id` = 4 ) AND `ui_goods_cate`.`delete_time` IS NULL LIMIT 1 [ RunTime:0.001000s ]
[ sql ] [ SQL ] SELECT * FROM `ui_shop` WHERE (  `shop_id` = 1 ) AND `ui_shop`.`delete_time` IS NULL LIMIT 1 [ RunTime:0.001000s ]
[ sql ] [ SQL ] SELECT * FROM `ui_goods_brand` WHERE (  `brand_id` = 1 ) AND `ui_goods_brand`.`delete_time` IS NULL LIMIT 1 [ RunTime:0.001000s ]
[ sql ] [ SQL ] SELECT * FROM `ui_goods_cate` WHERE (  `cate_id` = 1 ) AND `ui_goods_cate`.`delete_time` IS NULL LIMIT 1 [ RunTime:0.001000s ]
[ sql ] [ SQL ] SELECT * FROM `ui_goods_cate` WHERE (  `cate_id` = 4 ) AND `ui_goods_cate`.`delete_time` IS NULL LIMIT 1 [ RunTime:0.002000s ]
[ sql ] [ SQL ] SELECT * FROM `ui_shop` WHERE (  `shop_id` = 1 ) AND `ui_shop`.`delete_time` IS NULL LIMIT 1 [ RunTime:0.002001s ]
[ sql ] [ SQL ] SELECT * FROM `ui_goods_brand` WHERE (  `brand_id` = 0 ) AND `ui_goods_brand`.`delete_time` IS NULL LIMIT 1 [ RunTime:0.001000s ]
[ sql ] [ SQL ] SELECT * FROM `ui_goods_cate` WHERE (  `cate_id` IS NULL ) AND `ui_goods_cate`.`delete_time` IS NULL LIMIT 1 [ RunTime:0.001000s ]
[ sql ] [ SQL ] SELECT * FROM `ui_goods_cate` WHERE (  `cate_id` IS NULL ) AND `ui_goods_cate`.`delete_time` IS NULL LIMIT 1 [ RunTime:0.001000s ]
[ sql ] [ SQL ] SELECT * FROM `ui_shop` WHERE (  `shop_id` = 1 ) AND `ui_shop`.`delete_time` IS NULL LIMIT 1 [ RunTime:0.002000s ]
[ sql ] [ SQL ] SELECT * FROM `ui_goods_brand` WHERE (  `brand_id` = 0 ) AND `ui_goods_brand`.`delete_time` IS NULL LIMIT 1 [ RunTime:0.001000s ]
[ sql ] [ SQL ] SELECT * FROM `ui_goods_cate` WHERE (  `cate_id` = 23 ) AND `ui_goods_cate`.`delete_time` IS NULL LIMIT 1 [ RunTime:0.001000s ]
[ sql ] [ SQL ] SELECT * FROM `ui_goods_cate` WHERE (  `cate_id` = 78 ) AND `ui_goods_cate`.`delete_time` IS NULL LIMIT 1 [ RunTime:0.001000s ]
[ sql ] [ SQL ] SELECT * FROM `ui_shop` WHERE (  `shop_id` = 1 ) AND `ui_shop`.`delete_time` IS NULL LIMIT 1 [ RunTime:0.001000s ]
[ sql ] [ SQL ] SELECT * FROM `ui_goods_brand` WHERE (  `brand_id` = 0 ) AND `ui_goods_brand`.`delete_time` IS NULL LIMIT 1 [ RunTime:0.001000s ]
[ sql ] [ SQL ] SELECT * FROM `ui_goods_cate` WHERE (  `cate_id` = 23 ) AND `ui_goods_cate`.`delete_time` IS NULL LIMIT 1 [ RunTime:0.001000s ]
[ sql ] [ SQL ] SELECT * FROM `ui_goods_cate` WHERE (  `cate_id` IS NULL ) AND `ui_goods_cate`.`delete_time` IS NULL LIMIT 1 [ RunTime:0.001000s ]
[ sql ] [ SQL ] SELECT * FROM `ui_shop` WHERE (  `shop_id` = 1 ) AND `ui_shop`.`delete_time` IS NULL LIMIT 1 [ RunTime:0.002000s ]
[ sql ] [ SQL ] SELECT * FROM `ui_goods_brand` WHERE (  `brand_id` = 0 ) AND `ui_goods_brand`.`delete_time` IS NULL LIMIT 1 [ RunTime:0.001000s ]
[ sql ] [ SQL ] SELECT * FROM `ui_goods_cate` WHERE (  `cate_id` = 23 ) AND `ui_goods_cate`.`delete_time` IS NULL LIMIT 1 [ RunTime:0.002000s ]
[ sql ] [ SQL ] SELECT * FROM `ui_goods_cate` WHERE (  `cate_id` = 78 ) AND `ui_goods_cate`.`delete_time` IS NULL LIMIT 1 [ RunTime:0.001000s ]
[ sql ] [ SQL ] SELECT * FROM `ui_shop` WHERE (  `shop_id` = 1 ) AND `ui_shop`.`delete_time` IS NULL LIMIT 1 [ RunTime:0.002000s ]
[ sql ] [ SQL ] SELECT * FROM `ui_goods_brand` WHERE (  `brand_id` = 0 ) AND `ui_goods_brand`.`delete_time` IS NULL LIMIT 1 [ RunTime:0.001000s ]
[ sql ] [ SQL ] SELECT * FROM `ui_goods_cate` WHERE (  `cate_id` = 1 ) AND `ui_goods_cate`.`delete_time` IS NULL LIMIT 1 [ RunTime:0.001000s ]
[ sql ] [ SQL ] SELECT * FROM `ui_goods_cate` WHERE (  `cate_id` = 9 ) AND `ui_goods_cate`.`delete_time` IS NULL LIMIT 1 [ RunTime:0.001000s ]
[ sql ] [ SQL ] SELECT * FROM `ui_shop` WHERE (  `shop_id` = 1 ) AND `ui_shop`.`delete_time` IS NULL LIMIT 1 [ RunTime:0.001000s ]
[ sql ] [ SQL ] SELECT * FROM `ui_goods_brand` WHERE (  `brand_id` = 0 ) AND `ui_goods_brand`.`delete_time` IS NULL LIMIT 1 [ RunTime:0.002000s ]
[ sql ] [ SQL ] SELECT * FROM `ui_goods_cate` WHERE (  `cate_id` = 1 ) AND `ui_goods_cate`.`delete_time` IS NULL LIMIT 1 [ RunTime:0.001000s ]
[ sql ] [ SQL ] SELECT * FROM `ui_goods_cate` WHERE (  `cate_id` = 9 ) AND `ui_goods_cate`.`delete_time` IS NULL LIMIT 1 [ RunTime:0.002000s ]
[ sql ] [ SQL ] SELECT * FROM `ui_shop` WHERE (  `shop_id` = 1 ) AND `ui_shop`.`delete_time` IS NULL LIMIT 1 [ RunTime:0.002000s ]
[ sql ] [ SQL ] SELECT * FROM `ui_goods_brand` WHERE (  `brand_id` = 0 ) AND `ui_goods_brand`.`delete_time` IS NULL LIMIT 1 [ RunTime:0.001000s ]
[ sql ] [ SQL ] SELECT * FROM `ui_goods_cate` WHERE (  `cate_id` = 10 ) AND `ui_goods_cate`.`delete_time` IS NULL LIMIT 1 [ RunTime:0.001000s ]
[ sql ] [ SQL ] SELECT * FROM `ui_goods_cate` WHERE (  `cate_id` = 14 ) AND `ui_goods_cate`.`delete_time` IS NULL LIMIT 1 [ RunTime:0.002000s ]
[ sql ] [ SQL ] SELECT * FROM `ui_shop` WHERE (  `shop_id` = 1 ) AND `ui_shop`.`delete_time` IS NULL LIMIT 1 [ RunTime:0.002000s ]
[ sql ] [ SQL ] SELECT * FROM `ui_goods_brand` WHERE (  `brand_id` = 0 ) AND `ui_goods_brand`.`delete_time` IS NULL LIMIT 1 [ RunTime:0.001001s ]
[ sql ] [ SQL ] SELECT * FROM `ui_goods_cate` WHERE (  `cate_id` = 10 ) AND `ui_goods_cate`.`delete_time` IS NULL LIMIT 1 [ RunTime:0.001000s ]
[ sql ] [ SQL ] SELECT * FROM `ui_goods_cate` WHERE (  `cate_id` = 14 ) AND `ui_goods_cate`.`delete_time` IS NULL LIMIT 1 [ RunTime:0.001000s ]
[ sql ] [ SQL ] SELECT * FROM `ui_shop` WHERE (  `shop_id` = 1 ) AND `ui_shop`.`delete_time` IS NULL LIMIT 1 [ RunTime:0.001000s ]
[ sql ] [ SQL ] SELECT * FROM `ui_goods_brand` WHERE (  `brand_id` = 0 ) AND `ui_goods_brand`.`delete_time` IS NULL LIMIT 1 [ RunTime:0.001000s ]
[ sql ] [ SQL ] SELECT * FROM `ui_goods_cate` WHERE (  `cate_id` = 10 ) AND `ui_goods_cate`.`delete_time` IS NULL LIMIT 1 [ RunTime:0.002000s ]
[ sql ] [ SQL ] SELECT * FROM `ui_goods_cate` WHERE (  `cate_id` = 14 ) AND `ui_goods_cate`.`delete_time` IS NULL LIMIT 1 [ RunTime:0.001000s ]
[ sql ] [ SQL ] SELECT * FROM `ui_shop` WHERE (  `shop_id` = 1 ) AND `ui_shop`.`delete_time` IS NULL LIMIT 1 [ RunTime:0.001000s ]
---------------------------------------------------------------
[ 2017-09-29T17:53:37+08:00 ] 127.0.0.3 127.0.0.1 GET /admin/good/cate_index.shtml
[ info ] 127.0.0.3/admin/good/cate_index.shtml [运行时间：0.500029s][吞吐率：2.00req/s] [内存消耗：6,199.76kb] [文件加载：58]
[ info ] [ LANG ] D:\phpStudy\WWW\adminui\frame\lang\zh-cn.php
[ info ] [ ROUTE ] array (
  'type' => 'module',
  'module' => 
  array (
    0 => 'admin',
    1 => 'good',
    2 => 'cate_index',
  ),
)
[ info ] [ HEADER ] array (
  'upgrade-insecure-requests' => '1',
  'connection' => 'close',
  'cookie' => 'thinkphp_show_page_trace=0|0; PHPSESSID=eq8l0cld7tvfi3q8qfm54qpnl3; thinkphp_show_page_trace=0|0',
  'referer' => 'http://127.0.0.3/admin/index/index.shtml',
  'accept-encoding' => 'gzip, deflate',
  'accept-language' => 'zh-CN,zh;q=0.8,en-US;q=0.5,en;q=0.3',
  'accept' => 'text/html,application/xhtml+xml,application/xml;q=0.9,*/*;q=0.8',
  'user-agent' => 'Mozilla/5.0 (Windows NT 6.1; WOW64; rv:55.0) Gecko/20100101 Firefox/55.0',
  'host' => '127.0.0.3',
)
[ info ] [ PARAM ] array (
)
[ info ] [ DB ] INIT mysql
[ info ] [ SESSION ] INIT array (
  'prefix' => 'admin',
)
[ info ] [ RUN ] app\admin\controller\Good->cate_index[ D:\phpStudy\WWW\adminui\application\admin\controller\Good.php ]
[ info ] [ VIEW ] D:\phpStudy\WWW\adminui/public\theme\admin\good\cate_index.html [ array (
  0 => 'module_name',
  1 => 'controller_name',
  2 => 'action_name',
  3 => 'public_path',
  4 => 'static_path',
  5 => 'web_public',
  6 => 'web_static',
  7 => 'js',
  8 => 'css',
  9 => 'img',
  10 => 'title',
  11 => 'admin_title',
  12 => 'nowpage',
  13 => 'upload',
  14 => 'menu',
  15 => 'tree',
) ]
[ info ] [ LOG ] INIT File
[ sql ] [ DB ] CONNECT:[ UseTime:0.002001s ] mysql:dbname=adminui;host=192.168.124.222;port=3306;charset=utf8
[ sql ] [ SQL ] SHOW COLUMNS FROM `ui_config` [ RunTime:0.022001s ]
[ sql ] [ SQL ] SELECT * FROM `ui_config` WHERE `ui_config`.`delete_time` IS NULL [ RunTime:0.002000s ]
[ sql ] [ SQL ] SHOW COLUMNS FROM `ui_city` [ RunTime:0.016001s ]
[ sql ] [ SQL ] SELECT * FROM `ui_city` WHERE  `pid` <> 0 [ RunTime:0.021002s ]
[ sql ] [ SQL ] SHOW COLUMNS FROM `ui_menu` [ RunTime:0.018001s ]
[ sql ] [ SQL ] SELECT * FROM `ui_menu` WHERE (  `url` = '/admin/good/cate_index.shtml' ) AND `ui_menu`.`delete_time` IS NULL LIMIT 1 [ RunTime:0.001000s ]
[ sql ] [ SQL ] SELECT * FROM `ui_menu` WHERE (  `menu_id` = 100 ) AND `ui_menu`.`delete_time` IS NULL LIMIT 1 [ RunTime:0.001000s ]
[ sql ] [ SQL ] SHOW COLUMNS FROM `ui_admin` [ RunTime:0.012001s ]
[ sql ] [ SQL ] SELECT * FROM `ui_admin` WHERE (  `admin_id` = 1 ) AND `ui_admin`.`delete_time` IS NULL LIMIT 1 [ RunTime:0.001000s ]
[ sql ] [ SQL ] SHOW COLUMNS FROM `ui_goods_cate` [ RunTime:0.010001s ]
[ sql ] [ SQL ] SELECT * FROM `ui_goods_cate` WHERE `ui_goods_cate`.`delete_time` IS NULL [ RunTime:0.006000s ]
---------------------------------------------------------------
[ 2017-09-29T17:53:43+08:00 ] 127.0.0.3 127.0.0.1 GET /admin/good/add_cate.shtml
[ info ] 127.0.0.3/admin/good/add_cate.shtml [运行时间：0.493029s][吞吐率：2.03req/s] [内存消耗：4,713.05kb] [文件加载：58]
[ info ] [ LANG ] D:\phpStudy\WWW\adminui\frame\lang\zh-cn.php
[ info ] [ ROUTE ] array (
  'type' => 'module',
  'module' => 
  array (
    0 => 'admin',
    1 => 'good',
    2 => 'add_cate',
  ),
)
[ info ] [ HEADER ] array (
  'upgrade-insecure-requests' => '1',
  'connection' => 'close',
  'cookie' => 'thinkphp_show_page_trace=0|0; PHPSESSID=eq8l0cld7tvfi3q8qfm54qpnl3; thinkphp_show_page_trace=0|0',
  'referer' => 'http://127.0.0.3/admin/good/cate_index.shtml',
  'accept-encoding' => 'gzip, deflate',
  'accept-language' => 'zh-CN,zh;q=0.8,en-US;q=0.5,en;q=0.3',
  'accept' => 'text/html,application/xhtml+xml,application/xml;q=0.9,*/*;q=0.8',
  'user-agent' => 'Mozilla/5.0 (Windows NT 6.1; WOW64; rv:55.0) Gecko/20100101 Firefox/55.0',
  'host' => '127.0.0.3',
)
[ info ] [ PARAM ] array (
)
[ info ] [ DB ] INIT mysql
[ info ] [ SESSION ] INIT array (
  'prefix' => 'admin',
)
[ info ] [ RUN ] app\admin\controller\Good->add_cate[ D:\phpStudy\WWW\adminui\application\admin\controller\Good.php ]
[ info ] [ VIEW ] D:\phpStudy\WWW\adminui/public\theme\admin\good\add_cate.html [ array (
  0 => 'module_name',
  1 => 'controller_name',
  2 => 'action_name',
  3 => 'public_path',
  4 => 'static_path',
  5 => 'web_public',
  6 => 'web_static',
  7 => 'js',
  8 => 'css',
  9 => 'img',
  10 => 'title',
  11 => 'admin_title',
  12 => 'nowpage',
  13 => 'upload',
  14 => 'menu',
  15 => 'select',
) ]
[ info ] [ LOG ] INIT File
[ sql ] [ DB ] CONNECT:[ UseTime:0.011001s ] mysql:dbname=adminui;host=192.168.124.222;port=3306;charset=utf8
[ sql ] [ SQL ] SHOW COLUMNS FROM `ui_config` [ RunTime:0.022001s ]
[ sql ] [ SQL ] SELECT * FROM `ui_config` WHERE `ui_config`.`delete_time` IS NULL [ RunTime:0.005000s ]
[ sql ] [ SQL ] SHOW COLUMNS FROM `ui_city` [ RunTime:0.014001s ]
[ sql ] [ SQL ] SELECT * FROM `ui_city` WHERE  `pid` <> 0 [ RunTime:0.021001s ]
[ sql ] [ SQL ] SHOW COLUMNS FROM `ui_menu` [ RunTime:0.019001s ]
[ sql ] [ SQL ] SELECT * FROM `ui_menu` WHERE (  `url` = '/admin/good/add_cate.shtml' ) AND `ui_menu`.`delete_time` IS NULL LIMIT 1 [ RunTime:0.001001s ]
[ sql ] [ SQL ] SELECT * FROM `ui_menu` WHERE (  `menu_id` = 107 ) AND `ui_menu`.`delete_time` IS NULL LIMIT 1 [ RunTime:0.002000s ]
[ sql ] [ SQL ] SHOW COLUMNS FROM `ui_admin` [ RunTime:0.017001s ]
[ sql ] [ SQL ] SELECT * FROM `ui_admin` WHERE (  `admin_id` = 1 ) AND `ui_admin`.`delete_time` IS NULL LIMIT 1 [ RunTime:0.001000s ]
[ sql ] [ SQL ] SHOW COLUMNS FROM `ui_goods_cate` [ RunTime:0.012000s ]
[ sql ] [ SQL ] SELECT * FROM `ui_goods_cate` WHERE (  `status` <> -1 ) AND `ui_goods_cate`.`delete_time` IS NULL ORDER BY `sort`  asc [ RunTime:0.009001s ]
---------------------------------------------------------------
[ 2017-09-29T17:57:11+08:00 ] 127.0.0.3 127.0.0.1 GET /admin/good/add_cate.shtml
[ info ] 127.0.0.3/admin/good/add_cate.shtml [运行时间：0.434025s][吞吐率：2.30req/s] [内存消耗：4,713.05kb] [文件加载：58]
[ info ] [ LANG ] D:\phpStudy\WWW\adminui\frame\lang\zh-cn.php
[ info ] [ ROUTE ] array (
  'type' => 'module',
  'module' => 
  array (
    0 => 'admin',
    1 => 'good',
    2 => 'add_cate',
  ),
)
[ info ] [ HEADER ] array (
  'upgrade-insecure-requests' => '1',
  'connection' => 'close',
  'cookie' => 'thinkphp_show_page_trace=0|0; PHPSESSID=eq8l0cld7tvfi3q8qfm54qpnl3; thinkphp_show_page_trace=0|0',
  'referer' => 'http://127.0.0.3/admin/good/cate_index.shtml',
  'accept-encoding' => 'gzip, deflate',
  'accept-language' => 'zh-CN,zh;q=0.8,en-US;q=0.5,en;q=0.3',
  'accept' => 'text/html,application/xhtml+xml,application/xml;q=0.9,*/*;q=0.8',
  'user-agent' => 'Mozilla/5.0 (Windows NT 6.1; WOW64; rv:55.0) Gecko/20100101 Firefox/55.0',
  'host' => '127.0.0.3',
)
[ info ] [ PARAM ] array (
)
[ info ] [ DB ] INIT mysql
[ info ] [ SESSION ] INIT array (
  'prefix' => 'admin',
)
[ info ] [ RUN ] app\admin\controller\Good->add_cate[ D:\phpStudy\WWW\adminui\application\admin\controller\Good.php ]
[ info ] [ VIEW ] D:\phpStudy\WWW\adminui/public\theme\admin\good\add_cate.html [ array (
  0 => 'module_name',
  1 => 'controller_name',
  2 => 'action_name',
  3 => 'public_path',
  4 => 'static_path',
  5 => 'web_public',
  6 => 'web_static',
  7 => 'js',
  8 => 'css',
  9 => 'img',
  10 => 'title',
  11 => 'admin_title',
  12 => 'nowpage',
  13 => 'upload',
  14 => 'menu',
  15 => 'select',
) ]
[ info ] [ LOG ] INIT File
[ sql ] [ DB ] CONNECT:[ UseTime:0.011001s ] mysql:dbname=adminui;host=192.168.124.222;port=3306;charset=utf8
[ sql ] [ SQL ] SHOW COLUMNS FROM `ui_config` [ RunTime:0.022001s ]
[ sql ] [ SQL ] SELECT * FROM `ui_config` WHERE `ui_config`.`delete_time` IS NULL [ RunTime:0.002000s ]
[ sql ] [ SQL ] SHOW COLUMNS FROM `ui_city` [ RunTime:0.010000s ]
[ sql ] [ SQL ] SELECT * FROM `ui_city` WHERE  `pid` <> 0 [ RunTime:0.021001s ]
[ sql ] [ SQL ] SHOW COLUMNS FROM `ui_menu` [ RunTime:0.018001s ]
[ sql ] [ SQL ] SELECT * FROM `ui_menu` WHERE (  `url` = '/admin/good/add_cate.shtml' ) AND `ui_menu`.`delete_time` IS NULL LIMIT 1 [ RunTime:0.002000s ]
[ sql ] [ SQL ] SELECT * FROM `ui_menu` WHERE (  `menu_id` = 107 ) AND `ui_menu`.`delete_time` IS NULL LIMIT 1 [ RunTime:0.002001s ]
[ sql ] [ SQL ] SHOW COLUMNS FROM `ui_admin` [ RunTime:0.012000s ]
[ sql ] [ SQL ] SELECT * FROM `ui_admin` WHERE (  `admin_id` = 1 ) AND `ui_admin`.`delete_time` IS NULL LIMIT 1 [ RunTime:0.001000s ]
[ sql ] [ SQL ] SHOW COLUMNS FROM `ui_goods_cate` [ RunTime:0.013000s ]
[ sql ] [ SQL ] SELECT * FROM `ui_goods_cate` WHERE (  `status` <> -1 ) AND `ui_goods_cate`.`delete_time` IS NULL ORDER BY `sort`  asc [ RunTime:0.008001s ]
