---------------------------------------------------------------
[ 2017-09-30T09:31:30+08:00 ] 127.0.0.3 127.0.0.1 GET /admin
[ info ] 127.0.0.3/admin [运行时间：0.318018s][吞吐率：3.14req/s] [内存消耗：5,243.51kb] [文件加载：51]
[ info ] [ LANG ] D:\phpStudy\WWW\adminui\frame\lang\zh-cn.php
[ info ] [ ROUTE ] array (
  'type' => 'module',
  'module' => 
  array (
    0 => 'admin',
    1 => NULL,
    2 => NULL,
  ),
)
[ info ] [ HEADER ] array (
  'accept-language' => 'zh-CN,zh;q=0.8',
  'accept-encoding' => 'gzip, deflate, br',
  'accept' => 'text/html,application/xhtml+xml,application/xml;q=0.9,image/webp,image/apng,*/*;q=0.8',
  'user-agent' => 'Mozilla/5.0 (Windows NT 6.1; WOW64) AppleWebKit/537.36 (KHTML, like Gecko) Chrome/60.0.3112.113 Safari/537.36',
  'upgrade-insecure-requests' => '1',
  'connection' => 'close',
  'host' => '127.0.0.3',
)
[ info ] [ PARAM ] array (
)
[ info ] [ DB ] INIT mysql
[ info ] [ SESSION ] INIT array (
  'prefix' => 'admin',
)
[ info ] [ LOG ] INIT File
[ sql ] [ DB ] CONNECT:[ UseTime:0.010001s ] mysql:dbname=adminui;host=192.168.124.222;port=3306;charset=utf8
[ sql ] [ SQL ] SHOW COLUMNS FROM `ui_config` [ RunTime:0.029002s ]
[ sql ] [ SQL ] SELECT * FROM `ui_config` WHERE `ui_config`.`delete_time` IS NULL [ RunTime:0.002000s ]
[ sql ] [ SQL ] SHOW COLUMNS FROM `ui_city` [ RunTime:0.011001s ]
[ sql ] [ SQL ] SELECT * FROM `ui_city` WHERE  `pid` <> 0 [ RunTime:0.021001s ]
[ sql ] [ SQL ] SHOW COLUMNS FROM `ui_menu` [ RunTime:0.020001s ]
[ sql ] [ SQL ] SELECT * FROM `ui_menu` WHERE (  `url` = '/admin/index/index.shtml' ) AND `ui_menu`.`delete_time` IS NULL LIMIT 1 [ RunTime:0.001000s ]
[ sql ] [ SQL ] SELECT * FROM `ui_menu` WHERE (  `menu_id` = 0 ) AND `ui_menu`.`delete_time` IS NULL LIMIT 1 [ RunTime:0.001000s ]
---------------------------------------------------------------
[ 2017-09-30T09:31:30+08:00 ] 127.0.0.3 127.0.0.1 GET /admin/publics/login.shtml
[ info ] 127.0.0.3/admin/publics/login.shtml [运行时间：0.322018s][吞吐率：3.11req/s] [内存消耗：5,405.24kb] [文件加载：55]
[ info ] [ LANG ] D:\phpStudy\WWW\adminui\frame\lang\zh-cn.php
[ info ] [ ROUTE ] array (
  'type' => 'module',
  'module' => 
  array (
    0 => 'admin',
    1 => 'publics',
    2 => 'login',
  ),
)
[ info ] [ HEADER ] array (
  'cookie' => 'PHPSESSID=e44grbesofja2fv2pua3hmki30',
  'accept-language' => 'zh-CN,zh;q=0.8',
  'accept-encoding' => 'gzip, deflate, br',
  'accept' => 'text/html,application/xhtml+xml,application/xml;q=0.9,image/webp,image/apng,*/*;q=0.8',
  'user-agent' => 'Mozilla/5.0 (Windows NT 6.1; WOW64) AppleWebKit/537.36 (KHTML, like Gecko) Chrome/60.0.3112.113 Safari/537.36',
  'upgrade-insecure-requests' => '1',
  'connection' => 'close',
  'host' => '127.0.0.3',
)
[ info ] [ PARAM ] array (
)
[ info ] [ DB ] INIT mysql
[ info ] [ SESSION ] INIT array (
  'prefix' => 'admin',
)
[ info ] [ RUN ] app\admin\controller\Publics->login[ D:\phpStudy\WWW\adminui\application\admin\controller\Publics.php ]
[ info ] [ VIEW ] D:\phpStudy\WWW\adminui/public\theme\admin\publics\login.html [ array (
  0 => 'module_name',
  1 => 'controller_name',
  2 => 'action_name',
  3 => 'public_path',
  4 => 'static_path',
  5 => 'web_public',
  6 => 'web_static',
  7 => 'js',
  8 => 'css',
  9 => 'img',
  10 => 'title',
  11 => 'admin_title',
  12 => 'nowpage',
  13 => 'upload',
  14 => 'menu',
) ]
[ info ] [ LOG ] INIT File
[ sql ] [ DB ] CONNECT:[ UseTime:0.011001s ] mysql:dbname=adminui;host=192.168.124.222;port=3306;charset=utf8
[ sql ] [ SQL ] SHOW COLUMNS FROM `ui_config` [ RunTime:0.014001s ]
[ sql ] [ SQL ] SELECT * FROM `ui_config` WHERE `ui_config`.`delete_time` IS NULL [ RunTime:0.002000s ]
[ sql ] [ SQL ] SHOW COLUMNS FROM `ui_city` [ RunTime:0.014001s ]
[ sql ] [ SQL ] SELECT * FROM `ui_city` WHERE  `pid` <> 0 [ RunTime:0.021001s ]
[ sql ] [ SQL ] SHOW COLUMNS FROM `ui_menu` [ RunTime:0.021001s ]
[ sql ] [ SQL ] SELECT * FROM `ui_menu` WHERE (  `url` = '/admin/publics/login.shtml' ) AND `ui_menu`.`delete_time` IS NULL LIMIT 1 [ RunTime:0.002000s ]
---------------------------------------------------------------
[ 2017-09-30T09:31:36+08:00 ] 127.0.0.3 127.0.0.1 POST /admin/publics/login.shtml
[ info ] 127.0.0.3/admin/publics/login.shtml [运行时间：0.154008s][吞吐率：6.49req/s] [内存消耗：2,294.53kb] [文件加载：52]
[ info ] [ LANG ] D:\phpStudy\WWW\adminui\frame\lang\zh-cn.php
[ info ] [ ROUTE ] array (
  'type' => 'module',
  'module' => 
  array (
    0 => 'admin',
    1 => 'publics',
    2 => 'login',
  ),
)
[ info ] [ HEADER ] array (
  'cookie' => 'thinkphp_show_page_trace=0|0; PHPSESSID=e44grbesofja2fv2pua3hmki30',
  'accept-language' => 'zh-CN,zh;q=0.8',
  'accept-encoding' => 'gzip, deflate, br',
  'referer' => 'http://127.0.0.3/admin/publics/login.shtml',
  'content-type' => 'application/x-www-form-urlencoded; charset=UTF-8',
  'user-agent' => 'Mozilla/5.0 (Windows NT 6.1; WOW64) AppleWebKit/537.36 (KHTML, like Gecko) Chrome/60.0.3112.113 Safari/537.36',
  'x-requested-with' => 'XMLHttpRequest',
  'origin' => 'http://127.0.0.3',
  'accept' => 'application/json, text/javascript, */*; q=0.01',
  'content-length' => '30',
  'connection' => 'close',
  'host' => '127.0.0.3',
)
[ info ] [ PARAM ] array (
  'username' => 'admin',
  'password' => '123456',
)
[ info ] [ SESSION ] INIT array (
  'prefix' => 'admin',
)
[ info ] [ DB ] INIT mysql
[ info ] [ RUN ] app\admin\controller\Publics->login[ D:\phpStudy\WWW\adminui\application\admin\controller\Publics.php ]
[ info ] [ CACHE ] INIT File
[ info ] [ LOG ] INIT File
[ sql ] [ DB ] CONNECT:[ UseTime:0.002001s ] mysql:dbname=adminui;host=192.168.124.222;port=3306;charset=utf8
[ sql ] [ SQL ] SHOW COLUMNS FROM `ui_menu` [ RunTime:0.022001s ]
[ sql ] [ SQL ] SELECT * FROM `ui_menu` WHERE (  `url` = '/admin/publics/login.shtml' ) AND `ui_menu`.`delete_time` IS NULL LIMIT 1 [ RunTime:0.001000s ]
[ sql ] [ SQL ] SHOW COLUMNS FROM `ui_admin` [ RunTime:0.021001s ]
[ sql ] [ SQL ] SELECT * FROM `ui_admin` WHERE (  `account` = 'admin' ) AND `ui_admin`.`delete_time` IS NULL LIMIT 1 [ RunTime:0.001001s ]
[ sql ] [ SQL ] SHOW COLUMNS FROM `ui_auth_group` [ RunTime:0.021001s ]
[ sql ] [ SQL ] SELECT `status` FROM `ui_auth_group` WHERE (  `group_id` = 1 ) AND `ui_auth_group`.`delete_time` IS NULL LIMIT 1 [ RunTime:0.001000s ]
[ sql ] [ SQL ] UPDATE `ui_admin`  SET `last_login_time`=1506735096,`last_login_ip`='127.0.0.1',`login_status`=1,`update_time`=1506735096  WHERE (  `admin_id` = 1 ) AND `ui_admin`.`delete_time` IS NULL [ RunTime:0.002000s ]
[ sql ] [ SQL ] SELECT * FROM `ui_admin` WHERE (  `account` = 'admin' ) AND `ui_admin`.`delete_time` IS NULL LIMIT 1 [ RunTime:0.002000s ]
[ sql ] [ SQL ] SHOW COLUMNS FROM `ui_log` [ RunTime:0.011001s ]
[ sql ] [ SQL ] INSERT INTO `ui_log` (`admin_id` , `module` , `controller` , `action` , `data_id` , `des` , `create_time` , `update_time`) VALUES (1 , 'admin' , 'Publics' , 'login' , 'admin' , '登录系统' , 1506735096 , 1506735096) [ RunTime:0.002000s ]
---------------------------------------------------------------
[ 2017-09-30T09:31:37+08:00 ] 127.0.0.3 127.0.0.1 GET /admin/index/index.shtml
[ info ] 127.0.0.3/admin/index/index.shtml [运行时间：0.403023s][吞吐率：2.48req/s] [内存消耗：2,698.38kb] [文件加载：59]
[ info ] [ LANG ] D:\phpStudy\WWW\adminui\frame\lang\zh-cn.php
[ info ] [ ROUTE ] array (
  'type' => 'module',
  'module' => 
  array (
    0 => 'admin',
    1 => 'index',
    2 => 'index',
  ),
)
[ info ] [ HEADER ] array (
  'cookie' => 'PHPSESSID=e44grbesofja2fv2pua3hmki30',
  'accept-language' => 'zh-CN,zh;q=0.8',
  'accept-encoding' => 'gzip, deflate, br',
  'referer' => 'http://127.0.0.3/admin/publics/login.shtml',
  'accept' => 'text/html,application/xhtml+xml,application/xml;q=0.9,image/webp,image/apng,*/*;q=0.8',
  'user-agent' => 'Mozilla/5.0 (Windows NT 6.1; WOW64) AppleWebKit/537.36 (KHTML, like Gecko) Chrome/60.0.3112.113 Safari/537.36',
  'upgrade-insecure-requests' => '1',
  'connection' => 'close',
  'host' => '127.0.0.3',
)
[ info ] [ PARAM ] array (
)
[ info ] [ DB ] INIT mysql
[ info ] [ SESSION ] INIT array (
  'prefix' => 'admin',
)
[ info ] [ RUN ] app\admin\controller\Index->index[ D:\phpStudy\WWW\adminui\application\admin\controller\Index.php ]
[ info ] [ VIEW ] D:\phpStudy\WWW\adminui/public\theme\admin\index\index.html [ array (
  0 => 'module_name',
  1 => 'controller_name',
  2 => 'action_name',
  3 => 'public_path',
  4 => 'static_path',
  5 => 'web_public',
  6 => 'web_static',
  7 => 'js',
  8 => 'css',
  9 => 'img',
  10 => 'title',
  11 => 'admin_title',
  12 => 'nowpage',
  13 => 'upload',
  14 => 'menu',
  15 => 'menus',
  16 => 'headimg',
) ]
[ info ] [ LOG ] INIT File
[ sql ] [ DB ] CONNECT:[ UseTime:0.011000s ] mysql:dbname=adminui;host=192.168.124.222;port=3306;charset=utf8
[ sql ] [ SQL ] SHOW COLUMNS FROM `ui_config` [ RunTime:0.022002s ]
[ sql ] [ SQL ] SELECT * FROM `ui_config` WHERE `ui_config`.`delete_time` IS NULL [ RunTime:0.002000s ]
[ sql ] [ SQL ] SHOW COLUMNS FROM `ui_city` [ RunTime:0.017001s ]
[ sql ] [ SQL ] SELECT * FROM `ui_city` WHERE  `pid` <> 0 [ RunTime:0.022001s ]
[ sql ] [ SQL ] SHOW COLUMNS FROM `ui_menu` [ RunTime:0.018001s ]
[ sql ] [ SQL ] SELECT * FROM `ui_menu` WHERE (  `url` = '/admin/index/index.shtml' ) AND `ui_menu`.`delete_time` IS NULL LIMIT 1 [ RunTime:0.002000s ]
[ sql ] [ SQL ] SELECT * FROM `ui_menu` WHERE (  `menu_id` = 0 ) AND `ui_menu`.`delete_time` IS NULL LIMIT 1 [ RunTime:0.001000s ]
[ sql ] [ SQL ] SHOW COLUMNS FROM `ui_admin` [ RunTime:0.017001s ]
[ sql ] [ SQL ] SELECT * FROM `ui_admin` WHERE (  `admin_id` = 1 ) AND `ui_admin`.`delete_time` IS NULL LIMIT 1 [ RunTime:0.001000s ]
[ sql ] [ SQL ] SELECT `menu_id` FROM `ui_menu` WHERE `ui_menu`.`delete_time` IS NULL [ RunTime:0.001000s ]
[ sql ] [ SQL ] SELECT `menu_id`,`module`,`controller`,`action` FROM `ui_menu` WHERE (  `menu_id` IN (1,2,3,4,5,12,13,45,62,63,64,68,69,72,74,75,76,77,78,80,81,82,83,84,85,86,87,88,89,90,91,92,93,94,95,96,97,98,99,100,101,102,103,104,105,106,107,108,109,110,111,112,113,114,115,116,117,118,119,120,121,122,123,124,125,126,127,128,129,130,131,132,133,134,135,136,137,138,139,140,141,142,143,144,145,146,147,148,149,150,151,152,153,154,155,156,157,158,159,160,162,163,164,165,166,167,168,169,170,171,172,173,174,175,176,177,178,179,180,181,182,183,184,185,186,190,191,192,193,194,195,196,197,198,199,200,205,206,207,208,209,213,214,215,217,218,219,221,222,223,224,225,226,227,228,229,230,231,232,233,234,235,236) ) AND `ui_menu`.`delete_time` IS NULL [ RunTime:0.004001s ]
[ sql ] [ SQL ] SELECT `pid` FROM `ui_menu` WHERE (  `menu_id` IN (1,2,3,4,5,12,13,45,62,63,64,68,69,72,74,75,76,77,78,80,81,82,83,84,85,86,87,88,89,90,91,92,93,94,95,96,97,98,99,100,101,102,103,104,105,106,107,108,109,110,111,112,113,114,115,116,117,118,119,120,121,122,123,124,125,126,127,128,129,130,131,132,133,134,135,136,137,138,139,140,141,142,143,144,145,146,147,148,149,150,151,152,153,154,155,156,157,158,159,160,162,163,164,165,166,167,168,169,170,171,172,173,174,175,176,177,178,179,180,181,182,183,184,185,186,190,191,192,193,194,195,196,197,198,199,200,205,206,207,208,209,213,214,215,217,218,219,221,222,223,224,225,226,227,228,229,230,231,232,233,234,235,236)  AND `status` = 1  AND `pid` <> 0 ) AND `ui_menu`.`delete_time` IS NULL [ RunTime:0.003000s ]
[ sql ] [ SQL ] SELECT `pid` FROM `ui_menu` WHERE (  `menu_id` IN (1,5,45,83,74,205,88,98,100)  AND `status` = 1  AND `pid` <> 0 ) AND `ui_menu`.`delete_time` IS NULL [ RunTime:0.001000s ]
[ sql ] [ SQL ] SELECT `pid` FROM `ui_menu` WHERE (  `menu_id` IN (74)  AND `status` = 1  AND `pid` <> 0 ) AND `ui_menu`.`delete_time` IS NULL [ RunTime:0.001000s ]
[ sql ] [ SQL ] SELECT * FROM `ui_menu` WHERE (  `menu_id` IN (1,2,3,4,5,12,13,45,62,63,64,68,69,72,74,75,76,77,78,80,81,82,83,84,85,86,87,88,89,90,91,92,93,94,95,96,97,98,99,100,101,102,103,104,105,106,107,108,109,110,111,112,113,114,115,116,117,118,119,120,121,122,123,124,125,126,127,128,129,130,131,132,133,134,135,136,137,138,139,140,141,142,143,144,145,146,147,148,149,150,151,152,153,154,155,156,157,158,159,160,162,163,164,165,166,167,168,169,170,171,172,173,174,175,176,177,178,179,180,181,182,183,184,185,186,190,191,192,193,194,195,196,197,198,199,200,205,206,207,208,209,213,214,215,217,218,219,221,222,223,224,225,226,227,228,229,230,231,232,233,234,235,236)  AND `status` = 1 ) AND `ui_menu`.`delete_time` IS NULL ORDER BY `sort`  asc [ RunTime:0.004001s ]
[ sql ] [ SQL ] SHOW COLUMNS FROM `ui_auth_group` [ RunTime:0.017001s ]
[ sql ] [ SQL ] SELECT `group_name` FROM `ui_auth_group` WHERE (  `group_id` = 1 ) AND `ui_auth_group`.`delete_time` IS NULL LIMIT 1 [ RunTime:0.001000s ]
---------------------------------------------------------------
[ 2017-09-30T09:31:38+08:00 ] 127.0.0.3 127.0.0.1 GET /admin/index/main.shtml
[ info ] 127.0.0.3/admin/index/main.shtml [运行时间：0.337020s][吞吐率：2.97req/s] [内存消耗：5,354.06kb] [文件加载：53]
[ info ] [ LANG ] D:\phpStudy\WWW\adminui\frame\lang\zh-cn.php
[ info ] [ ROUTE ] array (
  'type' => 'module',
  'module' => 
  array (
    0 => 'admin',
    1 => 'index',
    2 => 'main',
  ),
)
[ info ] [ HEADER ] array (
  'cookie' => 'PHPSESSID=e44grbesofja2fv2pua3hmki30',
  'accept-language' => 'zh-CN,zh;q=0.8',
  'accept-encoding' => 'gzip, deflate, br',
  'referer' => 'http://127.0.0.3/admin/index/index.shtml',
  'accept' => 'text/html,application/xhtml+xml,application/xml;q=0.9,image/webp,image/apng,*/*;q=0.8',
  'user-agent' => 'Mozilla/5.0 (Windows NT 6.1; WOW64) AppleWebKit/537.36 (KHTML, like Gecko) Chrome/60.0.3112.113 Safari/537.36',
  'upgrade-insecure-requests' => '1',
  'connection' => 'close',
  'host' => '127.0.0.3',
)
[ info ] [ PARAM ] array (
)
[ info ] [ DB ] INIT mysql
[ info ] [ SESSION ] INIT array (
  'prefix' => 'admin',
)
[ info ] [ RUN ] app\admin\controller\Index->main[ D:\phpStudy\WWW\adminui\application\admin\controller\Index.php ]
[ info ] [ LOG ] INIT File
[ sql ] [ DB ] CONNECT:[ UseTime:0.010001s ] mysql:dbname=adminui;host=192.168.124.222;port=3306;charset=utf8
[ sql ] [ SQL ] SHOW COLUMNS FROM `ui_config` [ RunTime:0.014001s ]
[ sql ] [ SQL ] SELECT * FROM `ui_config` WHERE `ui_config`.`delete_time` IS NULL [ RunTime:0.002000s ]
[ sql ] [ SQL ] SHOW COLUMNS FROM `ui_city` [ RunTime:0.013001s ]
[ sql ] [ SQL ] SELECT * FROM `ui_city` WHERE  `pid` <> 0 [ RunTime:0.022001s ]
[ sql ] [ SQL ] SHOW COLUMNS FROM `ui_menu` [ RunTime:0.014001s ]
[ sql ] [ SQL ] SELECT * FROM `ui_menu` WHERE (  `url` = '/admin/index/main.shtml' ) AND `ui_menu`.`delete_time` IS NULL LIMIT 1 [ RunTime:0.001000s ]
[ sql ] [ SQL ] SHOW COLUMNS FROM `ui_admin` [ RunTime:0.014001s ]
[ sql ] [ SQL ] SELECT * FROM `ui_admin` WHERE (  `admin_id` = 1 ) AND `ui_admin`.`delete_time` IS NULL LIMIT 1 [ RunTime:0.001000s ]
---------------------------------------------------------------
[ 2017-09-30T09:31:38+08:00 ] 127.0.0.3 127.0.0.1 POST /admin/index/isuniquelogin.shtml
[ info ] 127.0.0.3/admin/index/isuniquelogin.shtml [运行时间：0.111006s][吞吐率：9.01req/s] [内存消耗：2,135.17kb] [文件加载：46]
[ info ] [ LANG ] D:\phpStudy\WWW\adminui\frame\lang\zh-cn.php
[ info ] [ ROUTE ] array (
  'type' => 'module',
  'module' => 
  array (
    0 => 'admin',
    1 => 'index',
    2 => 'isuniquelogin',
  ),
)
[ info ] [ HEADER ] array (
  'cookie' => 'thinkphp_show_page_trace=0|0; PHPSESSID=e44grbesofja2fv2pua3hmki30',
  'accept-language' => 'zh-CN,zh;q=0.8',
  'accept-encoding' => 'gzip, deflate, br',
  'referer' => 'http://127.0.0.3/admin/index/index.shtml',
  'user-agent' => 'Mozilla/5.0 (Windows NT 6.1; WOW64) AppleWebKit/537.36 (KHTML, like Gecko) Chrome/60.0.3112.113 Safari/537.36',
  'x-requested-with' => 'XMLHttpRequest',
  'origin' => 'http://127.0.0.3',
  'accept' => 'application/json, text/javascript, */*; q=0.01',
  'content-length' => '0',
  'connection' => 'close',
  'host' => '127.0.0.3',
)
[ info ] [ PARAM ] array (
)
[ info ] [ SESSION ] INIT array (
  'prefix' => 'admin',
)
[ info ] [ DB ] INIT mysql
[ info ] [ RUN ] app\admin\controller\Index->isUniqueLogin[ D:\phpStudy\WWW\adminui\application\admin\controller\Index.php ]
[ info ] [ LOG ] INIT File
[ sql ] [ DB ] CONNECT:[ UseTime:0.011000s ] mysql:dbname=adminui;host=192.168.124.222;port=3306;charset=utf8
[ sql ] [ SQL ] SHOW COLUMNS FROM `ui_menu` [ RunTime:0.022002s ]
[ sql ] [ SQL ] SELECT * FROM `ui_menu` WHERE (  `url` = '/admin/index/isuniquelogin.shtml' ) AND `ui_menu`.`delete_time` IS NULL LIMIT 1 [ RunTime:0.001000s ]
[ sql ] [ SQL ] SHOW COLUMNS FROM `ui_admin` [ RunTime:0.016001s ]
[ sql ] [ SQL ] SELECT * FROM `ui_admin` WHERE (  `admin_id` = 1 ) AND `ui_admin`.`delete_time` IS NULL LIMIT 1 [ RunTime:0.001000s ]
[ sql ] [ SQL ] SELECT * FROM `ui_admin` WHERE (  `admin_id` = 1 ) AND `ui_admin`.`delete_time` IS NULL LIMIT 1 [ RunTime:0.002000s ]
---------------------------------------------------------------
[ 2017-09-30T09:31:43+08:00 ] 127.0.0.3 127.0.0.1 GET /admin/good/cate_index.shtml
[ info ] 127.0.0.3/admin/good/cate_index.shtml [运行时间：0.484027s][吞吐率：2.07req/s] [内存消耗：6,197.77kb] [文件加载：58]
[ info ] [ LANG ] D:\phpStudy\WWW\adminui\frame\lang\zh-cn.php
[ info ] [ ROUTE ] array (
  'type' => 'module',
  'module' => 
  array (
    0 => 'admin',
    1 => 'good',
    2 => 'cate_index',
  ),
)
[ info ] [ HEADER ] array (
  'cookie' => 'PHPSESSID=e44grbesofja2fv2pua3hmki30',
  'accept-language' => 'zh-CN,zh;q=0.8',
  'accept-encoding' => 'gzip, deflate, br',
  'referer' => 'http://127.0.0.3/admin/index/index.shtml',
  'accept' => 'text/html,application/xhtml+xml,application/xml;q=0.9,image/webp,image/apng,*/*;q=0.8',
  'user-agent' => 'Mozilla/5.0 (Windows NT 6.1; WOW64) AppleWebKit/537.36 (KHTML, like Gecko) Chrome/60.0.3112.113 Safari/537.36',
  'upgrade-insecure-requests' => '1',
  'connection' => 'close',
  'host' => '127.0.0.3',
)
[ info ] [ PARAM ] array (
)
[ info ] [ DB ] INIT mysql
[ info ] [ SESSION ] INIT array (
  'prefix' => 'admin',
)
[ info ] [ RUN ] app\admin\controller\Good->cate_index[ D:\phpStudy\WWW\adminui\application\admin\controller\Good.php ]
[ info ] [ VIEW ] D:\phpStudy\WWW\adminui/public\theme\admin\good\cate_index.html [ array (
  0 => 'module_name',
  1 => 'controller_name',
  2 => 'action_name',
  3 => 'public_path',
  4 => 'static_path',
  5 => 'web_public',
  6 => 'web_static',
  7 => 'js',
  8 => 'css',
  9 => 'img',
  10 => 'title',
  11 => 'admin_title',
  12 => 'nowpage',
  13 => 'upload',
  14 => 'menu',
  15 => 'tree',
) ]
[ info ] [ LOG ] INIT File
[ sql ] [ DB ] CONNECT:[ UseTime:0.010001s ] mysql:dbname=adminui;host=192.168.124.222;port=3306;charset=utf8
[ sql ] [ SQL ] SHOW COLUMNS FROM `ui_config` [ RunTime:0.022001s ]
[ sql ] [ SQL ] SELECT * FROM `ui_config` WHERE `ui_config`.`delete_time` IS NULL [ RunTime:0.002000s ]
[ sql ] [ SQL ] SHOW COLUMNS FROM `ui_city` [ RunTime:0.010000s ]
[ sql ] [ SQL ] SELECT * FROM `ui_city` WHERE  `pid` <> 0 [ RunTime:0.021001s ]
[ sql ] [ SQL ] SHOW COLUMNS FROM `ui_menu` [ RunTime:0.018001s ]
[ sql ] [ SQL ] SELECT * FROM `ui_menu` WHERE (  `url` = '/admin/good/cate_index.shtml' ) AND `ui_menu`.`delete_time` IS NULL LIMIT 1 [ RunTime:0.001000s ]
[ sql ] [ SQL ] SELECT * FROM `ui_menu` WHERE (  `menu_id` = 100 ) AND `ui_menu`.`delete_time` IS NULL LIMIT 1 [ RunTime:0.002000s ]
[ sql ] [ SQL ] SHOW COLUMNS FROM `ui_admin` [ RunTime:0.017001s ]
[ sql ] [ SQL ] SELECT * FROM `ui_admin` WHERE (  `admin_id` = 1 ) AND `ui_admin`.`delete_time` IS NULL LIMIT 1 [ RunTime:0.001000s ]
[ sql ] [ SQL ] SHOW COLUMNS FROM `ui_goods_cate` [ RunTime:0.018002s ]
[ sql ] [ SQL ] SELECT * FROM `ui_goods_cate` WHERE `ui_goods_cate`.`delete_time` IS NULL [ RunTime:0.006000s ]
---------------------------------------------------------------
[ 2017-09-30T09:31:46+08:00 ] 127.0.0.3 127.0.0.1 GET /admin/good/add_cate.shtml
[ info ] 127.0.0.3/admin/good/add_cate.shtml [运行时间：0.412024s][吞吐率：2.43req/s] [内存消耗：4,710.04kb] [文件加载：58]
[ info ] [ LANG ] D:\phpStudy\WWW\adminui\frame\lang\zh-cn.php
[ info ] [ ROUTE ] array (
  'type' => 'module',
  'module' => 
  array (
    0 => 'admin',
    1 => 'good',
    2 => 'add_cate',
  ),
)
[ info ] [ HEADER ] array (
  'cookie' => 'thinkphp_show_page_trace=0|0; PHPSESSID=e44grbesofja2fv2pua3hmki30',
  'accept-language' => 'zh-CN,zh;q=0.8',
  'accept-encoding' => 'gzip, deflate, br',
  'referer' => 'http://127.0.0.3/admin/good/cate_index.shtml',
  'accept' => 'text/html,application/xhtml+xml,application/xml;q=0.9,image/webp,image/apng,*/*;q=0.8',
  'user-agent' => 'Mozilla/5.0 (Windows NT 6.1; WOW64) AppleWebKit/537.36 (KHTML, like Gecko) Chrome/60.0.3112.113 Safari/537.36',
  'upgrade-insecure-requests' => '1',
  'connection' => 'close',
  'host' => '127.0.0.3',
)
[ info ] [ PARAM ] array (
)
[ info ] [ DB ] INIT mysql
[ info ] [ SESSION ] INIT array (
  'prefix' => 'admin',
)
[ info ] [ RUN ] app\admin\controller\Good->add_cate[ D:\phpStudy\WWW\adminui\application\admin\controller\Good.php ]
[ info ] [ VIEW ] D:\phpStudy\WWW\adminui/public\theme\admin\good\add_cate.html [ array (
  0 => 'module_name',
  1 => 'controller_name',
  2 => 'action_name',
  3 => 'public_path',
  4 => 'static_path',
  5 => 'web_public',
  6 => 'web_static',
  7 => 'js',
  8 => 'css',
  9 => 'img',
  10 => 'title',
  11 => 'admin_title',
  12 => 'nowpage',
  13 => 'upload',
  14 => 'menu',
  15 => 'select',
) ]
[ info ] [ LOG ] INIT File
[ sql ] [ DB ] CONNECT:[ UseTime:0.010000s ] mysql:dbname=adminui;host=192.168.124.222;port=3306;charset=utf8
[ sql ] [ SQL ] SHOW COLUMNS FROM `ui_config` [ RunTime:0.026002s ]
[ sql ] [ SQL ] SELECT * FROM `ui_config` WHERE `ui_config`.`delete_time` IS NULL [ RunTime:0.002000s ]
[ sql ] [ SQL ] SHOW COLUMNS FROM `ui_city` [ RunTime:0.017001s ]
[ sql ] [ SQL ] SELECT * FROM `ui_city` WHERE  `pid` <> 0 [ RunTime:0.021001s ]
[ sql ] [ SQL ] SHOW COLUMNS FROM `ui_menu` [ RunTime:0.018001s ]
[ sql ] [ SQL ] SELECT * FROM `ui_menu` WHERE (  `url` = '/admin/good/add_cate.shtml' ) AND `ui_menu`.`delete_time` IS NULL LIMIT 1 [ RunTime:0.001000s ]
[ sql ] [ SQL ] SELECT * FROM `ui_menu` WHERE (  `menu_id` = 107 ) AND `ui_menu`.`delete_time` IS NULL LIMIT 1 [ RunTime:0.001000s ]
[ sql ] [ SQL ] SHOW COLUMNS FROM `ui_admin` [ RunTime:0.011001s ]
[ sql ] [ SQL ] SELECT * FROM `ui_admin` WHERE (  `admin_id` = 1 ) AND `ui_admin`.`delete_time` IS NULL LIMIT 1 [ RunTime:0.001000s ]
[ sql ] [ SQL ] SHOW COLUMNS FROM `ui_goods_cate` [ RunTime:0.010000s ]
[ sql ] [ SQL ] SELECT * FROM `ui_goods_cate` WHERE (  `status` <> -1 ) AND `ui_goods_cate`.`delete_time` IS NULL ORDER BY `sort`  asc [ RunTime:0.008000s ]
---------------------------------------------------------------
[ 2017-09-30T09:49:40+08:00 ] 127.0.0.3 127.0.0.1 GET /admin
[ info ] 127.0.0.3/admin [运行时间：0.373022s][吞吐率：2.68req/s] [内存消耗：2,705.38kb] [文件加载：59]
[ info ] [ LANG ] D:\phpStudy\WWW\adminui\frame\lang\zh-cn.php
[ info ] [ ROUTE ] array (
  'type' => 'module',
  'module' => 
  array (
    0 => 'admin',
    1 => NULL,
    2 => NULL,
  ),
)
[ info ] [ HEADER ] array (
  'cookie' => 'PHPSESSID=e44grbesofja2fv2pua3hmki30',
  'accept-language' => 'zh-CN,zh;q=0.8',
  'accept-encoding' => 'gzip, deflate, br',
  'accept' => 'text/html,application/xhtml+xml,application/xml;q=0.9,image/webp,image/apng,*/*;q=0.8',
  'user-agent' => 'Mozilla/5.0 (Windows NT 6.1; WOW64) AppleWebKit/537.36 (KHTML, like Gecko) Chrome/60.0.3112.113 Safari/537.36',
  'upgrade-insecure-requests' => '1',
  'connection' => 'close',
  'host' => '127.0.0.3',
)
[ info ] [ PARAM ] array (
)
[ info ] [ DB ] INIT mysql
[ info ] [ SESSION ] INIT array (
  'prefix' => 'admin',
)
[ info ] [ RUN ] app\admin\controller\Index->index[ D:\phpStudy\WWW\adminui\application\admin\controller\Index.php ]
[ info ] [ VIEW ] D:\phpStudy\WWW\adminui/public\theme\admin\index\index.html [ array (
  0 => 'module_name',
  1 => 'controller_name',
  2 => 'action_name',
  3 => 'public_path',
  4 => 'static_path',
  5 => 'web_public',
  6 => 'web_static',
  7 => 'js',
  8 => 'css',
  9 => 'img',
  10 => 'title',
  11 => 'admin_title',
  12 => 'nowpage',
  13 => 'upload',
  14 => 'menu',
  15 => 'menus',
  16 => 'headimg',
) ]
[ info ] [ LOG ] INIT File
[ sql ] [ DB ] CONNECT:[ UseTime:0.004001s ] mysql:dbname=adminui;host=192.168.124.222;port=3306;charset=utf8
[ sql ] [ SQL ] SHOW COLUMNS FROM `ui_config` [ RunTime:0.021001s ]
[ sql ] [ SQL ] SELECT * FROM `ui_config` WHERE `ui_config`.`delete_time` IS NULL [ RunTime:0.001000s ]
[ sql ] [ SQL ] SHOW COLUMNS FROM `ui_city` [ RunTime:0.014001s ]
[ sql ] [ SQL ] SELECT * FROM `ui_city` WHERE  `pid` <> 0 [ RunTime:0.021001s ]
[ sql ] [ SQL ] SHOW COLUMNS FROM `ui_menu` [ RunTime:0.022001s ]
[ sql ] [ SQL ] SELECT * FROM `ui_menu` WHERE (  `url` = '/admin/index/index.shtml' ) AND `ui_menu`.`delete_time` IS NULL LIMIT 1 [ RunTime:0.001000s ]
[ sql ] [ SQL ] SELECT * FROM `ui_menu` WHERE (  `menu_id` = 0 ) AND `ui_menu`.`delete_time` IS NULL LIMIT 1 [ RunTime:0.001000s ]
[ sql ] [ SQL ] SHOW COLUMNS FROM `ui_admin` [ RunTime:0.010001s ]
[ sql ] [ SQL ] SELECT * FROM `ui_admin` WHERE (  `admin_id` = 1 ) AND `ui_admin`.`delete_time` IS NULL LIMIT 1 [ RunTime:0.001000s ]
[ sql ] [ SQL ] SELECT `menu_id` FROM `ui_menu` WHERE `ui_menu`.`delete_time` IS NULL [ RunTime:0.002000s ]
[ sql ] [ SQL ] SELECT `menu_id`,`module`,`controller`,`action` FROM `ui_menu` WHERE (  `menu_id` IN (1,2,3,4,5,12,13,45,62,63,64,68,69,72,74,75,76,77,78,80,81,82,83,84,85,86,87,88,89,90,91,92,93,94,95,96,97,98,99,100,101,102,103,104,105,106,107,108,109,110,111,112,113,114,115,116,117,118,119,120,121,122,123,124,125,126,127,128,129,130,131,132,133,134,135,136,137,138,139,140,141,142,143,144,145,146,147,148,149,150,151,152,153,154,155,156,157,158,159,160,162,163,164,165,166,167,168,169,170,171,172,173,174,175,176,177,178,179,180,181,182,183,184,185,186,190,191,192,193,194,195,196,197,198,199,200,205,206,207,208,209,213,214,215,217,218,219,221,222,223,224,225,226,227,228,229,230,231,232,233,234,235,236) ) AND `ui_menu`.`delete_time` IS NULL [ RunTime:0.003000s ]
[ sql ] [ SQL ] SELECT `pid` FROM `ui_menu` WHERE (  `menu_id` IN (1,2,3,4,5,12,13,45,62,63,64,68,69,72,74,75,76,77,78,80,81,82,83,84,85,86,87,88,89,90,91,92,93,94,95,96,97,98,99,100,101,102,103,104,105,106,107,108,109,110,111,112,113,114,115,116,117,118,119,120,121,122,123,124,125,126,127,128,129,130,131,132,133,134,135,136,137,138,139,140,141,142,143,144,145,146,147,148,149,150,151,152,153,154,155,156,157,158,159,160,162,163,164,165,166,167,168,169,170,171,172,173,174,175,176,177,178,179,180,181,182,183,184,185,186,190,191,192,193,194,195,196,197,198,199,200,205,206,207,208,209,213,214,215,217,218,219,221,222,223,224,225,226,227,228,229,230,231,232,233,234,235,236)  AND `status` = 1  AND `pid` <> 0 ) AND `ui_menu`.`delete_time` IS NULL [ RunTime:0.003000s ]
[ sql ] [ SQL ] SELECT `pid` FROM `ui_menu` WHERE (  `menu_id` IN (1,5,45,83,74,205,88,98,100)  AND `status` = 1  AND `pid` <> 0 ) AND `ui_menu`.`delete_time` IS NULL [ RunTime:0.001000s ]
[ sql ] [ SQL ] SELECT `pid` FROM `ui_menu` WHERE (  `menu_id` IN (74)  AND `status` = 1  AND `pid` <> 0 ) AND `ui_menu`.`delete_time` IS NULL [ RunTime:0.001000s ]
[ sql ] [ SQL ] SELECT * FROM `ui_menu` WHERE (  `menu_id` IN (1,2,3,4,5,12,13,45,62,63,64,68,69,72,74,75,76,77,78,80,81,82,83,84,85,86,87,88,89,90,91,92,93,94,95,96,97,98,99,100,101,102,103,104,105,106,107,108,109,110,111,112,113,114,115,116,117,118,119,120,121,122,123,124,125,126,127,128,129,130,131,132,133,134,135,136,137,138,139,140,141,142,143,144,145,146,147,148,149,150,151,152,153,154,155,156,157,158,159,160,162,163,164,165,166,167,168,169,170,171,172,173,174,175,176,177,178,179,180,181,182,183,184,185,186,190,191,192,193,194,195,196,197,198,199,200,205,206,207,208,209,213,214,215,217,218,219,221,222,223,224,225,226,227,228,229,230,231,232,233,234,235,236)  AND `status` = 1 ) AND `ui_menu`.`delete_time` IS NULL ORDER BY `sort`  asc [ RunTime:0.003000s ]
[ sql ] [ SQL ] SHOW COLUMNS FROM `ui_auth_group` [ RunTime:0.011000s ]
[ sql ] [ SQL ] SELECT `group_name` FROM `ui_auth_group` WHERE (  `group_id` = 1 ) AND `ui_auth_group`.`delete_time` IS NULL LIMIT 1 [ RunTime:0.001000s ]
---------------------------------------------------------------
[ 2017-09-30T09:49:40+08:00 ] 127.0.0.3 127.0.0.1 GET /admin/index/main.shtml
[ info ] 127.0.0.3/admin/index/main.shtml [运行时间：0.338019s][吞吐率：2.96req/s] [内存消耗：5,354.30kb] [文件加载：53]
[ info ] [ LANG ] D:\phpStudy\WWW\adminui\frame\lang\zh-cn.php
[ info ] [ ROUTE ] array (
  'type' => 'module',
  'module' => 
  array (
    0 => 'admin',
    1 => 'index',
    2 => 'main',
  ),
)
[ info ] [ HEADER ] array (
  'cookie' => 'thinkphp_show_page_trace=0|0; PHPSESSID=e44grbesofja2fv2pua3hmki30',
  'accept-language' => 'zh-CN,zh;q=0.8',
  'accept-encoding' => 'gzip, deflate, br',
  'referer' => 'http://127.0.0.3/admin',
  'accept' => 'text/html,application/xhtml+xml,application/xml;q=0.9,image/webp,image/apng,*/*;q=0.8',
  'user-agent' => 'Mozilla/5.0 (Windows NT 6.1; WOW64) AppleWebKit/537.36 (KHTML, like Gecko) Chrome/60.0.3112.113 Safari/537.36',
  'upgrade-insecure-requests' => '1',
  'connection' => 'close',
  'host' => '127.0.0.3',
)
[ info ] [ PARAM ] array (
)
[ info ] [ DB ] INIT mysql
[ info ] [ SESSION ] INIT array (
  'prefix' => 'admin',
)
[ info ] [ RUN ] app\admin\controller\Index->main[ D:\phpStudy\WWW\adminui\application\admin\controller\Index.php ]
[ info ] [ LOG ] INIT File
[ sql ] [ DB ] CONNECT:[ UseTime:0.002000s ] mysql:dbname=adminui;host=192.168.124.222;port=3306;charset=utf8
[ sql ] [ SQL ] SHOW COLUMNS FROM `ui_config` [ RunTime:0.022001s ]
[ sql ] [ SQL ] SELECT * FROM `ui_config` WHERE `ui_config`.`delete_time` IS NULL [ RunTime:0.002000s ]
[ sql ] [ SQL ] SHOW COLUMNS FROM `ui_city` [ RunTime:0.017001s ]
[ sql ] [ SQL ] SELECT * FROM `ui_city` WHERE  `pid` <> 0 [ RunTime:0.021001s ]
[ sql ] [ SQL ] SHOW COLUMNS FROM `ui_menu` [ RunTime:0.018001s ]
[ sql ] [ SQL ] SELECT * FROM `ui_menu` WHERE (  `url` = '/admin/index/main.shtml' ) AND `ui_menu`.`delete_time` IS NULL LIMIT 1 [ RunTime:0.001000s ]
[ sql ] [ SQL ] SHOW COLUMNS FROM `ui_admin` [ RunTime:0.017001s ]
[ sql ] [ SQL ] SELECT * FROM `ui_admin` WHERE (  `admin_id` = 1 ) AND `ui_admin`.`delete_time` IS NULL LIMIT 1 [ RunTime:0.001000s ]
---------------------------------------------------------------
[ 2017-09-30T09:49:40+08:00 ] 127.0.0.3 127.0.0.1 POST /admin/index/isuniquelogin.shtml
[ info ] 127.0.0.3/admin/index/isuniquelogin.shtml [运行时间：0.094005s][吞吐率：10.64req/s] [内存消耗：2,135.10kb] [文件加载：46]
[ info ] [ LANG ] D:\phpStudy\WWW\adminui\frame\lang\zh-cn.php
[ info ] [ ROUTE ] array (
  'type' => 'module',
  'module' => 
  array (
    0 => 'admin',
    1 => 'index',
    2 => 'isuniquelogin',
  ),
)
[ info ] [ HEADER ] array (
  'cookie' => 'thinkphp_show_page_trace=0|0; PHPSESSID=e44grbesofja2fv2pua3hmki30; thinkphp_show_page_trace=0|0',
  'accept-language' => 'zh-CN,zh;q=0.8',
  'accept-encoding' => 'gzip, deflate, br',
  'referer' => 'http://127.0.0.3/admin',
  'user-agent' => 'Mozilla/5.0 (Windows NT 6.1; WOW64) AppleWebKit/537.36 (KHTML, like Gecko) Chrome/60.0.3112.113 Safari/537.36',
  'x-requested-with' => 'XMLHttpRequest',
  'origin' => 'http://127.0.0.3',
  'accept' => 'application/json, text/javascript, */*; q=0.01',
  'content-length' => '0',
  'connection' => 'close',
  'host' => '127.0.0.3',
)
[ info ] [ PARAM ] array (
)
[ info ] [ SESSION ] INIT array (
  'prefix' => 'admin',
)
[ info ] [ DB ] INIT mysql
[ info ] [ RUN ] app\admin\controller\Index->isUniqueLogin[ D:\phpStudy\WWW\adminui\application\admin\controller\Index.php ]
[ info ] [ LOG ] INIT File
[ sql ] [ DB ] CONNECT:[ UseTime:0.010001s ] mysql:dbname=adminui;host=192.168.124.222;port=3306;charset=utf8
[ sql ] [ SQL ] SHOW COLUMNS FROM `ui_menu` [ RunTime:0.014001s ]
[ sql ] [ SQL ] SELECT * FROM `ui_menu` WHERE (  `url` = '/admin/index/isuniquelogin.shtml' ) AND `ui_menu`.`delete_time` IS NULL LIMIT 1 [ RunTime:0.002000s ]
[ sql ] [ SQL ] SHOW COLUMNS FROM `ui_admin` [ RunTime:0.013001s ]
[ sql ] [ SQL ] SELECT * FROM `ui_admin` WHERE (  `admin_id` = 1 ) AND `ui_admin`.`delete_time` IS NULL LIMIT 1 [ RunTime:0.001000s ]
[ sql ] [ SQL ] SELECT * FROM `ui_admin` WHERE (  `admin_id` = 1 ) AND `ui_admin`.`delete_time` IS NULL LIMIT 1 [ RunTime:0.001000s ]
---------------------------------------------------------------
[ 2017-09-30T09:49:51+08:00 ] 127.0.0.3 127.0.0.1 GET /admin/good/index.shtml
[ info ] 127.0.0.3/admin/good/index.shtml [运行时间：0.544031s][吞吐率：1.84req/s] [内存消耗：6,517.05kb] [文件加载：67]
[ info ] [ LANG ] D:\phpStudy\WWW\adminui\frame\lang\zh-cn.php
[ info ] [ ROUTE ] array (
  'type' => 'module',
  'module' => 
  array (
    0 => 'admin',
    1 => 'good',
    2 => 'index',
  ),
)
[ info ] [ HEADER ] array (
  'cookie' => 'thinkphp_show_page_trace=0|0; PHPSESSID=e44grbesofja2fv2pua3hmki30; thinkphp_show_page_trace=0|0',
  'accept-language' => 'zh-CN,zh;q=0.8',
  'accept-encoding' => 'gzip, deflate, br',
  'referer' => 'http://127.0.0.3/admin',
  'accept' => 'text/html,application/xhtml+xml,application/xml;q=0.9,image/webp,image/apng,*/*;q=0.8',
  'user-agent' => 'Mozilla/5.0 (Windows NT 6.1; WOW64) AppleWebKit/537.36 (KHTML, like Gecko) Chrome/60.0.3112.113 Safari/537.36',
  'upgrade-insecure-requests' => '1',
  'connection' => 'close',
  'host' => '127.0.0.3',
)
[ info ] [ PARAM ] array (
)
[ info ] [ DB ] INIT mysql
[ info ] [ SESSION ] INIT array (
  'prefix' => 'admin',
)
[ info ] [ RUN ] app\admin\controller\Good->index[ D:\phpStudy\WWW\adminui\application\admin\controller\Good.php ]
[ info ] [ VIEW ] D:\phpStudy\WWW\adminui/public\theme\admin\good\index.html [ array (
  0 => 'module_name',
  1 => 'controller_name',
  2 => 'action_name',
  3 => 'public_path',
  4 => 'static_path',
  5 => 'web_public',
  6 => 'web_static',
  7 => 'js',
  8 => 'css',
  9 => 'img',
  10 => 'title',
  11 => 'admin_title',
  12 => 'nowpage',
  13 => 'upload',
  14 => 'menu',
  15 => 'goods',
  16 => 'brands',
  17 => 'cates',
) ]
[ info ] [ LOG ] INIT File
[ sql ] [ DB ] CONNECT:[ UseTime:0.011000s ] mysql:dbname=adminui;host=192.168.124.222;port=3306;charset=utf8
[ sql ] [ SQL ] SHOW COLUMNS FROM `ui_config` [ RunTime:0.022001s ]
[ sql ] [ SQL ] SELECT * FROM `ui_config` WHERE `ui_config`.`delete_time` IS NULL [ RunTime:0.002000s ]
[ sql ] [ SQL ] SHOW COLUMNS FROM `ui_city` [ RunTime:0.017001s ]
[ sql ] [ SQL ] SELECT * FROM `ui_city` WHERE  `pid` <> 0 [ RunTime:0.021001s ]
[ sql ] [ SQL ] SHOW COLUMNS FROM `ui_menu` [ RunTime:0.018001s ]
[ sql ] [ SQL ] SELECT * FROM `ui_menu` WHERE (  `url` = '/admin/good/index.shtml' ) AND `ui_menu`.`delete_time` IS NULL LIMIT 1 [ RunTime:0.001000s ]
[ sql ] [ SQL ] SELECT * FROM `ui_menu` WHERE (  `menu_id` = 100 ) AND `ui_menu`.`delete_time` IS NULL LIMIT 1 [ RunTime:0.001000s ]
[ sql ] [ SQL ] SHOW COLUMNS FROM `ui_admin` [ RunTime:0.017001s ]
[ sql ] [ SQL ] SELECT * FROM `ui_admin` WHERE (  `admin_id` = 1 ) AND `ui_admin`.`delete_time` IS NULL LIMIT 1 [ RunTime:0.002000s ]
[ sql ] [ SQL ] SHOW COLUMNS FROM `ui_goods_brand` [ RunTime:0.022001s ]
[ sql ] [ SQL ] SELECT * FROM `ui_goods_brand` WHERE `ui_goods_brand`.`delete_time` IS NULL [ RunTime:0.001000s ]
[ sql ] [ SQL ] SHOW COLUMNS FROM `ui_goods_cate` [ RunTime:0.021001s ]
[ sql ] [ SQL ] SELECT * FROM `ui_goods_cate` WHERE (  `pid` = 0 ) AND `ui_goods_cate`.`delete_time` IS NULL [ RunTime:0.002001s ]
[ sql ] [ SQL ] SHOW COLUMNS FROM `ui_goods` [ RunTime:0.012000s ]
[ sql ] [ SQL ] SELECT COUNT(*) AS tp_count FROM `ui_goods` WHERE (  `is_check` = 1 ) AND `ui_goods`.`delete_time` IS NULL LIMIT 1 [ RunTime:0.001000s ]
[ sql ] [ SQL ] SELECT * FROM `ui_goods` WHERE (  `is_check` = 1 ) AND `ui_goods`.`delete_time` IS NULL LIMIT 0,15 [ RunTime:0.002000s ]
[ sql ] [ SQL ] SELECT * FROM `ui_goods_brand` WHERE (  `brand_id` = 0 ) AND `ui_goods_brand`.`delete_time` IS NULL LIMIT 1 [ RunTime:0.001000s ]
[ sql ] [ SQL ] SELECT * FROM `ui_goods_cate` WHERE (  `cate_id` = 10 ) AND `ui_goods_cate`.`delete_time` IS NULL LIMIT 1 [ RunTime:0.001000s ]
[ sql ] [ SQL ] SELECT * FROM `ui_goods_cate` WHERE (  `cate_id` = 14 ) AND `ui_goods_cate`.`delete_time` IS NULL LIMIT 1 [ RunTime:0.002000s ]
[ sql ] [ SQL ] SHOW COLUMNS FROM `ui_shop` [ RunTime:0.010001s ]
[ sql ] [ SQL ] SELECT * FROM `ui_shop` WHERE (  `shop_id` = 1 ) AND `ui_shop`.`delete_time` IS NULL LIMIT 1 [ RunTime:0.002000s ]
[ sql ] [ SQL ] SELECT * FROM `ui_goods_brand` WHERE (  `brand_id` = 0 ) AND `ui_goods_brand`.`delete_time` IS NULL LIMIT 1 [ RunTime:0.001000s ]
[ sql ] [ SQL ] SELECT * FROM `ui_goods_cate` WHERE (  `cate_id` = 10 ) AND `ui_goods_cate`.`delete_time` IS NULL LIMIT 1 [ RunTime:0.001000s ]
[ sql ] [ SQL ] SELECT * FROM `ui_goods_cate` WHERE (  `cate_id` = 185 ) AND `ui_goods_cate`.`delete_time` IS NULL LIMIT 1 [ RunTime:0.001000s ]
[ sql ] [ SQL ] SELECT * FROM `ui_shop` WHERE (  `shop_id` = 1 ) AND `ui_shop`.`delete_time` IS NULL LIMIT 1 [ RunTime:0.002000s ]
[ sql ] [ SQL ] SELECT * FROM `ui_goods_brand` WHERE (  `brand_id` = 0 ) AND `ui_goods_brand`.`delete_time` IS NULL LIMIT 1 [ RunTime:0.001000s ]
[ sql ] [ SQL ] SELECT * FROM `ui_goods_cate` WHERE (  `cate_id` = 10 ) AND `ui_goods_cate`.`delete_time` IS NULL LIMIT 1 [ RunTime:0.001000s ]
[ sql ] [ SQL ] SELECT * FROM `ui_goods_cate` WHERE (  `cate_id` = 14 ) AND `ui_goods_cate`.`delete_time` IS NULL LIMIT 1 [ RunTime:0.001000s ]
[ sql ] [ SQL ] SELECT * FROM `ui_shop` WHERE (  `shop_id` = 1 ) AND `ui_shop`.`delete_time` IS NULL LIMIT 1 [ RunTime:0.002000s ]
[ sql ] [ SQL ] SELECT * FROM `ui_goods_brand` WHERE (  `brand_id` = 3 ) AND `ui_goods_brand`.`delete_time` IS NULL LIMIT 1 [ RunTime:0.002000s ]
[ sql ] [ SQL ] SELECT * FROM `ui_goods_cate` WHERE (  `cate_id` = 1 ) AND `ui_goods_cate`.`delete_time` IS NULL LIMIT 1 [ RunTime:0.001000s ]
[ sql ] [ SQL ] SELECT * FROM `ui_goods_cate` WHERE (  `cate_id` = 5 ) AND `ui_goods_cate`.`delete_time` IS NULL LIMIT 1 [ RunTime:0.001000s ]
[ sql ] [ SQL ] SELECT * FROM `ui_shop` WHERE (  `shop_id` = 1 ) AND `ui_shop`.`delete_time` IS NULL LIMIT 1 [ RunTime:0.002000s ]
[ sql ] [ SQL ] SELECT * FROM `ui_goods_brand` WHERE (  `brand_id` = 2 ) AND `ui_goods_brand`.`delete_time` IS NULL LIMIT 1 [ RunTime:0.001000s ]
[ sql ] [ SQL ] SELECT * FROM `ui_goods_cate` WHERE (  `cate_id` = 1 ) AND `ui_goods_cate`.`delete_time` IS NULL LIMIT 1 [ RunTime:0.001000s ]
[ sql ] [ SQL ] SELECT * FROM `ui_goods_cate` WHERE (  `cate_id` = 4 ) AND `ui_goods_cate`.`delete_time` IS NULL LIMIT 1 [ RunTime:0.001001s ]
[ sql ] [ SQL ] SELECT * FROM `ui_shop` WHERE (  `shop_id` = 1 ) AND `ui_shop`.`delete_time` IS NULL LIMIT 1 [ RunTime:0.002000s ]
[ sql ] [ SQL ] SELECT * FROM `ui_goods_brand` WHERE (  `brand_id` = 1 ) AND `ui_goods_brand`.`delete_time` IS NULL LIMIT 1 [ RunTime:0.001000s ]
[ sql ] [ SQL ] SELECT * FROM `ui_goods_cate` WHERE (  `cate_id` = 1 ) AND `ui_goods_cate`.`delete_time` IS NULL LIMIT 1 [ RunTime:0.001000s ]
[ sql ] [ SQL ] SELECT * FROM `ui_goods_cate` WHERE (  `cate_id` = 4 ) AND `ui_goods_cate`.`delete_time` IS NULL LIMIT 1 [ RunTime:0.002000s ]
[ sql ] [ SQL ] SELECT * FROM `ui_shop` WHERE (  `shop_id` = 1 ) AND `ui_shop`.`delete_time` IS NULL LIMIT 1 [ RunTime:0.001000s ]
[ sql ] [ SQL ] SELECT * FROM `ui_goods_brand` WHERE (  `brand_id` = 0 ) AND `ui_goods_brand`.`delete_time` IS NULL LIMIT 1 [ RunTime:0.001000s ]
[ sql ] [ SQL ] SELECT * FROM `ui_goods_cate` WHERE (  `cate_id` IS NULL ) AND `ui_goods_cate`.`delete_time` IS NULL LIMIT 1 [ RunTime:0.001000s ]
[ sql ] [ SQL ] SELECT * FROM `ui_goods_cate` WHERE (  `cate_id` IS NULL ) AND `ui_goods_cate`.`delete_time` IS NULL LIMIT 1 [ RunTime:0.001000s ]
[ sql ] [ SQL ] SELECT * FROM `ui_shop` WHERE (  `shop_id` = 1 ) AND `ui_shop`.`delete_time` IS NULL LIMIT 1 [ RunTime:0.001000s ]
[ sql ] [ SQL ] SELECT * FROM `ui_goods_brand` WHERE (  `brand_id` = 0 ) AND `ui_goods_brand`.`delete_time` IS NULL LIMIT 1 [ RunTime:0.001001s ]
[ sql ] [ SQL ] SELECT * FROM `ui_goods_cate` WHERE (  `cate_id` = 23 ) AND `ui_goods_cate`.`delete_time` IS NULL LIMIT 1 [ RunTime:0.001000s ]
[ sql ] [ SQL ] SELECT * FROM `ui_goods_cate` WHERE (  `cate_id` = 78 ) AND `ui_goods_cate`.`delete_time` IS NULL LIMIT 1 [ RunTime:0.001000s ]
[ sql ] [ SQL ] SELECT * FROM `ui_shop` WHERE (  `shop_id` = 1 ) AND `ui_shop`.`delete_time` IS NULL LIMIT 1 [ RunTime:0.002000s ]
[ sql ] [ SQL ] SELECT * FROM `ui_goods_brand` WHERE (  `brand_id` = 0 ) AND `ui_goods_brand`.`delete_time` IS NULL LIMIT 1 [ RunTime:0.002000s ]
[ sql ] [ SQL ] SELECT * FROM `ui_goods_cate` WHERE (  `cate_id` = 23 ) AND `ui_goods_cate`.`delete_time` IS NULL LIMIT 1 [ RunTime:0.001000s ]
[ sql ] [ SQL ] SELECT * FROM `ui_goods_cate` WHERE (  `cate_id` IS NULL ) AND `ui_goods_cate`.`delete_time` IS NULL LIMIT 1 [ RunTime:0.001000s ]
[ sql ] [ SQL ] SELECT * FROM `ui_shop` WHERE (  `shop_id` = 1 ) AND `ui_shop`.`delete_time` IS NULL LIMIT 1 [ RunTime:0.002000s ]
[ sql ] [ SQL ] SELECT * FROM `ui_goods_brand` WHERE (  `brand_id` = 0 ) AND `ui_goods_brand`.`delete_time` IS NULL LIMIT 1 [ RunTime:0.002000s ]
[ sql ] [ SQL ] SELECT * FROM `ui_goods_cate` WHERE (  `cate_id` = 23 ) AND `ui_goods_cate`.`delete_time` IS NULL LIMIT 1 [ RunTime:0.001000s ]
[ sql ] [ SQL ] SELECT * FROM `ui_goods_cate` WHERE (  `cate_id` = 78 ) AND `ui_goods_cate`.`delete_time` IS NULL LIMIT 1 [ RunTime:0.001000s ]
[ sql ] [ SQL ] SELECT * FROM `ui_shop` WHERE (  `shop_id` = 1 ) AND `ui_shop`.`delete_time` IS NULL LIMIT 1 [ RunTime:0.002001s ]
[ sql ] [ SQL ] SELECT * FROM `ui_goods_brand` WHERE (  `brand_id` = 0 ) AND `ui_goods_brand`.`delete_time` IS NULL LIMIT 1 [ RunTime:0.001000s ]
[ sql ] [ SQL ] SELECT * FROM `ui_goods_cate` WHERE (  `cate_id` = 1 ) AND `ui_goods_cate`.`delete_time` IS NULL LIMIT 1 [ RunTime:0.001000s ]
[ sql ] [ SQL ] SELECT * FROM `ui_goods_cate` WHERE (  `cate_id` = 9 ) AND `ui_goods_cate`.`delete_time` IS NULL LIMIT 1 [ RunTime:0.001000s ]
[ sql ] [ SQL ] SELECT * FROM `ui_shop` WHERE (  `shop_id` = 1 ) AND `ui_shop`.`delete_time` IS NULL LIMIT 1 [ RunTime:0.001000s ]
[ sql ] [ SQL ] SELECT * FROM `ui_goods_brand` WHERE (  `brand_id` = 0 ) AND `ui_goods_brand`.`delete_time` IS NULL LIMIT 1 [ RunTime:0.001000s ]
[ sql ] [ SQL ] SELECT * FROM `ui_goods_cate` WHERE (  `cate_id` = 1 ) AND `ui_goods_cate`.`delete_time` IS NULL LIMIT 1 [ RunTime:0.002000s ]
[ sql ] [ SQL ] SELECT * FROM `ui_goods_cate` WHERE (  `cate_id` = 9 ) AND `ui_goods_cate`.`delete_time` IS NULL LIMIT 1 [ RunTime:0.001000s ]
[ sql ] [ SQL ] SELECT * FROM `ui_shop` WHERE (  `shop_id` = 1 ) AND `ui_shop`.`delete_time` IS NULL LIMIT 1 [ RunTime:0.001000s ]
[ sql ] [ SQL ] SELECT * FROM `ui_goods_brand` WHERE (  `brand_id` = 0 ) AND `ui_goods_brand`.`delete_time` IS NULL LIMIT 1 [ RunTime:0.001000s ]
[ sql ] [ SQL ] SELECT * FROM `ui_goods_cate` WHERE (  `cate_id` = 10 ) AND `ui_goods_cate`.`delete_time` IS NULL LIMIT 1 [ RunTime:0.001001s ]
[ sql ] [ SQL ] SELECT * FROM `ui_goods_cate` WHERE (  `cate_id` = 14 ) AND `ui_goods_cate`.`delete_time` IS NULL LIMIT 1 [ RunTime:0.001000s ]
[ sql ] [ SQL ] SELECT * FROM `ui_shop` WHERE (  `shop_id` = 1 ) AND `ui_shop`.`delete_time` IS NULL LIMIT 1 [ RunTime:0.002000s ]
[ sql ] [ SQL ] SELECT * FROM `ui_goods_brand` WHERE (  `brand_id` = 0 ) AND `ui_goods_brand`.`delete_time` IS NULL LIMIT 1 [ RunTime:0.001000s ]
[ sql ] [ SQL ] SELECT * FROM `ui_goods_cate` WHERE (  `cate_id` = 10 ) AND `ui_goods_cate`.`delete_time` IS NULL LIMIT 1 [ RunTime:0.001000s ]
[ sql ] [ SQL ] SELECT * FROM `ui_goods_cate` WHERE (  `cate_id` = 14 ) AND `ui_goods_cate`.`delete_time` IS NULL LIMIT 1 [ RunTime:0.001000s ]
[ sql ] [ SQL ] SELECT * FROM `ui_shop` WHERE (  `shop_id` = 1 ) AND `ui_shop`.`delete_time` IS NULL LIMIT 1 [ RunTime:0.001000s ]
[ sql ] [ SQL ] SELECT * FROM `ui_goods_brand` WHERE (  `brand_id` = 0 ) AND `ui_goods_brand`.`delete_time` IS NULL LIMIT 1 [ RunTime:0.001000s ]
[ sql ] [ SQL ] SELECT * FROM `ui_goods_cate` WHERE (  `cate_id` = 10 ) AND `ui_goods_cate`.`delete_time` IS NULL LIMIT 1 [ RunTime:0.002000s ]
[ sql ] [ SQL ] SELECT * FROM `ui_goods_cate` WHERE (  `cate_id` = 14 ) AND `ui_goods_cate`.`delete_time` IS NULL LIMIT 1 [ RunTime:0.001000s ]
[ sql ] [ SQL ] SELECT * FROM `ui_shop` WHERE (  `shop_id` = 1 ) AND `ui_shop`.`delete_time` IS NULL LIMIT 1 [ RunTime:0.001000s ]
---------------------------------------------------------------
[ 2017-09-30T09:50:04+08:00 ] 127.0.0.3 127.0.0.1 GET /admin/good/brand_index.shtml
[ info ] 127.0.0.3/admin/good/brand_index.shtml [运行时间：0.388022s][吞吐率：2.58req/s] [内存消耗：5,803.56kb] [文件加载：61]
[ info ] [ LANG ] D:\phpStudy\WWW\adminui\frame\lang\zh-cn.php
[ info ] [ ROUTE ] array (
  'type' => 'module',
  'module' => 
  array (
    0 => 'admin',
    1 => 'good',
    2 => 'brand_index',
  ),
)
[ info ] [ HEADER ] array (
  'cookie' => 'thinkphp_show_page_trace=0|0; PHPSESSID=e44grbesofja2fv2pua3hmki30; thinkphp_show_page_trace=0|0',
  'accept-language' => 'zh-CN,zh;q=0.8',
  'accept-encoding' => 'gzip, deflate, br',
  'referer' => 'http://127.0.0.3/admin',
  'accept' => 'text/html,application/xhtml+xml,application/xml;q=0.9,image/webp,image/apng,*/*;q=0.8',
  'user-agent' => 'Mozilla/5.0 (Windows NT 6.1; WOW64) AppleWebKit/537.36 (KHTML, like Gecko) Chrome/60.0.3112.113 Safari/537.36',
  'upgrade-insecure-requests' => '1',
  'connection' => 'close',
  'host' => '127.0.0.3',
)
[ info ] [ PARAM ] array (
)
[ info ] [ DB ] INIT mysql
[ info ] [ SESSION ] INIT array (
  'prefix' => 'admin',
)
[ info ] [ RUN ] app\admin\controller\Good->brand_index[ D:\phpStudy\WWW\adminui\application\admin\controller\Good.php ]
[ info ] [ VIEW ] D:\phpStudy\WWW\adminui/public\theme\admin\good\brand_index.html [ array (
  0 => 'module_name',
  1 => 'controller_name',
  2 => 'action_name',
  3 => 'public_path',
  4 => 'static_path',
  5 => 'web_public',
  6 => 'web_static',
  7 => 'js',
  8 => 'css',
  9 => 'img',
  10 => 'title',
  11 => 'admin_title',
  12 => 'nowpage',
  13 => 'upload',
  14 => 'menu',
  15 => 'brands',
) ]
[ info ] [ LOG ] INIT File
[ sql ] [ DB ] CONNECT:[ UseTime:0.011001s ] mysql:dbname=adminui;host=192.168.124.222;port=3306;charset=utf8
[ sql ] [ SQL ] SHOW COLUMNS FROM `ui_config` [ RunTime:0.021001s ]
[ sql ] [ SQL ] SELECT * FROM `ui_config` WHERE `ui_config`.`delete_time` IS NULL [ RunTime:0.001000s ]
[ sql ] [ SQL ] SHOW COLUMNS FROM `ui_city` [ RunTime:0.017001s ]
[ sql ] [ SQL ] SELECT * FROM `ui_city` WHERE  `pid` <> 0 [ RunTime:0.022001s ]
[ sql ] [ SQL ] SHOW COLUMNS FROM `ui_menu` [ RunTime:0.018001s ]
[ sql ] [ SQL ] SELECT * FROM `ui_menu` WHERE (  `url` = '/admin/good/brand_index.shtml' ) AND `ui_menu`.`delete_time` IS NULL LIMIT 1 [ RunTime:0.001000s ]
[ sql ] [ SQL ] SELECT * FROM `ui_menu` WHERE (  `menu_id` = 100 ) AND `ui_menu`.`delete_time` IS NULL LIMIT 1 [ RunTime:0.001000s ]
[ sql ] [ SQL ] SHOW COLUMNS FROM `ui_admin` [ RunTime:0.010001s ]
[ sql ] [ SQL ] SELECT * FROM `ui_admin` WHERE (  `admin_id` = 1 ) AND `ui_admin`.`delete_time` IS NULL LIMIT 1 [ RunTime:0.001000s ]
[ sql ] [ SQL ] SHOW COLUMNS FROM `ui_goods_brand` [ RunTime:0.010001s ]
[ sql ] [ SQL ] SELECT COUNT(*) AS tp_count FROM `ui_goods_brand` WHERE `ui_goods_brand`.`delete_time` IS NULL LIMIT 1 [ RunTime:0.001000s ]
[ sql ] [ SQL ] SELECT * FROM `ui_goods_brand` WHERE `ui_goods_brand`.`delete_time` IS NULL ORDER BY brand_id desc LIMIT 0,15 [ RunTime:0.002000s ]
---------------------------------------------------------------
[ 2017-09-30T09:50:08+08:00 ] 127.0.0.3 127.0.0.1 GET /admin/good/attr_index.shtml
[ info ] 127.0.0.3/admin/good/attr_index.shtml [运行时间：0.560032s][吞吐率：1.79req/s] [内存消耗：5,802.74kb] [文件加载：61]
[ info ] [ LANG ] D:\phpStudy\WWW\adminui\frame\lang\zh-cn.php
[ info ] [ ROUTE ] array (
  'type' => 'module',
  'module' => 
  array (
    0 => 'admin',
    1 => 'good',
    2 => 'attr_index',
  ),
)
[ info ] [ HEADER ] array (
  'cookie' => 'thinkphp_show_page_trace=0|0; PHPSESSID=e44grbesofja2fv2pua3hmki30; thinkphp_show_page_trace=0|0',
  'accept-language' => 'zh-CN,zh;q=0.8',
  'accept-encoding' => 'gzip, deflate, br',
  'referer' => 'http://127.0.0.3/admin',
  'accept' => 'text/html,application/xhtml+xml,application/xml;q=0.9,image/webp,image/apng,*/*;q=0.8',
  'user-agent' => 'Mozilla/5.0 (Windows NT 6.1; WOW64) AppleWebKit/537.36 (KHTML, like Gecko) Chrome/60.0.3112.113 Safari/537.36',
  'upgrade-insecure-requests' => '1',
  'connection' => 'close',
  'host' => '127.0.0.3',
)
[ info ] [ PARAM ] array (
)
[ info ] [ DB ] INIT mysql
[ info ] [ SESSION ] INIT array (
  'prefix' => 'admin',
)
[ info ] [ RUN ] app\admin\controller\Good->attr_index[ D:\phpStudy\WWW\adminui\application\admin\controller\Good.php ]
[ info ] [ VIEW ] D:\phpStudy\WWW\adminui/public\theme\admin\good\attr_index.html [ array (
  0 => 'module_name',
  1 => 'controller_name',
  2 => 'action_name',
  3 => 'public_path',
  4 => 'static_path',
  5 => 'web_public',
  6 => 'web_static',
  7 => 'js',
  8 => 'css',
  9 => 'img',
  10 => 'title',
  11 => 'admin_title',
  12 => 'nowpage',
  13 => 'upload',
  14 => 'menu',
  15 => 'attrs',
) ]
[ info ] [ LOG ] INIT File
[ sql ] [ DB ] CONNECT:[ UseTime:0.011001s ] mysql:dbname=adminui;host=192.168.124.222;port=3306;charset=utf8
[ sql ] [ SQL ] SHOW COLUMNS FROM `ui_config` [ RunTime:0.021001s ]
[ sql ] [ SQL ] SELECT * FROM `ui_config` WHERE `ui_config`.`delete_time` IS NULL [ RunTime:0.001000s ]
[ sql ] [ SQL ] SHOW COLUMNS FROM `ui_city` [ RunTime:0.017001s ]
[ sql ] [ SQL ] SELECT * FROM `ui_city` WHERE  `pid` <> 0 [ RunTime:0.022001s ]
[ sql ] [ SQL ] SHOW COLUMNS FROM `ui_menu` [ RunTime:0.018001s ]
[ sql ] [ SQL ] SELECT * FROM `ui_menu` WHERE (  `url` = '/admin/good/attr_index.shtml' ) AND `ui_menu`.`delete_time` IS NULL LIMIT 1 [ RunTime:0.001000s ]
[ sql ] [ SQL ] SELECT * FROM `ui_menu` WHERE (  `menu_id` = 100 ) AND `ui_menu`.`delete_time` IS NULL LIMIT 1 [ RunTime:0.001000s ]
[ sql ] [ SQL ] SHOW COLUMNS FROM `ui_admin` [ RunTime:0.011000s ]
[ sql ] [ SQL ] SELECT * FROM `ui_admin` WHERE (  `admin_id` = 1 ) AND `ui_admin`.`delete_time` IS NULL LIMIT 1 [ RunTime:0.001000s ]
[ sql ] [ SQL ] SHOW COLUMNS FROM `ui_goods_attr` [ RunTime:0.168009s ]
[ sql ] [ SQL ] SELECT COUNT(*) AS tp_count FROM `ui_goods_attr` WHERE `ui_goods_attr`.`delete_time` IS NULL LIMIT 1 [ RunTime:0.001000s ]
[ sql ] [ SQL ] SELECT * FROM `ui_goods_attr` WHERE `ui_goods_attr`.`delete_time` IS NULL LIMIT 0,15 [ RunTime:0.001000s ]
---------------------------------------------------------------
[ 2017-09-30T09:50:14+08:00 ] 127.0.0.3 127.0.0.1 GET /admin/good/add_attr.shtml
[ info ] 127.0.0.3/admin/good/add_attr.shtml [运行时间：0.354021s][吞吐率：2.82req/s] [内存消耗：5,613.41kb] [文件加载：57]
[ info ] [ LANG ] D:\phpStudy\WWW\adminui\frame\lang\zh-cn.php
[ info ] [ ROUTE ] array (
  'type' => 'module',
  'module' => 
  array (
    0 => 'admin',
    1 => 'good',
    2 => 'add_attr',
  ),
)
[ info ] [ HEADER ] array (
  'cookie' => 'thinkphp_show_page_trace=0|0; PHPSESSID=e44grbesofja2fv2pua3hmki30; thinkphp_show_page_trace=0|0',
  'accept-language' => 'zh-CN,zh;q=0.8',
  'accept-encoding' => 'gzip, deflate, br',
  'referer' => 'http://127.0.0.3/admin/good/attr_index.shtml',
  'accept' => 'text/html,application/xhtml+xml,application/xml;q=0.9,image/webp,image/apng,*/*;q=0.8',
  'user-agent' => 'Mozilla/5.0 (Windows NT 6.1; WOW64) AppleWebKit/537.36 (KHTML, like Gecko) Chrome/60.0.3112.113 Safari/537.36',
  'upgrade-insecure-requests' => '1',
  'connection' => 'close',
  'host' => '127.0.0.3',
)
[ info ] [ PARAM ] array (
)
[ info ] [ DB ] INIT mysql
[ info ] [ SESSION ] INIT array (
  'prefix' => 'admin',
)
[ info ] [ RUN ] app\admin\controller\Good->add_attr[ D:\phpStudy\WWW\adminui\application\admin\controller\Good.php ]
[ info ] [ VIEW ] D:\phpStudy\WWW\adminui/public\theme\admin\good\add_attr.html [ array (
  0 => 'module_name',
  1 => 'controller_name',
  2 => 'action_name',
  3 => 'public_path',
  4 => 'static_path',
  5 => 'web_public',
  6 => 'web_static',
  7 => 'js',
  8 => 'css',
  9 => 'img',
  10 => 'title',
  11 => 'admin_title',
  12 => 'nowpage',
  13 => 'upload',
  14 => 'menu',
  15 => 'input_type',
) ]
[ info ] [ LOG ] INIT File
[ sql ] [ DB ] CONNECT:[ UseTime:0.011001s ] mysql:dbname=adminui;host=192.168.124.222;port=3306;charset=utf8
[ sql ] [ SQL ] SHOW COLUMNS FROM `ui_config` [ RunTime:0.022001s ]
[ sql ] [ SQL ] SELECT * FROM `ui_config` WHERE `ui_config`.`delete_time` IS NULL [ RunTime:0.002000s ]
[ sql ] [ SQL ] SHOW COLUMNS FROM `ui_city` [ RunTime:0.017001s ]
[ sql ] [ SQL ] SELECT * FROM `ui_city` WHERE  `pid` <> 0 [ RunTime:0.021001s ]
[ sql ] [ SQL ] SHOW COLUMNS FROM `ui_menu` [ RunTime:0.018001s ]
[ sql ] [ SQL ] SELECT * FROM `ui_menu` WHERE (  `url` = '/admin/good/add_attr.shtml' ) AND `ui_menu`.`delete_time` IS NULL LIMIT 1 [ RunTime:0.001000s ]
[ sql ] [ SQL ] SELECT * FROM `ui_menu` WHERE (  `menu_id` = 106 ) AND `ui_menu`.`delete_time` IS NULL LIMIT 1 [ RunTime:0.001000s ]
[ sql ] [ SQL ] SHOW COLUMNS FROM `ui_admin` [ RunTime:0.017001s ]
[ sql ] [ SQL ] SELECT * FROM `ui_admin` WHERE (  `admin_id` = 1 ) AND `ui_admin`.`delete_time` IS NULL LIMIT 1 [ RunTime:0.001000s ]
---------------------------------------------------------------
[ 2017-09-30T09:50:23+08:00 ] 127.0.0.3 127.0.0.1 GET /admin/good/cate_index.shtml
[ info ] 127.0.0.3/admin/good/cate_index.shtml [运行时间：0.443025s][吞吐率：2.26req/s] [内存消耗：6,199.63kb] [文件加载：58]
[ info ] [ LANG ] D:\phpStudy\WWW\adminui\frame\lang\zh-cn.php
[ info ] [ ROUTE ] array (
  'type' => 'module',
  'module' => 
  array (
    0 => 'admin',
    1 => 'good',
    2 => 'cate_index',
  ),
)
[ info ] [ HEADER ] array (
  'cookie' => 'thinkphp_show_page_trace=0|0; PHPSESSID=e44grbesofja2fv2pua3hmki30; thinkphp_show_page_trace=0|0',
  'accept-language' => 'zh-CN,zh;q=0.8',
  'accept-encoding' => 'gzip, deflate, br',
  'referer' => 'http://127.0.0.3/admin',
  'accept' => 'text/html,application/xhtml+xml,application/xml;q=0.9,image/webp,image/apng,*/*;q=0.8',
  'user-agent' => 'Mozilla/5.0 (Windows NT 6.1; WOW64) AppleWebKit/537.36 (KHTML, like Gecko) Chrome/60.0.3112.113 Safari/537.36',
  'upgrade-insecure-requests' => '1',
  'connection' => 'close',
  'host' => '127.0.0.3',
)
[ info ] [ PARAM ] array (
)
[ info ] [ DB ] INIT mysql
[ info ] [ SESSION ] INIT array (
  'prefix' => 'admin',
)
[ info ] [ RUN ] app\admin\controller\Good->cate_index[ D:\phpStudy\WWW\adminui\application\admin\controller\Good.php ]
[ info ] [ VIEW ] D:\phpStudy\WWW\adminui/public\theme\admin\good\cate_index.html [ array (
  0 => 'module_name',
  1 => 'controller_name',
  2 => 'action_name',
  3 => 'public_path',
  4 => 'static_path',
  5 => 'web_public',
  6 => 'web_static',
  7 => 'js',
  8 => 'css',
  9 => 'img',
  10 => 'title',
  11 => 'admin_title',
  12 => 'nowpage',
  13 => 'upload',
  14 => 'menu',
  15 => 'tree',
) ]
[ info ] [ LOG ] INIT File
[ sql ] [ DB ] CONNECT:[ UseTime:0.002000s ] mysql:dbname=adminui;host=192.168.124.222;port=3306;charset=utf8
[ sql ] [ SQL ] SHOW COLUMNS FROM `ui_config` [ RunTime:0.022001s ]
[ sql ] [ SQL ] SELECT * FROM `ui_config` WHERE `ui_config`.`delete_time` IS NULL [ RunTime:0.002001s ]
[ sql ] [ SQL ] SHOW COLUMNS FROM `ui_city` [ RunTime:0.017001s ]
[ sql ] [ SQL ] SELECT * FROM `ui_city` WHERE  `pid` <> 0 [ RunTime:0.021001s ]
[ sql ] [ SQL ] SHOW COLUMNS FROM `ui_menu` [ RunTime:0.022002s ]
[ sql ] [ SQL ] SELECT * FROM `ui_menu` WHERE (  `url` = '/admin/good/cate_index.shtml' ) AND `ui_menu`.`delete_time` IS NULL LIMIT 1 [ RunTime:0.001000s ]
[ sql ] [ SQL ] SELECT * FROM `ui_menu` WHERE (  `menu_id` = 100 ) AND `ui_menu`.`delete_time` IS NULL LIMIT 1 [ RunTime:0.001000s ]
[ sql ] [ SQL ] SHOW COLUMNS FROM `ui_admin` [ RunTime:0.011001s ]
[ sql ] [ SQL ] SELECT * FROM `ui_admin` WHERE (  `admin_id` = 1 ) AND `ui_admin`.`delete_time` IS NULL LIMIT 1 [ RunTime:0.001000s ]
[ sql ] [ SQL ] SHOW COLUMNS FROM `ui_goods_cate` [ RunTime:0.009001s ]
[ sql ] [ SQL ] SELECT * FROM `ui_goods_cate` WHERE `ui_goods_cate`.`delete_time` IS NULL [ RunTime:0.005000s ]
---------------------------------------------------------------
[ 2017-09-30T09:50:31+08:00 ] 127.0.0.3 127.0.0.1 GET /admin/menus/index.shtml
[ info ] 127.0.0.3/admin/menus/index.shtml [运行时间：0.405023s][吞吐率：2.47req/s] [内存消耗：3,517.13kb] [文件加载：57]
[ info ] [ LANG ] D:\phpStudy\WWW\adminui\frame\lang\zh-cn.php
[ info ] [ ROUTE ] array (
  'type' => 'module',
  'module' => 
  array (
    0 => 'admin',
    1 => 'menus',
    2 => 'index',
  ),
)
[ info ] [ HEADER ] array (
  'cookie' => 'PHPSESSID=e44grbesofja2fv2pua3hmki30; thinkphp_show_page_trace=0|0',
  'accept-language' => 'zh-CN,zh;q=0.8',
  'accept-encoding' => 'gzip, deflate, br',
  'referer' => 'http://127.0.0.3/admin',
  'accept' => 'text/html,application/xhtml+xml,application/xml;q=0.9,image/webp,image/apng,*/*;q=0.8',
  'user-agent' => 'Mozilla/5.0 (Windows NT 6.1; WOW64) AppleWebKit/537.36 (KHTML, like Gecko) Chrome/60.0.3112.113 Safari/537.36',
  'upgrade-insecure-requests' => '1',
  'connection' => 'close',
  'host' => '127.0.0.3',
)
[ info ] [ PARAM ] array (
)
[ info ] [ DB ] INIT mysql
[ info ] [ SESSION ] INIT array (
  'prefix' => 'admin',
)
[ info ] [ RUN ] app\admin\controller\Menus->index[ D:\phpStudy\WWW\adminui\application\admin\controller\Menus.php ]
[ info ] [ VIEW ] D:\phpStudy\WWW\adminui/public\theme\admin\menus\index.html [ array (
  0 => 'module_name',
  1 => 'controller_name',
  2 => 'action_name',
  3 => 'public_path',
  4 => 'static_path',
  5 => 'web_public',
  6 => 'web_static',
  7 => 'js',
  8 => 'css',
  9 => 'img',
  10 => 'title',
  11 => 'admin_title',
  12 => 'nowpage',
  13 => 'upload',
  14 => 'menu',
  15 => 'tree',
) ]
[ info ] [ LOG ] INIT File
[ sql ] [ DB ] CONNECT:[ UseTime:0.001000s ] mysql:dbname=adminui;host=192.168.124.222;port=3306;charset=utf8
[ sql ] [ SQL ] SHOW COLUMNS FROM `ui_config` [ RunTime:0.018001s ]
[ sql ] [ SQL ] SELECT * FROM `ui_config` WHERE `ui_config`.`delete_time` IS NULL [ RunTime:0.003000s ]
[ sql ] [ SQL ] SHOW COLUMNS FROM `ui_city` [ RunTime:0.017001s ]
[ sql ] [ SQL ] SELECT * FROM `ui_city` WHERE  `pid` <> 0 [ RunTime:0.020001s ]
[ sql ] [ SQL ] SHOW COLUMNS FROM `ui_menu` [ RunTime:0.018001s ]
[ sql ] [ SQL ] SELECT * FROM `ui_menu` WHERE (  `url` = '/admin/menus/index.shtml' ) AND `ui_menu`.`delete_time` IS NULL LIMIT 1 [ RunTime:0.002000s ]
[ sql ] [ SQL ] SELECT * FROM `ui_menu` WHERE (  `menu_id` = 1 ) AND `ui_menu`.`delete_time` IS NULL LIMIT 1 [ RunTime:0.002000s ]
[ sql ] [ SQL ] SHOW COLUMNS FROM `ui_admin` [ RunTime:0.020001s ]
[ sql ] [ SQL ] SELECT * FROM `ui_admin` WHERE (  `admin_id` = 1 ) AND `ui_admin`.`delete_time` IS NULL LIMIT 1 [ RunTime:0.001000s ]
[ sql ] [ SQL ] SELECT * FROM `ui_menu` WHERE (  `status` <> -1 ) AND `ui_menu`.`delete_time` IS NULL ORDER BY `sort`  asc [ RunTime:0.004000s ]
---------------------------------------------------------------
[ 2017-09-30T09:50:33+08:00 ] 127.0.0.3 127.0.0.1 GET /admin/menus/add.shtml
[ info ] 127.0.0.3/admin/menus/add.shtml [运行时间：0.396022s][吞吐率：2.53req/s] [内存消耗：2,982.09kb] [文件加载：57]
[ info ] [ LANG ] D:\phpStudy\WWW\adminui\frame\lang\zh-cn.php
[ info ] [ ROUTE ] array (
  'type' => 'module',
  'module' => 
  array (
    0 => 'admin',
    1 => 'menus',
    2 => 'add',
  ),
)
[ info ] [ HEADER ] array (
  'cookie' => 'thinkphp_show_page_trace=0|0; PHPSESSID=e44grbesofja2fv2pua3hmki30; thinkphp_show_page_trace=0|0',
  'accept-language' => 'zh-CN,zh;q=0.8',
  'accept-encoding' => 'gzip, deflate, br',
  'referer' => 'http://127.0.0.3/admin/menus/index.shtml',
  'accept' => 'text/html,application/xhtml+xml,application/xml;q=0.9,image/webp,image/apng,*/*;q=0.8',
  'user-agent' => 'Mozilla/5.0 (Windows NT 6.1; WOW64) AppleWebKit/537.36 (KHTML, like Gecko) Chrome/60.0.3112.113 Safari/537.36',
  'upgrade-insecure-requests' => '1',
  'connection' => 'close',
  'host' => '127.0.0.3',
)
[ info ] [ PARAM ] array (
)
[ info ] [ DB ] INIT mysql
[ info ] [ SESSION ] INIT array (
  'prefix' => 'admin',
)
[ info ] [ RUN ] app\admin\controller\Menus->add[ D:\phpStudy\WWW\adminui\application\admin\controller\Menus.php ]
[ info ] [ VIEW ] D:\phpStudy\WWW\adminui/public\theme\admin\menus\add.html [ array (
  0 => 'module_name',
  1 => 'controller_name',
  2 => 'action_name',
  3 => 'public_path',
  4 => 'static_path',
  5 => 'web_public',
  6 => 'web_static',
  7 => 'js',
  8 => 'css',
  9 => 'img',
  10 => 'title',
  11 => 'admin_title',
  12 => 'nowpage',
  13 => 'upload',
  14 => 'menu',
  15 => 'select',
) ]
[ info ] [ LOG ] INIT File
[ sql ] [ DB ] CONNECT:[ UseTime:0.010001s ] mysql:dbname=adminui;host=192.168.124.222;port=3306;charset=utf8
[ sql ] [ SQL ] SHOW COLUMNS FROM `ui_config` [ RunTime:0.022001s ]
[ sql ] [ SQL ] SELECT * FROM `ui_config` WHERE `ui_config`.`delete_time` IS NULL [ RunTime:0.002000s ]
[ sql ] [ SQL ] SHOW COLUMNS FROM `ui_city` [ RunTime:0.017001s ]
[ sql ] [ SQL ] SELECT * FROM `ui_city` WHERE  `pid` <> 0 [ RunTime:0.021001s ]
[ sql ] [ SQL ] SHOW COLUMNS FROM `ui_menu` [ RunTime:0.018001s ]
[ sql ] [ SQL ] SELECT * FROM `ui_menu` WHERE (  `url` = '/admin/menus/add.shtml' ) AND `ui_menu`.`delete_time` IS NULL LIMIT 1 [ RunTime:0.001000s ]
[ sql ] [ SQL ] SELECT * FROM `ui_menu` WHERE (  `menu_id` = 3 ) AND `ui_menu`.`delete_time` IS NULL LIMIT 1 [ RunTime:0.001000s ]
[ sql ] [ SQL ] SHOW COLUMNS FROM `ui_admin` [ RunTime:0.018001s ]
[ sql ] [ SQL ] SELECT * FROM `ui_admin` WHERE (  `admin_id` = 1 ) AND `ui_admin`.`delete_time` IS NULL LIMIT 1 [ RunTime:0.002000s ]
[ sql ] [ SQL ] SELECT * FROM `ui_menu` WHERE (  `status` <> -1 ) AND `ui_menu`.`delete_time` IS NULL ORDER BY `sort`  asc [ RunTime:0.005000s ]
---------------------------------------------------------------
[ 2017-09-30T10:39:41+08:00 ] 127.0.0.3 127.0.0.1 POST /admin/index/isuniquelogin.shtml
[ info ] 127.0.0.3/admin/index/isuniquelogin.shtml [运行时间：0.095006s][吞吐率：10.53req/s] [内存消耗：2,135.22kb] [文件加载：46]
[ info ] [ LANG ] D:\phpStudy\WWW\adminui\frame\lang\zh-cn.php
[ info ] [ ROUTE ] array (
  'type' => 'module',
  'module' => 
  array (
    0 => 'admin',
    1 => 'index',
    2 => 'isuniquelogin',
  ),
)
[ info ] [ HEADER ] array (
  'cookie' => 'thinkphp_show_page_trace=0|0; PHPSESSID=e44grbesofja2fv2pua3hmki30; thinkphp_show_page_trace=0|0',
  'accept-language' => 'zh-CN,zh;q=0.8',
  'accept-encoding' => 'gzip, deflate, br',
  'referer' => 'http://127.0.0.3/admin',
  'user-agent' => 'Mozilla/5.0 (Windows NT 6.1; WOW64) AppleWebKit/537.36 (KHTML, like Gecko) Chrome/60.0.3112.113 Safari/537.36',
  'x-requested-with' => 'XMLHttpRequest',
  'origin' => 'http://127.0.0.3',
  'accept' => 'application/json, text/javascript, */*; q=0.01',
  'content-length' => '0',
  'connection' => 'close',
  'host' => '127.0.0.3',
)
[ info ] [ PARAM ] array (
)
[ info ] [ SESSION ] INIT array (
  'prefix' => 'admin',
)
[ info ] [ DB ] INIT mysql
[ info ] [ RUN ] app\admin\controller\Index->isUniqueLogin[ D:\phpStudy\WWW\adminui\application\admin\controller\Index.php ]
[ info ] [ LOG ] INIT File
[ sql ] [ DB ] CONNECT:[ UseTime:0.004001s ] mysql:dbname=adminui;host=192.168.124.222;port=3306;charset=utf8
[ sql ] [ SQL ] SHOW COLUMNS FROM `ui_menu` [ RunTime:0.021001s ]
[ sql ] [ SQL ] SELECT * FROM `ui_menu` WHERE (  `url` = '/admin/index/isuniquelogin.shtml' ) AND `ui_menu`.`delete_time` IS NULL LIMIT 1 [ RunTime:0.001000s ]
[ sql ] [ SQL ] SHOW COLUMNS FROM `ui_admin` [ RunTime:0.017001s ]
[ sql ] [ SQL ] SELECT * FROM `ui_admin` WHERE (  `admin_id` = 1 ) AND `ui_admin`.`delete_time` IS NULL LIMIT 1 [ RunTime:0.001000s ]
[ sql ] [ SQL ] SELECT * FROM `ui_admin` WHERE (  `admin_id` = 1 ) AND `ui_admin`.`delete_time` IS NULL LIMIT 1 [ RunTime:0.002001s ]
---------------------------------------------------------------
[ 2017-09-30T11:29:41+08:00 ] 127.0.0.3 127.0.0.1 POST /admin/index/isuniquelogin.shtml
[ info ] 127.0.0.3/admin/index/isuniquelogin.shtml [运行时间：0.088005s][吞吐率：11.36req/s] [内存消耗：2,078.58kb] [文件加载：45]
[ info ] [ LANG ] D:\phpStudy\WWW\adminui\frame\lang\zh-cn.php
[ info ] [ ROUTE ] array (
  'type' => 'module',
  'module' => 
  array (
    0 => 'admin',
    1 => 'index',
    2 => 'isuniquelogin',
  ),
)
[ info ] [ HEADER ] array (
  'accept-language' => 'zh-CN,zh;q=0.8',
  'accept-encoding' => 'gzip, deflate, br',
  'referer' => 'http://127.0.0.3/admin',
  'user-agent' => 'Mozilla/5.0 (Windows NT 6.1; WOW64) AppleWebKit/537.36 (KHTML, like Gecko) Chrome/60.0.3112.113 Safari/537.36',
  'x-requested-with' => 'XMLHttpRequest',
  'origin' => 'http://127.0.0.3',
  'accept' => 'application/json, text/javascript, */*; q=0.01',
  'content-length' => '0',
  'connection' => 'close',
  'host' => '127.0.0.3',
)
[ info ] [ PARAM ] array (
)
[ info ] [ SESSION ] INIT array (
  'prefix' => 'admin',
)
[ info ] [ DB ] INIT mysql
[ info ] [ RUN ] app\admin\controller\Index->isUniqueLogin[ D:\phpStudy\WWW\adminui\application\admin\controller\Index.php ]
[ info ] [ LOG ] INIT File
[ sql ] [ DB ] CONNECT:[ UseTime:0.004000s ] mysql:dbname=adminui;host=192.168.124.222;port=3306;charset=utf8
[ sql ] [ SQL ] SHOW COLUMNS FROM `ui_menu` [ RunTime:0.035002s ]
[ sql ] [ SQL ] SELECT * FROM `ui_menu` WHERE (  `url` = '/admin/index/isuniquelogin.shtml' ) AND `ui_menu`.`delete_time` IS NULL LIMIT 1 [ RunTime:0.001000s ]
