---------------------------------------------------------------
[ 2017-10-31T14:37:26+08:00 ] ::1 ::1 GET /adminui/public/
[ info ] localhost/adminui/public/ [运行时间：3.046174s][吞吐率：0.33req/s] [内存消耗：5,683.81kb] [文件加载：68]
[ info ] [ LANG ] D:\phpStudy\WWW\adminui\frame\lang\zh-cn.php
[ info ] [ ROUTE ] array (
  'type' => 'module',
  'module' => 
  array (
    0 => '',
    1 => NULL,
    2 => NULL,
  ),
)
[ info ] [ HEADER ] array (
  'accept-language' => 'zh-CN,zh;q=0.8',
  'accept-encoding' => 'gzip, deflate, br',
  'accept' => 'text/html,application/xhtml+xml,application/xml;q=0.9,image/webp,image/apng,*/*;q=0.8',
  'upgrade-insecure-requests' => '1',
  'user-agent' => 'Mozilla/5.0 (Windows NT 6.1; WOW64) AppleWebKit/537.36 (KHTML, like Gecko) Chrome/61.0.3163.100 Safari/537.36',
  'connection' => 'close',
  'host' => 'localhost',
)
[ info ] [ PARAM ] array (
)
[ info ] [ SESSION ] INIT array (
  'id' => '',
  'var_session_id' => '',
  'prefix' => '',
  'type' => '',
  'auto_start' => true,
)
[ info ] [ LANG ] D:\phpStudy\WWW\adminui/application/common/lang/shop/zh-cn.php
[ info ] [ DB ] INIT mysql
[ info ] [ SESSION ] INIT array (
  'prefix' => 'shop',
)
[ info ] [ RUN ] app\shop\controller\Index->index[ D:\phpStudy\WWW\adminui\application\shop\controller\Index.php ]
[ info ] [ VIEW ] D:\phpStudy\WWW\adminui/public\theme\shop\default\index\index.html [ array (
  0 => 'module_name',
  1 => 'controller_name',
  2 => 'action_name',
  3 => 'public_path',
  4 => 'static_path',
  5 => 'web_public',
  6 => 'web_static',
  7 => 'js',
  8 => 'css',
  9 => 'img',
  10 => 'title',
  11 => 'admin_title',
  12 => 'nowpage',
  13 => 'upload',
  14 => 'public',
  15 => 'static',
  16 => 'links',
  17 => 'adv',
  18 => 'webInfo',
  19 => 'cate',
  20 => 'top_nav',
  21 => 'article',
  22 => 'recycle',
  23 => 'cates',
  24 => 'user_info',
) ]
[ info ] [ LOG ] INIT File
[ sql ] [ DB ] CONNECT:[ UseTime:0.075004s ] mysql:dbname=adminui;host=192.168.124.222;port=3306;charset=utf8
[ sql ] [ SQL ] SHOW COLUMNS FROM `ui_config` [ RunTime:0.048002s ]
[ sql ] [ SQL ] SELECT * FROM `ui_config` WHERE `ui_config`.`delete_time` IS NULL [ RunTime:0.002000s ]
[ sql ] [ SQL ] SHOW COLUMNS FROM `ui_city` [ RunTime:0.023001s ]
[ sql ] [ SQL ] SELECT * FROM `ui_city` WHERE  `pid` <> 0 [ RunTime:0.022002s ]
[ sql ] [ SQL ] SHOW COLUMNS FROM `ui_article_cate` [ RunTime:0.018001s ]
[ sql ] [ SQL ] SELECT `cate_id`,`cate_name` FROM `ui_article_cate` WHERE (  (  status = 1 and pid = 1 ) ) AND `ui_article_cate`.`delete_time` IS NULL ORDER BY cate_id asc LIMIT 6 [ RunTime:0.001000s ]
[ sql ] [ SQL ] SHOW COLUMNS FROM `ui_article` [ RunTime:0.023002s ]
[ sql ] [ SQL ] SELECT `article_title`,`href` FROM `ui_article` WHERE (  (  cate_id = 2 ) ) AND `ui_article`.`delete_time` IS NULL LIMIT 5 [ RunTime:0.001000s ]
[ sql ] [ SQL ] SELECT `article_title`,`href` FROM `ui_article` WHERE (  (  cate_id = 3 ) ) AND `ui_article`.`delete_time` IS NULL LIMIT 5 [ RunTime:0.002000s ]
[ sql ] [ SQL ] SELECT `article_title`,`href` FROM `ui_article` WHERE (  (  cate_id = 4 ) ) AND `ui_article`.`delete_time` IS NULL LIMIT 5 [ RunTime:0.001000s ]
[ sql ] [ SQL ] SELECT `article_title`,`href` FROM `ui_article` WHERE (  (  cate_id = 5 ) ) AND `ui_article`.`delete_time` IS NULL LIMIT 5 [ RunTime:0.001000s ]
[ sql ] [ SQL ] SELECT `article_title`,`href` FROM `ui_article` WHERE (  (  cate_id = 6 ) ) AND `ui_article`.`delete_time` IS NULL LIMIT 5 [ RunTime:0.001000s ]
[ sql ] [ SQL ] SELECT `article_title`,`href` FROM `ui_article` WHERE (  (  cate_id = 7 ) ) AND `ui_article`.`delete_time` IS NULL LIMIT 5 [ RunTime:0.002000s ]
[ sql ] [ SQL ] SHOW COLUMNS FROM `ui_adv` [ RunTime:0.023001s ]
[ sql ] [ SQL ] SELECT * FROM `ui_adv` WHERE (  `start_time` <= 1509431845  AND `end_time` >= 1509431845  AND (  pos_type = 'PC' ) ) AND `ui_adv`.`delete_time` IS NULL [ RunTime:0.001001s ]
[ sql ] [ SQL ] SHOW COLUMNS FROM `ui_advpos` [ RunTime:0.019001s ]
[ sql ] [ SQL ] SELECT `advpos_ename` FROM `ui_advpos` WHERE (  `advpos_id` = 8 ) AND `ui_advpos`.`delete_time` IS NULL LIMIT 1 [ RunTime:0.001000s ]
[ sql ] [ SQL ] SELECT `advpos_ename` FROM `ui_advpos` WHERE (  `advpos_id` = 8 ) AND `ui_advpos`.`delete_time` IS NULL LIMIT 1 [ RunTime:0.001000s ]
[ sql ] [ SQL ] SELECT `advpos_ename` FROM `ui_advpos` WHERE (  `advpos_id` = 8 ) AND `ui_advpos`.`delete_time` IS NULL LIMIT 1 [ RunTime:0.001000s ]
[ sql ] [ SQL ] SELECT `advpos_ename` FROM `ui_advpos` WHERE (  `advpos_id` = 8 ) AND `ui_advpos`.`delete_time` IS NULL LIMIT 1 [ RunTime:0.002000s ]
[ sql ] [ SQL ] SELECT `advpos_ename` FROM `ui_advpos` WHERE (  `advpos_id` = 8 ) AND `ui_advpos`.`delete_time` IS NULL LIMIT 1 [ RunTime:0.001000s ]
[ sql ] [ SQL ] SELECT `advpos_ename` FROM `ui_advpos` WHERE (  `advpos_id` = 9 ) AND `ui_advpos`.`delete_time` IS NULL LIMIT 1 [ RunTime:0.001000s ]
[ sql ] [ SQL ] SELECT `advpos_ename` FROM `ui_advpos` WHERE (  `advpos_id` = 9 ) AND `ui_advpos`.`delete_time` IS NULL LIMIT 1 [ RunTime:0.002000s ]
[ sql ] [ SQL ] SELECT `advpos_ename` FROM `ui_advpos` WHERE (  `advpos_id` = 9 ) AND `ui_advpos`.`delete_time` IS NULL LIMIT 1 [ RunTime:0.001000s ]
[ sql ] [ SQL ] SELECT `advpos_ename` FROM `ui_advpos` WHERE (  `advpos_id` = 10 ) AND `ui_advpos`.`delete_time` IS NULL LIMIT 1 [ RunTime:0.001000s ]
[ sql ] [ SQL ] SELECT `advpos_ename` FROM `ui_advpos` WHERE (  `advpos_id` = 12 ) AND `ui_advpos`.`delete_time` IS NULL LIMIT 1 [ RunTime:0.001000s ]
[ sql ] [ SQL ] SELECT `advpos_ename` FROM `ui_advpos` WHERE (  `advpos_id` = 14 ) AND `ui_advpos`.`delete_time` IS NULL LIMIT 1 [ RunTime:0.001000s ]
[ sql ] [ SQL ] SELECT `advpos_ename` FROM `ui_advpos` WHERE (  `advpos_id` = 15 ) AND `ui_advpos`.`delete_time` IS NULL LIMIT 1 [ RunTime:0.001000s ]
[ sql ] [ SQL ] SELECT `advpos_ename` FROM `ui_advpos` WHERE (  `advpos_id` = 16 ) AND `ui_advpos`.`delete_time` IS NULL LIMIT 1 [ RunTime:0.001000s ]
[ sql ] [ SQL ] SELECT `advpos_ename` FROM `ui_advpos` WHERE (  `advpos_id` = 8 ) AND `ui_advpos`.`delete_time` IS NULL LIMIT 1 [ RunTime:0.001000s ]
[ sql ] [ SQL ] SELECT `advpos_ename` FROM `ui_advpos` WHERE (  `advpos_id` = 11 ) AND `ui_advpos`.`delete_time` IS NULL LIMIT 1 [ RunTime:0.001000s ]
[ sql ] [ SQL ] SELECT `advpos_ename` FROM `ui_advpos` WHERE (  `advpos_id` = 2 ) AND `ui_advpos`.`delete_time` IS NULL LIMIT 1 [ RunTime:0.002000s ]
[ sql ] [ SQL ] SELECT `advpos_ename` FROM `ui_advpos` WHERE (  `advpos_id` = 2 ) AND `ui_advpos`.`delete_time` IS NULL LIMIT 1 [ RunTime:0.001000s ]
[ sql ] [ SQL ] SELECT `cate_id` FROM `ui_article_cate` WHERE (  (  cate_name = '网站备案' ) ) AND `ui_article_cate`.`delete_time` IS NULL LIMIT 1 [ RunTime:0.001000s ]
[ sql ] [ SQL ] SELECT `article_content` FROM `ui_article` WHERE (  (  cate_id = 8 ) ) AND `ui_article`.`delete_time` IS NULL LIMIT 1 [ RunTime:0.001000s ]
[ sql ] [ SQL ] SELECT `cate_id`,`cate_name` FROM `ui_article_cate` WHERE (  (  status = 1 and pid = 1 ) ) AND `ui_article_cate`.`delete_time` IS NULL ORDER BY cate_id asc LIMIT 6 [ RunTime:0.001000s ]
[ sql ] [ SQL ] SELECT `article_title`,`href` FROM `ui_article` WHERE (  (  cate_id = 2 ) ) AND `ui_article`.`delete_time` IS NULL LIMIT 5 [ RunTime:0.001000s ]
[ sql ] [ SQL ] SELECT `article_title`,`href` FROM `ui_article` WHERE (  (  cate_id = 3 ) ) AND `ui_article`.`delete_time` IS NULL LIMIT 5 [ RunTime:0.001000s ]
[ sql ] [ SQL ] SELECT `article_title`,`href` FROM `ui_article` WHERE (  (  cate_id = 4 ) ) AND `ui_article`.`delete_time` IS NULL LIMIT 5 [ RunTime:0.001000s ]
[ sql ] [ SQL ] SELECT `article_title`,`href` FROM `ui_article` WHERE (  (  cate_id = 5 ) ) AND `ui_article`.`delete_time` IS NULL LIMIT 5 [ RunTime:0.001001s ]
[ sql ] [ SQL ] SELECT `article_title`,`href` FROM `ui_article` WHERE (  (  cate_id = 6 ) ) AND `ui_article`.`delete_time` IS NULL LIMIT 5 [ RunTime:0.001000s ]
[ sql ] [ SQL ] SELECT `article_title`,`href` FROM `ui_article` WHERE (  (  cate_id = 7 ) ) AND `ui_article`.`delete_time` IS NULL LIMIT 5 [ RunTime:0.001000s ]
[ sql ] [ SQL ] SHOW COLUMNS FROM `ui_goods_cate` [ RunTime:0.019001s ]
[ sql ] [ SQL ] SELECT * FROM `ui_goods_cate` WHERE `ui_goods_cate`.`delete_time` IS NULL [ RunTime:0.007001s ]
[ sql ] [ SQL ] SELECT * FROM `ui_goods_cate` WHERE (  `is_show` = 1 ) AND `ui_goods_cate`.`delete_time` IS NULL ORDER BY sort asc [ RunTime:0.002000s ]
[ sql ] [ SQL ] SHOW COLUMNS FROM `ui_goods` [ RunTime:0.024001s ]
[ sql ] [ SQL ] SELECT * FROM `ui_goods` WHERE (  (  is_sale = 1 )  AND ( `cate_id1` = 23 OR `cate_id2` = 23 OR `cate_id3` = 23 ) ) AND `ui_goods`.`delete_time` IS NULL ORDER BY rand(),is_admin_recom desc LIMIT 8 [ RunTime:0.019002s ]
[ sql ] [ SQL ] SELECT * FROM `ui_goods` WHERE (  (  is_sale = 1 )  AND ( `cate_id1` = 23 OR `cate_id2` = 23 OR `cate_id3` = 23 ) ) AND `ui_goods`.`delete_time` IS NULL ORDER BY sale_count desc LIMIT 5 [ RunTime:0.002000s ]
[ sql ] [ SQL ] SHOW COLUMNS FROM `ui_cate_banner` [ RunTime:0.010001s ]
[ sql ] [ SQL ] SELECT * FROM `ui_cate_banner` WHERE (  `cate_id` = 23  AND `start_time` < 1509431846  AND `end_time` > 1509431846 ) AND `ui_cate_banner`.`delete_time` IS NULL LIMIT 1 [ RunTime:0.002000s ]
[ sql ] [ SQL ] SELECT * FROM `ui_goods` WHERE (  (  is_sale = 1 )  AND ( `cate_id1` = 24 OR `cate_id2` = 24 OR `cate_id3` = 24 ) ) AND `ui_goods`.`delete_time` IS NULL ORDER BY rand(),is_admin_recom desc LIMIT 8 [ RunTime:0.005000s ]
[ sql ] [ SQL ] SELECT * FROM `ui_goods` WHERE (  (  is_sale = 1 )  AND ( `cate_id1` = 24 OR `cate_id2` = 24 OR `cate_id3` = 24 ) ) AND `ui_goods`.`delete_time` IS NULL ORDER BY sale_count desc LIMIT 5 [ RunTime:0.002001s ]
[ sql ] [ SQL ] SELECT * FROM `ui_cate_banner` WHERE (  `cate_id` = 24  AND `start_time` < 1509431846  AND `end_time` > 1509431846 ) AND `ui_cate_banner`.`delete_time` IS NULL LIMIT 1 [ RunTime:0.001000s ]
[ sql ] [ SQL ] SELECT * FROM `ui_goods` WHERE (  (  is_sale = 1 )  AND ( `cate_id1` = 20 OR `cate_id2` = 20 OR `cate_id3` = 20 ) ) AND `ui_goods`.`delete_time` IS NULL ORDER BY rand(),is_admin_recom desc LIMIT 8 [ RunTime:0.005000s ]
[ sql ] [ SQL ] SELECT * FROM `ui_goods` WHERE (  (  is_sale = 1 )  AND ( `cate_id1` = 20 OR `cate_id2` = 20 OR `cate_id3` = 20 ) ) AND `ui_goods`.`delete_time` IS NULL ORDER BY sale_count desc LIMIT 5 [ RunTime:0.002000s ]
[ sql ] [ SQL ] SELECT * FROM `ui_cate_banner` WHERE (  `cate_id` = 20  AND `start_time` < 1509431846  AND `end_time` > 1509431846 ) AND `ui_cate_banner`.`delete_time` IS NULL LIMIT 1 [ RunTime:0.002000s ]
[ sql ] [ SQL ] SELECT * FROM `ui_goods` WHERE (  (  is_sale = 1 )  AND ( `cate_id1` = 1 OR `cate_id2` = 1 OR `cate_id3` = 1 ) ) AND `ui_goods`.`delete_time` IS NULL ORDER BY rand(),is_admin_recom desc LIMIT 8 [ RunTime:0.011001s ]
[ sql ] [ SQL ] SELECT * FROM `ui_goods` WHERE (  (  is_sale = 1 )  AND ( `cate_id1` = 1 OR `cate_id2` = 1 OR `cate_id3` = 1 ) ) AND `ui_goods`.`delete_time` IS NULL ORDER BY sale_count desc LIMIT 5 [ RunTime:0.002000s ]
[ sql ] [ SQL ] SELECT * FROM `ui_cate_banner` WHERE (  `cate_id` = 1  AND `start_time` < 1509431846  AND `end_time` > 1509431846 ) AND `ui_cate_banner`.`delete_time` IS NULL LIMIT 1 [ RunTime:0.001000s ]
[ sql ] [ SQL ] SELECT * FROM `ui_goods` WHERE (  (  is_sale = 1 )  AND ( `cate_id1` = 10 OR `cate_id2` = 10 OR `cate_id3` = 10 ) ) AND `ui_goods`.`delete_time` IS NULL ORDER BY rand(),is_admin_recom desc LIMIT 8 [ RunTime:0.010001s ]
[ sql ] [ SQL ] SELECT * FROM `ui_goods` WHERE (  (  is_sale = 1 )  AND ( `cate_id1` = 10 OR `cate_id2` = 10 OR `cate_id3` = 10 ) ) AND `ui_goods`.`delete_time` IS NULL ORDER BY sale_count desc LIMIT 5 [ RunTime:0.002000s ]
[ sql ] [ SQL ] SELECT * FROM `ui_cate_banner` WHERE (  `cate_id` = 10  AND `start_time` < 1509431846  AND `end_time` > 1509431846 ) AND `ui_cate_banner`.`delete_time` IS NULL LIMIT 1 [ RunTime:0.001000s ]
[ sql ] [ SQL ] SHOW COLUMNS FROM `ui_nav` [ RunTime:0.009001s ]
[ sql ] [ SQL ] SELECT * FROM `ui_nav` WHERE (  (  `status`=1 AND `type`=1 ) ) AND `ui_nav`.`delete_time` IS NULL ORDER BY `sort` [ RunTime:0.002000s ]
[ sql ] [ SQL ] SHOW COLUMNS FROM `ui_order` [ RunTime:0.010001s ]
[ sql ] [ SQL ] SELECT `status` FROM `ui_order` WHERE (  `recycle` = '1'  AND `user_id` = 1 ) AND `ui_order`.`delete_time` IS NULL [ RunTime:0.002000s ]
[ sql ] [ SQL ] SELECT * FROM `ui_article` WHERE (  `status` = 1 ) AND `ui_article`.`delete_time` IS NULL [ RunTime:0.003000s ]
---------------------------------------------------------------
[ 2017-10-31T14:37:34+08:00 ] ::1 ::1 GET /adminui/public/admin
[ info ] localhost/adminui/public/admin [运行时间：0.332019s][吞吐率：3.01req/s] [内存消耗：5,246.07kb] [文件加载：51]
[ info ] [ LANG ] D:\phpStudy\WWW\adminui\frame\lang\zh-cn.php
[ info ] [ ROUTE ] array (
  'type' => 'module',
  'module' => 
  array (
    0 => 'admin',
    1 => NULL,
    2 => NULL,
  ),
)
[ info ] [ HEADER ] array (
  'cookie' => 'thinkphp_show_page_trace=0|0; PHPSESSID=angh60krcf7474b9h6tupssln1',
  'accept-language' => 'zh-CN,zh;q=0.8',
  'accept-encoding' => 'gzip, deflate, br',
  'accept' => 'text/html,application/xhtml+xml,application/xml;q=0.9,image/webp,image/apng,*/*;q=0.8',
  'upgrade-insecure-requests' => '1',
  'user-agent' => 'Mozilla/5.0 (Windows NT 6.1; WOW64) AppleWebKit/537.36 (KHTML, like Gecko) Chrome/61.0.3163.100 Safari/537.36',
  'connection' => 'close',
  'host' => 'localhost',
)
[ info ] [ PARAM ] array (
)
[ info ] [ DB ] INIT mysql
[ info ] [ SESSION ] INIT array (
  'prefix' => 'admin',
)
[ info ] [ LOG ] INIT File
[ sql ] [ DB ] CONNECT:[ UseTime:0.003000s ] mysql:dbname=adminui;host=192.168.124.222;port=3306;charset=utf8
[ sql ] [ SQL ] SHOW COLUMNS FROM `ui_config` [ RunTime:0.023001s ]
[ sql ] [ SQL ] SELECT * FROM `ui_config` WHERE `ui_config`.`delete_time` IS NULL [ RunTime:0.001000s ]
[ sql ] [ SQL ] SHOW COLUMNS FROM `ui_city` [ RunTime:0.018001s ]
[ sql ] [ SQL ] SELECT * FROM `ui_city` WHERE  `pid` <> 0 [ RunTime:0.021001s ]
[ sql ] [ SQL ] SHOW COLUMNS FROM `ui_menu` [ RunTime:0.028002s ]
[ sql ] [ SQL ] SELECT * FROM `ui_menu` WHERE (  `url` = '/adminui/public/admin/index/index.shtml' ) AND `ui_menu`.`delete_time` IS NULL LIMIT 1 [ RunTime:0.001000s ]
---------------------------------------------------------------
[ 2017-10-31T14:37:35+08:00 ] ::1 ::1 GET /adminui/public/admin/publics/login.shtml
[ info ] localhost/adminui/public/admin/publics/login.shtml [运行时间：0.313018s][吞吐率：3.19req/s] [内存消耗：5,408.50kb] [文件加载：55]
[ info ] [ LANG ] D:\phpStudy\WWW\adminui\frame\lang\zh-cn.php
[ info ] [ ROUTE ] array (
  'type' => 'module',
  'module' => 
  array (
    0 => 'admin',
    1 => 'publics',
    2 => 'login',
  ),
)
[ info ] [ HEADER ] array (
  'cookie' => 'thinkphp_show_page_trace=0|0; PHPSESSID=angh60krcf7474b9h6tupssln1',
  'accept-language' => 'zh-CN,zh;q=0.8',
  'accept-encoding' => 'gzip, deflate, br',
  'accept' => 'text/html,application/xhtml+xml,application/xml;q=0.9,image/webp,image/apng,*/*;q=0.8',
  'upgrade-insecure-requests' => '1',
  'user-agent' => 'Mozilla/5.0 (Windows NT 6.1; WOW64) AppleWebKit/537.36 (KHTML, like Gecko) Chrome/61.0.3163.100 Safari/537.36',
  'connection' => 'close',
  'host' => 'localhost',
)
[ info ] [ PARAM ] array (
)
[ info ] [ DB ] INIT mysql
[ info ] [ SESSION ] INIT array (
  'prefix' => 'admin',
)
[ info ] [ RUN ] app\admin\controller\Publics->login[ D:\phpStudy\WWW\adminui\application\admin\controller\Publics.php ]
[ info ] [ VIEW ] D:\phpStudy\WWW\adminui/public\theme\admin\publics\login.html [ array (
  0 => 'module_name',
  1 => 'controller_name',
  2 => 'action_name',
  3 => 'public_path',
  4 => 'static_path',
  5 => 'web_public',
  6 => 'web_static',
  7 => 'js',
  8 => 'css',
  9 => 'img',
  10 => 'title',
  11 => 'admin_title',
  12 => 'nowpage',
  13 => 'upload',
  14 => 'menu',
) ]
[ info ] [ LOG ] INIT File
[ sql ] [ DB ] CONNECT:[ UseTime:0.010001s ] mysql:dbname=adminui;host=192.168.124.222;port=3306;charset=utf8
[ sql ] [ SQL ] SHOW COLUMNS FROM `ui_config` [ RunTime:0.018001s ]
[ sql ] [ SQL ] SELECT * FROM `ui_config` WHERE `ui_config`.`delete_time` IS NULL [ RunTime:0.001000s ]
[ sql ] [ SQL ] SHOW COLUMNS FROM `ui_city` [ RunTime:0.018001s ]
[ sql ] [ SQL ] SELECT * FROM `ui_city` WHERE  `pid` <> 0 [ RunTime:0.021001s ]
[ sql ] [ SQL ] SHOW COLUMNS FROM `ui_menu` [ RunTime:0.014001s ]
[ sql ] [ SQL ] SELECT * FROM `ui_menu` WHERE (  `url` = '/adminui/public/admin/publics/login.shtml' ) AND `ui_menu`.`delete_time` IS NULL LIMIT 1 [ RunTime:0.001000s ]
---------------------------------------------------------------
[ 2017-10-31T14:39:37+08:00 ] ::1 ::1 POST /adminui/public/admin/publics/login.shtml
[ info ] localhost/adminui/public/admin/publics/login.shtml [运行时间：0.164010s][吞吐率：6.10req/s] [内存消耗：2,297.52kb] [文件加载：52]
[ info ] [ LANG ] D:\phpStudy\WWW\adminui\frame\lang\zh-cn.php
[ info ] [ ROUTE ] array (
  'type' => 'module',
  'module' => 
  array (
    0 => 'admin',
    1 => 'publics',
    2 => 'login',
  ),
)
[ info ] [ HEADER ] array (
  'cookie' => 'thinkphp_show_page_trace=0|0; thinkphp_show_page_trace=0|0; PHPSESSID=angh60krcf7474b9h6tupssln1',
  'accept-language' => 'zh-CN,zh;q=0.8',
  'accept-encoding' => 'gzip, deflate, br',
  'referer' => 'http://localhost/adminui/public/admin/publics/login.shtml',
  'content-type' => 'application/x-www-form-urlencoded; charset=UTF-8',
  'user-agent' => 'Mozilla/5.0 (Windows NT 6.1; WOW64) AppleWebKit/537.36 (KHTML, like Gecko) Chrome/61.0.3163.100 Safari/537.36',
  'x-requested-with' => 'XMLHttpRequest',
  'origin' => 'http://localhost',
  'accept' => 'application/json, text/javascript, */*; q=0.01',
  'content-length' => '30',
  'connection' => 'close',
  'host' => 'localhost',
)
[ info ] [ PARAM ] array (
  'username' => 'admin',
  'password' => '123456',
)
[ info ] [ SESSION ] INIT array (
  'prefix' => 'admin',
)
[ info ] [ DB ] INIT mysql
[ info ] [ RUN ] app\admin\controller\Publics->login[ D:\phpStudy\WWW\adminui\application\admin\controller\Publics.php ]
[ info ] [ CACHE ] INIT File
[ info ] [ LOG ] INIT File
[ sql ] [ DB ] CONNECT:[ UseTime:0.004000s ] mysql:dbname=adminui;host=192.168.124.222;port=3306;charset=utf8
[ sql ] [ SQL ] SHOW COLUMNS FROM `ui_menu` [ RunTime:0.023002s ]
[ sql ] [ SQL ] SELECT * FROM `ui_menu` WHERE (  `url` = '/adminui/public/admin/publics/login.shtml' ) AND `ui_menu`.`delete_time` IS NULL LIMIT 1 [ RunTime:0.001000s ]
[ sql ] [ SQL ] SHOW COLUMNS FROM `ui_admin` [ RunTime:0.023001s ]
[ sql ] [ SQL ] SELECT * FROM `ui_admin` WHERE (  `account` = 'admin' ) AND `ui_admin`.`delete_time` IS NULL LIMIT 1 [ RunTime:0.001000s ]
[ sql ] [ SQL ] SHOW COLUMNS FROM `ui_auth_group` [ RunTime:0.020002s ]
[ sql ] [ SQL ] SELECT `status` FROM `ui_auth_group` WHERE (  `group_id` = 1 ) AND `ui_auth_group`.`delete_time` IS NULL LIMIT 1 [ RunTime:0.001000s ]
[ sql ] [ SQL ] UPDATE `ui_admin`  SET `last_login_time`=1509431977,`last_login_ip`='0.0.0.0',`login_status`=1,`update_time`=1509431977  WHERE (  `admin_id` = 1 ) AND `ui_admin`.`delete_time` IS NULL [ RunTime:0.001000s ]
[ sql ] [ SQL ] SELECT * FROM `ui_admin` WHERE (  `account` = 'admin' ) AND `ui_admin`.`delete_time` IS NULL LIMIT 1 [ RunTime:0.002000s ]
[ sql ] [ SQL ] SHOW COLUMNS FROM `ui_log` [ RunTime:0.012001s ]
[ sql ] [ SQL ] INSERT INTO `ui_log` (`admin_id` , `module` , `controller` , `action` , `data_id` , `des` , `create_time` , `update_time`) VALUES (1 , 'admin' , 'Publics' , 'login' , 'admin' , '登录系统' , 1509431977 , 1509431977) [ RunTime:0.002000s ]
---------------------------------------------------------------
[ 2017-10-31T14:39:39+08:00 ] ::1 ::1 GET /adminui/public/admin/index/index.shtml
[ info ] localhost/adminui/public/admin/index/index.shtml [运行时间：0.438025s][吞吐率：2.28req/s] [内存消耗：2,718.32kb] [文件加载：59]
[ info ] [ LANG ] D:\phpStudy\WWW\adminui\frame\lang\zh-cn.php
[ info ] [ ROUTE ] array (
  'type' => 'module',
  'module' => 
  array (
    0 => 'admin',
    1 => 'index',
    2 => 'index',
  ),
)
[ info ] [ HEADER ] array (
  'cookie' => 'thinkphp_show_page_trace=0|0; PHPSESSID=angh60krcf7474b9h6tupssln1',
  'accept-language' => 'zh-CN,zh;q=0.8',
  'accept-encoding' => 'gzip, deflate, br',
  'referer' => 'http://localhost/adminui/public/admin/publics/login.shtml',
  'accept' => 'text/html,application/xhtml+xml,application/xml;q=0.9,image/webp,image/apng,*/*;q=0.8',
  'user-agent' => 'Mozilla/5.0 (Windows NT 6.1; WOW64) AppleWebKit/537.36 (KHTML, like Gecko) Chrome/61.0.3163.100 Safari/537.36',
  'upgrade-insecure-requests' => '1',
  'connection' => 'close',
  'host' => 'localhost',
)
[ info ] [ PARAM ] array (
)
[ info ] [ DB ] INIT mysql
[ info ] [ SESSION ] INIT array (
  'prefix' => 'admin',
)
[ info ] [ RUN ] app\admin\controller\Index->index[ D:\phpStudy\WWW\adminui\application\admin\controller\Index.php ]
[ info ] [ VIEW ] D:\phpStudy\WWW\adminui/public\theme\admin\index\index.html [ array (
  0 => 'module_name',
  1 => 'controller_name',
  2 => 'action_name',
  3 => 'public_path',
  4 => 'static_path',
  5 => 'web_public',
  6 => 'web_static',
  7 => 'js',
  8 => 'css',
  9 => 'img',
  10 => 'title',
  11 => 'admin_title',
  12 => 'nowpage',
  13 => 'upload',
  14 => 'menu',
  15 => 'menus',
  16 => 'headimg',
) ]
[ info ] [ LOG ] INIT File
[ sql ] [ DB ] CONNECT:[ UseTime:0.011000s ] mysql:dbname=adminui;host=192.168.124.222;port=3306;charset=utf8
[ sql ] [ SQL ] SHOW COLUMNS FROM `ui_config` [ RunTime:0.023002s ]
[ sql ] [ SQL ] SELECT * FROM `ui_config` WHERE `ui_config`.`delete_time` IS NULL [ RunTime:0.001000s ]
[ sql ] [ SQL ] SHOW COLUMNS FROM `ui_city` [ RunTime:0.018001s ]
[ sql ] [ SQL ] SELECT * FROM `ui_city` WHERE  `pid` <> 0 [ RunTime:0.021001s ]
[ sql ] [ SQL ] SHOW COLUMNS FROM `ui_menu` [ RunTime:0.018001s ]
[ sql ] [ SQL ] SELECT * FROM `ui_menu` WHERE (  `url` = '/adminui/public/admin/index/index.shtml' ) AND `ui_menu`.`delete_time` IS NULL LIMIT 1 [ RunTime:0.002000s ]
[ sql ] [ SQL ] SHOW COLUMNS FROM `ui_admin` [ RunTime:0.018001s ]
[ sql ] [ SQL ] SELECT * FROM `ui_admin` WHERE (  `admin_id` = 1 ) AND `ui_admin`.`delete_time` IS NULL LIMIT 1 [ RunTime:0.001000s ]
[ sql ] [ SQL ] SELECT `menu_id` FROM `ui_menu` WHERE `ui_menu`.`delete_time` IS NULL [ RunTime:0.002000s ]
[ sql ] [ SQL ] SELECT `menu_id`,`module`,`controller`,`action` FROM `ui_menu` WHERE (  `menu_id` IN (1,2,3,4,5,10,11,12,13,39,45,62,63,64,67,68,69,72,73,74,75,76,77,78,79,80,81,82,83,84,85,86,87,88,89,90,91,92,93,94,95,96,97,98,99,100,101,102,103,104,105,106,107,108,109,110,111,112,113,114,115,116,117,118,119,120,121,122,123,124,125,126,127,128,129,130,131,132,133,134,135,136,137,138,139,140,141,142,143,144,145,146,147,148,149,150,151,152,153,154,155,156,157,158,159,160,162,163,164,165,166,167,168,169,170,171,172,173,174,175,176,177,178,179,180,181,182,183,184,185,186,187,190,191,192,193,194,195,196,197,198,199,200,205,206,207,208,209,213,214,215,217,218,219,220,221,222,223,224,225,226,227,228,229,230,231,232,233,234,235,236) ) AND `ui_menu`.`delete_time` IS NULL [ RunTime:0.004001s ]
[ sql ] [ SQL ] SELECT `pid` FROM `ui_menu` WHERE (  `menu_id` IN (1,2,3,4,5,10,11,12,13,39,45,62,63,64,67,68,69,72,73,74,75,76,77,78,79,80,81,82,83,84,85,86,87,88,89,90,91,92,93,94,95,96,97,98,99,100,101,102,103,104,105,106,107,108,109,110,111,112,113,114,115,116,117,118,119,120,121,122,123,124,125,126,127,128,129,130,131,132,133,134,135,136,137,138,139,140,141,142,143,144,145,146,147,148,149,150,151,152,153,154,155,156,157,158,159,160,162,163,164,165,166,167,168,169,170,171,172,173,174,175,176,177,178,179,180,181,182,183,184,185,186,187,190,191,192,193,194,195,196,197,198,199,200,205,206,207,208,209,213,214,215,217,218,219,220,221,222,223,224,225,226,227,228,229,230,231,232,233,234,235,236)  AND `status` = 1  AND `pid` <> 0 ) AND `ui_menu`.`delete_time` IS NULL [ RunTime:0.003000s ]
[ sql ] [ SQL ] SELECT `pid` FROM `ui_menu` WHERE (  `menu_id` IN (1,10,5,45,83,74,205,88,98,100)  AND `status` = 1  AND `pid` <> 0 ) AND `ui_menu`.`delete_time` IS NULL [ RunTime:0.002001s ]
[ sql ] [ SQL ] SELECT `pid` FROM `ui_menu` WHERE (  `menu_id` IN (74)  AND `status` = 1  AND `pid` <> 0 ) AND `ui_menu`.`delete_time` IS NULL [ RunTime:0.002000s ]
[ sql ] [ SQL ] SELECT * FROM `ui_menu` WHERE (  `menu_id` IN (1,2,3,4,5,10,11,12,13,39,45,62,63,64,67,68,69,72,73,74,75,76,77,78,79,80,81,82,83,84,85,86,87,88,89,90,91,92,93,94,95,96,97,98,99,100,101,102,103,104,105,106,107,108,109,110,111,112,113,114,115,116,117,118,119,120,121,122,123,124,125,126,127,128,129,130,131,132,133,134,135,136,137,138,139,140,141,142,143,144,145,146,147,148,149,150,151,152,153,154,155,156,157,158,159,160,162,163,164,165,166,167,168,169,170,171,172,173,174,175,176,177,178,179,180,181,182,183,184,185,186,187,190,191,192,193,194,195,196,197,198,199,200,205,206,207,208,209,213,214,215,217,218,219,220,221,222,223,224,225,226,227,228,229,230,231,232,233,234,235,236)  AND `status` = 1 ) AND `ui_menu`.`delete_time` IS NULL ORDER BY `sort`  asc [ RunTime:0.004000s ]
[ sql ] [ SQL ] SHOW COLUMNS FROM `ui_auth_group` [ RunTime:0.018001s ]
[ sql ] [ SQL ] SELECT `group_name` FROM `ui_auth_group` WHERE (  `group_id` = 1 ) AND `ui_auth_group`.`delete_time` IS NULL LIMIT 1 [ RunTime:0.001000s ]
---------------------------------------------------------------
[ 2017-10-31T14:39:39+08:00 ] 127.0.0.3 127.0.0.1 GET /static/img/default1.jpg
[ info ] 127.0.0.3/static/img/default1.jpg [运行时间：0.070004s][吞吐率：14.28req/s] [内存消耗：939.60kb] [文件加载：32]
[ info ] [ LANG ] D:\phpStudy\WWW\adminui\frame\lang\zh-cn.php
[ info ] [ ROUTE ] array (
  'type' => 'module',
  'module' => 
  array (
    0 => 'static',
    1 => 'img',
    2 => 'default1.jpg',
  ),
)
[ info ] [ HEADER ] array (
  'accept-language' => 'zh-CN,zh;q=0.8',
  'accept-encoding' => 'gzip, deflate, br',
  'referer' => 'http://localhost/adminui/public/admin/index/index.shtml',
  'accept' => 'image/webp,image/apng,image/*,*/*;q=0.8',
  'user-agent' => 'Mozilla/5.0 (Windows NT 6.1; WOW64) AppleWebKit/537.36 (KHTML, like Gecko) Chrome/61.0.3163.100 Safari/537.36',
  'connection' => 'close',
  'host' => '127.0.0.3',
)
[ info ] [ PARAM ] array (
)
[ info ] [ LOG ] INIT File
---------------------------------------------------------------
[ 2017-10-31T14:39:41+08:00 ] ::1 ::1 GET /adminui/public/admin/index/main.shtml
[ info ] localhost/adminui/public/admin/index/main.shtml [运行时间：0.326018s][吞吐率：3.07req/s] [内存消耗：5,357.75kb] [文件加载：53]
[ info ] [ LANG ] D:\phpStudy\WWW\adminui\frame\lang\zh-cn.php
[ info ] [ ROUTE ] array (
  'type' => 'module',
  'module' => 
  array (
    0 => 'admin',
    1 => 'index',
    2 => 'main',
  ),
)
[ info ] [ HEADER ] array (
  'cookie' => 'thinkphp_show_page_trace=0|0; PHPSESSID=angh60krcf7474b9h6tupssln1',
  'accept-language' => 'zh-CN,zh;q=0.8',
  'accept-encoding' => 'gzip, deflate, br',
  'referer' => 'http://localhost/adminui/public/admin/index/index.shtml',
  'accept' => 'text/html,application/xhtml+xml,application/xml;q=0.9,image/webp,image/apng,*/*;q=0.8',
  'user-agent' => 'Mozilla/5.0 (Windows NT 6.1; WOW64) AppleWebKit/537.36 (KHTML, like Gecko) Chrome/61.0.3163.100 Safari/537.36',
  'upgrade-insecure-requests' => '1',
  'connection' => 'close',
  'host' => 'localhost',
)
[ info ] [ PARAM ] array (
)
[ info ] [ DB ] INIT mysql
[ info ] [ SESSION ] INIT array (
  'prefix' => 'admin',
)
[ info ] [ RUN ] app\admin\controller\Index->main[ D:\phpStudy\WWW\adminui\application\admin\controller\Index.php ]
[ info ] [ LOG ] INIT File
[ sql ] [ DB ] CONNECT:[ UseTime:0.002000s ] mysql:dbname=adminui;host=192.168.124.222;port=3306;charset=utf8
[ sql ] [ SQL ] SHOW COLUMNS FROM `ui_config` [ RunTime:0.025001s ]
[ sql ] [ SQL ] SELECT * FROM `ui_config` WHERE `ui_config`.`delete_time` IS NULL [ RunTime:0.002000s ]
[ sql ] [ SQL ] SHOW COLUMNS FROM `ui_city` [ RunTime:0.018001s ]
[ sql ] [ SQL ] SELECT * FROM `ui_city` WHERE  `pid` <> 0 [ RunTime:0.021001s ]
[ sql ] [ SQL ] SHOW COLUMNS FROM `ui_menu` [ RunTime:0.019001s ]
[ sql ] [ SQL ] SELECT * FROM `ui_menu` WHERE (  `url` = '/adminui/public/admin/index/main.shtml' ) AND `ui_menu`.`delete_time` IS NULL LIMIT 1 [ RunTime:0.001000s ]
[ sql ] [ SQL ] SHOW COLUMNS FROM `ui_admin` [ RunTime:0.011001s ]
[ sql ] [ SQL ] SELECT * FROM `ui_admin` WHERE (  `admin_id` = 1 ) AND `ui_admin`.`delete_time` IS NULL LIMIT 1 [ RunTime:0.001000s ]
---------------------------------------------------------------
[ 2017-10-31T14:39:41+08:00 ] ::1 ::1 POST /adminui/public/admin/index/isuniquelogin.shtml
[ info ] localhost/adminui/public/admin/index/isuniquelogin.shtml [运行时间：0.096005s][吞吐率：10.42req/s] [内存消耗：2,138.65kb] [文件加载：46]
[ info ] [ LANG ] D:\phpStudy\WWW\adminui\frame\lang\zh-cn.php
[ info ] [ ROUTE ] array (
  'type' => 'module',
  'module' => 
  array (
    0 => 'admin',
    1 => 'index',
    2 => 'isuniquelogin',
  ),
)
[ info ] [ HEADER ] array (
  'cookie' => 'thinkphp_show_page_trace=0|0; thinkphp_show_page_trace=0|0; PHPSESSID=angh60krcf7474b9h6tupssln1',
  'accept-language' => 'zh-CN,zh;q=0.8',
  'accept-encoding' => 'gzip, deflate, br',
  'referer' => 'http://localhost/adminui/public/admin/index/index.shtml',
  'user-agent' => 'Mozilla/5.0 (Windows NT 6.1; WOW64) AppleWebKit/537.36 (KHTML, like Gecko) Chrome/61.0.3163.100 Safari/537.36',
  'x-requested-with' => 'XMLHttpRequest',
  'origin' => 'http://localhost',
  'accept' => 'application/json, text/javascript, */*; q=0.01',
  'content-length' => '0',
  'connection' => 'close',
  'host' => 'localhost',
)
[ info ] [ PARAM ] array (
)
[ info ] [ SESSION ] INIT array (
  'prefix' => 'admin',
)
[ info ] [ DB ] INIT mysql
[ info ] [ RUN ] app\admin\controller\Index->isUniqueLogin[ D:\phpStudy\WWW\adminui\application\admin\controller\Index.php ]
[ info ] [ LOG ] INIT File
[ sql ] [ DB ] CONNECT:[ UseTime:0.011001s ] mysql:dbname=adminui;host=192.168.124.222;port=3306;charset=utf8
[ sql ] [ SQL ] SHOW COLUMNS FROM `ui_menu` [ RunTime:0.015000s ]
[ sql ] [ SQL ] SELECT * FROM `ui_menu` WHERE (  `url` = '/adminui/public/admin/index/isuniquelogin.shtml' ) AND `ui_menu`.`delete_time` IS NULL LIMIT 1 [ RunTime:0.002001s ]
[ sql ] [ SQL ] SHOW COLUMNS FROM `ui_admin` [ RunTime:0.014001s ]
[ sql ] [ SQL ] SELECT * FROM `ui_admin` WHERE (  `admin_id` = 1 ) AND `ui_admin`.`delete_time` IS NULL LIMIT 1 [ RunTime:0.001000s ]
[ sql ] [ SQL ] SELECT * FROM `ui_admin` WHERE (  `admin_id` = 1 ) AND `ui_admin`.`delete_time` IS NULL LIMIT 1 [ RunTime:0.001000s ]
---------------------------------------------------------------
[ 2017-10-31T14:39:45+08:00 ] 127.0.0.3 127.0.0.1 GET /static/plugins/bootstrap/css/bootstrap.min.css.map
[ info ] 127.0.0.3/static/plugins/bootstrap/css/bootstrap.min.css.map [运行时间：0.032002s][吞吐率：31.25req/s] [内存消耗：939.56kb] [文件加载：32]
[ info ] [ LANG ] D:\phpStudy\WWW\adminui\frame\lang\zh-cn.php
[ info ] [ ROUTE ] array (
  'type' => 'module',
  'module' => 
  array (
    0 => 'static',
    1 => 'plugins',
    2 => 'bootstrap',
  ),
)
[ info ] [ HEADER ] array (
  'accept-language' => 'zh-CN,zh;q=0.8',
  'accept-encoding' => 'gzip, deflate, br',
  'user-agent' => 'Mozilla/5.0 (iPhone; CPU iPhone OS 9_1 like Mac OS X) AppleWebKit/601.1.46 (KHTML, like Gecko) Version/9.0 Mobile/13B143 Safari/601.1',
  'connection' => 'close',
  'host' => '127.0.0.3',
)
[ info ] [ PARAM ] array (
  'css' => 'bootstrap.min.css.map',
)
[ info ] [ LOG ] INIT File
