---------------------------------------------------------------
[ 2017-12-05T17:53:59+08:00 ] 127.0.0.8 127.0.0.1 GET /admin/publics/login.shtml
[ info ] 127.0.0.8/admin/publics/login.shtml [运行时间：0.719042s][吞吐率：1.39req/s] [内存消耗：5,414.89kb] [文件加载：55]
[ info ] [ LANG ] D:\phpStudy\WWW\adminui\frame\lang\zh-cn.php
[ info ] [ ROUTE ] array (
  'type' => 'module',
  'module' => 
  array (
    0 => 'admin',
    1 => 'publics',
    2 => 'login',
  ),
)
[ info ] [ HEADER ] array (
  'cookie' => 'thinkphp_show_page_trace=0|0; PHPSESSID=0nho0b0v1pqjplbbbabtaqj996; thinkphp_show_page_trace=0|0',
  'accept-language' => 'zh-CN,zh;q=0.8',
  'accept-encoding' => 'gzip, deflate, br',
  'accept' => 'text/html,application/xhtml+xml,application/xml;q=0.9,image/webp,image/apng,*/*;q=0.8',
  'upgrade-insecure-requests' => '1',
  'user-agent' => 'Mozilla/5.0 (Windows NT 6.1; WOW64) AppleWebKit/537.36 (KHTML, like Gecko) Chrome/61.0.3163.100 Safari/537.36',
  'connection' => 'close',
  'host' => '127.0.0.8',
)
[ info ] [ PARAM ] array (
)
[ info ] [ DB ] INIT mysql
[ info ] [ SESSION ] INIT array (
  'prefix' => 'admin',
)
[ info ] [ RUN ] app\admin\controller\Publics->login[ D:\phpStudy\WWW\adminui\application\admin\controller\Publics.php ]
[ info ] [ VIEW ] D:\phpStudy\WWW\adminui/public\theme\admin\publics\login.html [ array (
  0 => 'module_name',
  1 => 'controller_name',
  2 => 'action_name',
  3 => 'public_path',
  4 => 'static_path',
  5 => 'web_public',
  6 => 'web_static',
  7 => 'js',
  8 => 'css',
  9 => 'img',
  10 => 'title',
  11 => 'admin_title',
  12 => 'nowpage',
  13 => 'upload',
  14 => 'menu',
) ]
[ info ] [ LOG ] INIT File
[ sql ] [ DB ] CONNECT:[ UseTime:0.001000s ] mysql:dbname=adminui;host=127.0.0.1;port=3306;charset=utf8
[ sql ] [ SQL ] SHOW COLUMNS FROM `ui_config` [ RunTime:0.029002s ]
[ sql ] [ SQL ] SELECT * FROM `ui_config` WHERE `ui_config`.`delete_time` IS NULL [ RunTime:0.001000s ]
[ sql ] [ SQL ] SHOW COLUMNS FROM `ui_city` [ RunTime:0.010001s ]
[ sql ] [ SQL ] SELECT * FROM `ui_city` WHERE  `pid` <> 0 [ RunTime:0.008000s ]
[ sql ] [ SQL ] SHOW COLUMNS FROM `ui_menu` [ RunTime:0.030001s ]
[ sql ] [ SQL ] SELECT * FROM `ui_menu` WHERE (  `url` = '/admin/publics/login.shtml' ) AND `ui_menu`.`delete_time` IS NULL LIMIT 1 [ RunTime:0.009000s ]
---------------------------------------------------------------
[ 2017-12-05T17:54:06+08:00 ] 127.0.0.8 127.0.0.1 POST /admin/publics/login.shtml
[ info ] 127.0.0.8/admin/publics/login.shtml [运行时间：0.284016s][吞吐率：3.52req/s] [内存消耗：2,303.96kb] [文件加载：52]
[ info ] [ LANG ] D:\phpStudy\WWW\adminui\frame\lang\zh-cn.php
[ info ] [ ROUTE ] array (
  'type' => 'module',
  'module' => 
  array (
    0 => 'admin',
    1 => 'publics',
    2 => 'login',
  ),
)
[ info ] [ HEADER ] array (
  'cookie' => 'thinkphp_show_page_trace=0|0; PHPSESSID=0nho0b0v1pqjplbbbabtaqj996; thinkphp_show_page_trace=0|0',
  'accept-language' => 'zh-CN,zh;q=0.8',
  'accept-encoding' => 'gzip, deflate, br',
  'referer' => 'http://127.0.0.8/admin/publics/login.shtml',
  'content-type' => 'application/x-www-form-urlencoded; charset=UTF-8',
  'user-agent' => 'Mozilla/5.0 (Windows NT 6.1; WOW64) AppleWebKit/537.36 (KHTML, like Gecko) Chrome/61.0.3163.100 Safari/537.36',
  'x-requested-with' => 'XMLHttpRequest',
  'origin' => 'http://127.0.0.8',
  'accept' => 'application/json, text/javascript, */*; q=0.01',
  'content-length' => '30',
  'connection' => 'close',
  'host' => '127.0.0.8',
)
[ info ] [ PARAM ] array (
  'username' => 'admin',
  'password' => '123456',
)
[ info ] [ SESSION ] INIT array (
  'prefix' => 'admin',
)
[ info ] [ DB ] INIT mysql
[ info ] [ RUN ] app\admin\controller\Publics->login[ D:\phpStudy\WWW\adminui\application\admin\controller\Publics.php ]
[ info ] [ CACHE ] INIT File
[ info ] [ LOG ] INIT File
[ sql ] [ DB ] CONNECT:[ UseTime:0.010001s ] mysql:dbname=adminui;host=127.0.0.1;port=3306;charset=utf8
[ sql ] [ SQL ] SHOW COLUMNS FROM `ui_menu` [ RunTime:0.008000s ]
[ sql ] [ SQL ] SELECT * FROM `ui_menu` WHERE (  `url` = '/admin/publics/login.shtml' ) AND `ui_menu`.`delete_time` IS NULL LIMIT 1 [ RunTime:0.001000s ]
[ sql ] [ SQL ] SHOW COLUMNS FROM `ui_admin` [ RunTime:0.031002s ]
[ sql ] [ SQL ] SELECT * FROM `ui_admin` WHERE (  `account` = 'admin' ) AND `ui_admin`.`delete_time` IS NULL LIMIT 1 [ RunTime:0.010001s ]
[ sql ] [ SQL ] SHOW COLUMNS FROM `ui_auth_group` [ RunTime:0.022001s ]
[ sql ] [ SQL ] SELECT `status` FROM `ui_auth_group` WHERE (  `group_id` = 1 ) AND `ui_auth_group`.`delete_time` IS NULL LIMIT 1 [ RunTime:0.000000s ]
[ sql ] [ SQL ] UPDATE `ui_admin`  SET `last_login_time`=1512467646,`last_login_ip`='127.0.0.1',`login_status`=1,`update_time`=1512467646  WHERE (  `admin_id` = 1 ) AND `ui_admin`.`delete_time` IS NULL [ RunTime:0.001000s ]
[ sql ] [ SQL ] SELECT * FROM `ui_admin` WHERE (  `account` = 'admin' ) AND `ui_admin`.`delete_time` IS NULL LIMIT 1 [ RunTime:0.000000s ]
[ sql ] [ SQL ] SHOW COLUMNS FROM `ui_log` [ RunTime:0.017001s ]
[ sql ] [ SQL ] INSERT INTO `ui_log` (`admin_id` , `module` , `controller` , `action` , `data_id` , `des` , `create_time` , `update_time`) VALUES (1 , 'admin' , 'Publics' , 'login' , 'admin' , '登录系统' , 1512467646 , 1512467646) [ RunTime:0.012001s ]
---------------------------------------------------------------
[ 2017-12-05T17:54:07+08:00 ] 127.0.0.8 127.0.0.1 GET /admin/index/index.shtml
[ info ] 127.0.0.8/admin/index/index.shtml [运行时间：0.285017s][吞吐率：3.51req/s] [内存消耗：5,297.12kb] [文件加载：52]
[ info ] [ LANG ] D:\phpStudy\WWW\adminui\frame\lang\zh-cn.php
[ info ] [ ROUTE ] array (
  'type' => 'module',
  'module' => 
  array (
    0 => 'admin',
    1 => 'index',
    2 => 'index',
  ),
)
[ info ] [ HEADER ] array (
  'cookie' => 'thinkphp_show_page_trace=0|0; PHPSESSID=0nho0b0v1pqjplbbbabtaqj996; thinkphp_show_page_trace=0|0',
  'accept-language' => 'zh-CN,zh;q=0.8',
  'accept-encoding' => 'gzip, deflate, br',
  'referer' => 'http://127.0.0.8/admin/publics/login.shtml',
  'accept' => 'text/html,application/xhtml+xml,application/xml;q=0.9,image/webp,image/apng,*/*;q=0.8',
  'user-agent' => 'Mozilla/5.0 (Windows NT 6.1; WOW64) AppleWebKit/537.36 (KHTML, like Gecko) Chrome/61.0.3163.100 Safari/537.36',
  'upgrade-insecure-requests' => '1',
  'connection' => 'close',
  'host' => '127.0.0.8',
)
[ info ] [ PARAM ] array (
)
[ info ] [ DB ] INIT mysql
[ info ] [ SESSION ] INIT array (
  'prefix' => 'admin',
)
[ info ] [ LOG ] INIT File
[ sql ] [ DB ] CONNECT:[ UseTime:0.001000s ] mysql:dbname=adminui;host=127.0.0.1;port=3306;charset=utf8
[ sql ] [ SQL ] SHOW COLUMNS FROM `ui_config` [ RunTime:0.008001s ]
[ sql ] [ SQL ] SELECT * FROM `ui_config` WHERE `ui_config`.`delete_time` IS NULL [ RunTime:0.001000s ]
[ sql ] [ SQL ] SHOW COLUMNS FROM `ui_city` [ RunTime:0.008000s ]
[ sql ] [ SQL ] SELECT * FROM `ui_city` WHERE  `pid` <> 0 [ RunTime:0.008001s ]
[ sql ] [ SQL ] SHOW COLUMNS FROM `ui_menu` [ RunTime:0.008000s ]
[ sql ] [ SQL ] SELECT * FROM `ui_menu` WHERE (  `url` = '/admin/index/index.shtml' ) AND `ui_menu`.`delete_time` IS NULL LIMIT 1 [ RunTime:0.001000s ]
[ sql ] [ SQL ] SELECT * FROM `ui_menu` WHERE (  `menu_id` = 0 ) AND `ui_menu`.`delete_time` IS NULL LIMIT 1 [ RunTime:0.001000s ]
[ sql ] [ SQL ] SHOW COLUMNS FROM `ui_admin` [ RunTime:0.008000s ]
[ sql ] [ SQL ] SELECT * FROM `ui_admin` WHERE (  `admin_id` = 1 ) AND `ui_admin`.`delete_time` IS NULL LIMIT 1 [ RunTime:0.001000s ]
---------------------------------------------------------------
[ 2017-12-05T17:54:07+08:00 ] 127.0.0.8 127.0.0.1 GET /admin/publics/login.shtml
[ info ] 127.0.0.8/admin/publics/login.shtml [运行时间：0.239014s][吞吐率：4.18req/s] [内存消耗：5,415.65kb] [文件加载：55]
[ info ] [ LANG ] D:\phpStudy\WWW\adminui\frame\lang\zh-cn.php
[ info ] [ ROUTE ] array (
  'type' => 'module',
  'module' => 
  array (
    0 => 'admin',
    1 => 'publics',
    2 => 'login',
  ),
)
[ info ] [ HEADER ] array (
  'cookie' => 'thinkphp_show_page_trace=0|0; PHPSESSID=0nho0b0v1pqjplbbbabtaqj996; thinkphp_show_page_trace=0|0',
  'accept-language' => 'zh-CN,zh;q=0.8',
  'accept-encoding' => 'gzip, deflate, br',
  'referer' => 'http://127.0.0.8/admin/publics/login.shtml',
  'accept' => 'text/html,application/xhtml+xml,application/xml;q=0.9,image/webp,image/apng,*/*;q=0.8',
  'user-agent' => 'Mozilla/5.0 (Windows NT 6.1; WOW64) AppleWebKit/537.36 (KHTML, like Gecko) Chrome/61.0.3163.100 Safari/537.36',
  'upgrade-insecure-requests' => '1',
  'connection' => 'close',
  'host' => '127.0.0.8',
)
[ info ] [ PARAM ] array (
)
[ info ] [ DB ] INIT mysql
[ info ] [ SESSION ] INIT array (
  'prefix' => 'admin',
)
[ info ] [ RUN ] app\admin\controller\Publics->login[ D:\phpStudy\WWW\adminui\application\admin\controller\Publics.php ]
[ info ] [ VIEW ] D:\phpStudy\WWW\adminui/public\theme\admin\publics\login.html [ array (
  0 => 'module_name',
  1 => 'controller_name',
  2 => 'action_name',
  3 => 'public_path',
  4 => 'static_path',
  5 => 'web_public',
  6 => 'web_static',
  7 => 'js',
  8 => 'css',
  9 => 'img',
  10 => 'title',
  11 => 'admin_title',
  12 => 'nowpage',
  13 => 'upload',
  14 => 'menu',
) ]
[ info ] [ LOG ] INIT File
[ sql ] [ DB ] CONNECT:[ UseTime:0.011001s ] mysql:dbname=adminui;host=127.0.0.1;port=3306;charset=utf8
[ sql ] [ SQL ] SHOW COLUMNS FROM `ui_config` [ RunTime:0.008001s ]
[ sql ] [ SQL ] SELECT * FROM `ui_config` WHERE `ui_config`.`delete_time` IS NULL [ RunTime:0.001000s ]
[ sql ] [ SQL ] SHOW COLUMNS FROM `ui_city` [ RunTime:0.008000s ]
[ sql ] [ SQL ] SELECT * FROM `ui_city` WHERE  `pid` <> 0 [ RunTime:0.008001s ]
[ sql ] [ SQL ] SHOW COLUMNS FROM `ui_menu` [ RunTime:0.009000s ]
[ sql ] [ SQL ] SELECT * FROM `ui_menu` WHERE (  `url` = '/admin/publics/login.shtml' ) AND `ui_menu`.`delete_time` IS NULL LIMIT 1 [ RunTime:0.001001s ]
---------------------------------------------------------------
[ 2017-12-05T17:54:14+08:00 ] 127.0.0.8 127.0.0.1 POST /admin/publics/login.shtml
[ info ] 127.0.0.8/admin/publics/login.shtml [运行时间：0.099006s][吞吐率：10.10req/s] [内存消耗：2,304.02kb] [文件加载：52]
[ info ] [ LANG ] D:\phpStudy\WWW\adminui\frame\lang\zh-cn.php
[ info ] [ ROUTE ] array (
  'type' => 'module',
  'module' => 
  array (
    0 => 'admin',
    1 => 'publics',
    2 => 'login',
  ),
)
[ info ] [ HEADER ] array (
  'cookie' => 'thinkphp_show_page_trace=0|0; PHPSESSID=0nho0b0v1pqjplbbbabtaqj996; thinkphp_show_page_trace=0|0',
  'accept-language' => 'zh-CN,zh;q=0.8',
  'accept-encoding' => 'gzip, deflate, br',
  'referer' => 'http://127.0.0.8/admin/publics/login.shtml',
  'content-type' => 'application/x-www-form-urlencoded; charset=UTF-8',
  'user-agent' => 'Mozilla/5.0 (Windows NT 6.1; WOW64) AppleWebKit/537.36 (KHTML, like Gecko) Chrome/61.0.3163.100 Safari/537.36',
  'x-requested-with' => 'XMLHttpRequest',
  'origin' => 'http://127.0.0.8',
  'accept' => 'application/json, text/javascript, */*; q=0.01',
  'content-length' => '30',
  'connection' => 'close',
  'host' => '127.0.0.8',
)
[ info ] [ PARAM ] array (
  'username' => 'admin',
  'password' => '123456',
)
[ info ] [ SESSION ] INIT array (
  'prefix' => 'admin',
)
[ info ] [ DB ] INIT mysql
[ info ] [ RUN ] app\admin\controller\Publics->login[ D:\phpStudy\WWW\adminui\application\admin\controller\Publics.php ]
[ info ] [ CACHE ] INIT File
[ info ] [ LOG ] INIT File
[ sql ] [ DB ] CONNECT:[ UseTime:0.010000s ] mysql:dbname=adminui;host=127.0.0.1;port=3306;charset=utf8
[ sql ] [ SQL ] SHOW COLUMNS FROM `ui_menu` [ RunTime:0.008001s ]
[ sql ] [ SQL ] SELECT * FROM `ui_menu` WHERE (  `url` = '/admin/publics/login.shtml' ) AND `ui_menu`.`delete_time` IS NULL LIMIT 1 [ RunTime:0.000000s ]
[ sql ] [ SQL ] SHOW COLUMNS FROM `ui_admin` [ RunTime:0.008001s ]
[ sql ] [ SQL ] SELECT * FROM `ui_admin` WHERE (  `account` = 'admin' ) AND `ui_admin`.`delete_time` IS NULL LIMIT 1 [ RunTime:0.000000s ]
[ sql ] [ SQL ] SHOW COLUMNS FROM `ui_auth_group` [ RunTime:0.007000s ]
[ sql ] [ SQL ] SELECT `status` FROM `ui_auth_group` WHERE (  `group_id` = 1 ) AND `ui_auth_group`.`delete_time` IS NULL LIMIT 1 [ RunTime:0.001000s ]
[ sql ] [ SQL ] UPDATE `ui_admin`  SET `last_login_time`=1512467654,`last_login_ip`='127.0.0.1',`login_status`=1,`update_time`=1512467654  WHERE (  `admin_id` = 1 ) AND `ui_admin`.`delete_time` IS NULL [ RunTime:0.001000s ]
[ sql ] [ SQL ] SELECT * FROM `ui_admin` WHERE (  `account` = 'admin' ) AND `ui_admin`.`delete_time` IS NULL LIMIT 1 [ RunTime:0.000000s ]
[ sql ] [ SQL ] SHOW COLUMNS FROM `ui_log` [ RunTime:0.007000s ]
[ sql ] [ SQL ] INSERT INTO `ui_log` (`admin_id` , `module` , `controller` , `action` , `data_id` , `des` , `create_time` , `update_time`) VALUES (1 , 'admin' , 'Publics' , 'login' , 'admin' , '登录系统' , 1512467654 , 1512467654) [ RunTime:0.000000s ]
---------------------------------------------------------------
[ 2017-12-05T17:54:16+08:00 ] 127.0.0.8 127.0.0.1 GET /admin/index/index.shtml
[ info ] 127.0.0.8/admin/index/index.shtml [运行时间：0.325018s][吞吐率：3.08req/s] [内存消耗：2,708.23kb] [文件加载：59]
[ info ] [ LANG ] D:\phpStudy\WWW\adminui\frame\lang\zh-cn.php
[ info ] [ ROUTE ] array (
  'type' => 'module',
  'module' => 
  array (
    0 => 'admin',
    1 => 'index',
    2 => 'index',
  ),
)
[ info ] [ HEADER ] array (
  'cookie' => 'thinkphp_show_page_trace=0|0; PHPSESSID=0nho0b0v1pqjplbbbabtaqj996; thinkphp_show_page_trace=0|0',
  'accept-language' => 'zh-CN,zh;q=0.8',
  'accept-encoding' => 'gzip, deflate, br',
  'referer' => 'http://127.0.0.8/admin/publics/login.shtml',
  'accept' => 'text/html,application/xhtml+xml,application/xml;q=0.9,image/webp,image/apng,*/*;q=0.8',
  'user-agent' => 'Mozilla/5.0 (Windows NT 6.1; WOW64) AppleWebKit/537.36 (KHTML, like Gecko) Chrome/61.0.3163.100 Safari/537.36',
  'upgrade-insecure-requests' => '1',
  'connection' => 'close',
  'host' => '127.0.0.8',
)
[ info ] [ PARAM ] array (
)
[ info ] [ DB ] INIT mysql
[ info ] [ SESSION ] INIT array (
  'prefix' => 'admin',
)
[ info ] [ RUN ] app\admin\controller\Index->index[ D:\phpStudy\WWW\adminui\application\admin\controller\Index.php ]
[ info ] [ VIEW ] D:\phpStudy\WWW\adminui/public\theme\admin\index\index.html [ array (
  0 => 'module_name',
  1 => 'controller_name',
  2 => 'action_name',
  3 => 'public_path',
  4 => 'static_path',
  5 => 'web_public',
  6 => 'web_static',
  7 => 'js',
  8 => 'css',
  9 => 'img',
  10 => 'title',
  11 => 'admin_title',
  12 => 'nowpage',
  13 => 'upload',
  14 => 'menu',
  15 => 'menus',
  16 => 'headimg',
) ]
[ info ] [ LOG ] INIT File
[ sql ] [ DB ] CONNECT:[ UseTime:0.011000s ] mysql:dbname=adminui;host=127.0.0.1;port=3306;charset=utf8
[ sql ] [ SQL ] SHOW COLUMNS FROM `ui_config` [ RunTime:0.008001s ]
[ sql ] [ SQL ] SELECT * FROM `ui_config` WHERE `ui_config`.`delete_time` IS NULL [ RunTime:0.000000s ]
[ sql ] [ SQL ] SHOW COLUMNS FROM `ui_city` [ RunTime:0.008001s ]
[ sql ] [ SQL ] SELECT * FROM `ui_city` WHERE  `pid` <> 0 [ RunTime:0.007000s ]
[ sql ] [ SQL ] SHOW COLUMNS FROM `ui_menu` [ RunTime:0.008000s ]
[ sql ] [ SQL ] SELECT * FROM `ui_menu` WHERE (  `url` = '/admin/index/index.shtml' ) AND `ui_menu`.`delete_time` IS NULL LIMIT 1 [ RunTime:0.000000s ]
[ sql ] [ SQL ] SELECT * FROM `ui_menu` WHERE (  `menu_id` = 0 ) AND `ui_menu`.`delete_time` IS NULL LIMIT 1 [ RunTime:0.000000s ]
[ sql ] [ SQL ] SHOW COLUMNS FROM `ui_admin` [ RunTime:0.007000s ]
[ sql ] [ SQL ] SELECT * FROM `ui_admin` WHERE (  `admin_id` = 1 ) AND `ui_admin`.`delete_time` IS NULL LIMIT 1 [ RunTime:0.000000s ]
[ sql ] [ SQL ] SELECT `menu_id` FROM `ui_menu` WHERE `ui_menu`.`delete_time` IS NULL [ RunTime:0.001000s ]
[ sql ] [ SQL ] SELECT `menu_id`,`module`,`controller`,`action` FROM `ui_menu` WHERE (  `menu_id` IN (2,3,4,5,12,13,45,62,63,64,68,69,72,74,75,76,77,78,79,80,81,82,83,84,85,86,87,88,89,90,91,92,93,94,95,96,97,98,99,100,101,102,103,104,105,106,107,108,109,110,111,112,113,114,115,116,117,118,119,120,121,122,123,124,125,126,127,128,129,130,131,132,133,134,135,136,137,138,139,140,141,142,143,144,145,146,147,148,149,150,151,152,153,154,155,156,157,158,159,160,162,163,164,165,166,167,168,169,170,171,172,173,174,175,176,177,178,179,180,181,182,183,184,185,186,190,191,192,193,194,195,196,197,198,199,200,205,206,207,208,209,213,214,215,217,218,219,221,222,223,224,225,226,227,228,229,230,231,232,233,234,235,236) ) AND `ui_menu`.`delete_time` IS NULL [ RunTime:0.002001s ]
[ sql ] [ SQL ] SELECT `pid` FROM `ui_menu` WHERE (  `menu_id` IN (2,3,4,5,12,13,45,62,63,64,68,69,72,74,75,76,77,78,79,80,81,82,83,84,85,86,87,88,89,90,91,92,93,94,95,96,97,98,99,100,101,102,103,104,105,106,107,108,109,110,111,112,113,114,115,116,117,118,119,120,121,122,123,124,125,126,127,128,129,130,131,132,133,134,135,136,137,138,139,140,141,142,143,144,145,146,147,148,149,150,151,152,153,154,155,156,157,158,159,160,162,163,164,165,166,167,168,169,170,171,172,173,174,175,176,177,178,179,180,181,182,183,184,185,186,190,191,192,193,194,195,196,197,198,199,200,205,206,207,208,209,213,214,215,217,218,219,221,222,223,224,225,226,227,228,229,230,231,232,233,234,235,236)  AND `status` = 1  AND `pid` <> 0 ) AND `ui_menu`.`delete_time` IS NULL [ RunTime:0.002000s ]
[ sql ] [ SQL ] SELECT `pid` FROM `ui_menu` WHERE (  `menu_id` IN (83,5,45,74,205,98,100)  AND `status` = 1  AND `pid` <> 0 ) AND `ui_menu`.`delete_time` IS NULL [ RunTime:0.001000s ]
[ sql ] [ SQL ] SELECT * FROM `ui_menu` WHERE (  `menu_id` IN (2,3,4,5,12,13,45,62,63,64,68,69,72,74,75,76,77,78,79,80,81,82,83,84,85,86,87,88,89,90,91,92,93,94,95,96,97,98,99,100,101,102,103,104,105,106,107,108,109,110,111,112,113,114,115,116,117,118,119,120,121,122,123,124,125,126,127,128,129,130,131,132,133,134,135,136,137,138,139,140,141,142,143,144,145,146,147,148,149,150,151,152,153,154,155,156,157,158,159,160,162,163,164,165,166,167,168,169,170,171,172,173,174,175,176,177,178,179,180,181,182,183,184,185,186,190,191,192,193,194,195,196,197,198,199,200,205,206,207,208,209,213,214,215,217,218,219,221,222,223,224,225,226,227,228,229,230,231,232,233,234,235,236)  AND `status` = 1 ) AND `ui_menu`.`delete_time` IS NULL ORDER BY `sort`  asc [ RunTime:0.002000s ]
[ sql ] [ SQL ] SHOW COLUMNS FROM `ui_auth_group` [ RunTime:0.007001s ]
[ sql ] [ SQL ] SELECT `group_name` FROM `ui_auth_group` WHERE (  `group_id` = 1 ) AND `ui_auth_group`.`delete_time` IS NULL LIMIT 1 [ RunTime:0.000000s ]
---------------------------------------------------------------
[ 2017-12-05T17:54:16+08:00 ] 127.0.0.8 127.0.0.1 GET /admin/index/main.shtml
[ info ] 127.0.0.8/admin/index/main.shtml [运行时间：0.265015s][吞吐率：3.77req/s] [内存消耗：5,364.37kb] [文件加载：53]
[ info ] [ LANG ] D:\phpStudy\WWW\adminui\frame\lang\zh-cn.php
[ info ] [ ROUTE ] array (
  'type' => 'module',
  'module' => 
  array (
    0 => 'admin',
    1 => 'index',
    2 => 'main',
  ),
)
[ info ] [ HEADER ] array (
  'cookie' => 'thinkphp_show_page_trace=0|0; PHPSESSID=0nho0b0v1pqjplbbbabtaqj996; thinkphp_show_page_trace=0|0',
  'accept-language' => 'zh-CN,zh;q=0.8',
  'accept-encoding' => 'gzip, deflate, br',
  'referer' => 'http://127.0.0.8/admin/index/index.shtml',
  'accept' => 'text/html,application/xhtml+xml,application/xml;q=0.9,image/webp,image/apng,*/*;q=0.8',
  'user-agent' => 'Mozilla/5.0 (Windows NT 6.1; WOW64) AppleWebKit/537.36 (KHTML, like Gecko) Chrome/61.0.3163.100 Safari/537.36',
  'upgrade-insecure-requests' => '1',
  'connection' => 'close',
  'host' => '127.0.0.8',
)
[ info ] [ PARAM ] array (
)
[ info ] [ DB ] INIT mysql
[ info ] [ SESSION ] INIT array (
  'prefix' => 'admin',
)
[ info ] [ RUN ] app\admin\controller\Index->main[ D:\phpStudy\WWW\adminui\application\admin\controller\Index.php ]
[ info ] [ LOG ] INIT File
[ sql ] [ DB ] CONNECT:[ UseTime:0.001000s ] mysql:dbname=adminui;host=127.0.0.1;port=3306;charset=utf8
[ sql ] [ SQL ] SHOW COLUMNS FROM `ui_config` [ RunTime:0.009000s ]
[ sql ] [ SQL ] SELECT * FROM `ui_config` WHERE `ui_config`.`delete_time` IS NULL [ RunTime:0.001000s ]
[ sql ] [ SQL ] SHOW COLUMNS FROM `ui_city` [ RunTime:0.009000s ]
[ sql ] [ SQL ] SELECT * FROM `ui_city` WHERE  `pid` <> 0 [ RunTime:0.008001s ]
[ sql ] [ SQL ] SHOW COLUMNS FROM `ui_menu` [ RunTime:0.009000s ]
[ sql ] [ SQL ] SELECT * FROM `ui_menu` WHERE (  `url` = '/admin/index/main.shtml' ) AND `ui_menu`.`delete_time` IS NULL LIMIT 1 [ RunTime:0.001000s ]
[ sql ] [ SQL ] SHOW COLUMNS FROM `ui_admin` [ RunTime:0.010001s ]
[ sql ] [ SQL ] SELECT * FROM `ui_admin` WHERE (  `admin_id` = 1 ) AND `ui_admin`.`delete_time` IS NULL LIMIT 1 [ RunTime:0.001000s ]
---------------------------------------------------------------
[ 2017-12-05T17:54:16+08:00 ] 127.0.0.8 127.0.0.1 POST /admin/index/isuniquelogin.shtml
[ info ] 127.0.0.8/admin/index/isuniquelogin.shtml [运行时间：0.113006s][吞吐率：8.85req/s] [内存消耗：2,124.65kb] [文件加载：50]
[ info ] [ LANG ] D:\phpStudy\WWW\adminui\frame\lang\zh-cn.php
[ info ] [ ROUTE ] array (
  'type' => 'module',
  'module' => 
  array (
    0 => 'admin',
    1 => 'index',
    2 => 'isuniquelogin',
  ),
)
[ info ] [ HEADER ] array (
  'cookie' => 'thinkphp_show_page_trace=0|0; PHPSESSID=0nho0b0v1pqjplbbbabtaqj996; thinkphp_show_page_trace=0|0',
  'accept-language' => 'zh-CN,zh;q=0.8',
  'accept-encoding' => 'gzip, deflate, br',
  'referer' => 'http://127.0.0.8/admin/index/index.shtml',
  'user-agent' => 'Mozilla/5.0 (Windows NT 6.1; WOW64) AppleWebKit/537.36 (KHTML, like Gecko) Chrome/61.0.3163.100 Safari/537.36',
  'x-requested-with' => 'XMLHttpRequest',
  'origin' => 'http://127.0.0.8',
  'accept' => 'application/json, text/javascript, */*; q=0.01',
  'content-length' => '0',
  'connection' => 'close',
  'host' => '127.0.0.8',
)
[ info ] [ PARAM ] array (
)
[ info ] [ SESSION ] INIT array (
  'prefix' => 'admin',
)
[ info ] [ DB ] INIT mysql
[ info ] [ LOG ] INIT File
[ sql ] [ DB ] CONNECT:[ UseTime:0.000000s ] mysql:dbname=adminui;host=127.0.0.1;port=3306;charset=utf8
[ sql ] [ SQL ] SHOW COLUMNS FROM `ui_menu` [ RunTime:0.010001s ]
[ sql ] [ SQL ] SELECT * FROM `ui_menu` WHERE (  `url` = '/admin/index/isuniquelogin.shtml' ) AND `ui_menu`.`delete_time` IS NULL LIMIT 1 [ RunTime:0.001000s ]
[ error ] [2]session_start(): Cannot send session cache limiter - headers already sent[D:\phpStudy\WWW\adminui\frame\library\think\Session.php:122]
---------------------------------------------------------------
[ 2017-12-05T17:54:22+08:00 ] 127.0.0.8 127.0.0.1 GET /admin/good/index.shtml
[ info ] 127.0.0.8/admin/good/index.shtml [运行时间：0.782045s][吞吐率：1.28req/s] [内存消耗：6,360.79kb] [文件加载：67]
[ info ] [ LANG ] D:\phpStudy\WWW\adminui\frame\lang\zh-cn.php
[ info ] [ ROUTE ] array (
  'type' => 'module',
  'module' => 
  array (
    0 => 'admin',
    1 => 'good',
    2 => 'index',
  ),
)
[ info ] [ HEADER ] array (
  'cookie' => 'PHPSESSID=0nho0b0v1pqjplbbbabtaqj996; thinkphp_show_page_trace=0|0',
  'accept-language' => 'zh-CN,zh;q=0.8',
  'accept-encoding' => 'gzip, deflate, br',
  'referer' => 'http://127.0.0.8/admin/index/index.shtml',
  'accept' => 'text/html,application/xhtml+xml,application/xml;q=0.9,image/webp,image/apng,*/*;q=0.8',
  'user-agent' => 'Mozilla/5.0 (Windows NT 6.1; WOW64) AppleWebKit/537.36 (KHTML, like Gecko) Chrome/61.0.3163.100 Safari/537.36',
  'upgrade-insecure-requests' => '1',
  'connection' => 'close',
  'host' => '127.0.0.8',
)
[ info ] [ PARAM ] array (
)
[ info ] [ DB ] INIT mysql
[ info ] [ SESSION ] INIT array (
  'prefix' => 'admin',
)
[ info ] [ RUN ] app\admin\controller\Good->index[ D:\phpStudy\WWW\adminui\application\admin\controller\Good.php ]
[ info ] [ VIEW ] D:\phpStudy\WWW\adminui/public\theme\admin\good\index.html [ array (
  0 => 'module_name',
  1 => 'controller_name',
  2 => 'action_name',
  3 => 'public_path',
  4 => 'static_path',
  5 => 'web_public',
  6 => 'web_static',
  7 => 'js',
  8 => 'css',
  9 => 'img',
  10 => 'title',
  11 => 'admin_title',
  12 => 'nowpage',
  13 => 'upload',
  14 => 'menu',
  15 => 'goods',
  16 => 'brands',
  17 => 'cates',
) ]
[ info ] [ LOG ] INIT File
[ sql ] [ DB ] CONNECT:[ UseTime:0.011001s ] mysql:dbname=adminui;host=127.0.0.1;port=3306;charset=utf8
[ sql ] [ SQL ] SHOW COLUMNS FROM `ui_config` [ RunTime:0.008000s ]
[ sql ] [ SQL ] SELECT * FROM `ui_config` WHERE `ui_config`.`delete_time` IS NULL [ RunTime:0.001000s ]
[ sql ] [ SQL ] SHOW COLUMNS FROM `ui_city` [ RunTime:0.008001s ]
[ sql ] [ SQL ] SELECT * FROM `ui_city` WHERE  `pid` <> 0 [ RunTime:0.008000s ]
[ sql ] [ SQL ] SHOW COLUMNS FROM `ui_menu` [ RunTime:0.009000s ]
[ sql ] [ SQL ] SELECT * FROM `ui_menu` WHERE (  `url` = '/admin/good/index.shtml' ) AND `ui_menu`.`delete_time` IS NULL LIMIT 1 [ RunTime:0.001000s ]
[ sql ] [ SQL ] SELECT * FROM `ui_menu` WHERE (  `menu_id` = 100 ) AND `ui_menu`.`delete_time` IS NULL LIMIT 1 [ RunTime:0.000000s ]
[ sql ] [ SQL ] SHOW COLUMNS FROM `ui_admin` [ RunTime:0.008000s ]
[ sql ] [ SQL ] SELECT * FROM `ui_admin` WHERE (  `admin_id` = 1 ) AND `ui_admin`.`delete_time` IS NULL LIMIT 1 [ RunTime:0.001000s ]
[ sql ] [ SQL ] SHOW COLUMNS FROM `ui_goods_brand` [ RunTime:0.042002s ]
[ sql ] [ SQL ] SELECT * FROM `ui_goods_brand` WHERE `ui_goods_brand`.`delete_time` IS NULL [ RunTime:0.001000s ]
[ sql ] [ SQL ] SHOW COLUMNS FROM `ui_goods_cate` [ RunTime:0.008000s ]
[ sql ] [ SQL ] SELECT * FROM `ui_goods_cate` WHERE (  `pid` = 0 ) AND `ui_goods_cate`.`delete_time` IS NULL [ RunTime:0.022001s ]
[ sql ] [ SQL ] SHOW COLUMNS FROM `ui_goods` [ RunTime:0.019002s ]
[ sql ] [ SQL ] SELECT COUNT(*) AS tp_count FROM `ui_goods` WHERE (  `is_check` = 1 ) AND `ui_goods`.`delete_time` IS NULL LIMIT 1 [ RunTime:0.024001s ]
[ sql ] [ SQL ] SELECT * FROM `ui_goods` WHERE (  `is_check` = 1 ) AND `ui_goods`.`delete_time` IS NULL LIMIT 0,15 [ RunTime:0.001000s ]
[ sql ] [ SQL ] SELECT * FROM `ui_goods_brand` WHERE (  `brand_id` = 1 ) AND `ui_goods_brand`.`delete_time` IS NULL LIMIT 1 [ RunTime:0.001000s ]
[ sql ] [ SQL ] SELECT * FROM `ui_goods_cate` WHERE (  `cate_id` = 1 ) AND `ui_goods_cate`.`delete_time` IS NULL LIMIT 1 [ RunTime:0.000000s ]
[ sql ] [ SQL ] SELECT * FROM `ui_goods_cate` WHERE (  `cate_id` = 4 ) AND `ui_goods_cate`.`delete_time` IS NULL LIMIT 1 [ RunTime:0.000000s ]
[ sql ] [ SQL ] SHOW COLUMNS FROM `ui_shop` [ RunTime:0.111007s ]
[ sql ] [ SQL ] SELECT * FROM `ui_shop` WHERE (  `shop_id` = 1 ) AND `ui_shop`.`delete_time` IS NULL LIMIT 1 [ RunTime:0.033002s ]
[ sql ] [ SQL ] SELECT * FROM `ui_goods_brand` WHERE (  `brand_id` = 2 ) AND `ui_goods_brand`.`delete_time` IS NULL LIMIT 1 [ RunTime:0.000000s ]
[ sql ] [ SQL ] SELECT * FROM `ui_goods_cate` WHERE (  `cate_id` = 1 ) AND `ui_goods_cate`.`delete_time` IS NULL LIMIT 1 [ RunTime:0.000000s ]
[ sql ] [ SQL ] SELECT * FROM `ui_goods_cate` WHERE (  `cate_id` = 4 ) AND `ui_goods_cate`.`delete_time` IS NULL LIMIT 1 [ RunTime:0.001000s ]
[ sql ] [ SQL ] SELECT * FROM `ui_shop` WHERE (  `shop_id` = 1 ) AND `ui_shop`.`delete_time` IS NULL LIMIT 1 [ RunTime:0.001000s ]
[ sql ] [ SQL ] SELECT * FROM `ui_goods_brand` WHERE (  `brand_id` = 3 ) AND `ui_goods_brand`.`delete_time` IS NULL LIMIT 1 [ RunTime:0.001000s ]
[ sql ] [ SQL ] SELECT * FROM `ui_goods_cate` WHERE (  `cate_id` = 1 ) AND `ui_goods_cate`.`delete_time` IS NULL LIMIT 1 [ RunTime:0.001000s ]
[ sql ] [ SQL ] SELECT * FROM `ui_goods_cate` WHERE (  `cate_id` = 5 ) AND `ui_goods_cate`.`delete_time` IS NULL LIMIT 1 [ RunTime:0.001000s ]
[ sql ] [ SQL ] SELECT * FROM `ui_shop` WHERE (  `shop_id` = 1 ) AND `ui_shop`.`delete_time` IS NULL LIMIT 1 [ RunTime:0.001000s ]
[ sql ] [ SQL ] SELECT * FROM `ui_goods_brand` WHERE (  `brand_id` = 0 ) AND `ui_goods_brand`.`delete_time` IS NULL LIMIT 1 [ RunTime:0.001000s ]
[ sql ] [ SQL ] SELECT * FROM `ui_goods_cate` WHERE (  `cate_id` IS NULL ) AND `ui_goods_cate`.`delete_time` IS NULL LIMIT 1 [ RunTime:0.000000s ]
[ sql ] [ SQL ] SELECT * FROM `ui_goods_cate` WHERE (  `cate_id` IS NULL ) AND `ui_goods_cate`.`delete_time` IS NULL LIMIT 1 [ RunTime:0.000000s ]
[ sql ] [ SQL ] SELECT * FROM `ui_shop` WHERE (  `shop_id` = 1 ) AND `ui_shop`.`delete_time` IS NULL LIMIT 1 [ RunTime:0.000000s ]
[ sql ] [ SQL ] SELECT * FROM `ui_goods_brand` WHERE (  `brand_id` = 0 ) AND `ui_goods_brand`.`delete_time` IS NULL LIMIT 1 [ RunTime:0.001000s ]
[ sql ] [ SQL ] SELECT * FROM `ui_goods_cate` WHERE (  `cate_id` = 10 ) AND `ui_goods_cate`.`delete_time` IS NULL LIMIT 1 [ RunTime:0.001000s ]
[ sql ] [ SQL ] SELECT * FROM `ui_goods_cate` WHERE (  `cate_id` = 14 ) AND `ui_goods_cate`.`delete_time` IS NULL LIMIT 1 [ RunTime:0.000000s ]
[ sql ] [ SQL ] SELECT * FROM `ui_shop` WHERE (  `shop_id` = 1 ) AND `ui_shop`.`delete_time` IS NULL LIMIT 1 [ RunTime:0.000000s ]
[ sql ] [ SQL ] SELECT * FROM `ui_goods_brand` WHERE (  `brand_id` = 0 ) AND `ui_goods_brand`.`delete_time` IS NULL LIMIT 1 [ RunTime:0.000000s ]
[ sql ] [ SQL ] SELECT * FROM `ui_goods_cate` WHERE (  `cate_id` = 23 ) AND `ui_goods_cate`.`delete_time` IS NULL LIMIT 1 [ RunTime:0.000000s ]
[ sql ] [ SQL ] SELECT * FROM `ui_goods_cate` WHERE (  `cate_id` = 78 ) AND `ui_goods_cate`.`delete_time` IS NULL LIMIT 1 [ RunTime:0.000000s ]
[ sql ] [ SQL ] SELECT * FROM `ui_shop` WHERE (  `shop_id` = 1 ) AND `ui_shop`.`delete_time` IS NULL LIMIT 1 [ RunTime:0.001000s ]
[ sql ] [ SQL ] SELECT * FROM `ui_goods_brand` WHERE (  `brand_id` = 0 ) AND `ui_goods_brand`.`delete_time` IS NULL LIMIT 1 [ RunTime:0.001000s ]
[ sql ] [ SQL ] SELECT * FROM `ui_goods_cate` WHERE (  `cate_id` = 23 ) AND `ui_goods_cate`.`delete_time` IS NULL LIMIT 1 [ RunTime:0.000000s ]
[ sql ] [ SQL ] SELECT * FROM `ui_goods_cate` WHERE (  `cate_id` IS NULL ) AND `ui_goods_cate`.`delete_time` IS NULL LIMIT 1 [ RunTime:0.000000s ]
[ sql ] [ SQL ] SELECT * FROM `ui_shop` WHERE (  `shop_id` = 1 ) AND `ui_shop`.`delete_time` IS NULL LIMIT 1 [ RunTime:0.000000s ]
[ sql ] [ SQL ] SELECT * FROM `ui_goods_brand` WHERE (  `brand_id` = 0 ) AND `ui_goods_brand`.`delete_time` IS NULL LIMIT 1 [ RunTime:0.000000s ]
[ sql ] [ SQL ] SELECT * FROM `ui_goods_cate` WHERE (  `cate_id` = 23 ) AND `ui_goods_cate`.`delete_time` IS NULL LIMIT 1 [ RunTime:0.001000s ]
[ sql ] [ SQL ] SELECT * FROM `ui_goods_cate` WHERE (  `cate_id` = 78 ) AND `ui_goods_cate`.`delete_time` IS NULL LIMIT 1 [ RunTime:0.001000s ]
[ sql ] [ SQL ] SELECT * FROM `ui_shop` WHERE (  `shop_id` = 1 ) AND `ui_shop`.`delete_time` IS NULL LIMIT 1 [ RunTime:0.001000s ]
[ sql ] [ SQL ] SELECT * FROM `ui_goods_brand` WHERE (  `brand_id` = 0 ) AND `ui_goods_brand`.`delete_time` IS NULL LIMIT 1 [ RunTime:0.000000s ]
[ sql ] [ SQL ] SELECT * FROM `ui_goods_cate` WHERE (  `cate_id` = 1 ) AND `ui_goods_cate`.`delete_time` IS NULL LIMIT 1 [ RunTime:0.000000s ]
[ sql ] [ SQL ] SELECT * FROM `ui_goods_cate` WHERE (  `cate_id` = 9 ) AND `ui_goods_cate`.`delete_time` IS NULL LIMIT 1 [ RunTime:0.000000s ]
[ sql ] [ SQL ] SELECT * FROM `ui_shop` WHERE (  `shop_id` = 1 ) AND `ui_shop`.`delete_time` IS NULL LIMIT 1 [ RunTime:0.000000s ]
[ sql ] [ SQL ] SELECT * FROM `ui_goods_brand` WHERE (  `brand_id` = 0 ) AND `ui_goods_brand`.`delete_time` IS NULL LIMIT 1 [ RunTime:0.001000s ]
[ sql ] [ SQL ] SELECT * FROM `ui_goods_cate` WHERE (  `cate_id` = 1 ) AND `ui_goods_cate`.`delete_time` IS NULL LIMIT 1 [ RunTime:0.001000s ]
[ sql ] [ SQL ] SELECT * FROM `ui_goods_cate` WHERE (  `cate_id` = 9 ) AND `ui_goods_cate`.`delete_time` IS NULL LIMIT 1 [ RunTime:0.000000s ]
[ sql ] [ SQL ] SELECT * FROM `ui_shop` WHERE (  `shop_id` = 1 ) AND `ui_shop`.`delete_time` IS NULL LIMIT 1 [ RunTime:0.000000s ]
---------------------------------------------------------------
[ 2017-12-05T17:54:28+08:00 ] 127.0.0.8 127.0.0.1 GET /admin/good/brand_index.shtml
[ info ] 127.0.0.8/admin/good/brand_index.shtml [运行时间：0.333019s][吞吐率：3.00req/s] [内存消耗：5,811.73kb] [文件加载：61]
[ info ] [ LANG ] D:\phpStudy\WWW\adminui\frame\lang\zh-cn.php
[ info ] [ ROUTE ] array (
  'type' => 'module',
  'module' => 
  array (
    0 => 'admin',
    1 => 'good',
    2 => 'brand_index',
  ),
)
[ info ] [ HEADER ] array (
  'cookie' => 'thinkphp_show_page_trace=0|0; PHPSESSID=0nho0b0v1pqjplbbbabtaqj996; thinkphp_show_page_trace=0|0',
  'accept-language' => 'zh-CN,zh;q=0.8',
  'accept-encoding' => 'gzip, deflate, br',
  'referer' => 'http://127.0.0.8/admin/index/index.shtml',
  'accept' => 'text/html,application/xhtml+xml,application/xml;q=0.9,image/webp,image/apng,*/*;q=0.8',
  'user-agent' => 'Mozilla/5.0 (Windows NT 6.1; WOW64) AppleWebKit/537.36 (KHTML, like Gecko) Chrome/61.0.3163.100 Safari/537.36',
  'upgrade-insecure-requests' => '1',
  'connection' => 'close',
  'host' => '127.0.0.8',
)
[ info ] [ PARAM ] array (
)
[ info ] [ DB ] INIT mysql
[ info ] [ SESSION ] INIT array (
  'prefix' => 'admin',
)
[ info ] [ RUN ] app\admin\controller\Good->brand_index[ D:\phpStudy\WWW\adminui\application\admin\controller\Good.php ]
[ info ] [ VIEW ] D:\phpStudy\WWW\adminui/public\theme\admin\good\brand_index.html [ array (
  0 => 'module_name',
  1 => 'controller_name',
  2 => 'action_name',
  3 => 'public_path',
  4 => 'static_path',
  5 => 'web_public',
  6 => 'web_static',
  7 => 'js',
  8 => 'css',
  9 => 'img',
  10 => 'title',
  11 => 'admin_title',
  12 => 'nowpage',
  13 => 'upload',
  14 => 'menu',
  15 => 'brands',
) ]
[ info ] [ LOG ] INIT File
[ sql ] [ DB ] CONNECT:[ UseTime:0.001000s ] mysql:dbname=adminui;host=127.0.0.1;port=3306;charset=utf8
[ sql ] [ SQL ] SHOW COLUMNS FROM `ui_config` [ RunTime:0.008001s ]
[ sql ] [ SQL ] SELECT * FROM `ui_config` WHERE `ui_config`.`delete_time` IS NULL [ RunTime:0.001000s ]
[ sql ] [ SQL ] SHOW COLUMNS FROM `ui_city` [ RunTime:0.010001s ]
[ sql ] [ SQL ] SELECT * FROM `ui_city` WHERE  `pid` <> 0 [ RunTime:0.008000s ]
[ sql ] [ SQL ] SHOW COLUMNS FROM `ui_menu` [ RunTime:0.008000s ]
[ sql ] [ SQL ] SELECT * FROM `ui_menu` WHERE (  `url` = '/admin/good/brand_index.shtml' ) AND `ui_menu`.`delete_time` IS NULL LIMIT 1 [ RunTime:0.000000s ]
[ sql ] [ SQL ] SELECT * FROM `ui_menu` WHERE (  `menu_id` = 100 ) AND `ui_menu`.`delete_time` IS NULL LIMIT 1 [ RunTime:0.000000s ]
[ sql ] [ SQL ] SHOW COLUMNS FROM `ui_admin` [ RunTime:0.008000s ]
[ sql ] [ SQL ] SELECT * FROM `ui_admin` WHERE (  `admin_id` = 1 ) AND `ui_admin`.`delete_time` IS NULL LIMIT 1 [ RunTime:0.001000s ]
[ sql ] [ SQL ] SHOW COLUMNS FROM `ui_goods_brand` [ RunTime:0.007000s ]
[ sql ] [ SQL ] SELECT COUNT(*) AS tp_count FROM `ui_goods_brand` WHERE `ui_goods_brand`.`delete_time` IS NULL LIMIT 1 [ RunTime:0.000000s ]
[ sql ] [ SQL ] SELECT * FROM `ui_goods_brand` WHERE `ui_goods_brand`.`delete_time` IS NULL ORDER BY brand_id desc LIMIT 0,15 [ RunTime:0.000000s ]
---------------------------------------------------------------
[ 2017-12-05T17:54:30+08:00 ] 127.0.0.8 127.0.0.1 GET /admin/good/attr_index.shtml
[ info ] 127.0.0.8/admin/good/attr_index.shtml [运行时间：0.344020s][吞吐率：2.91req/s] [内存消耗：5,811.06kb] [文件加载：61]
[ info ] [ LANG ] D:\phpStudy\WWW\adminui\frame\lang\zh-cn.php
[ info ] [ ROUTE ] array (
  'type' => 'module',
  'module' => 
  array (
    0 => 'admin',
    1 => 'good',
    2 => 'attr_index',
  ),
)
[ info ] [ HEADER ] array (
  'cookie' => 'thinkphp_show_page_trace=0|0; PHPSESSID=0nho0b0v1pqjplbbbabtaqj996; thinkphp_show_page_trace=0|0',
  'accept-language' => 'zh-CN,zh;q=0.8',
  'accept-encoding' => 'gzip, deflate, br',
  'referer' => 'http://127.0.0.8/admin/index/index.shtml',
  'accept' => 'text/html,application/xhtml+xml,application/xml;q=0.9,image/webp,image/apng,*/*;q=0.8',
  'user-agent' => 'Mozilla/5.0 (Windows NT 6.1; WOW64) AppleWebKit/537.36 (KHTML, like Gecko) Chrome/61.0.3163.100 Safari/537.36',
  'upgrade-insecure-requests' => '1',
  'connection' => 'close',
  'host' => '127.0.0.8',
)
[ info ] [ PARAM ] array (
)
[ info ] [ DB ] INIT mysql
[ info ] [ SESSION ] INIT array (
  'prefix' => 'admin',
)
[ info ] [ RUN ] app\admin\controller\Good->attr_index[ D:\phpStudy\WWW\adminui\application\admin\controller\Good.php ]
[ info ] [ VIEW ] D:\phpStudy\WWW\adminui/public\theme\admin\good\attr_index.html [ array (
  0 => 'module_name',
  1 => 'controller_name',
  2 => 'action_name',
  3 => 'public_path',
  4 => 'static_path',
  5 => 'web_public',
  6 => 'web_static',
  7 => 'js',
  8 => 'css',
  9 => 'img',
  10 => 'title',
  11 => 'admin_title',
  12 => 'nowpage',
  13 => 'upload',
  14 => 'menu',
  15 => 'attrs',
) ]
[ info ] [ LOG ] INIT File
[ sql ] [ DB ] CONNECT:[ UseTime:0.010001s ] mysql:dbname=adminui;host=127.0.0.1;port=3306;charset=utf8
[ sql ] [ SQL ] SHOW COLUMNS FROM `ui_config` [ RunTime:0.012001s ]
[ sql ] [ SQL ] SELECT * FROM `ui_config` WHERE `ui_config`.`delete_time` IS NULL [ RunTime:0.001000s ]
[ sql ] [ SQL ] SHOW COLUMNS FROM `ui_city` [ RunTime:0.008000s ]
[ sql ] [ SQL ] SELECT * FROM `ui_city` WHERE  `pid` <> 0 [ RunTime:0.008001s ]
[ sql ] [ SQL ] SHOW COLUMNS FROM `ui_menu` [ RunTime:0.008001s ]
[ sql ] [ SQL ] SELECT * FROM `ui_menu` WHERE (  `url` = '/admin/good/attr_index.shtml' ) AND `ui_menu`.`delete_time` IS NULL LIMIT 1 [ RunTime:0.001000s ]
[ sql ] [ SQL ] SELECT * FROM `ui_menu` WHERE (  `menu_id` = 100 ) AND `ui_menu`.`delete_time` IS NULL LIMIT 1 [ RunTime:0.001000s ]
[ sql ] [ SQL ] SHOW COLUMNS FROM `ui_admin` [ RunTime:0.008001s ]
[ sql ] [ SQL ] SELECT * FROM `ui_admin` WHERE (  `admin_id` = 1 ) AND `ui_admin`.`delete_time` IS NULL LIMIT 1 [ RunTime:0.000000s ]
[ sql ] [ SQL ] SHOW COLUMNS FROM `ui_goods_attr` [ RunTime:0.031002s ]
[ sql ] [ SQL ] SELECT COUNT(*) AS tp_count FROM `ui_goods_attr` WHERE `ui_goods_attr`.`delete_time` IS NULL LIMIT 1 [ RunTime:0.007000s ]
[ sql ] [ SQL ] SELECT * FROM `ui_goods_attr` WHERE `ui_goods_attr`.`delete_time` IS NULL LIMIT 0,15 [ RunTime:0.000000s ]
---------------------------------------------------------------
[ 2017-12-05T17:54:38+08:00 ] 127.0.0.8 127.0.0.1 GET /admin/good/details/goods_id/1/page/1.shtml
[ info ] 127.0.0.8/admin/good/details/goods_id/1/page/1.shtml [运行时间：0.376021s][吞吐率：2.66req/s] [内存消耗：5,768.84kb] [文件加载：60]
[ info ] [ LANG ] D:\phpStudy\WWW\adminui\frame\lang\zh-cn.php
[ info ] [ ROUTE ] array (
  'type' => 'module',
  'module' => 
  array (
    0 => 'admin',
    1 => 'good',
    2 => 'details',
  ),
)
[ info ] [ HEADER ] array (
  'cookie' => 'thinkphp_show_page_trace=0|0; PHPSESSID=0nho0b0v1pqjplbbbabtaqj996; thinkphp_show_page_trace=0|0',
  'accept-language' => 'zh-CN,zh;q=0.8',
  'accept-encoding' => 'gzip, deflate, br',
  'referer' => 'http://127.0.0.8/admin/good/index.shtml',
  'accept' => 'text/html,application/xhtml+xml,application/xml;q=0.9,image/webp,image/apng,*/*;q=0.8',
  'user-agent' => 'Mozilla/5.0 (Windows NT 6.1; WOW64) AppleWebKit/537.36 (KHTML, like Gecko) Chrome/61.0.3163.100 Safari/537.36',
  'upgrade-insecure-requests' => '1',
  'connection' => 'close',
  'host' => '127.0.0.8',
)
[ info ] [ PARAM ] array (
  'goods_id' => '1',
  'page' => '1',
)
[ info ] [ DB ] INIT mysql
[ info ] [ SESSION ] INIT array (
  'prefix' => 'admin',
)
[ info ] [ RUN ] app\admin\controller\Good->details[ D:\phpStudy\WWW\adminui\application\admin\controller\Good.php ]
[ info ] [ VIEW ] D:\phpStudy\WWW\adminui/public\theme\admin\good\details.html [ array (
  0 => 'module_name',
  1 => 'controller_name',
  2 => 'action_name',
  3 => 'public_path',
  4 => 'static_path',
  5 => 'web_public',
  6 => 'web_static',
  7 => 'js',
  8 => 'css',
  9 => 'img',
  10 => 'title',
  11 => 'admin_title',
  12 => 'nowpage',
  13 => 'upload',
  14 => 'menu',
  15 => 'goods_info',
  16 => 'attrs',
) ]
[ info ] [ LOG ] INIT File
[ sql ] [ DB ] CONNECT:[ UseTime:0.001000s ] mysql:dbname=adminui;host=127.0.0.1;port=3306;charset=utf8
[ sql ] [ SQL ] SHOW COLUMNS FROM `ui_config` [ RunTime:0.008000s ]
[ sql ] [ SQL ] SELECT * FROM `ui_config` WHERE `ui_config`.`delete_time` IS NULL [ RunTime:0.000000s ]
[ sql ] [ SQL ] SHOW COLUMNS FROM `ui_city` [ RunTime:0.008000s ]
[ sql ] [ SQL ] SELECT * FROM `ui_city` WHERE  `pid` <> 0 [ RunTime:0.007001s ]
[ sql ] [ SQL ] SHOW COLUMNS FROM `ui_menu` [ RunTime:0.008001s ]
[ sql ] [ SQL ] SELECT * FROM `ui_menu` WHERE (  `url` = '/admin/good/details.shtml' ) AND `ui_menu`.`delete_time` IS NULL LIMIT 1 [ RunTime:0.001000s ]
[ sql ] [ SQL ] SELECT * FROM `ui_menu` WHERE (  `menu_id` = 102 ) AND `ui_menu`.`delete_time` IS NULL LIMIT 1 [ RunTime:0.000000s ]
[ sql ] [ SQL ] SHOW COLUMNS FROM `ui_admin` [ RunTime:0.008000s ]
[ sql ] [ SQL ] SELECT * FROM `ui_admin` WHERE (  `admin_id` = 1 ) AND `ui_admin`.`delete_time` IS NULL LIMIT 1 [ RunTime:0.001000s ]
[ sql ] [ SQL ] SHOW COLUMNS FROM `ui_goods` [ RunTime:0.009000s ]
[ sql ] [ SQL ] SELECT * FROM `ui_goods` WHERE (  `goods_id` = 1 ) AND `ui_goods`.`delete_time` IS NULL LIMIT 1 [ RunTime:0.016001s ]
[ sql ] [ SQL ] SHOW COLUMNS FROM `ui_goods_good_attr` [ RunTime:0.049003s ]
[ sql ] [ SQL ] SELECT `attr_id` FROM `ui_goods_good_attr` WHERE (  `goods_id` = 1 ) AND `ui_goods_good_attr`.`delete_time` IS NULL [ RunTime:0.002000s ]
[ sql ] [ SQL ] SHOW COLUMNS FROM `ui_goods_attr` [ RunTime:0.007001s ]
[ sql ] [ SQL ] SELECT * FROM `ui_goods_attr` WHERE (  `attr_id` IN ('') ) AND `ui_goods_attr`.`delete_time` IS NULL [ RunTime:0.001000s ]
---------------------------------------------------------------
[ 2017-12-05T17:54:38+08:00 ] 127.0.0.8 127.0.0.1 GET /static/img/default.jpg
[ info ] 127.0.0.8/static/img/default.jpg [运行时间：0.037002s][吞吐率：27.03req/s] [内存消耗：940.78kb] [文件加载：32]
[ info ] [ LANG ] D:\phpStudy\WWW\adminui\frame\lang\zh-cn.php
[ info ] [ ROUTE ] array (
  'type' => 'module',
  'module' => 
  array (
    0 => 'static',
    1 => 'img',
    2 => 'default.jpg',
  ),
)
[ info ] [ HEADER ] array (
  'cookie' => 'PHPSESSID=0nho0b0v1pqjplbbbabtaqj996; thinkphp_show_page_trace=0|0',
  'accept-language' => 'zh-CN,zh;q=0.8',
  'accept-encoding' => 'gzip, deflate, br',
  'referer' => 'http://127.0.0.8/admin/good/details/goods_id/1/page/1.shtml',
  'accept' => 'image/webp,image/apng,image/*,*/*;q=0.8',
  'user-agent' => 'Mozilla/5.0 (Windows NT 6.1; WOW64) AppleWebKit/537.36 (KHTML, like Gecko) Chrome/61.0.3163.100 Safari/537.36',
  'connection' => 'close',
  'host' => '127.0.0.8',
)
[ info ] [ PARAM ] array (
)
[ info ] [ LOG ] INIT File
