---------------------------------------------------------------
[ 2017-12-09T00:33:50+08:00 ] 127.0.0.8 127.0.0.1 POST /admin/index/isuniquelogin.shtml
[ info ] 127.0.0.8/admin/index/isuniquelogin.shtml [运行时间：0.054003s][吞吐率：18.52req/s] [内存消耗：2,124.59kb] [文件加载：50]
[ info ] [ LANG ] D:\phpStudy\WWW\adminui\frame\lang\zh-cn.php
[ info ] [ ROUTE ] array (
  'type' => 'module',
  'module' => 
  array (
    0 => 'admin',
    1 => 'index',
    2 => 'isuniquelogin',
  ),
)
[ info ] [ HEADER ] array (
  'cookie' => 'thinkphp_show_page_trace=0|0; PHPSESSID=ribqoogdbncbhb3vtendi013n7',
  'accept-language' => 'zh-CN,zh;q=0.8',
  'accept-encoding' => 'gzip, deflate, br',
  'referer' => 'http://127.0.0.8/admin/index/index.shtml',
  'user-agent' => 'Mozilla/5.0 (Windows NT 6.1; WOW64) AppleWebKit/537.36 (KHTML, like Gecko) Chrome/61.0.3163.100 Safari/537.36',
  'x-requested-with' => 'XMLHttpRequest',
  'origin' => 'http://127.0.0.8',
  'accept' => 'application/json, text/javascript, */*; q=0.01',
  'content-length' => '0',
  'connection' => 'close',
  'host' => '127.0.0.8',
)
[ info ] [ PARAM ] array (
)
[ info ] [ SESSION ] INIT array (
  'prefix' => 'admin',
)
[ info ] [ DB ] INIT mysql
[ info ] [ LOG ] INIT File
[ sql ] [ DB ] CONNECT:[ UseTime:0.002000s ] mysql:dbname=adminui;host=127.0.0.1;port=3306;charset=utf8
[ sql ] [ SQL ] SHOW COLUMNS FROM `ui_menu` [ RunTime:0.008001s ]
[ sql ] [ SQL ] SELECT * FROM `ui_menu` WHERE (  `url` = '/admin/index/isuniquelogin.shtml' ) AND `ui_menu`.`delete_time` IS NULL LIMIT 1 [ RunTime:0.000000s ]
[ error ] [2]session_start(): Cannot send session cache limiter - headers already sent[D:\phpStudy\WWW\adminui\frame\library\think\Session.php:122]
---------------------------------------------------------------
[ 2017-12-09T01:23:50+08:00 ] 127.0.0.8 127.0.0.1 POST /admin/index/isuniquelogin.shtml
[ info ] 127.0.0.8/admin/index/isuniquelogin.shtml [运行时间：0.064003s][吞吐率：15.62req/s] [内存消耗：2,124.59kb] [文件加载：50]
[ info ] [ LANG ] D:\phpStudy\WWW\adminui\frame\lang\zh-cn.php
[ info ] [ ROUTE ] array (
  'type' => 'module',
  'module' => 
  array (
    0 => 'admin',
    1 => 'index',
    2 => 'isuniquelogin',
  ),
)
[ info ] [ HEADER ] array (
  'cookie' => 'thinkphp_show_page_trace=0|0; PHPSESSID=ribqoogdbncbhb3vtendi013n7',
  'accept-language' => 'zh-CN,zh;q=0.8',
  'accept-encoding' => 'gzip, deflate, br',
  'referer' => 'http://127.0.0.8/admin/index/index.shtml',
  'user-agent' => 'Mozilla/5.0 (Windows NT 6.1; WOW64) AppleWebKit/537.36 (KHTML, like Gecko) Chrome/61.0.3163.100 Safari/537.36',
  'x-requested-with' => 'XMLHttpRequest',
  'origin' => 'http://127.0.0.8',
  'accept' => 'application/json, text/javascript, */*; q=0.01',
  'content-length' => '0',
  'connection' => 'close',
  'host' => '127.0.0.8',
)
[ info ] [ PARAM ] array (
)
[ info ] [ SESSION ] INIT array (
  'prefix' => 'admin',
)
[ info ] [ DB ] INIT mysql
[ info ] [ LOG ] INIT File
[ sql ] [ DB ] CONNECT:[ UseTime:0.011000s ] mysql:dbname=adminui;host=127.0.0.1;port=3306;charset=utf8
[ sql ] [ SQL ] SHOW COLUMNS FROM `ui_menu` [ RunTime:0.008001s ]
[ sql ] [ SQL ] SELECT * FROM `ui_menu` WHERE (  `url` = '/admin/index/isuniquelogin.shtml' ) AND `ui_menu`.`delete_time` IS NULL LIMIT 1 [ RunTime:0.000000s ]
[ error ] [2]session_start(): Cannot send session cache limiter - headers already sent[D:\phpStudy\WWW\adminui\frame\library\think\Session.php:122]
---------------------------------------------------------------
[ 2017-12-09T02:13:50+08:00 ] 127.0.0.8 127.0.0.1 POST /admin/index/isuniquelogin.shtml
[ info ] 127.0.0.8/admin/index/isuniquelogin.shtml [运行时间：0.053003s][吞吐率：18.87req/s] [内存消耗：2,124.59kb] [文件加载：50]
[ info ] [ LANG ] D:\phpStudy\WWW\adminui\frame\lang\zh-cn.php
[ info ] [ ROUTE ] array (
  'type' => 'module',
  'module' => 
  array (
    0 => 'admin',
    1 => 'index',
    2 => 'isuniquelogin',
  ),
)
[ info ] [ HEADER ] array (
  'cookie' => 'thinkphp_show_page_trace=0|0; PHPSESSID=ribqoogdbncbhb3vtendi013n7',
  'accept-language' => 'zh-CN,zh;q=0.8',
  'accept-encoding' => 'gzip, deflate, br',
  'referer' => 'http://127.0.0.8/admin/index/index.shtml',
  'user-agent' => 'Mozilla/5.0 (Windows NT 6.1; WOW64) AppleWebKit/537.36 (KHTML, like Gecko) Chrome/61.0.3163.100 Safari/537.36',
  'x-requested-with' => 'XMLHttpRequest',
  'origin' => 'http://127.0.0.8',
  'accept' => 'application/json, text/javascript, */*; q=0.01',
  'content-length' => '0',
  'connection' => 'close',
  'host' => '127.0.0.8',
)
[ info ] [ PARAM ] array (
)
[ info ] [ SESSION ] INIT array (
  'prefix' => 'admin',
)
[ info ] [ DB ] INIT mysql
[ info ] [ LOG ] INIT File
[ sql ] [ DB ] CONNECT:[ UseTime:0.002000s ] mysql:dbname=adminui;host=127.0.0.1;port=3306;charset=utf8
[ sql ] [ SQL ] SHOW COLUMNS FROM `ui_menu` [ RunTime:0.008001s ]
[ sql ] [ SQL ] SELECT * FROM `ui_menu` WHERE (  `url` = '/admin/index/isuniquelogin.shtml' ) AND `ui_menu`.`delete_time` IS NULL LIMIT 1 [ RunTime:0.000000s ]
[ error ] [2]session_start(): Cannot send session cache limiter - headers already sent[D:\phpStudy\WWW\adminui\frame\library\think\Session.php:122]
---------------------------------------------------------------
[ 2017-12-09T03:03:50+08:00 ] 127.0.0.8 127.0.0.1 POST /admin/index/isuniquelogin.shtml
[ info ] 127.0.0.8/admin/index/isuniquelogin.shtml [运行时间：0.054003s][吞吐率：18.52req/s] [内存消耗：2,124.59kb] [文件加载：50]
[ info ] [ LANG ] D:\phpStudy\WWW\adminui\frame\lang\zh-cn.php
[ info ] [ ROUTE ] array (
  'type' => 'module',
  'module' => 
  array (
    0 => 'admin',
    1 => 'index',
    2 => 'isuniquelogin',
  ),
)
[ info ] [ HEADER ] array (
  'cookie' => 'thinkphp_show_page_trace=0|0; PHPSESSID=ribqoogdbncbhb3vtendi013n7',
  'accept-language' => 'zh-CN,zh;q=0.8',
  'accept-encoding' => 'gzip, deflate, br',
  'referer' => 'http://127.0.0.8/admin/index/index.shtml',
  'user-agent' => 'Mozilla/5.0 (Windows NT 6.1; WOW64) AppleWebKit/537.36 (KHTML, like Gecko) Chrome/61.0.3163.100 Safari/537.36',
  'x-requested-with' => 'XMLHttpRequest',
  'origin' => 'http://127.0.0.8',
  'accept' => 'application/json, text/javascript, */*; q=0.01',
  'content-length' => '0',
  'connection' => 'close',
  'host' => '127.0.0.8',
)
[ info ] [ PARAM ] array (
)
[ info ] [ SESSION ] INIT array (
  'prefix' => 'admin',
)
[ info ] [ DB ] INIT mysql
[ info ] [ LOG ] INIT File
[ sql ] [ DB ] CONNECT:[ UseTime:0.001000s ] mysql:dbname=adminui;host=127.0.0.1;port=3306;charset=utf8
[ sql ] [ SQL ] SHOW COLUMNS FROM `ui_menu` [ RunTime:0.009001s ]
[ sql ] [ SQL ] SELECT * FROM `ui_menu` WHERE (  `url` = '/admin/index/isuniquelogin.shtml' ) AND `ui_menu`.`delete_time` IS NULL LIMIT 1 [ RunTime:0.000000s ]
[ error ] [2]session_start(): Cannot send session cache limiter - headers already sent[D:\phpStudy\WWW\adminui\frame\library\think\Session.php:122]
---------------------------------------------------------------
[ 2017-12-09T03:53:50+08:00 ] 127.0.0.8 127.0.0.1 POST /admin/index/isuniquelogin.shtml
[ info ] 127.0.0.8/admin/index/isuniquelogin.shtml [运行时间：0.054003s][吞吐率：18.52req/s] [内存消耗：2,124.59kb] [文件加载：50]
[ info ] [ LANG ] D:\phpStudy\WWW\adminui\frame\lang\zh-cn.php
[ info ] [ ROUTE ] array (
  'type' => 'module',
  'module' => 
  array (
    0 => 'admin',
    1 => 'index',
    2 => 'isuniquelogin',
  ),
)
[ info ] [ HEADER ] array (
  'cookie' => 'thinkphp_show_page_trace=0|0; PHPSESSID=ribqoogdbncbhb3vtendi013n7',
  'accept-language' => 'zh-CN,zh;q=0.8',
  'accept-encoding' => 'gzip, deflate, br',
  'referer' => 'http://127.0.0.8/admin/index/index.shtml',
  'user-agent' => 'Mozilla/5.0 (Windows NT 6.1; WOW64) AppleWebKit/537.36 (KHTML, like Gecko) Chrome/61.0.3163.100 Safari/537.36',
  'x-requested-with' => 'XMLHttpRequest',
  'origin' => 'http://127.0.0.8',
  'accept' => 'application/json, text/javascript, */*; q=0.01',
  'content-length' => '0',
  'connection' => 'close',
  'host' => '127.0.0.8',
)
[ info ] [ PARAM ] array (
)
[ info ] [ SESSION ] INIT array (
  'prefix' => 'admin',
)
[ info ] [ DB ] INIT mysql
[ info ] [ LOG ] INIT File
[ sql ] [ DB ] CONNECT:[ UseTime:0.002000s ] mysql:dbname=adminui;host=127.0.0.1;port=3306;charset=utf8
[ sql ] [ SQL ] SHOW COLUMNS FROM `ui_menu` [ RunTime:0.008001s ]
[ sql ] [ SQL ] SELECT * FROM `ui_menu` WHERE (  `url` = '/admin/index/isuniquelogin.shtml' ) AND `ui_menu`.`delete_time` IS NULL LIMIT 1 [ RunTime:0.001000s ]
[ error ] [2]session_start(): Cannot send session cache limiter - headers already sent[D:\phpStudy\WWW\adminui\frame\library\think\Session.php:122]
---------------------------------------------------------------
[ 2017-12-09T04:43:50+08:00 ] 127.0.0.8 127.0.0.1 POST /admin/index/isuniquelogin.shtml
[ info ] 127.0.0.8/admin/index/isuniquelogin.shtml [运行时间：0.054003s][吞吐率：18.52req/s] [内存消耗：2,124.59kb] [文件加载：50]
[ info ] [ LANG ] D:\phpStudy\WWW\adminui\frame\lang\zh-cn.php
[ info ] [ ROUTE ] array (
  'type' => 'module',
  'module' => 
  array (
    0 => 'admin',
    1 => 'index',
    2 => 'isuniquelogin',
  ),
)
[ info ] [ HEADER ] array (
  'cookie' => 'thinkphp_show_page_trace=0|0; PHPSESSID=ribqoogdbncbhb3vtendi013n7',
  'accept-language' => 'zh-CN,zh;q=0.8',
  'accept-encoding' => 'gzip, deflate, br',
  'referer' => 'http://127.0.0.8/admin/index/index.shtml',
  'user-agent' => 'Mozilla/5.0 (Windows NT 6.1; WOW64) AppleWebKit/537.36 (KHTML, like Gecko) Chrome/61.0.3163.100 Safari/537.36',
  'x-requested-with' => 'XMLHttpRequest',
  'origin' => 'http://127.0.0.8',
  'accept' => 'application/json, text/javascript, */*; q=0.01',
  'content-length' => '0',
  'connection' => 'close',
  'host' => '127.0.0.8',
)
[ info ] [ PARAM ] array (
)
[ info ] [ SESSION ] INIT array (
  'prefix' => 'admin',
)
[ info ] [ DB ] INIT mysql
[ info ] [ LOG ] INIT File
[ sql ] [ DB ] CONNECT:[ UseTime:0.002000s ] mysql:dbname=adminui;host=127.0.0.1;port=3306;charset=utf8
[ sql ] [ SQL ] SHOW COLUMNS FROM `ui_menu` [ RunTime:0.009000s ]
[ sql ] [ SQL ] SELECT * FROM `ui_menu` WHERE (  `url` = '/admin/index/isuniquelogin.shtml' ) AND `ui_menu`.`delete_time` IS NULL LIMIT 1 [ RunTime:0.001001s ]
[ error ] [2]session_start(): Cannot send session cache limiter - headers already sent[D:\phpStudy\WWW\adminui\frame\library\think\Session.php:122]
---------------------------------------------------------------
[ 2017-12-09T05:33:50+08:00 ] 127.0.0.8 127.0.0.1 POST /admin/index/isuniquelogin.shtml
[ info ] 127.0.0.8/admin/index/isuniquelogin.shtml [运行时间：0.054003s][吞吐率：18.52req/s] [内存消耗：2,124.59kb] [文件加载：50]
[ info ] [ LANG ] D:\phpStudy\WWW\adminui\frame\lang\zh-cn.php
[ info ] [ ROUTE ] array (
  'type' => 'module',
  'module' => 
  array (
    0 => 'admin',
    1 => 'index',
    2 => 'isuniquelogin',
  ),
)
[ info ] [ HEADER ] array (
  'cookie' => 'thinkphp_show_page_trace=0|0; PHPSESSID=ribqoogdbncbhb3vtendi013n7',
  'accept-language' => 'zh-CN,zh;q=0.8',
  'accept-encoding' => 'gzip, deflate, br',
  'referer' => 'http://127.0.0.8/admin/index/index.shtml',
  'user-agent' => 'Mozilla/5.0 (Windows NT 6.1; WOW64) AppleWebKit/537.36 (KHTML, like Gecko) Chrome/61.0.3163.100 Safari/537.36',
  'x-requested-with' => 'XMLHttpRequest',
  'origin' => 'http://127.0.0.8',
  'accept' => 'application/json, text/javascript, */*; q=0.01',
  'content-length' => '0',
  'connection' => 'close',
  'host' => '127.0.0.8',
)
[ info ] [ PARAM ] array (
)
[ info ] [ SESSION ] INIT array (
  'prefix' => 'admin',
)
[ info ] [ DB ] INIT mysql
[ info ] [ LOG ] INIT File
[ sql ] [ DB ] CONNECT:[ UseTime:0.002000s ] mysql:dbname=adminui;host=127.0.0.1;port=3306;charset=utf8
[ sql ] [ SQL ] SHOW COLUMNS FROM `ui_menu` [ RunTime:0.008001s ]
[ sql ] [ SQL ] SELECT * FROM `ui_menu` WHERE (  `url` = '/admin/index/isuniquelogin.shtml' ) AND `ui_menu`.`delete_time` IS NULL LIMIT 1 [ RunTime:0.001000s ]
[ error ] [2]session_start(): Cannot send session cache limiter - headers already sent[D:\phpStudy\WWW\adminui\frame\library\think\Session.php:122]
---------------------------------------------------------------
[ 2017-12-09T06:23:50+08:00 ] 127.0.0.8 127.0.0.1 POST /admin/index/isuniquelogin.shtml
[ info ] 127.0.0.8/admin/index/isuniquelogin.shtml [运行时间：0.053003s][吞吐率：18.87req/s] [内存消耗：2,124.59kb] [文件加载：50]
[ info ] [ LANG ] D:\phpStudy\WWW\adminui\frame\lang\zh-cn.php
[ info ] [ ROUTE ] array (
  'type' => 'module',
  'module' => 
  array (
    0 => 'admin',
    1 => 'index',
    2 => 'isuniquelogin',
  ),
)
[ info ] [ HEADER ] array (
  'cookie' => 'thinkphp_show_page_trace=0|0; PHPSESSID=ribqoogdbncbhb3vtendi013n7',
  'accept-language' => 'zh-CN,zh;q=0.8',
  'accept-encoding' => 'gzip, deflate, br',
  'referer' => 'http://127.0.0.8/admin/index/index.shtml',
  'user-agent' => 'Mozilla/5.0 (Windows NT 6.1; WOW64) AppleWebKit/537.36 (KHTML, like Gecko) Chrome/61.0.3163.100 Safari/537.36',
  'x-requested-with' => 'XMLHttpRequest',
  'origin' => 'http://127.0.0.8',
  'accept' => 'application/json, text/javascript, */*; q=0.01',
  'content-length' => '0',
  'connection' => 'close',
  'host' => '127.0.0.8',
)
[ info ] [ PARAM ] array (
)
[ info ] [ SESSION ] INIT array (
  'prefix' => 'admin',
)
[ info ] [ DB ] INIT mysql
[ info ] [ LOG ] INIT File
[ sql ] [ DB ] CONNECT:[ UseTime:0.001000s ] mysql:dbname=adminui;host=127.0.0.1;port=3306;charset=utf8
[ sql ] [ SQL ] SHOW COLUMNS FROM `ui_menu` [ RunTime:0.008001s ]
[ sql ] [ SQL ] SELECT * FROM `ui_menu` WHERE (  `url` = '/admin/index/isuniquelogin.shtml' ) AND `ui_menu`.`delete_time` IS NULL LIMIT 1 [ RunTime:0.000000s ]
[ error ] [2]session_start(): Cannot send session cache limiter - headers already sent[D:\phpStudy\WWW\adminui\frame\library\think\Session.php:122]
---------------------------------------------------------------
[ 2017-12-09T07:13:50+08:00 ] 127.0.0.8 127.0.0.1 POST /admin/index/isuniquelogin.shtml
[ info ] 127.0.0.8/admin/index/isuniquelogin.shtml [运行时间：0.054003s][吞吐率：18.52req/s] [内存消耗：2,124.59kb] [文件加载：50]
[ info ] [ LANG ] D:\phpStudy\WWW\adminui\frame\lang\zh-cn.php
[ info ] [ ROUTE ] array (
  'type' => 'module',
  'module' => 
  array (
    0 => 'admin',
    1 => 'index',
    2 => 'isuniquelogin',
  ),
)
[ info ] [ HEADER ] array (
  'cookie' => 'thinkphp_show_page_trace=0|0; PHPSESSID=ribqoogdbncbhb3vtendi013n7',
  'accept-language' => 'zh-CN,zh;q=0.8',
  'accept-encoding' => 'gzip, deflate, br',
  'referer' => 'http://127.0.0.8/admin/index/index.shtml',
  'user-agent' => 'Mozilla/5.0 (Windows NT 6.1; WOW64) AppleWebKit/537.36 (KHTML, like Gecko) Chrome/61.0.3163.100 Safari/537.36',
  'x-requested-with' => 'XMLHttpRequest',
  'origin' => 'http://127.0.0.8',
  'accept' => 'application/json, text/javascript, */*; q=0.01',
  'content-length' => '0',
  'connection' => 'close',
  'host' => '127.0.0.8',
)
[ info ] [ PARAM ] array (
)
[ info ] [ SESSION ] INIT array (
  'prefix' => 'admin',
)
[ info ] [ DB ] INIT mysql
[ info ] [ LOG ] INIT File
[ sql ] [ DB ] CONNECT:[ UseTime:0.002001s ] mysql:dbname=adminui;host=127.0.0.1;port=3306;charset=utf8
[ sql ] [ SQL ] SHOW COLUMNS FROM `ui_menu` [ RunTime:0.008000s ]
[ sql ] [ SQL ] SELECT * FROM `ui_menu` WHERE (  `url` = '/admin/index/isuniquelogin.shtml' ) AND `ui_menu`.`delete_time` IS NULL LIMIT 1 [ RunTime:0.001000s ]
[ error ] [2]session_start(): Cannot send session cache limiter - headers already sent[D:\phpStudy\WWW\adminui\frame\library\think\Session.php:122]
---------------------------------------------------------------
[ 2017-12-09T08:03:50+08:00 ] 127.0.0.8 127.0.0.1 POST /admin/index/isuniquelogin.shtml
[ info ] 127.0.0.8/admin/index/isuniquelogin.shtml [运行时间：0.056004s][吞吐率：17.86req/s] [内存消耗：2,124.59kb] [文件加载：50]
[ info ] [ LANG ] D:\phpStudy\WWW\adminui\frame\lang\zh-cn.php
[ info ] [ ROUTE ] array (
  'type' => 'module',
  'module' => 
  array (
    0 => 'admin',
    1 => 'index',
    2 => 'isuniquelogin',
  ),
)
[ info ] [ HEADER ] array (
  'cookie' => 'thinkphp_show_page_trace=0|0; PHPSESSID=ribqoogdbncbhb3vtendi013n7',
  'accept-language' => 'zh-CN,zh;q=0.8',
  'accept-encoding' => 'gzip, deflate, br',
  'referer' => 'http://127.0.0.8/admin/index/index.shtml',
  'user-agent' => 'Mozilla/5.0 (Windows NT 6.1; WOW64) AppleWebKit/537.36 (KHTML, like Gecko) Chrome/61.0.3163.100 Safari/537.36',
  'x-requested-with' => 'XMLHttpRequest',
  'origin' => 'http://127.0.0.8',
  'accept' => 'application/json, text/javascript, */*; q=0.01',
  'content-length' => '0',
  'connection' => 'close',
  'host' => '127.0.0.8',
)
[ info ] [ PARAM ] array (
)
[ info ] [ SESSION ] INIT array (
  'prefix' => 'admin',
)
[ info ] [ DB ] INIT mysql
[ info ] [ LOG ] INIT File
[ sql ] [ DB ] CONNECT:[ UseTime:0.002000s ] mysql:dbname=adminui;host=127.0.0.1;port=3306;charset=utf8
[ sql ] [ SQL ] SHOW COLUMNS FROM `ui_menu` [ RunTime:0.009001s ]
[ sql ] [ SQL ] SELECT * FROM `ui_menu` WHERE (  `url` = '/admin/index/isuniquelogin.shtml' ) AND `ui_menu`.`delete_time` IS NULL LIMIT 1 [ RunTime:0.001000s ]
[ error ] [2]session_start(): Cannot send session cache limiter - headers already sent[D:\phpStudy\WWW\adminui\frame\library\think\Session.php:122]
---------------------------------------------------------------
[ 2017-12-09T08:53:50+08:00 ] 127.0.0.8 127.0.0.1 POST /admin/index/isuniquelogin.shtml
[ info ] 127.0.0.8/admin/index/isuniquelogin.shtml [运行时间：0.054003s][吞吐率：18.52req/s] [内存消耗：2,124.59kb] [文件加载：50]
[ info ] [ LANG ] D:\phpStudy\WWW\adminui\frame\lang\zh-cn.php
[ info ] [ ROUTE ] array (
  'type' => 'module',
  'module' => 
  array (
    0 => 'admin',
    1 => 'index',
    2 => 'isuniquelogin',
  ),
)
[ info ] [ HEADER ] array (
  'cookie' => 'thinkphp_show_page_trace=0|0; PHPSESSID=ribqoogdbncbhb3vtendi013n7',
  'accept-language' => 'zh-CN,zh;q=0.8',
  'accept-encoding' => 'gzip, deflate, br',
  'referer' => 'http://127.0.0.8/admin/index/index.shtml',
  'user-agent' => 'Mozilla/5.0 (Windows NT 6.1; WOW64) AppleWebKit/537.36 (KHTML, like Gecko) Chrome/61.0.3163.100 Safari/537.36',
  'x-requested-with' => 'XMLHttpRequest',
  'origin' => 'http://127.0.0.8',
  'accept' => 'application/json, text/javascript, */*; q=0.01',
  'content-length' => '0',
  'connection' => 'close',
  'host' => '127.0.0.8',
)
[ info ] [ PARAM ] array (
)
[ info ] [ SESSION ] INIT array (
  'prefix' => 'admin',
)
[ info ] [ DB ] INIT mysql
[ info ] [ LOG ] INIT File
[ sql ] [ DB ] CONNECT:[ UseTime:0.002000s ] mysql:dbname=adminui;host=127.0.0.1;port=3306;charset=utf8
[ sql ] [ SQL ] SHOW COLUMNS FROM `ui_menu` [ RunTime:0.009001s ]
[ sql ] [ SQL ] SELECT * FROM `ui_menu` WHERE (  `url` = '/admin/index/isuniquelogin.shtml' ) AND `ui_menu`.`delete_time` IS NULL LIMIT 1 [ RunTime:0.001000s ]
[ error ] [2]session_start(): Cannot send session cache limiter - headers already sent[D:\phpStudy\WWW\adminui\frame\library\think\Session.php:122]
---------------------------------------------------------------
[ 2017-12-09T09:43:50+08:00 ] 127.0.0.8 127.0.0.1 POST /admin/index/isuniquelogin.shtml
[ info ] 127.0.0.8/admin/index/isuniquelogin.shtml [运行时间：0.054003s][吞吐率：18.52req/s] [内存消耗：2,124.59kb] [文件加载：50]
[ info ] [ LANG ] D:\phpStudy\WWW\adminui\frame\lang\zh-cn.php
[ info ] [ ROUTE ] array (
  'type' => 'module',
  'module' => 
  array (
    0 => 'admin',
    1 => 'index',
    2 => 'isuniquelogin',
  ),
)
[ info ] [ HEADER ] array (
  'cookie' => 'thinkphp_show_page_trace=0|0; PHPSESSID=ribqoogdbncbhb3vtendi013n7',
  'accept-language' => 'zh-CN,zh;q=0.8',
  'accept-encoding' => 'gzip, deflate, br',
  'referer' => 'http://127.0.0.8/admin/index/index.shtml',
  'user-agent' => 'Mozilla/5.0 (Windows NT 6.1; WOW64) AppleWebKit/537.36 (KHTML, like Gecko) Chrome/61.0.3163.100 Safari/537.36',
  'x-requested-with' => 'XMLHttpRequest',
  'origin' => 'http://127.0.0.8',
  'accept' => 'application/json, text/javascript, */*; q=0.01',
  'content-length' => '0',
  'connection' => 'close',
  'host' => '127.0.0.8',
)
[ info ] [ PARAM ] array (
)
[ info ] [ SESSION ] INIT array (
  'prefix' => 'admin',
)
[ info ] [ DB ] INIT mysql
[ info ] [ LOG ] INIT File
[ sql ] [ DB ] CONNECT:[ UseTime:0.002000s ] mysql:dbname=adminui;host=127.0.0.1;port=3306;charset=utf8
[ sql ] [ SQL ] SHOW COLUMNS FROM `ui_menu` [ RunTime:0.008001s ]
[ sql ] [ SQL ] SELECT * FROM `ui_menu` WHERE (  `url` = '/admin/index/isuniquelogin.shtml' ) AND `ui_menu`.`delete_time` IS NULL LIMIT 1 [ RunTime:0.001000s ]
[ error ] [2]session_start(): Cannot send session cache limiter - headers already sent[D:\phpStudy\WWW\adminui\frame\library\think\Session.php:122]
---------------------------------------------------------------
[ 2017-12-09T10:33:50+08:00 ] 127.0.0.8 127.0.0.1 POST /admin/index/isuniquelogin.shtml
[ info ] 127.0.0.8/admin/index/isuniquelogin.shtml [运行时间：0.055003s][吞吐率：18.18req/s] [内存消耗：2,124.59kb] [文件加载：50]
[ info ] [ LANG ] D:\phpStudy\WWW\adminui\frame\lang\zh-cn.php
[ info ] [ ROUTE ] array (
  'type' => 'module',
  'module' => 
  array (
    0 => 'admin',
    1 => 'index',
    2 => 'isuniquelogin',
  ),
)
[ info ] [ HEADER ] array (
  'cookie' => 'thinkphp_show_page_trace=0|0; PHPSESSID=ribqoogdbncbhb3vtendi013n7',
  'accept-language' => 'zh-CN,zh;q=0.8',
  'accept-encoding' => 'gzip, deflate, br',
  'referer' => 'http://127.0.0.8/admin/index/index.shtml',
  'user-agent' => 'Mozilla/5.0 (Windows NT 6.1; WOW64) AppleWebKit/537.36 (KHTML, like Gecko) Chrome/61.0.3163.100 Safari/537.36',
  'x-requested-with' => 'XMLHttpRequest',
  'origin' => 'http://127.0.0.8',
  'accept' => 'application/json, text/javascript, */*; q=0.01',
  'content-length' => '0',
  'connection' => 'close',
  'host' => '127.0.0.8',
)
[ info ] [ PARAM ] array (
)
[ info ] [ SESSION ] INIT array (
  'prefix' => 'admin',
)
[ info ] [ DB ] INIT mysql
[ info ] [ LOG ] INIT File
[ sql ] [ DB ] CONNECT:[ UseTime:0.001000s ] mysql:dbname=adminui;host=127.0.0.1;port=3306;charset=utf8
[ sql ] [ SQL ] SHOW COLUMNS FROM `ui_menu` [ RunTime:0.008001s ]
[ sql ] [ SQL ] SELECT * FROM `ui_menu` WHERE (  `url` = '/admin/index/isuniquelogin.shtml' ) AND `ui_menu`.`delete_time` IS NULL LIMIT 1 [ RunTime:0.001000s ]
[ error ] [2]session_start(): Cannot send session cache limiter - headers already sent[D:\phpStudy\WWW\adminui\frame\library\think\Session.php:122]
---------------------------------------------------------------
[ 2017-12-09T11:23:50+08:00 ] 127.0.0.8 127.0.0.1 POST /admin/index/isuniquelogin.shtml
[ info ] 127.0.0.8/admin/index/isuniquelogin.shtml [运行时间：0.056003s][吞吐率：17.86req/s] [内存消耗：2,124.59kb] [文件加载：50]
[ info ] [ LANG ] D:\phpStudy\WWW\adminui\frame\lang\zh-cn.php
[ info ] [ ROUTE ] array (
  'type' => 'module',
  'module' => 
  array (
    0 => 'admin',
    1 => 'index',
    2 => 'isuniquelogin',
  ),
)
[ info ] [ HEADER ] array (
  'cookie' => 'thinkphp_show_page_trace=0|0; PHPSESSID=ribqoogdbncbhb3vtendi013n7',
  'accept-language' => 'zh-CN,zh;q=0.8',
  'accept-encoding' => 'gzip, deflate, br',
  'referer' => 'http://127.0.0.8/admin/index/index.shtml',
  'user-agent' => 'Mozilla/5.0 (Windows NT 6.1; WOW64) AppleWebKit/537.36 (KHTML, like Gecko) Chrome/61.0.3163.100 Safari/537.36',
  'x-requested-with' => 'XMLHttpRequest',
  'origin' => 'http://127.0.0.8',
  'accept' => 'application/json, text/javascript, */*; q=0.01',
  'content-length' => '0',
  'connection' => 'close',
  'host' => '127.0.0.8',
)
[ info ] [ PARAM ] array (
)
[ info ] [ SESSION ] INIT array (
  'prefix' => 'admin',
)
[ info ] [ DB ] INIT mysql
[ info ] [ LOG ] INIT File
[ sql ] [ DB ] CONNECT:[ UseTime:0.002000s ] mysql:dbname=adminui;host=127.0.0.1;port=3306;charset=utf8
[ sql ] [ SQL ] SHOW COLUMNS FROM `ui_menu` [ RunTime:0.007000s ]
[ sql ] [ SQL ] SELECT * FROM `ui_menu` WHERE (  `url` = '/admin/index/isuniquelogin.shtml' ) AND `ui_menu`.`delete_time` IS NULL LIMIT 1 [ RunTime:0.000000s ]
[ error ] [2]session_start(): Cannot send session cache limiter - headers already sent[D:\phpStudy\WWW\adminui\frame\library\think\Session.php:122]
---------------------------------------------------------------
[ 2017-12-09T12:13:50+08:00 ] 127.0.0.8 127.0.0.1 POST /admin/index/isuniquelogin.shtml
[ info ] 127.0.0.8/admin/index/isuniquelogin.shtml [运行时间：0.054003s][吞吐率：18.52req/s] [内存消耗：2,124.59kb] [文件加载：50]
[ info ] [ LANG ] D:\phpStudy\WWW\adminui\frame\lang\zh-cn.php
[ info ] [ ROUTE ] array (
  'type' => 'module',
  'module' => 
  array (
    0 => 'admin',
    1 => 'index',
    2 => 'isuniquelogin',
  ),
)
[ info ] [ HEADER ] array (
  'cookie' => 'thinkphp_show_page_trace=0|0; PHPSESSID=ribqoogdbncbhb3vtendi013n7',
  'accept-language' => 'zh-CN,zh;q=0.8',
  'accept-encoding' => 'gzip, deflate, br',
  'referer' => 'http://127.0.0.8/admin/index/index.shtml',
  'user-agent' => 'Mozilla/5.0 (Windows NT 6.1; WOW64) AppleWebKit/537.36 (KHTML, like Gecko) Chrome/61.0.3163.100 Safari/537.36',
  'x-requested-with' => 'XMLHttpRequest',
  'origin' => 'http://127.0.0.8',
  'accept' => 'application/json, text/javascript, */*; q=0.01',
  'content-length' => '0',
  'connection' => 'close',
  'host' => '127.0.0.8',
)
[ info ] [ PARAM ] array (
)
[ info ] [ SESSION ] INIT array (
  'prefix' => 'admin',
)
[ info ] [ DB ] INIT mysql
[ info ] [ LOG ] INIT File
[ sql ] [ DB ] CONNECT:[ UseTime:0.002000s ] mysql:dbname=adminui;host=127.0.0.1;port=3306;charset=utf8
[ sql ] [ SQL ] SHOW COLUMNS FROM `ui_menu` [ RunTime:0.009001s ]
[ sql ] [ SQL ] SELECT * FROM `ui_menu` WHERE (  `url` = '/admin/index/isuniquelogin.shtml' ) AND `ui_menu`.`delete_time` IS NULL LIMIT 1 [ RunTime:0.001000s ]
[ error ] [2]session_start(): Cannot send session cache limiter - headers already sent[D:\phpStudy\WWW\adminui\frame\library\think\Session.php:122]
---------------------------------------------------------------
[ 2017-12-09T13:03:50+08:00 ] 127.0.0.8 127.0.0.1 POST /admin/index/isuniquelogin.shtml
[ info ] 127.0.0.8/admin/index/isuniquelogin.shtml [运行时间：0.055003s][吞吐率：18.18req/s] [内存消耗：2,124.59kb] [文件加载：50]
[ info ] [ LANG ] D:\phpStudy\WWW\adminui\frame\lang\zh-cn.php
[ info ] [ ROUTE ] array (
  'type' => 'module',
  'module' => 
  array (
    0 => 'admin',
    1 => 'index',
    2 => 'isuniquelogin',
  ),
)
[ info ] [ HEADER ] array (
  'cookie' => 'thinkphp_show_page_trace=0|0; PHPSESSID=ribqoogdbncbhb3vtendi013n7',
  'accept-language' => 'zh-CN,zh;q=0.8',
  'accept-encoding' => 'gzip, deflate, br',
  'referer' => 'http://127.0.0.8/admin/index/index.shtml',
  'user-agent' => 'Mozilla/5.0 (Windows NT 6.1; WOW64) AppleWebKit/537.36 (KHTML, like Gecko) Chrome/61.0.3163.100 Safari/537.36',
  'x-requested-with' => 'XMLHttpRequest',
  'origin' => 'http://127.0.0.8',
  'accept' => 'application/json, text/javascript, */*; q=0.01',
  'content-length' => '0',
  'connection' => 'close',
  'host' => '127.0.0.8',
)
[ info ] [ PARAM ] array (
)
[ info ] [ SESSION ] INIT array (
  'prefix' => 'admin',
)
[ info ] [ DB ] INIT mysql
[ info ] [ LOG ] INIT File
[ sql ] [ DB ] CONNECT:[ UseTime:0.002000s ] mysql:dbname=adminui;host=127.0.0.1;port=3306;charset=utf8
[ sql ] [ SQL ] SHOW COLUMNS FROM `ui_menu` [ RunTime:0.008001s ]
[ sql ] [ SQL ] SELECT * FROM `ui_menu` WHERE (  `url` = '/admin/index/isuniquelogin.shtml' ) AND `ui_menu`.`delete_time` IS NULL LIMIT 1 [ RunTime:0.000000s ]
[ error ] [2]session_start(): Cannot send session cache limiter - headers already sent[D:\phpStudy\WWW\adminui\frame\library\think\Session.php:122]
---------------------------------------------------------------
[ 2017-12-09T13:53:50+08:00 ] 127.0.0.8 127.0.0.1 POST /admin/index/isuniquelogin.shtml
[ info ] 127.0.0.8/admin/index/isuniquelogin.shtml [运行时间：0.054003s][吞吐率：18.52req/s] [内存消耗：2,124.59kb] [文件加载：50]
[ info ] [ LANG ] D:\phpStudy\WWW\adminui\frame\lang\zh-cn.php
[ info ] [ ROUTE ] array (
  'type' => 'module',
  'module' => 
  array (
    0 => 'admin',
    1 => 'index',
    2 => 'isuniquelogin',
  ),
)
[ info ] [ HEADER ] array (
  'cookie' => 'thinkphp_show_page_trace=0|0; PHPSESSID=ribqoogdbncbhb3vtendi013n7',
  'accept-language' => 'zh-CN,zh;q=0.8',
  'accept-encoding' => 'gzip, deflate, br',
  'referer' => 'http://127.0.0.8/admin/index/index.shtml',
  'user-agent' => 'Mozilla/5.0 (Windows NT 6.1; WOW64) AppleWebKit/537.36 (KHTML, like Gecko) Chrome/61.0.3163.100 Safari/537.36',
  'x-requested-with' => 'XMLHttpRequest',
  'origin' => 'http://127.0.0.8',
  'accept' => 'application/json, text/javascript, */*; q=0.01',
  'content-length' => '0',
  'connection' => 'close',
  'host' => '127.0.0.8',
)
[ info ] [ PARAM ] array (
)
[ info ] [ SESSION ] INIT array (
  'prefix' => 'admin',
)
[ info ] [ DB ] INIT mysql
[ info ] [ LOG ] INIT File
[ sql ] [ DB ] CONNECT:[ UseTime:0.002000s ] mysql:dbname=adminui;host=127.0.0.1;port=3306;charset=utf8
[ sql ] [ SQL ] SHOW COLUMNS FROM `ui_menu` [ RunTime:0.008001s ]
[ sql ] [ SQL ] SELECT * FROM `ui_menu` WHERE (  `url` = '/admin/index/isuniquelogin.shtml' ) AND `ui_menu`.`delete_time` IS NULL LIMIT 1 [ RunTime:0.000000s ]
[ error ] [2]session_start(): Cannot send session cache limiter - headers already sent[D:\phpStudy\WWW\adminui\frame\library\think\Session.php:122]
---------------------------------------------------------------
[ 2017-12-09T14:43:50+08:00 ] 127.0.0.8 127.0.0.1 POST /admin/index/isuniquelogin.shtml
[ info ] 127.0.0.8/admin/index/isuniquelogin.shtml [运行时间：0.054003s][吞吐率：18.52req/s] [内存消耗：2,124.59kb] [文件加载：50]
[ info ] [ LANG ] D:\phpStudy\WWW\adminui\frame\lang\zh-cn.php
[ info ] [ ROUTE ] array (
  'type' => 'module',
  'module' => 
  array (
    0 => 'admin',
    1 => 'index',
    2 => 'isuniquelogin',
  ),
)
[ info ] [ HEADER ] array (
  'cookie' => 'thinkphp_show_page_trace=0|0; PHPSESSID=ribqoogdbncbhb3vtendi013n7',
  'accept-language' => 'zh-CN,zh;q=0.8',
  'accept-encoding' => 'gzip, deflate, br',
  'referer' => 'http://127.0.0.8/admin/index/index.shtml',
  'user-agent' => 'Mozilla/5.0 (Windows NT 6.1; WOW64) AppleWebKit/537.36 (KHTML, like Gecko) Chrome/61.0.3163.100 Safari/537.36',
  'x-requested-with' => 'XMLHttpRequest',
  'origin' => 'http://127.0.0.8',
  'accept' => 'application/json, text/javascript, */*; q=0.01',
  'content-length' => '0',
  'connection' => 'close',
  'host' => '127.0.0.8',
)
[ info ] [ PARAM ] array (
)
[ info ] [ SESSION ] INIT array (
  'prefix' => 'admin',
)
[ info ] [ DB ] INIT mysql
[ info ] [ LOG ] INIT File
[ sql ] [ DB ] CONNECT:[ UseTime:0.001000s ] mysql:dbname=adminui;host=127.0.0.1;port=3306;charset=utf8
[ sql ] [ SQL ] SHOW COLUMNS FROM `ui_menu` [ RunTime:0.008000s ]
[ sql ] [ SQL ] SELECT * FROM `ui_menu` WHERE (  `url` = '/admin/index/isuniquelogin.shtml' ) AND `ui_menu`.`delete_time` IS NULL LIMIT 1 [ RunTime:0.001000s ]
[ error ] [2]session_start(): Cannot send session cache limiter - headers already sent[D:\phpStudy\WWW\adminui\frame\library\think\Session.php:122]
---------------------------------------------------------------
[ 2017-12-09T15:33:50+08:00 ] 127.0.0.8 127.0.0.1 POST /admin/index/isuniquelogin.shtml
[ info ] 127.0.0.8/admin/index/isuniquelogin.shtml [运行时间：0.054003s][吞吐率：18.52req/s] [内存消耗：2,124.59kb] [文件加载：50]
[ info ] [ LANG ] D:\phpStudy\WWW\adminui\frame\lang\zh-cn.php
[ info ] [ ROUTE ] array (
  'type' => 'module',
  'module' => 
  array (
    0 => 'admin',
    1 => 'index',
    2 => 'isuniquelogin',
  ),
)
[ info ] [ HEADER ] array (
  'cookie' => 'thinkphp_show_page_trace=0|0; PHPSESSID=ribqoogdbncbhb3vtendi013n7',
  'accept-language' => 'zh-CN,zh;q=0.8',
  'accept-encoding' => 'gzip, deflate, br',
  'referer' => 'http://127.0.0.8/admin/index/index.shtml',
  'user-agent' => 'Mozilla/5.0 (Windows NT 6.1; WOW64) AppleWebKit/537.36 (KHTML, like Gecko) Chrome/61.0.3163.100 Safari/537.36',
  'x-requested-with' => 'XMLHttpRequest',
  'origin' => 'http://127.0.0.8',
  'accept' => 'application/json, text/javascript, */*; q=0.01',
  'content-length' => '0',
  'connection' => 'close',
  'host' => '127.0.0.8',
)
[ info ] [ PARAM ] array (
)
[ info ] [ SESSION ] INIT array (
  'prefix' => 'admin',
)
[ info ] [ DB ] INIT mysql
[ info ] [ LOG ] INIT File
[ sql ] [ DB ] CONNECT:[ UseTime:0.002000s ] mysql:dbname=adminui;host=127.0.0.1;port=3306;charset=utf8
[ sql ] [ SQL ] SHOW COLUMNS FROM `ui_menu` [ RunTime:0.008001s ]
[ sql ] [ SQL ] SELECT * FROM `ui_menu` WHERE (  `url` = '/admin/index/isuniquelogin.shtml' ) AND `ui_menu`.`delete_time` IS NULL LIMIT 1 [ RunTime:0.000000s ]
[ error ] [2]session_start(): Cannot send session cache limiter - headers already sent[D:\phpStudy\WWW\adminui\frame\library\think\Session.php:122]
---------------------------------------------------------------
[ 2017-12-09T16:23:50+08:00 ] 127.0.0.8 127.0.0.1 POST /admin/index/isuniquelogin.shtml
[ info ] 127.0.0.8/admin/index/isuniquelogin.shtml [运行时间：0.054003s][吞吐率：18.52req/s] [内存消耗：2,124.59kb] [文件加载：50]
[ info ] [ LANG ] D:\phpStudy\WWW\adminui\frame\lang\zh-cn.php
[ info ] [ ROUTE ] array (
  'type' => 'module',
  'module' => 
  array (
    0 => 'admin',
    1 => 'index',
    2 => 'isuniquelogin',
  ),
)
[ info ] [ HEADER ] array (
  'cookie' => 'thinkphp_show_page_trace=0|0; PHPSESSID=ribqoogdbncbhb3vtendi013n7',
  'accept-language' => 'zh-CN,zh;q=0.8',
  'accept-encoding' => 'gzip, deflate, br',
  'referer' => 'http://127.0.0.8/admin/index/index.shtml',
  'user-agent' => 'Mozilla/5.0 (Windows NT 6.1; WOW64) AppleWebKit/537.36 (KHTML, like Gecko) Chrome/61.0.3163.100 Safari/537.36',
  'x-requested-with' => 'XMLHttpRequest',
  'origin' => 'http://127.0.0.8',
  'accept' => 'application/json, text/javascript, */*; q=0.01',
  'content-length' => '0',
  'connection' => 'close',
  'host' => '127.0.0.8',
)
[ info ] [ PARAM ] array (
)
[ info ] [ SESSION ] INIT array (
  'prefix' => 'admin',
)
[ info ] [ DB ] INIT mysql
[ info ] [ LOG ] INIT File
[ sql ] [ DB ] CONNECT:[ UseTime:0.002000s ] mysql:dbname=adminui;host=127.0.0.1;port=3306;charset=utf8
[ sql ] [ SQL ] SHOW COLUMNS FROM `ui_menu` [ RunTime:0.008001s ]
[ sql ] [ SQL ] SELECT * FROM `ui_menu` WHERE (  `url` = '/admin/index/isuniquelogin.shtml' ) AND `ui_menu`.`delete_time` IS NULL LIMIT 1 [ RunTime:0.001000s ]
[ error ] [2]session_start(): Cannot send session cache limiter - headers already sent[D:\phpStudy\WWW\adminui\frame\library\think\Session.php:122]
---------------------------------------------------------------
[ 2017-12-09T17:13:50+08:00 ] 127.0.0.8 127.0.0.1 POST /admin/index/isuniquelogin.shtml
[ info ] 127.0.0.8/admin/index/isuniquelogin.shtml [运行时间：0.056003s][吞吐率：17.86req/s] [内存消耗：2,124.59kb] [文件加载：50]
[ info ] [ LANG ] D:\phpStudy\WWW\adminui\frame\lang\zh-cn.php
[ info ] [ ROUTE ] array (
  'type' => 'module',
  'module' => 
  array (
    0 => 'admin',
    1 => 'index',
    2 => 'isuniquelogin',
  ),
)
[ info ] [ HEADER ] array (
  'cookie' => 'thinkphp_show_page_trace=0|0; PHPSESSID=ribqoogdbncbhb3vtendi013n7',
  'accept-language' => 'zh-CN,zh;q=0.8',
  'accept-encoding' => 'gzip, deflate, br',
  'referer' => 'http://127.0.0.8/admin/index/index.shtml',
  'user-agent' => 'Mozilla/5.0 (Windows NT 6.1; WOW64) AppleWebKit/537.36 (KHTML, like Gecko) Chrome/61.0.3163.100 Safari/537.36',
  'x-requested-with' => 'XMLHttpRequest',
  'origin' => 'http://127.0.0.8',
  'accept' => 'application/json, text/javascript, */*; q=0.01',
  'content-length' => '0',
  'connection' => 'close',
  'host' => '127.0.0.8',
)
[ info ] [ PARAM ] array (
)
[ info ] [ SESSION ] INIT array (
  'prefix' => 'admin',
)
[ info ] [ DB ] INIT mysql
[ info ] [ LOG ] INIT File
[ sql ] [ DB ] CONNECT:[ UseTime:0.001000s ] mysql:dbname=adminui;host=127.0.0.1;port=3306;charset=utf8
[ sql ] [ SQL ] SHOW COLUMNS FROM `ui_menu` [ RunTime:0.009001s ]
[ sql ] [ SQL ] SELECT * FROM `ui_menu` WHERE (  `url` = '/admin/index/isuniquelogin.shtml' ) AND `ui_menu`.`delete_time` IS NULL LIMIT 1 [ RunTime:0.001000s ]
[ error ] [2]session_start(): Cannot send session cache limiter - headers already sent[D:\phpStudy\WWW\adminui\frame\library\think\Session.php:122]
---------------------------------------------------------------
[ 2017-12-09T18:03:51+08:00 ] 127.0.0.8 127.0.0.1 POST /admin/index/isuniquelogin.shtml
[ info ] 127.0.0.8/admin/index/isuniquelogin.shtml [运行时间：0.056003s][吞吐率：17.86req/s] [内存消耗：2,124.59kb] [文件加载：50]
[ info ] [ LANG ] D:\phpStudy\WWW\adminui\frame\lang\zh-cn.php
[ info ] [ ROUTE ] array (
  'type' => 'module',
  'module' => 
  array (
    0 => 'admin',
    1 => 'index',
    2 => 'isuniquelogin',
  ),
)
[ info ] [ HEADER ] array (
  'cookie' => 'thinkphp_show_page_trace=0|0; PHPSESSID=ribqoogdbncbhb3vtendi013n7',
  'accept-language' => 'zh-CN,zh;q=0.8',
  'accept-encoding' => 'gzip, deflate, br',
  'referer' => 'http://127.0.0.8/admin/index/index.shtml',
  'user-agent' => 'Mozilla/5.0 (Windows NT 6.1; WOW64) AppleWebKit/537.36 (KHTML, like Gecko) Chrome/61.0.3163.100 Safari/537.36',
  'x-requested-with' => 'XMLHttpRequest',
  'origin' => 'http://127.0.0.8',
  'accept' => 'application/json, text/javascript, */*; q=0.01',
  'content-length' => '0',
  'connection' => 'close',
  'host' => '127.0.0.8',
)
[ info ] [ PARAM ] array (
)
[ info ] [ SESSION ] INIT array (
  'prefix' => 'admin',
)
[ info ] [ DB ] INIT mysql
[ info ] [ LOG ] INIT File
[ sql ] [ DB ] CONNECT:[ UseTime:0.002000s ] mysql:dbname=adminui;host=127.0.0.1;port=3306;charset=utf8
[ sql ] [ SQL ] SHOW COLUMNS FROM `ui_menu` [ RunTime:0.008001s ]
[ sql ] [ SQL ] SELECT * FROM `ui_menu` WHERE (  `url` = '/admin/index/isuniquelogin.shtml' ) AND `ui_menu`.`delete_time` IS NULL LIMIT 1 [ RunTime:0.001000s ]
[ error ] [2]session_start(): Cannot send session cache limiter - headers already sent[D:\phpStudy\WWW\adminui\frame\library\think\Session.php:122]
---------------------------------------------------------------
[ 2017-12-09T18:53:51+08:00 ] 127.0.0.8 127.0.0.1 POST /admin/index/isuniquelogin.shtml
[ info ] 127.0.0.8/admin/index/isuniquelogin.shtml [运行时间：0.055003s][吞吐率：18.18req/s] [内存消耗：2,124.59kb] [文件加载：50]
[ info ] [ LANG ] D:\phpStudy\WWW\adminui\frame\lang\zh-cn.php
[ info ] [ ROUTE ] array (
  'type' => 'module',
  'module' => 
  array (
    0 => 'admin',
    1 => 'index',
    2 => 'isuniquelogin',
  ),
)
[ info ] [ HEADER ] array (
  'cookie' => 'thinkphp_show_page_trace=0|0; PHPSESSID=ribqoogdbncbhb3vtendi013n7',
  'accept-language' => 'zh-CN,zh;q=0.8',
  'accept-encoding' => 'gzip, deflate, br',
  'referer' => 'http://127.0.0.8/admin/index/index.shtml',
  'user-agent' => 'Mozilla/5.0 (Windows NT 6.1; WOW64) AppleWebKit/537.36 (KHTML, like Gecko) Chrome/61.0.3163.100 Safari/537.36',
  'x-requested-with' => 'XMLHttpRequest',
  'origin' => 'http://127.0.0.8',
  'accept' => 'application/json, text/javascript, */*; q=0.01',
  'content-length' => '0',
  'connection' => 'close',
  'host' => '127.0.0.8',
)
[ info ] [ PARAM ] array (
)
[ info ] [ SESSION ] INIT array (
  'prefix' => 'admin',
)
[ info ] [ DB ] INIT mysql
[ info ] [ LOG ] INIT File
[ sql ] [ DB ] CONNECT:[ UseTime:0.002000s ] mysql:dbname=adminui;host=127.0.0.1;port=3306;charset=utf8
[ sql ] [ SQL ] SHOW COLUMNS FROM `ui_menu` [ RunTime:0.009001s ]
[ sql ] [ SQL ] SELECT * FROM `ui_menu` WHERE (  `url` = '/admin/index/isuniquelogin.shtml' ) AND `ui_menu`.`delete_time` IS NULL LIMIT 1 [ RunTime:0.001000s ]
[ error ] [2]session_start(): Cannot send session cache limiter - headers already sent[D:\phpStudy\WWW\adminui\frame\library\think\Session.php:122]
---------------------------------------------------------------
[ 2017-12-09T19:43:51+08:00 ] 127.0.0.8 127.0.0.1 POST /admin/index/isuniquelogin.shtml
[ info ] 127.0.0.8/admin/index/isuniquelogin.shtml [运行时间：0.057003s][吞吐率：17.54req/s] [内存消耗：2,124.59kb] [文件加载：50]
[ info ] [ LANG ] D:\phpStudy\WWW\adminui\frame\lang\zh-cn.php
[ info ] [ ROUTE ] array (
  'type' => 'module',
  'module' => 
  array (
    0 => 'admin',
    1 => 'index',
    2 => 'isuniquelogin',
  ),
)
[ info ] [ HEADER ] array (
  'cookie' => 'thinkphp_show_page_trace=0|0; PHPSESSID=ribqoogdbncbhb3vtendi013n7',
  'accept-language' => 'zh-CN,zh;q=0.8',
  'accept-encoding' => 'gzip, deflate, br',
  'referer' => 'http://127.0.0.8/admin/index/index.shtml',
  'user-agent' => 'Mozilla/5.0 (Windows NT 6.1; WOW64) AppleWebKit/537.36 (KHTML, like Gecko) Chrome/61.0.3163.100 Safari/537.36',
  'x-requested-with' => 'XMLHttpRequest',
  'origin' => 'http://127.0.0.8',
  'accept' => 'application/json, text/javascript, */*; q=0.01',
  'content-length' => '0',
  'connection' => 'close',
  'host' => '127.0.0.8',
)
[ info ] [ PARAM ] array (
)
[ info ] [ SESSION ] INIT array (
  'prefix' => 'admin',
)
[ info ] [ DB ] INIT mysql
[ info ] [ LOG ] INIT File
[ sql ] [ DB ] CONNECT:[ UseTime:0.002000s ] mysql:dbname=adminui;host=127.0.0.1;port=3306;charset=utf8
[ sql ] [ SQL ] SHOW COLUMNS FROM `ui_menu` [ RunTime:0.010001s ]
[ sql ] [ SQL ] SELECT * FROM `ui_menu` WHERE (  `url` = '/admin/index/isuniquelogin.shtml' ) AND `ui_menu`.`delete_time` IS NULL LIMIT 1 [ RunTime:0.000000s ]
[ error ] [2]session_start(): Cannot send session cache limiter - headers already sent[D:\phpStudy\WWW\adminui\frame\library\think\Session.php:122]
---------------------------------------------------------------
[ 2017-12-09T20:33:51+08:00 ] 127.0.0.8 127.0.0.1 POST /admin/index/isuniquelogin.shtml
[ info ] 127.0.0.8/admin/index/isuniquelogin.shtml [运行时间：0.057003s][吞吐率：17.54req/s] [内存消耗：2,124.59kb] [文件加载：50]
[ info ] [ LANG ] D:\phpStudy\WWW\adminui\frame\lang\zh-cn.php
[ info ] [ ROUTE ] array (
  'type' => 'module',
  'module' => 
  array (
    0 => 'admin',
    1 => 'index',
    2 => 'isuniquelogin',
  ),
)
[ info ] [ HEADER ] array (
  'cookie' => 'thinkphp_show_page_trace=0|0; PHPSESSID=ribqoogdbncbhb3vtendi013n7',
  'accept-language' => 'zh-CN,zh;q=0.8',
  'accept-encoding' => 'gzip, deflate, br',
  'referer' => 'http://127.0.0.8/admin/index/index.shtml',
  'user-agent' => 'Mozilla/5.0 (Windows NT 6.1; WOW64) AppleWebKit/537.36 (KHTML, like Gecko) Chrome/61.0.3163.100 Safari/537.36',
  'x-requested-with' => 'XMLHttpRequest',
  'origin' => 'http://127.0.0.8',
  'accept' => 'application/json, text/javascript, */*; q=0.01',
  'content-length' => '0',
  'connection' => 'close',
  'host' => '127.0.0.8',
)
[ info ] [ PARAM ] array (
)
[ info ] [ SESSION ] INIT array (
  'prefix' => 'admin',
)
[ info ] [ DB ] INIT mysql
[ info ] [ LOG ] INIT File
[ sql ] [ DB ] CONNECT:[ UseTime:0.002000s ] mysql:dbname=adminui;host=127.0.0.1;port=3306;charset=utf8
[ sql ] [ SQL ] SHOW COLUMNS FROM `ui_menu` [ RunTime:0.009001s ]
[ sql ] [ SQL ] SELECT * FROM `ui_menu` WHERE (  `url` = '/admin/index/isuniquelogin.shtml' ) AND `ui_menu`.`delete_time` IS NULL LIMIT 1 [ RunTime:0.001000s ]
[ error ] [2]session_start(): Cannot send session cache limiter - headers already sent[D:\phpStudy\WWW\adminui\frame\library\think\Session.php:122]
---------------------------------------------------------------
[ 2017-12-09T21:23:51+08:00 ] 127.0.0.8 127.0.0.1 POST /admin/index/isuniquelogin.shtml
[ info ] 127.0.0.8/admin/index/isuniquelogin.shtml [运行时间：0.056003s][吞吐率：17.86req/s] [内存消耗：2,124.59kb] [文件加载：50]
[ info ] [ LANG ] D:\phpStudy\WWW\adminui\frame\lang\zh-cn.php
[ info ] [ ROUTE ] array (
  'type' => 'module',
  'module' => 
  array (
    0 => 'admin',
    1 => 'index',
    2 => 'isuniquelogin',
  ),
)
[ info ] [ HEADER ] array (
  'cookie' => 'thinkphp_show_page_trace=0|0; PHPSESSID=ribqoogdbncbhb3vtendi013n7',
  'accept-language' => 'zh-CN,zh;q=0.8',
  'accept-encoding' => 'gzip, deflate, br',
  'referer' => 'http://127.0.0.8/admin/index/index.shtml',
  'user-agent' => 'Mozilla/5.0 (Windows NT 6.1; WOW64) AppleWebKit/537.36 (KHTML, like Gecko) Chrome/61.0.3163.100 Safari/537.36',
  'x-requested-with' => 'XMLHttpRequest',
  'origin' => 'http://127.0.0.8',
  'accept' => 'application/json, text/javascript, */*; q=0.01',
  'content-length' => '0',
  'connection' => 'close',
  'host' => '127.0.0.8',
)
[ info ] [ PARAM ] array (
)
[ info ] [ SESSION ] INIT array (
  'prefix' => 'admin',
)
[ info ] [ DB ] INIT mysql
[ info ] [ LOG ] INIT File
[ sql ] [ DB ] CONNECT:[ UseTime:0.001000s ] mysql:dbname=adminui;host=127.0.0.1;port=3306;charset=utf8
[ sql ] [ SQL ] SHOW COLUMNS FROM `ui_menu` [ RunTime:0.009001s ]
[ sql ] [ SQL ] SELECT * FROM `ui_menu` WHERE (  `url` = '/admin/index/isuniquelogin.shtml' ) AND `ui_menu`.`delete_time` IS NULL LIMIT 1 [ RunTime:0.001000s ]
[ error ] [2]session_start(): Cannot send session cache limiter - headers already sent[D:\phpStudy\WWW\adminui\frame\library\think\Session.php:122]
---------------------------------------------------------------
[ 2017-12-09T22:13:51+08:00 ] 127.0.0.8 127.0.0.1 POST /admin/index/isuniquelogin.shtml
[ info ] 127.0.0.8/admin/index/isuniquelogin.shtml [运行时间：0.056003s][吞吐率：17.86req/s] [内存消耗：2,124.59kb] [文件加载：50]
[ info ] [ LANG ] D:\phpStudy\WWW\adminui\frame\lang\zh-cn.php
[ info ] [ ROUTE ] array (
  'type' => 'module',
  'module' => 
  array (
    0 => 'admin',
    1 => 'index',
    2 => 'isuniquelogin',
  ),
)
[ info ] [ HEADER ] array (
  'cookie' => 'thinkphp_show_page_trace=0|0; PHPSESSID=ribqoogdbncbhb3vtendi013n7',
  'accept-language' => 'zh-CN,zh;q=0.8',
  'accept-encoding' => 'gzip, deflate, br',
  'referer' => 'http://127.0.0.8/admin/index/index.shtml',
  'user-agent' => 'Mozilla/5.0 (Windows NT 6.1; WOW64) AppleWebKit/537.36 (KHTML, like Gecko) Chrome/61.0.3163.100 Safari/537.36',
  'x-requested-with' => 'XMLHttpRequest',
  'origin' => 'http://127.0.0.8',
  'accept' => 'application/json, text/javascript, */*; q=0.01',
  'content-length' => '0',
  'connection' => 'close',
  'host' => '127.0.0.8',
)
[ info ] [ PARAM ] array (
)
[ info ] [ SESSION ] INIT array (
  'prefix' => 'admin',
)
[ info ] [ DB ] INIT mysql
[ info ] [ LOG ] INIT File
[ sql ] [ DB ] CONNECT:[ UseTime:0.002000s ] mysql:dbname=adminui;host=127.0.0.1;port=3306;charset=utf8
[ sql ] [ SQL ] SHOW COLUMNS FROM `ui_menu` [ RunTime:0.009001s ]
[ sql ] [ SQL ] SELECT * FROM `ui_menu` WHERE (  `url` = '/admin/index/isuniquelogin.shtml' ) AND `ui_menu`.`delete_time` IS NULL LIMIT 1 [ RunTime:0.001000s ]
[ error ] [2]session_start(): Cannot send session cache limiter - headers already sent[D:\phpStudy\WWW\adminui\frame\library\think\Session.php:122]
---------------------------------------------------------------
[ 2017-12-09T23:03:51+08:00 ] 127.0.0.8 127.0.0.1 POST /admin/index/isuniquelogin.shtml
[ info ] 127.0.0.8/admin/index/isuniquelogin.shtml [运行时间：0.056003s][吞吐率：17.86req/s] [内存消耗：2,124.59kb] [文件加载：50]
[ info ] [ LANG ] D:\phpStudy\WWW\adminui\frame\lang\zh-cn.php
[ info ] [ ROUTE ] array (
  'type' => 'module',
  'module' => 
  array (
    0 => 'admin',
    1 => 'index',
    2 => 'isuniquelogin',
  ),
)
[ info ] [ HEADER ] array (
  'cookie' => 'thinkphp_show_page_trace=0|0; PHPSESSID=ribqoogdbncbhb3vtendi013n7',
  'accept-language' => 'zh-CN,zh;q=0.8',
  'accept-encoding' => 'gzip, deflate, br',
  'referer' => 'http://127.0.0.8/admin/index/index.shtml',
  'user-agent' => 'Mozilla/5.0 (Windows NT 6.1; WOW64) AppleWebKit/537.36 (KHTML, like Gecko) Chrome/61.0.3163.100 Safari/537.36',
  'x-requested-with' => 'XMLHttpRequest',
  'origin' => 'http://127.0.0.8',
  'accept' => 'application/json, text/javascript, */*; q=0.01',
  'content-length' => '0',
  'connection' => 'close',
  'host' => '127.0.0.8',
)
[ info ] [ PARAM ] array (
)
[ info ] [ SESSION ] INIT array (
  'prefix' => 'admin',
)
[ info ] [ DB ] INIT mysql
[ info ] [ LOG ] INIT File
[ sql ] [ DB ] CONNECT:[ UseTime:0.002000s ] mysql:dbname=adminui;host=127.0.0.1;port=3306;charset=utf8
[ sql ] [ SQL ] SHOW COLUMNS FROM `ui_menu` [ RunTime:0.009001s ]
[ sql ] [ SQL ] SELECT * FROM `ui_menu` WHERE (  `url` = '/admin/index/isuniquelogin.shtml' ) AND `ui_menu`.`delete_time` IS NULL LIMIT 1 [ RunTime:0.001000s ]
[ error ] [2]session_start(): Cannot send session cache limiter - headers already sent[D:\phpStudy\WWW\adminui\frame\library\think\Session.php:122]
---------------------------------------------------------------
[ 2017-12-09T23:53:51+08:00 ] 127.0.0.8 127.0.0.1 POST /admin/index/isuniquelogin.shtml
[ info ] 127.0.0.8/admin/index/isuniquelogin.shtml [运行时间：0.056003s][吞吐率：17.86req/s] [内存消耗：2,124.59kb] [文件加载：50]
[ info ] [ LANG ] D:\phpStudy\WWW\adminui\frame\lang\zh-cn.php
[ info ] [ ROUTE ] array (
  'type' => 'module',
  'module' => 
  array (
    0 => 'admin',
    1 => 'index',
    2 => 'isuniquelogin',
  ),
)
[ info ] [ HEADER ] array (
  'cookie' => 'thinkphp_show_page_trace=0|0; PHPSESSID=ribqoogdbncbhb3vtendi013n7',
  'accept-language' => 'zh-CN,zh;q=0.8',
  'accept-encoding' => 'gzip, deflate, br',
  'referer' => 'http://127.0.0.8/admin/index/index.shtml',
  'user-agent' => 'Mozilla/5.0 (Windows NT 6.1; WOW64) AppleWebKit/537.36 (KHTML, like Gecko) Chrome/61.0.3163.100 Safari/537.36',
  'x-requested-with' => 'XMLHttpRequest',
  'origin' => 'http://127.0.0.8',
  'accept' => 'application/json, text/javascript, */*; q=0.01',
  'content-length' => '0',
  'connection' => 'close',
  'host' => '127.0.0.8',
)
[ info ] [ PARAM ] array (
)
[ info ] [ SESSION ] INIT array (
  'prefix' => 'admin',
)
[ info ] [ DB ] INIT mysql
[ info ] [ LOG ] INIT File
[ sql ] [ DB ] CONNECT:[ UseTime:0.002000s ] mysql:dbname=adminui;host=127.0.0.1;port=3306;charset=utf8
[ sql ] [ SQL ] SHOW COLUMNS FROM `ui_menu` [ RunTime:0.009000s ]
[ sql ] [ SQL ] SELECT * FROM `ui_menu` WHERE (  `url` = '/admin/index/isuniquelogin.shtml' ) AND `ui_menu`.`delete_time` IS NULL LIMIT 1 [ RunTime:0.001000s ]
[ error ] [2]session_start(): Cannot send session cache limiter - headers already sent[D:\phpStudy\WWW\adminui\frame\library\think\Session.php:122]
