---------------------------------------------------------------
[ 2017-12-12T09:10:35+08:00 ] 127.0.0.8 127.0.0.1 GET /admin/index/index.shtml
[ info ] 127.0.0.8/admin/index/index.shtml [运行时间：0.452026s][吞吐率：2.21req/s] [内存消耗：5,296.89kb] [文件加载：52]
[ info ] [ LANG ] D:\phpStudy\WWW\adminui\frame\lang\zh-cn.php
[ info ] [ ROUTE ] array (
  'type' => 'module',
  'module' => 
  array (
    0 => 'admin',
    1 => 'index',
    2 => 'index',
  ),
)
[ info ] [ HEADER ] array (
  'cookie' => 'thinkphp_show_page_trace=0|0; PHPSESSID=ribqoogdbncbhb3vtendi013n7',
  'accept-language' => 'zh-CN,zh;q=0.8',
  'accept-encoding' => 'gzip, deflate, br',
  'accept' => 'text/html,application/xhtml+xml,application/xml;q=0.9,image/webp,image/apng,*/*;q=0.8',
  'upgrade-insecure-requests' => '1',
  'user-agent' => 'Mozilla/5.0 (Windows NT 6.1; WOW64) AppleWebKit/537.36 (KHTML, like Gecko) Chrome/61.0.3163.100 Safari/537.36',
  'cache-control' => 'max-age=0',
  'connection' => 'close',
  'host' => '127.0.0.8',
)
[ info ] [ PARAM ] array (
)
[ info ] [ DB ] INIT mysql
[ info ] [ SESSION ] INIT array (
  'prefix' => 'admin',
)
[ info ] [ LOG ] INIT File
[ sql ] [ DB ] CONNECT:[ UseTime:0.002000s ] mysql:dbname=adminui;host=127.0.0.1;port=3306;charset=utf8
[ sql ] [ SQL ] SHOW COLUMNS FROM `ui_config` [ RunTime:0.025001s ]
[ sql ] [ SQL ] SELECT * FROM `ui_config` WHERE `ui_config`.`delete_time` IS NULL [ RunTime:0.001000s ]
[ sql ] [ SQL ] SHOW COLUMNS FROM `ui_city` [ RunTime:0.046003s ]
[ sql ] [ SQL ] SELECT * FROM `ui_city` WHERE  `pid` <> 0 [ RunTime:0.011001s ]
[ sql ] [ SQL ] SHOW COLUMNS FROM `ui_menu` [ RunTime:0.035002s ]
[ sql ] [ SQL ] SELECT * FROM `ui_menu` WHERE (  `url` = '/admin/index/index.shtml' ) AND `ui_menu`.`delete_time` IS NULL LIMIT 1 [ RunTime:0.001000s ]
[ sql ] [ SQL ] SELECT * FROM `ui_menu` WHERE (  `menu_id` = 0 ) AND `ui_menu`.`delete_time` IS NULL LIMIT 1 [ RunTime:0.001000s ]
[ sql ] [ SQL ] SHOW COLUMNS FROM `ui_admin` [ RunTime:0.048002s ]
[ sql ] [ SQL ] SELECT * FROM `ui_admin` WHERE (  `admin_id` = 1 ) AND `ui_admin`.`delete_time` IS NULL LIMIT 1 [ RunTime:0.001000s ]
---------------------------------------------------------------
[ 2017-12-12T09:10:35+08:00 ] 127.0.0.8 127.0.0.1 GET /admin/publics/login.shtml
[ info ] 127.0.0.8/admin/publics/login.shtml [运行时间：0.310018s][吞吐率：3.23req/s] [内存消耗：5,415.67kb] [文件加载：55]
[ info ] [ LANG ] D:\phpStudy\WWW\adminui\frame\lang\zh-cn.php
[ info ] [ ROUTE ] array (
  'type' => 'module',
  'module' => 
  array (
    0 => 'admin',
    1 => 'publics',
    2 => 'login',
  ),
)
[ info ] [ HEADER ] array (
  'cookie' => 'thinkphp_show_page_trace=0|0; PHPSESSID=ribqoogdbncbhb3vtendi013n7',
  'accept-language' => 'zh-CN,zh;q=0.8',
  'accept-encoding' => 'gzip, deflate, br',
  'accept' => 'text/html,application/xhtml+xml,application/xml;q=0.9,image/webp,image/apng,*/*;q=0.8',
  'upgrade-insecure-requests' => '1',
  'user-agent' => 'Mozilla/5.0 (Windows NT 6.1; WOW64) AppleWebKit/537.36 (KHTML, like Gecko) Chrome/61.0.3163.100 Safari/537.36',
  'cache-control' => 'max-age=0',
  'connection' => 'close',
  'host' => '127.0.0.8',
)
[ info ] [ PARAM ] array (
)
[ info ] [ DB ] INIT mysql
[ info ] [ SESSION ] INIT array (
  'prefix' => 'admin',
)
[ info ] [ RUN ] app\admin\controller\Publics->login[ D:\phpStudy\WWW\adminui\application\admin\controller\Publics.php ]
[ info ] [ VIEW ] D:\phpStudy\WWW\adminui/public\theme\admin\publics\login.html [ array (
  0 => 'module_name',
  1 => 'controller_name',
  2 => 'action_name',
  3 => 'public_path',
  4 => 'static_path',
  5 => 'web_public',
  6 => 'web_static',
  7 => 'js',
  8 => 'css',
  9 => 'img',
  10 => 'title',
  11 => 'admin_title',
  12 => 'nowpage',
  13 => 'upload',
  14 => 'menu',
) ]
[ info ] [ LOG ] INIT File
[ sql ] [ DB ] CONNECT:[ UseTime:0.010000s ] mysql:dbname=adminui;host=127.0.0.1;port=3306;charset=utf8
[ sql ] [ SQL ] SHOW COLUMNS FROM `ui_config` [ RunTime:0.007001s ]
[ sql ] [ SQL ] SELECT * FROM `ui_config` WHERE `ui_config`.`delete_time` IS NULL [ RunTime:0.001000s ]
[ sql ] [ SQL ] SHOW COLUMNS FROM `ui_city` [ RunTime:0.007000s ]
[ sql ] [ SQL ] SELECT * FROM `ui_city` WHERE  `pid` <> 0 [ RunTime:0.007001s ]
[ sql ] [ SQL ] SHOW COLUMNS FROM `ui_menu` [ RunTime:0.007000s ]
[ sql ] [ SQL ] SELECT * FROM `ui_menu` WHERE (  `url` = '/admin/publics/login.shtml' ) AND `ui_menu`.`delete_time` IS NULL LIMIT 1 [ RunTime:0.000000s ]
